[2016.09.15_14.45.39]	IncidentItemsToSAP Start: 15/ספטמבר/2016 14:44:38
[2016.09.15_14.45.39]	IncidentItemsToSAP End: 15/ספטמבר/2016 14:45:39
[2016.09.15_14.48.36]	IncidentItemsToSAP Test 
[2016.09.15_15.44.01]	IncidentItemsToSAP Test 
[2016.09.15_15.44.32]	Main collection: 46
[2016.09.15_15.44.32]	Exported: 34
[2016.09.15_15.45.49]	IncidentItemsToSAP Test 
[2016.09.15_15.46.01]	Main collection: 0
[2016.09.15_15.46.01]	Exported: 0
[2016.09.15_15.46.02]	IncidentItemsToSAP Start: 15/ספטמבר/2016 15:45:49
[2016.09.15_15.46.02]	IncidentItemsToSAP End: 15/ספטמבר/2016 15:46:02
[2016.09.15_15.48.50]	IncidentItemsToSAP Test 
[2016.09.15_15.49.18]	Main collection: 4
[2016.09.15_15.49.18]	Exported: 4
[2016.09.15_15.49.20]	IncidentItemsToSAP Start: 15/ספטמבר/2016 15:48:50
[2016.09.15_15.49.20]	IncidentItemsToSAP End: 15/ספטמבר/2016 15:49:20
[2016.09.15_15.55.25]	IncidentItemsToSAP Test 
[2016.09.15_15.56.24]	IncidentItemsToSAP Test 
[2016.09.15_15.56.51]	IncidentItemsToSAP Test 
[2016.09.15_15.57.59]	IncidentItemsToSAP Test 
[2016.09.15_15.58.20]	IncidentItemsToSAP Test 
[2016.09.15_15.59.46]	IncidentItemsToSAP Test 
[2016.09.15_16.00.32]	IncidentItemsToSAP Test 
[2016.09.15_16.01.08]	IncidentItemsToSAP Test 
[2016.09.15_16.02.40]	IncidentItemsToSAP Test 
[2016.09.15_16.03.25]	IncidentItemsToSAP Test 
[2016.09.15_16.11.11]	IncidentItemsToSAP Test 
