[2018.12.18_10.58.17]	Main collection: 15
[2018.12.18_10.58.17]	Exported: 8
[2018.12.18_10.58.18]	SystemUser With Id = 45ec54b4-2ca7-e511-80d9-6c3be5beee0c Does Not Exist

Server stack trace: 
   at System.ServiceModel.Channels.ServiceChannel.HandleReply(ProxyOperationRuntime operation, ProxyRpc& rpc)
   at System.ServiceModel.Channels.ServiceChannel.Call(String action, Boolean oneway, ProxyOperationRuntime operation, Object[] ins, Object[] outs, TimeSpan timeout)
   at System.ServiceModel.Channels.ServiceChannelProxy.InvokeService(IMethodCallMessage methodCall, ProxyOperationRuntime operation)
   at System.ServiceModel.Channels.ServiceChannelProxy.Invoke(IMessage message)

Exception rethrown at [0]: 
   at Microsoft.Xrm.Tooling.Connector.CrmServiceClient.Create(Entity entity)
   at IntoIT.GilCar.IncidentItemsToSAP.BL.SendEmail() in D:\Crm.Interfaces\IncidentItemsToSAP\IntoIT.GilCar.IncidentItemsToSAP\BL.cs:line 494
   at IntoIT.GilCar.IncidentItemsToSAP.Program.Main(String[] args) in D:\Crm.Interfaces\IncidentItemsToSAP\IntoIT.GilCar.IncidentItemsToSAP\Program.cs:line 15
[2018.12.18_10.58.18]	IncidentItemsToSAP Start: 18/12/2018 10:57:34
[2018.12.18_10.58.18]	IncidentItemsToSAP End: 18/12/2018 10:58:18
[2018.12.18_11.00.16]	Main collection: 0
[2018.12.18_11.00.16]	Exported: 0
[2018.12.18_11.00.17]	SystemUser With Id = 45ec54b4-2ca7-e511-80d9-6c3be5beee0c Does Not Exist

Server stack trace: 
   at System.ServiceModel.Channels.ServiceChannel.HandleReply(ProxyOperationRuntime operation, ProxyRpc& rpc)
   at System.ServiceModel.Channels.ServiceChannel.Call(String action, Boolean oneway, ProxyOperationRuntime operation, Object[] ins, Object[] outs, TimeSpan timeout)
   at System.ServiceModel.Channels.ServiceChannelProxy.InvokeService(IMethodCallMessage methodCall, ProxyOperationRuntime operation)
   at System.ServiceModel.Channels.ServiceChannelProxy.Invoke(IMessage message)

Exception rethrown at [0]: 
   at Microsoft.Xrm.Tooling.Connector.CrmServiceClient.Create(Entity entity)
   at IntoIT.GilCar.IncidentItemsToSAP.BL.SendEmail() in D:\Crm.Interfaces\IncidentItemsToSAP\IntoIT.GilCar.IncidentItemsToSAP\BL.cs:line 494
   at IntoIT.GilCar.IncidentItemsToSAP.Program.Main(String[] args) in D:\Crm.Interfaces\IncidentItemsToSAP\IntoIT.GilCar.IncidentItemsToSAP\Program.cs:line 15
[2018.12.18_11.00.17]	IncidentItemsToSAP Start: 18/12/2018 11:00:12
[2018.12.18_11.00.17]	IncidentItemsToSAP End: 18/12/2018 11:00:17
[2018.12.18_11.05.52]	Main collection: 2
[2018.12.18_11.05.52]	Exported: 2
[2018.12.18_11.05.53]	SystemUser With Id = 45ec54b4-2ca7-e511-80d9-6c3be5beee0c Does Not Exist

Server stack trace: 
   at System.ServiceModel.Channels.ServiceChannel.HandleReply(ProxyOperationRuntime operation, ProxyRpc& rpc)
   at System.ServiceModel.Channels.ServiceChannel.Call(String action, Boolean oneway, ProxyOperationRuntime operation, Object[] ins, Object[] outs, TimeSpan timeout)
   at System.ServiceModel.Channels.ServiceChannelProxy.InvokeService(IMethodCallMessage methodCall, ProxyOperationRuntime operation)
   at System.ServiceModel.Channels.ServiceChannelProxy.Invoke(IMessage message)

Exception rethrown at [0]: 
   at Microsoft.Xrm.Tooling.Connector.CrmServiceClient.Create(Entity entity)
   at IntoIT.GilCar.IncidentItemsToSAP.BL.SendEmail() in D:\Crm.Interfaces\IncidentItemsToSAP\IntoIT.GilCar.IncidentItemsToSAP\BL.cs:line 494
   at IntoIT.GilCar.IncidentItemsToSAP.Program.Main(String[] args) in D:\Crm.Interfaces\IncidentItemsToSAP\IntoIT.GilCar.IncidentItemsToSAP\Program.cs:line 15
[2018.12.18_11.05.53]	IncidentItemsToSAP Start: 18/12/2018 11:05:43
[2018.12.18_11.05.53]	IncidentItemsToSAP End: 18/12/2018 11:05:53
[2018.12.18_11.14.11]	Main collection: 2
[2018.12.18_11.14.11]	Exported: 2
[2018.12.18_11.14.12]	SystemUser With Id = 45ec54b4-2ca7-e511-80d9-6c3be5beee0c Does Not Exist

Server stack trace: 
   at System.ServiceModel.Channels.ServiceChannel.HandleReply(ProxyOperationRuntime operation, ProxyRpc& rpc)
   at System.ServiceModel.Channels.ServiceChannel.Call(String action, Boolean oneway, ProxyOperationRuntime operation, Object[] ins, Object[] outs, TimeSpan timeout)
   at System.ServiceModel.Channels.ServiceChannelProxy.InvokeService(IMethodCallMessage methodCall, ProxyOperationRuntime operation)
   at System.ServiceModel.Channels.ServiceChannelProxy.Invoke(IMessage message)

Exception rethrown at [0]: 
   at Microsoft.Xrm.Tooling.Connector.CrmServiceClient.Create(Entity entity)
   at IntoIT.GilCar.IncidentItemsToSAP.BL.SendEmail() in D:\Crm.Interfaces\IncidentItemsToSAP\IntoIT.GilCar.IncidentItemsToSAP\BL.cs:line 494
   at IntoIT.GilCar.IncidentItemsToSAP.Program.Main(String[] args) in D:\Crm.Interfaces\IncidentItemsToSAP\IntoIT.GilCar.IncidentItemsToSAP\Program.cs:line 15
[2018.12.18_11.14.12]	IncidentItemsToSAP Start: 18/12/2018 11:13:58
[2018.12.18_11.14.12]	IncidentItemsToSAP End: 18/12/2018 11:14:12
