[2018.12.09_13.02.58]	Error in GetIncidentItmesCRM: System.NullReferenceException: Object reference not set to an instance of an object.
   at Microsoft.Xrm.Tooling.Connector.CrmServiceClient.RetrieveMultiple(QueryBase query)
   at IntoIT.GilCar.IncidentItemsToSAP.BL.GetIncidentItmesCRM() in D:\Crm.Interfaces\IncidentItemsToSAP\IntoIT.GilCar.IncidentItemsToSAP\BL.cs:line 281
[2018.12.09_13.02.58]	IncidentItemsToSAP Error: Object reference not set to an instance of an object.    at IntoIT.GilCar.IncidentItemsToSAP.BL.StartInterface(DateTime start) in D:\Crm.Interfaces\IncidentItemsToSAP\IntoIT.GilCar.IncidentItemsToSAP\BL.cs:line 45
[2018.12.09_13.02.58]	Main collection: 0
[2018.12.09_13.02.58]	Exported: 0
[2018.12.09_13.03.36]	Object reference not set to an instance of an object.
   at Microsoft.Xrm.Tooling.Connector.CrmServiceClient.Create(Entity entity)
   at IntoIT.GilCar.IncidentItemsToSAP.BL.CreateNewInterfaceLog(DateTime start, String name, Int32 new_i_interface_total_lines, Int32 new_i_success_total_lines, Int32 new_i_error_total_lines) in D:\Crm.Interfaces\IncidentItemsToSAP\IntoIT.GilCar.IncidentItemsToSAP\BL.cs:line 167
   at IntoIT.GilCar.IncidentItemsToSAP.BL.StartInterface(DateTime start) in D:\Crm.Interfaces\IncidentItemsToSAP\IntoIT.GilCar.IncidentItemsToSAP\BL.cs:line 153
   at IntoIT.GilCar.IncidentItemsToSAP.Program.Main(String[] args) in D:\Crm.Interfaces\IncidentItemsToSAP\IntoIT.GilCar.IncidentItemsToSAP\Program.cs:line 14
[2018.12.09_13.03.36]	IncidentItemsToSAP Start: 09/12/2018 13:02:16
[2018.12.09_13.03.36]	IncidentItemsToSAP End: 09/12/2018 13:03:36
[2018.12.09_13.07.32]	Error in GetIncidentItmesCRM: System.NullReferenceException: Object reference not set to an instance of an object.
   at Microsoft.Xrm.Tooling.Connector.CrmServiceClient.RetrieveMultiple(QueryBase query)
   at IntoIT.GilCar.IncidentItemsToSAP.BL.GetIncidentItmesCRM() in D:\Crm.Interfaces\IncidentItemsToSAP\IntoIT.GilCar.IncidentItemsToSAP\BL.cs:line 281
[2018.12.09_13.07.32]	IncidentItemsToSAP Error: Object reference not set to an instance of an object.    at IntoIT.GilCar.IncidentItemsToSAP.BL.StartInterface(DateTime start) in D:\Crm.Interfaces\IncidentItemsToSAP\IntoIT.GilCar.IncidentItemsToSAP\BL.cs:line 45
[2018.12.09_13.07.32]	Main collection: 0
[2018.12.09_13.07.32]	Exported: 0
[2018.12.09_14.40.07]	Main collection: 4
[2018.12.09_14.40.07]	Exported: 0
[2018.12.09_14.40.08]	SystemUser With Id = 45ec54b4-2ca7-e511-80d9-6c3be5beee0c Does Not Exist

Server stack trace: 
   at System.ServiceModel.Channels.ServiceChannel.HandleReply(ProxyOperationRuntime operation, ProxyRpc& rpc)
   at System.ServiceModel.Channels.ServiceChannel.Call(String action, Boolean oneway, ProxyOperationRuntime operation, Object[] ins, Object[] outs, TimeSpan timeout)
   at System.ServiceModel.Channels.ServiceChannelProxy.InvokeService(IMethodCallMessage methodCall, ProxyOperationRuntime operation)
   at System.ServiceModel.Channels.ServiceChannelProxy.Invoke(IMessage message)

Exception rethrown at [0]: 
   at Microsoft.Xrm.Tooling.Connector.CrmServiceClient.Create(Entity entity)
   at IntoIT.GilCar.IncidentItemsToSAP.BL.SendEmail() in D:\Crm.Interfaces\IncidentItemsToSAP\IntoIT.GilCar.IncidentItemsToSAP\BL.cs:line 495
   at IntoIT.GilCar.IncidentItemsToSAP.Program.Main(String[] args) in D:\Crm.Interfaces\IncidentItemsToSAP\IntoIT.GilCar.IncidentItemsToSAP\Program.cs:line 15
[2018.12.09_14.40.08]	IncidentItemsToSAP Start: 09/12/2018 14:38:30
[2018.12.09_14.40.08]	IncidentItemsToSAP End: 09/12/2018 14:40:08
