[2018.12.06_13.52.14]	Main collection: 11
[2018.12.06_13.52.14]	Exported: 0
[2018.12.06_13.52.15]	SystemUser With Id = 45ec54b4-2ca7-e511-80d9-6c3be5beee0c Does Not Exist

Server stack trace: 
   at System.ServiceModel.Channels.ServiceChannel.HandleReply(ProxyOperationRuntime operation, ProxyRpc& rpc)
   at System.ServiceModel.Channels.ServiceChannel.Call(String action, Boolean oneway, ProxyOperationRuntime operation, Object[] ins, Object[] outs, TimeSpan timeout)
   at System.ServiceModel.Channels.ServiceChannelProxy.InvokeService(IMethodCallMessage methodCall, ProxyOperationRuntime operation)
   at System.ServiceModel.Channels.ServiceChannelProxy.Invoke(IMessage message)

Exception rethrown at [0]: 
   at Microsoft.Xrm.Tooling.Connector.CrmServiceClient.Create(Entity entity)
   at IntoIT.GilCar.IncidentItemsToSAP.BL.SendEmail() in D:\Crm.Interfaces\IncidentItemsToSAP\IntoIT.GilCar.IncidentItemsToSAP\BL.cs:line 490
   at IntoIT.GilCar.IncidentItemsToSAP.Program.Main(String[] args) in D:\Crm.Interfaces\IncidentItemsToSAP\IntoIT.GilCar.IncidentItemsToSAP\Program.cs:line 15
[2018.12.06_13.52.15]	IncidentItemsToSAP Start: 06/12/2018 13:52:04
[2018.12.06_13.52.15]	IncidentItemsToSAP End: 06/12/2018 13:52:15
[2018.12.06_13.54.23]	Main collection: 0
[2018.12.06_13.54.23]	Exported: 0
[2018.12.06_13.54.24]	SystemUser With Id = 45ec54b4-2ca7-e511-80d9-6c3be5beee0c Does Not Exist

Server stack trace: 
   at System.ServiceModel.Channels.ServiceChannel.HandleReply(ProxyOperationRuntime operation, ProxyRpc& rpc)
   at System.ServiceModel.Channels.ServiceChannel.Call(String action, Boolean oneway, ProxyOperationRuntime operation, Object[] ins, Object[] outs, TimeSpan timeout)
   at System.ServiceModel.Channels.ServiceChannelProxy.InvokeService(IMethodCallMessage methodCall, ProxyOperationRuntime operation)
   at System.ServiceModel.Channels.ServiceChannelProxy.Invoke(IMessage message)

Exception rethrown at [0]: 
   at Microsoft.Xrm.Tooling.Connector.CrmServiceClient.Create(Entity entity)
   at IntoIT.GilCar.IncidentItemsToSAP.BL.SendEmail() in D:\Crm.Interfaces\IncidentItemsToSAP\IntoIT.GilCar.IncidentItemsToSAP\BL.cs:line 490
   at IntoIT.GilCar.IncidentItemsToSAP.Program.Main(String[] args) in D:\Crm.Interfaces\IncidentItemsToSAP\IntoIT.GilCar.IncidentItemsToSAP\Program.cs:line 15
[2018.12.06_13.54.24]	IncidentItemsToSAP Start: 06/12/2018 13:54:17
[2018.12.06_13.54.24]	IncidentItemsToSAP End: 06/12/2018 13:54:24
[2018.12.06_13.55.07]	Main collection: 0
[2018.12.06_13.55.07]	Exported: 0
[2018.12.06_13.55.07]	SystemUser With Id = 45ec54b4-2ca7-e511-80d9-6c3be5beee0c Does Not Exist

Server stack trace: 
   at System.ServiceModel.Channels.ServiceChannel.HandleReply(ProxyOperationRuntime operation, ProxyRpc& rpc)
   at System.ServiceModel.Channels.ServiceChannel.Call(String action, Boolean oneway, ProxyOperationRuntime operation, Object[] ins, Object[] outs, TimeSpan timeout)
   at System.ServiceModel.Channels.ServiceChannelProxy.InvokeService(IMethodCallMessage methodCall, ProxyOperationRuntime operation)
   at System.ServiceModel.Channels.ServiceChannelProxy.Invoke(IMessage message)

Exception rethrown at [0]: 
   at Microsoft.Xrm.Tooling.Connector.CrmServiceClient.Create(Entity entity)
   at IntoIT.GilCar.IncidentItemsToSAP.BL.SendEmail() in D:\Crm.Interfaces\IncidentItemsToSAP\IntoIT.GilCar.IncidentItemsToSAP\BL.cs:line 489
   at IntoIT.GilCar.IncidentItemsToSAP.Program.Main(String[] args) in D:\Crm.Interfaces\IncidentItemsToSAP\IntoIT.GilCar.IncidentItemsToSAP\Program.cs:line 15
[2018.12.06_13.55.07]	IncidentItemsToSAP Start: 06/12/2018 13:54:56
[2018.12.06_13.55.07]	IncidentItemsToSAP End: 06/12/2018 13:55:07
[2018.12.06_16.11.17]	Main collection: 0
[2018.12.06_16.11.17]	Exported: 0
[2018.12.06_16.11.17]	SystemUser With Id = 45ec54b4-2ca7-e511-80d9-6c3be5beee0c Does Not Exist

Server stack trace: 
   at System.ServiceModel.Channels.ServiceChannel.HandleReply(ProxyOperationRuntime operation, ProxyRpc& rpc)
   at System.ServiceModel.Channels.ServiceChannel.Call(String action, Boolean oneway, ProxyOperationRuntime operation, Object[] ins, Object[] outs, TimeSpan timeout)
   at System.ServiceModel.Channels.ServiceChannelProxy.InvokeService(IMethodCallMessage methodCall, ProxyOperationRuntime operation)
   at System.ServiceModel.Channels.ServiceChannelProxy.Invoke(IMessage message)

Exception rethrown at [0]: 
   at Microsoft.Xrm.Tooling.Connector.CrmServiceClient.Create(Entity entity)
   at IntoIT.GilCar.IncidentItemsToSAP.BL.SendEmail() in D:\Crm.Interfaces\IncidentItemsToSAP\IntoIT.GilCar.IncidentItemsToSAP\BL.cs:line 489
   at IntoIT.GilCar.IncidentItemsToSAP.Program.Main(String[] args) in D:\Crm.Interfaces\IncidentItemsToSAP\IntoIT.GilCar.IncidentItemsToSAP\Program.cs:line 15
[2018.12.06_16.11.17]	IncidentItemsToSAP Start: 06/12/2018 16:11:13
[2018.12.06_16.11.17]	IncidentItemsToSAP End: 06/12/2018 16:11:17
[2018.12.06_16.16.37]	Main collection: 0
[2018.12.06_16.16.37]	Exported: 0
[2018.12.06_16.16.38]	SystemUser With Id = 45ec54b4-2ca7-e511-80d9-6c3be5beee0c Does Not Exist

Server stack trace: 
   at System.ServiceModel.Channels.ServiceChannel.HandleReply(ProxyOperationRuntime operation, ProxyRpc& rpc)
   at System.ServiceModel.Channels.ServiceChannel.Call(String action, Boolean oneway, ProxyOperationRuntime operation, Object[] ins, Object[] outs, TimeSpan timeout)
   at System.ServiceModel.Channels.ServiceChannelProxy.InvokeService(IMethodCallMessage methodCall, ProxyOperationRuntime operation)
   at System.ServiceModel.Channels.ServiceChannelProxy.Invoke(IMessage message)

Exception rethrown at [0]: 
   at Microsoft.Xrm.Tooling.Connector.CrmServiceClient.Create(Entity entity)
   at IntoIT.GilCar.IncidentItemsToSAP.BL.SendEmail() in D:\Crm.Interfaces\IncidentItemsToSAP\IntoIT.GilCar.IncidentItemsToSAP\BL.cs:line 489
   at IntoIT.GilCar.IncidentItemsToSAP.Program.Main(String[] args) in D:\Crm.Interfaces\IncidentItemsToSAP\IntoIT.GilCar.IncidentItemsToSAP\Program.cs:line 15
[2018.12.06_16.16.38]	IncidentItemsToSAP Start: 06/12/2018 16:16:34
[2018.12.06_16.16.38]	IncidentItemsToSAP End: 06/12/2018 16:16:38
