[2022.12.07_12.12.55]	Error: The request channel timed out while waiting for a reply after 00:02:00. Increase the timeout value passed to the call to Request or increase the SendTimeout value on the Binding. The time allotted to this operation may have been a portion of a longer timeout.. Error in UpdateCustomer. ID,322903
[2022.12.07_12.14.58]	Error: The request channel timed out while waiting for a reply after 00:02:00. Increase the timeout value passed to the call to Request or increase the SendTimeout value on the Binding. The time allotted to this operation may have been a portion of a longer timeout.. Error in UpdateCar. ID,322903
[2022.12.07_12.17.01]	Error: The request channel timed out while waiting for a reply after 00:02:00. Increase the timeout value passed to the call to Request or increase the SendTimeout value on the Binding. The time allotted to this operation may have been a portion of a longer timeout.. Error in UpdateCustomer. ID,322905
[2022.12.07_12.20.11]	Error: The request channel timed out while waiting for a reply after 00:02:00. Increase the timeout value passed to the call to Request or increase the SendTimeout value on the Binding. The time allotted to this operation may have been a portion of a longer timeout.. Error in UpdateCustomer. ID,322927
[2022.12.07_12.23.29]	Error: The request channel timed out while waiting for a reply after 00:02:00. Increase the timeout value passed to the call to Request or increase the SendTimeout value on the Binding. The time allotted to this operation may have been a portion of a longer timeout.. Error in UpdateCustomer. ID,322414
[2022.12.07_12.25.32]	Error: The request channel timed out while waiting for a reply after 00:02:00. Increase the timeout value passed to the call to Request or increase the SendTimeout value on the Binding. The time allotted to this operation may have been a portion of a longer timeout.. Error in UpdateCar. ID,322414
[2022.12.07_12.27.35]	Error: The request channel timed out while waiting for a reply after 00:02:00. Increase the timeout value passed to the call to Request or increase the SendTimeout value on the Binding. The time allotted to this operation may have been a portion of a longer timeout.. Error in UpdateCustomer. ID,322740
[2022.12.07_12.28.00]	first run total cars from DB: 8
[2022.12.07_12.28.00]	first run total cars to CRM : 8
[2022.12.07_12.28.00]	first run total Installations from DB : 0
[2022.12.07_12.28.00]	first run total Installations to CRM : 0
[2022.12.07_12.30.19]	Second run total cars from DB: 0
[2022.12.07_12.30.19]	Second run total cars to CRM : 0
[2022.12.07_12.30.19]	Second run total Installations from DB : 0
[2022.12.07_12.30.19]	Second run total Installations to CRM : 0
[2022.12.07_12.30.22]	Third run total Installations from DB : 0
[2022.12.07_12.30.22]	Third run total Installations to CRM : 0
[2022.12.07_12.30.27]	fourth run total returns from DB : 0
[2022.12.07_12.30.27]	fourth run total returns to CRM : 0
[2022.12.07_12.32.42]	System.NullReferenceException: Object reference not set to an instance of an object.
   at Microsoft.Xrm.Tooling.Connector.CrmServiceClient.Execute(OrganizationRequest request)
   at IntoIT.GilCar.Interfaces.CustomersCarInstallations.CrmBase.get_XrmService() in C:\IntoIt\Jobs\CustomersCarsInstallations\CrmBaseDynamic.cs:line 65
   at IntoIT.GilCar.Interfaces.CustomersCarInstallations.CrmBase.get_XrmService() in C:\IntoIt\Jobs\CustomersCarsInstallations\CrmBaseDynamic.cs:line 73
   at IntoIT.GilCar.Interfaces.CustomersCarInstallations.BL.CreateNewInterfaceLog(DateTime start, String name, Int32 new_i_interface_total_lines, Int32 new_i_success_total_lines, Int32 new_i_error_total_lines) in C:\IntoIt\Jobs\CustomersCarsInstallations\BL.cs:line 751
   at IntoIT.GilCar.Interfaces.CustomersCarInstallations.BL.StartInterface(DateTime start) in C:\IntoIt\Jobs\CustomersCarsInstallations\BL.cs:line 624
   at IntoIT.GilCar.Interfaces.CustomersCarsInstallations.Program.Main(String[] args) in C:\IntoIt\Jobs\CustomersCarsInstallations\Program.cs:line 25
[2022.12.07_12.32.42]	CustomersCarsInstallations Start: 07/12/2022 11:58:01
[2022.12.07_12.32.42]	CustomersCarsInstallations End: 07/12/2022 12:32:42
[2022.12.07_12.48.54]	first run total cars from DB: 5
[2022.12.07_12.48.54]	first run total cars to CRM : 5
[2022.12.07_12.48.54]	first run total Installations from DB : 0
[2022.12.07_12.48.54]	first run total Installations to CRM : 0
[2022.12.07_12.49.02]	Second run total cars from DB: 0
[2022.12.07_12.49.02]	Second run total cars to CRM : 0
[2022.12.07_12.49.02]	Second run total Installations from DB : 0
[2022.12.07_12.49.02]	Second run total Installations to CRM : 0
[2022.12.07_12.49.06]	Third run total Installations from DB : 0
[2022.12.07_12.49.06]	Third run total Installations to CRM : 0
[2022.12.07_12.49.08]	fourth run total returns from DB : 0
[2022.12.07_12.49.08]	fourth run total returns to CRM : 0
[2022.12.07_12.49.09]	CustomersCarsInstallations send mail test 5 : 07/12/2022 12:49:09
[2022.12.07_12.49.09]	CustomersCarsInstallations send mail test 6 : 07/12/2022 12:49:09
[2022.12.07_12.49.09]	CustomersCarsInstallations send mail test 7 : 07/12/2022 12:49:09
