[2022.11.09_11.41.27]	Error: The request channel timed out while waiting for a reply after 00:01:59.9990191. Increase the timeout value passed to the call to Request or increase the SendTimeout value on the Binding. The time allotted to this operation may have been a portion of a longer timeout.. Error in UpdateCustomer. ID,312976
[2022.11.09_11.43.58]	 Error in StartInterface_5. currCar(SAP) ID,312992  
[2022.11.09_11.44.49]	 Error in StartInterface_5. currCar(SAP) ID,312993  
[2022.11.09_11.46.02]	 Error in StartInterface_5. currCar(SAP) ID,312994  
[2022.11.09_11.46.29]	 Error in StartInterface_5. currCar(SAP) ID,312995  
[2022.11.09_11.48.40]	Error: The request channel timed out while waiting for a reply after 00:02:00. Increase the timeout value passed to the call to Request or increase the SendTimeout value on the Binding. The time allotted to this operation may have been a portion of a longer timeout.. Error in UpdateCustomer. ID,312495
[2022.11.09_11.48.43]	 Error in StartInterface_5. currCar(SAP) ID,312497  
[2022.11.09_11.48.45]	Error in CreateCar. Could not find reference to importer name,11949,in car,89154702,ID,312497
[2022.11.09_11.50.47]	Error: The request channel timed out while waiting for a reply after 00:02:00. Increase the timeout value passed to the call to Request or increase the SendTimeout value on the Binding. The time allotted to this operation may have been a portion of a longer timeout.. Error in UpdateCustomer. ID,312711
[2022.11.09_11.53.27]	 Error in StartInterface_5. currCar(SAP) ID,312996  
[2022.11.09_11.53.49]	 Error in StartInterface_5. currCar(SAP) ID,312997  
[2022.11.09_11.54.03]	first run total cars from DB: 26
[2022.11.09_11.54.03]	first run total cars to CRM : 25
[2022.11.09_11.54.03]	first run total Installations from DB : 37
[2022.11.09_11.54.03]	first run total Installations to CRM : 34
[2022.11.09_11.59.10]	 Error in StartInterface_6. currCar(SAP) ID,312497    
[2022.11.09_11.59.18]	Error in CreateCar. Could not find reference to importer name,11949,in car,89154702,ID,312497
[2022.11.09_11.59.19]	Second run total cars from DB: 1
[2022.11.09_11.59.19]	Second run total cars to CRM : 0
[2022.11.09_11.59.19]	Second run total Installations from DB : 0
[2022.11.09_11.59.19]	Second run total Installations to CRM : 0
[2022.11.09_12.30.40]	Error: The underlying connection was closed: A connection that was expected to be kept alive was closed by the server.. Error in CreateInstallationWithReturns. ID,1144454
[2022.11.09_13.12.25]	Error: System.NullReferenceException: Object reference not set to an instance of an object.
   at Microsoft.Xrm.Tooling.Connector.CrmServiceClient.Execute(OrganizationRequest request)
   at IntoIT.GilCar.Interfaces.CustomersCarInstallations.CrmBase.get_XrmService() in C:\IntoIt\Jobs\CustomersCarsInstallations\CrmBaseDynamic.cs:line 65. Error in GetChildProduct. productCode,M-80630,parentProductCode,YDM010-074
[2022.11.09_13.12.25]	Error in CreateInstallationWithReturns. Could not find reference to child product,M-80630,with parent,YDM010-074,ID,1144619 
