[2016.06.19_15.30.18]	Error: Required field 'Status' is missing. Error in UpdateProduct. Product,31089
[2016.06.19_15.30.19]	Error: Required field 'Status' is missing. Error in UpdateProduct. Product,31089
[2016.06.19_15.30.20]	Error: Required field 'Status' is missing. Error in UpdateProduct. Product,79192
[2016.06.19_15.30.21]	Error: Required field 'Status' is missing. Error in UpdateProduct. Product,79192
[2016.06.19_15.30.22]	Error: Required field 'Status' is missing. Error in UpdateProduct. Product,FBUR1(NFG)
[2016.06.19_15.30.23]	Error: Required field 'Status' is missing. Error in UpdateProduct. Product,42364
[2016.06.19_15.30.24]	Error: Required field 'Status' is missing. Error in UpdateProduct. Product,42364
[2016.06.19_15.30.24]	Error: Required field 'Status' is missing. Error in UpdateProduct. Product,78287
[2016.06.19_15.30.25]	Error: Required field 'Status' is missing. Error in UpdateProduct. Product,78287
[2016.06.19_15.30.25]	Error: Required field 'Status' is missing. Error in UpdateProduct. Product,78287
[2016.06.19_15.30.26]	Error: Required field 'Status' is missing. Error in UpdateProduct. Product,78287
[2016.06.19_15.30.26]	Error: Required field 'Status' is missing. Error in UpdateProduct. Product,78287
[2016.06.19_15.30.27]	Error: Required field 'Status' is missing. Error in UpdateProduct. Product,78287
[2016.06.19_15.30.27]	Error: Required field 'Status' is missing. Error in UpdateProduct. Product,78287
[2016.06.19_15.30.28]	Error: Required field 'Status' is missing. Error in UpdateProduct. Product,80542
[2016.06.19_15.30.29]	Error: Required field 'Status' is missing. Error in UpdateProduct. Product,80542
[2016.06.19_15.30.29]	Error: Required field 'Status' is missing. Error in UpdateProduct. Product,80542
[2016.06.19_15.30.30]	Error: Required field 'Status' is missing. Error in UpdateProduct. Product,80542
[2016.06.19_15.30.30]	Error: Required field 'Status' is missing. Error in UpdateProduct. Product,80542
[2016.06.19_15.30.31]	Error: Required field 'Status' is missing. Error in UpdateProduct. Product,80542
[2016.06.19_15.30.31]	Error: Required field 'Status' is missing. Error in UpdateProduct. Product,80542
[2016.06.19_15.30.32]	Error: Required field 'Status' is missing. Error in UpdateProduct. Product,72242
[2016.06.19_15.30.32]	Error: Required field 'Status' is missing. Error in UpdateProduct. Product,72242
[2016.06.19_15.30.33]	Error: Required field 'Status' is missing. Error in UpdateProduct. Product,72242
[2016.06.19_15.30.33]	Error: Required field 'Status' is missing. Error in UpdateProduct. Product,80134
[2016.06.19_15.30.34]	Error: Required field 'Status' is missing. Error in UpdateProduct. Product,80134
[2016.06.19_15.30.34]	Error: Required field 'Status' is missing. Error in UpdateProduct. Product,80134
[2016.06.19_15.30.35]	Error: Required field 'Status' is missing. Error in UpdateProduct. Product,80134
[2016.06.19_15.30.36]	Error: Required field 'Status' is missing. Error in UpdateProduct. Product,80134
[2016.06.19_15.30.36]	Error: Required field 'Status' is missing. Error in UpdateProduct. Product,31036
[2016.06.19_15.30.37]	Error: Required field 'Status' is missing. Error in UpdateProduct. Product,31036
[2016.06.19_15.30.37]	Error: Required field 'Status' is missing. Error in UpdateProduct. Product,31036
[2016.06.19_15.30.38]	Error: Required field 'Status' is missing. Error in UpdateProduct. Product,31036
[2016.06.19_15.30.38]	Error: Required field 'Status' is missing. Error in UpdateProduct. Product,31036
[2016.06.19_15.30.39]	Error: Required field 'Status' is missing. Error in UpdateProduct. Product,31036
[2016.06.19_15.30.39]	Error: Required field 'Status' is missing. Error in UpdateProduct. Product,31036
[2016.06.19_15.30.40]	Error: Required field 'Status' is missing. Error in UpdateProduct. Product,31036
[2016.06.19_15.30.40]	Error: Required field 'Status' is missing. Error in UpdateProduct. Product,31036
[2016.06.19_15.30.41]	Error: Required field 'Status' is missing. Error in UpdateProduct. Product,31036
[2016.06.19_15.30.41]	Error: Required field 'Status' is missing. Error in UpdateProduct. Product,31036
[2016.06.19_15.30.42]	Error: Required field 'Status' is missing. Error in UpdateProduct. Product,31036
[2016.06.19_15.30.42]	Error: Required field 'Status' is missing. Error in UpdateProduct. Product,31036
[2016.06.19_15.30.43]	Error: Required field 'Status' is missing. Error in UpdateProduct. Product,31036
[2016.06.19_15.30.43]	Error: Required field 'Status' is missing. Error in UpdateProduct. Product,31036
[2016.06.19_15.30.44]	Error: Required field 'Status' is missing. Error in UpdateProduct. Product,31036
[2016.06.19_15.30.44]	Error: Required field 'Status' is missing. Error in UpdateProduct. Product,31036
[2016.06.19_15.30.45]	Error: Required field 'Status' is missing. Error in UpdateProduct. Product,31036
[2016.06.19_15.30.45]	Error: Required field 'Status' is missing. Error in UpdateProduct. Product,31036
[2016.06.19_15.30.46]	Error: Required field 'Status' is missing. Error in UpdateProduct. Product,31036
[2016.06.19_15.30.46]	Error: Required field 'Status' is missing. Error in UpdateProduct. Product,31036
[2016.06.19_15.30.47]	Error: Required field 'Status' is missing. Error in UpdateProduct. Product,31036
[2016.06.19_15.30.47]	Error: Required field 'Status' is missing. Error in UpdateProduct. Product,31036
[2016.06.19_15.30.48]	Error: Required field 'Status' is missing. Error in UpdateProduct. Product,31036
[2016.06.19_15.30.48]	Error: Required field 'Status' is missing. Error in UpdateProduct. Product,31036
[2016.06.19_15.30.49]	Error: Required field 'Status' is missing. Error in UpdateProduct. Product,31036
[2016.06.19_15.30.49]	Error: Required field 'Status' is missing. Error in UpdateProduct. Product,31036
[2016.06.19_15.30.50]	Error: Required field 'Status' is missing. Error in UpdateProduct. Product,31036
[2016.06.19_15.30.50]	Error: Required field 'Status' is missing. Error in UpdateProduct. Product,31036
[2016.06.19_15.30.51]	Error: Required field 'Status' is missing. Error in UpdateProduct. Product,31036
[2016.06.19_15.30.51]	Error: Required field 'Status' is missing. Error in UpdateProduct. Product,31036
[2016.06.19_15.30.52]	Error: Required field 'Status' is missing. Error in UpdateProduct. Product,31036
[2016.06.19_15.30.52]	Error: Required field 'Status' is missing. Error in UpdateProduct. Product,31036
[2016.06.19_15.30.53]	Error: Required field 'Status' is missing. Error in UpdateProduct. Product,31036
[2016.06.19_15.30.53]	Error: Required field 'Status' is missing. Error in UpdateProduct. Product,31036
[2016.06.19_15.30.54]	Error: Required field 'Status' is missing. Error in UpdateProduct. Product,31036
[2016.06.19_15.30.54]	Error: Required field 'Status' is missing. Error in UpdateProduct. Product,31036
[2016.06.19_15.30.55]	Error: Required field 'Status' is missing. Error in UpdateProduct. Product,31036
[2016.06.19_15.30.55]	Error: Required field 'Status' is missing. Error in UpdateProduct. Product,72459
[2016.06.19_15.30.57]	Error: Required field 'Status' is missing. Error in UpdateProduct. Product,YH0010065
[2016.06.19_15.30.58]	Error: Required field 'Status' is missing. Error in UpdateProduct. Product,YH0010066
[2016.06.19_15.30.59]	Error: Required field 'Status' is missing. Error in UpdateProduct. Product,72478
[2016.06.19_15.30.59]	Error: Required field 'Status' is missing. Error in UpdateProduct. Product,72478
[2016.06.19_15.31.01]	Error: Required field 'Status' is missing. Error in UpdateProduct. Product,90020
[2016.06.19_15.31.01]	Error: Required field 'Status' is missing. Error in UpdateProduct. Product,90020
[2016.06.19_15.31.02]	Error: Required field 'Status' is missing. Error in UpdateProduct. Product,90020
[2016.06.19_15.31.02]	Error: Required field 'Status' is missing. Error in UpdateProduct. Product,FBUR2
[2016.06.19_15.31.03]	Error: Required field 'Status' is missing. Error in UpdateProduct. Product,79193
[2016.06.19_15.31.03]	Error: Required field 'Status' is missing. Error in UpdateProduct. Product,79193
[2016.06.19_15.31.04]	Error: Required field 'Status' is missing. Error in UpdateProduct. Product,79193
[2016.06.19_15.31.04]	Error: Required field 'Status' is missing. Error in UpdateProduct. Product,79193
[2016.06.19_15.31.05]	Error: Required field 'Status' is missing. Error in UpdateProduct. Product,79195
[2016.06.19_15.31.05]	Error: Required field 'Status' is missing. Error in UpdateProduct. Product,79195
[2016.06.19_15.31.06]	Error: Required field 'Status' is missing. Error in UpdateProduct. Product,79195
[2016.06.19_15.31.06]	Error: Required field 'Status' is missing. Error in UpdateProduct. Product,FG009
[2016.06.19_15.31.07]	Error: Required field 'Status' is missing. Error in UpdateProduct. Product,FG009G
[2016.06.19_15.31.07]	Error: 1 is not a valid status code for state code ProductState.Inactive on product with Id efc4aeb5-1936-e611-80ea-d89d67630e38.. Error in CreateProduct. Product,YH0014011N
[2016.06.19_15.31.08]	Error: Required field 'Status' is missing. Error in UpdateProduct. Product,FG009N
[2016.06.19_15.31.08]	Error: Required field 'Status' is missing. Error in UpdateProduct. Product,FG1
[2016.06.19_15.31.09]	Error: Required field 'Status' is missing. Error in UpdateProduct. Product,FG103
[2016.06.19_15.31.09]	Error: Required field 'Status' is missing. Error in UpdateProduct. Product,FG103(A)
[2016.06.19_15.31.10]	Error: Required field 'Status' is missing. Error in UpdateProduct. Product,FG402
[2016.06.19_15.31.10]	Error: Required field 'Status' is missing. Error in UpdateProduct. Product,FG402FBE
[2016.06.19_15.31.11]	Error: Required field 'Status' is missing. Error in UpdateProduct. Product,FG402G
[2016.06.19_15.31.11]	Error: Required field 'Status' is missing. Error in UpdateProduct. Product,FG402GFB
[2016.06.19_15.31.12]	Error: Required field 'Status' is missing. Error in UpdateProduct. Product,FG402N
[2016.06.19_15.31.12]	Error: Required field 'Status' is missing. Error in UpdateProduct. Product,FG402NFB
[2016.06.19_15.31.13]	Error: Required field 'Status' is missing. Error in UpdateProduct. Product,FG800
[2016.06.19_15.31.13]	Error: Required field 'Status' is missing. Error in UpdateProduct. Product,FG800N
[2016.06.19_15.31.14]	Error: Required field 'Status' is missing. Error in UpdateProduct. Product,FGAN5
[2016.06.19_15.31.14]	Error: Required field 'Status' is missing. Error in UpdateProduct. Product,FGAN5(B)
[2016.06.19_15.31.15]	Error: Required field 'Status' is missing. Error in UpdateProduct. Product,FGAN5(N)
[2016.06.19_15.31.15]	Error: Required field 'Status' is missing. Error in UpdateProduct. Product,FGAN5(T)
[2016.06.19_15.31.16]	Error: Required field 'Status' is missing. Error in UpdateProduct. Product,FGAN5(Y)
[2016.06.19_15.31.16]	Error: Required field 'Status' is missing. Error in UpdateProduct. Product,FGBUL
[2016.06.19_15.31.17]	Error: Required field 'Status' is missing. Error in UpdateProduct. Product,FGBUL(F)
[2016.06.19_15.31.17]	Error: Required field 'Status' is missing. Error in UpdateProduct. Product,FGDVO
[2016.06.19_15.31.18]	Error: Required field 'Status' is missing. Error in UpdateProduct. Product,FGPAR
[2016.06.19_15.31.18]	Error: Required field 'Status' is missing. Error in UpdateProduct. Product,FGRQU
[2016.06.19_15.31.19]	Error: Required field 'Status' is missing. Error in UpdateProduct. Product,FGSAU
[2016.06.19_15.31.19]	Error: Required field 'Status' is missing. Error in UpdateProduct. Product,FGV(L)
[2016.06.19_15.31.20]	Error: Required field 'Status' is missing. Error in UpdateProduct. Product,FGV(X)
[2016.06.19_15.31.20]	Error: Required field 'Status' is missing. Error in UpdateProduct. Product,FM1
[2016.06.19_15.31.21]	Error: Required field 'Status' is missing. Error in UpdateProduct. Product,FMED7
[2016.06.19_15.31.22]	Error: Required field 'Status' is missing. Error in UpdateProduct. Product,31086
[2016.06.19_15.31.22]	Error: Required field 'Status' is missing. Error in UpdateProduct. Product,31086
[2016.06.19_15.31.23]	Error: Required field 'Status' is missing. Error in UpdateProduct. Product,31086
[2016.06.19_15.31.23]	Error: Required field 'Status' is missing. Error in UpdateProduct. Product,31086
[2016.06.19_15.31.24]	Error: Required field 'Status' is missing. Error in UpdateProduct. Product,31086
[2016.06.19_15.31.24]	Error: Required field 'Status' is missing. Error in UpdateProduct. Product,31086
[2016.06.19_15.31.25]	Error: Required field 'Status' is missing. Error in UpdateProduct. Product,31086
[2016.06.19_15.31.25]	Error: Required field 'Status' is missing. Error in UpdateProduct. Product,31086
[2016.06.19_15.31.26]	Error: Required field 'Status' is missing. Error in UpdateProduct. Product,31086
[2016.06.19_15.31.26]	Error: Required field 'Status' is missing. Error in UpdateProduct. Product,31086
[2016.06.19_15.31.27]	Error: Required field 'Status' is missing. Error in UpdateProduct. Product,31086
[2016.06.19_15.31.27]	Error: Required field 'Status' is missing. Error in UpdateProduct. Product,31086
[2016.06.19_15.31.28]	Error: Required field 'Status' is missing. Error in UpdateProduct. Product,31086
[2016.06.19_15.31.28]	Error: Required field 'Status' is missing. Error in UpdateProduct. Product,31086
[2016.06.19_15.31.29]	Error: Required field 'Status' is missing. Error in UpdateProduct. Product,31086
[2016.06.19_15.31.29]	Error: Required field 'Status' is missing. Error in UpdateProduct. Product,31086
[2016.06.19_15.31.30]	Error: Required field 'Status' is missing. Error in UpdateProduct. Product,31086
[2016.06.19_15.31.30]	Error: Required field 'Status' is missing. Error in UpdateProduct. Product,31086
[2016.06.19_15.31.31]	Error: Required field 'Status' is missing. Error in UpdateProduct. Product,31086
[2016.06.19_15.31.31]	Error: Required field 'Status' is missing. Error in UpdateProduct. Product,31086
[2016.06.19_15.31.32]	Error: Required field 'Status' is missing. Error in UpdateProduct. Product,31086
[2016.06.19_15.31.32]	Error: Required field 'Status' is missing. Error in UpdateProduct. Product,31086
[2016.06.19_15.31.33]	Error: Required field 'Status' is missing. Error in UpdateProduct. Product,31086
[2016.06.19_15.31.33]	Error: Required field 'Status' is missing. Error in UpdateProduct. Product,31086
[2016.06.19_15.31.34]	Error: Required field 'Status' is missing. Error in UpdateProduct. Product,31086
[2016.06.19_15.31.34]	Error: Required field 'Status' is missing. Error in UpdateProduct. Product,31086
[2016.06.19_15.31.35]	Error: Required field 'Status' is missing. Error in UpdateProduct. Product,31086
[2016.06.19_15.31.35]	Error: Required field 'Status' is missing. Error in UpdateProduct. Product,31086
[2016.06.19_15.31.36]	Error: Required field 'Status' is missing. Error in UpdateProduct. Product,31086
[2016.06.19_15.31.36]	Error: Required field 'Status' is missing. Error in UpdateProduct. Product,31086
[2016.06.19_15.31.37]	Error: Required field 'Status' is missing. Error in UpdateProduct. Product,31086
[2016.06.19_15.31.37]	Error: Required field 'Status' is missing. Error in UpdateProduct. Product,31086
[2016.06.19_15.31.38]	Error: Required field 'Status' is missing. Error in UpdateProduct. Product,31086
[2016.06.19_15.31.38]	Error: Required field 'Status' is missing. Error in UpdateProduct. Product,31086
[2016.06.19_15.31.39]	Error: Required field 'Status' is missing. Error in UpdateProduct. Product,31086
[2016.06.19_15.31.39]	Error: Required field 'Status' is missing. Error in UpdateProduct. Product,31086
[2016.06.19_15.31.39]	Error: Required field 'Status' is missing. Error in UpdateProduct. Product,31086
[2016.06.19_15.31.40]	Error: Required field 'Status' is missing. Error in UpdateProduct. Product,31086
[2016.06.19_15.31.40]	Error: Required field 'Status' is missing. Error in UpdateProduct. Product,31086
[2016.06.19_15.31.41]	Error: Required field 'Status' is missing. Error in UpdateProduct. Product,31086
[2016.06.19_15.31.41]	Error: Required field 'Status' is missing. Error in UpdateProduct. Product,31086
[2016.06.19_15.31.42]	Error: Required field 'Status' is missing. Error in UpdateProduct. Product,31086
[2016.06.19_15.31.42]	Error: Required field 'Status' is missing. Error in UpdateProduct. Product,31086
[2016.06.19_15.31.43]	Error: Required field 'Status' is missing. Error in UpdateProduct. Product,31086
[2016.06.19_15.31.43]	Error: Required field 'Status' is missing. Error in UpdateProduct. Product,31086
[2016.06.19_15.31.44]	Error: Required field 'Status' is missing. Error in UpdateProduct. Product,31086
[2016.06.19_15.31.44]	Error: Required field 'Status' is missing. Error in UpdateProduct. Product,31086
[2016.06.19_15.31.45]	Error: Required field 'Status' is missing. Error in UpdateProduct. Product,31108
[2016.06.19_15.31.45]	Error: Required field 'Status' is missing. Error in UpdateProduct. Product,31108
[2016.06.19_15.31.46]	Error: Required field 'Status' is missing. Error in UpdateProduct. Product,32965
[2016.06.19_15.31.46]	Error: Required field 'Status' is missing. Error in UpdateProduct. Product,32965
[2016.06.19_15.31.47]	Error: Required field 'Status' is missing. Error in UpdateProduct. Product,32965
[2016.06.19_15.31.47]	Error: Required field 'Status' is missing. Error in UpdateProduct. Product,32965
[2016.06.19_15.31.48]	Error: Required field 'Status' is missing. Error in UpdateProduct. Product,32965
[2016.06.19_15.31.48]	Error: Required field 'Status' is missing. Error in UpdateProduct. Product,32965
[2016.06.19_15.31.49]	Error: Required field 'Status' is missing. Error in UpdateProduct. Product,32965
[2016.06.19_15.31.50]	Error: Required field 'Status' is missing. Error in UpdateProduct. Product,32965
[2016.06.19_15.31.50]	Error: Required field 'Status' is missing. Error in UpdateProduct. Product,32965
[2016.06.19_15.31.51]	Error: Required field 'Status' is missing. Error in UpdateProduct. Product,32965
[2016.06.19_15.31.51]	Error: Required field 'Status' is missing. Error in UpdateProduct. Product,32965
[2016.06.19_15.31.52]	Error: Required field 'Status' is missing. Error in UpdateProduct. Product,32965
[2016.06.19_15.31.52]	Error: Required field 'Status' is missing. Error in UpdateProduct. Product,32965
[2016.06.19_15.31.53]	Error: Required field 'Status' is missing. Error in UpdateProduct. Product,52626
[2016.06.19_15.31.53]	Error: Required field 'Status' is missing. Error in UpdateProduct. Product,52626
[2016.06.19_15.31.54]	Error: Required field 'Status' is missing. Error in UpdateProduct. Product,52626
[2016.06.19_15.31.54]	Error: Required field 'Status' is missing. Error in UpdateProduct. Product,52626
[2016.06.19_15.31.55]	Error: Required field 'Status' is missing. Error in UpdateProduct. Product,52626
[2016.06.19_15.31.55]	Error: Required field 'Status' is missing. Error in UpdateProduct. Product,52626
[2016.06.19_15.31.56]	Error: Required field 'Status' is missing. Error in UpdateProduct. Product,53550
[2016.06.19_15.31.56]	Error: Required field 'Status' is missing. Error in UpdateProduct. Product,78141
[2016.06.19_15.31.57]	Error: Required field 'Status' is missing. Error in UpdateProduct. Product,78371
[2016.06.19_15.31.58]	Error: Required field 'Status' is missing. Error in UpdateProduct. Product,3001
[2016.06.19_15.31.59]	Error: Required field 'Status' is missing. Error in UpdateProduct. Product,3002
[2016.06.19_15.31.59]	Error: Required field 'Status' is missing. Error in UpdateProduct. Product,3004
[2016.06.19_15.32.00]	Error: Required field 'Status' is missing. Error in UpdateProduct. Product,3005
[2016.06.19_15.32.00]	Error: Required field 'Status' is missing. Error in UpdateProduct. Product,3006
[2016.06.19_15.32.01]	Error: Required field 'Status' is missing. Error in UpdateProduct. Product,3007
[2016.06.19_15.32.01]	Error: Required field 'Status' is missing. Error in UpdateProduct. Product,3008
[2016.06.19_15.32.02]	Error: Required field 'Status' is missing. Error in UpdateProduct. Product,3009
[2016.06.19_15.32.02]	Error: Required field 'Status' is missing. Error in UpdateProduct. Product,3010
[2016.06.19_15.32.03]	Error: Required field 'Status' is missing. Error in UpdateProduct. Product,YH0007008TA
[2016.06.19_15.32.04]	Error: Required field 'Status' is missing. Error in UpdateProduct. Product,3012
[2016.06.19_15.32.05]	Error: Required field 'Status' is missing. Error in UpdateProduct. Product,3013
[2016.06.19_15.32.05]	Error: Required field 'Status' is missing. Error in UpdateProduct. Product,3014
[2016.06.19_15.32.06]	Error: Required field 'Status' is missing. Error in UpdateProduct. Product,3015
[2016.06.19_15.32.06]	Error: Required field 'Status' is missing. Error in UpdateProduct. Product,3016
[2016.06.19_15.32.07]	Error: Required field 'Status' is missing. Error in UpdateProduct. Product,3017
[2016.06.19_15.32.07]	Error: Required field 'Status' is missing. Error in UpdateProduct. Product,3018
[2016.06.19_15.32.08]	Error: Required field 'Status' is missing. Error in UpdateProduct. Product,332
[2016.06.19_15.32.08]	Error: Required field 'Status' is missing. Error in UpdateProduct. Product,333
[2016.06.19_15.32.09]	Error: Required field 'Status' is missing. Error in UpdateProduct. Product,397
[2016.06.19_15.32.09]	Error: Required field 'Status' is missing. Error in UpdateProduct. Product,400
[2016.06.19_15.32.10]	Error: Required field 'Status' is missing. Error in UpdateProduct. Product,403
[2016.06.19_15.32.10]	Error: Required field 'Status' is missing. Error in UpdateProduct. Product,410
[2016.06.19_15.32.11]	Error: Required field 'Status' is missing. Error in UpdateProduct. Product,418
[2016.06.19_15.32.11]	Error: Required field 'Status' is missing. Error in UpdateProduct. Product,419
[2016.06.19_15.32.12]	Error: Required field 'Status' is missing. Error in UpdateProduct. Product,42449
[2016.06.19_15.32.12]	Error: Required field 'Status' is missing. Error in UpdateProduct. Product,42449
[2016.06.19_15.32.13]	Error: Required field 'Status' is missing. Error in UpdateProduct. Product,42449
[2016.06.19_15.32.13]	Error: Required field 'Status' is missing. Error in UpdateProduct. Product,487
[2016.06.19_15.32.14]	Error: Required field 'Status' is missing. Error in UpdateProduct. Product,10-PWE-S8
[2016.06.19_15.32.14]	Error: Required field 'Status' is missing. Error in UpdateProduct. Product,40709
[2016.06.19_15.32.15]	Error: Required field 'Status' is missing. Error in UpdateProduct. Product,40709
[2016.06.19_15.32.16]	Error: Required field 'Status' is missing. Error in UpdateProduct. Product,40709
[2016.06.19_15.32.16]	Error: Required field 'Status' is missing. Error in UpdateProduct. Product,41805
[2016.06.19_15.32.17]	Error: Required field 'Status' is missing. Error in UpdateProduct. Product,41805
[2016.06.19_15.32.17]	Error: Required field 'Status' is missing. Error in UpdateProduct. Product,41805
[2016.06.19_15.32.18]	Error: Required field 'Status' is missing. Error in UpdateProduct. Product,41805
[2016.06.19_15.32.18]	Error: Required field 'Status' is missing. Error in UpdateProduct. Product,41805
[2016.06.19_15.32.19]	Error: Required field 'Status' is missing. Error in UpdateProduct. Product,41805
[2016.06.19_15.32.19]	Error: Required field 'Status' is missing. Error in UpdateProduct. Product,41805
[2016.06.19_15.32.20]	Error: Required field 'Status' is missing. Error in UpdateProduct. Product,41805
[2016.06.19_15.32.20]	Error: Required field 'Status' is missing. Error in UpdateProduct. Product,41805
[2016.06.19_15.32.21]	Error: Required field 'Status' is missing. Error in UpdateProduct. Product,41805
[2016.06.19_15.32.21]	Error: Required field 'Status' is missing. Error in UpdateProduct. Product,41805
[2016.06.19_15.32.22]	Error: Required field 'Status' is missing. Error in UpdateProduct. Product,41805
[2016.06.19_15.32.22]	Error: Required field 'Status' is missing. Error in UpdateProduct. Product,41805
[2016.06.19_15.32.23]	Error: Required field 'Status' is missing. Error in UpdateProduct. Product,41805
[2016.06.19_15.32.23]	Error: Required field 'Status' is missing. Error in UpdateProduct. Product,41805
[2016.06.19_15.32.23]	Error: Required field 'Status' is missing. Error in UpdateProduct. Product,41805
[2016.06.19_15.32.24]	Error: Required field 'Status' is missing. Error in UpdateProduct. Product,41805
[2016.06.19_15.32.24]	Error: Required field 'Status' is missing. Error in UpdateProduct. Product,41805
[2016.06.19_15.32.25]	Error: Required field 'Status' is missing. Error in UpdateProduct. Product,41805
[2016.06.19_15.32.25]	Error: Required field 'Status' is missing. Error in UpdateProduct. Product,41805
[2016.06.19_15.32.26]	Error: Required field 'Status' is missing. Error in UpdateProduct. Product,41805
[2016.06.19_15.32.26]	Error: Required field 'Status' is missing. Error in UpdateProduct. Product,41805
[2016.06.19_15.32.27]	Error: Required field 'Status' is missing. Error in UpdateProduct. Product,41805
[2016.06.19_15.32.27]	Error: Required field 'Status' is missing. Error in UpdateProduct. Product,41805
[2016.06.19_15.32.28]	Error: Required field 'Status' is missing. Error in UpdateProduct. Product,41805
[2016.06.19_15.32.28]	Error: Required field 'Status' is missing. Error in UpdateProduct. Product,41805
[2016.06.19_15.32.29]	Error: Required field 'Status' is missing. Error in UpdateProduct. Product,41805
[2016.06.19_15.32.29]	Error: Required field 'Status' is missing. Error in UpdateProduct. Product,41805
[2016.06.19_15.32.30]	Error: Required field 'Status' is missing. Error in UpdateProduct. Product,41805
[2016.06.19_15.32.30]	Error: Required field 'Status' is missing. Error in UpdateProduct. Product,41805
[2016.06.19_15.32.31]	Error: Required field 'Status' is missing. Error in UpdateProduct. Product,41805
[2016.06.19_15.32.31]	Error: Required field 'Status' is missing. Error in UpdateProduct. Product,41805
[2016.06.19_15.32.32]	Error: Required field 'Status' is missing. Error in UpdateProduct. Product,41805
[2016.06.19_15.32.32]	Error: Required field 'Status' is missing. Error in UpdateProduct. Product,41805
[2016.06.19_15.32.33]	Error: Required field 'Status' is missing. Error in UpdateProduct. Product,41805
[2016.06.19_15.32.33]	Error: Required field 'Status' is missing. Error in UpdateProduct. Product,41805
[2016.06.19_15.32.34]	Error: Required field 'Status' is missing. Error in UpdateProduct. Product,41805
[2016.06.19_15.32.34]	Error: Required field 'Status' is missing. Error in UpdateProduct. Product,41805
[2016.06.19_15.33.05]	Error: Required field 'Status' is missing. Error in UpdateProduct. Product,31089
[2016.06.19_15.33.06]	Error: Required field 'Status' is missing. Error in UpdateProduct. Product,31089
[2016.06.19_15.33.06]	Error: Required field 'Status' is missing. Error in UpdateProduct. Product,79192
[2016.06.19_15.33.07]	Error: Required field 'Status' is missing. Error in UpdateProduct. Product,79192
[2016.06.19_15.33.07]	Error: Required field 'Status' is missing. Error in UpdateProduct. Product,FBUR1(NFG)
[2016.06.19_15.33.08]	Error: Required field 'Status' is missing. Error in UpdateProduct. Product,42364
[2016.06.19_15.33.08]	Error: Required field 'Status' is missing. Error in UpdateProduct. Product,42364
[2016.06.19_15.33.09]	Error: Required field 'Status' is missing. Error in UpdateProduct. Product,78287
[2016.06.19_15.33.09]	Error: Required field 'Status' is missing. Error in UpdateProduct. Product,78287
[2016.06.19_15.33.10]	Error: Required field 'Status' is missing. Error in UpdateProduct. Product,78287
[2016.06.19_15.33.10]	Error: Required field 'Status' is missing. Error in UpdateProduct. Product,78287
[2016.06.19_15.33.11]	Error: Required field 'Status' is missing. Error in UpdateProduct. Product,78287
[2016.06.19_15.33.11]	Error: Required field 'Status' is missing. Error in UpdateProduct. Product,78287
[2016.06.19_15.33.12]	Error: Required field 'Status' is missing. Error in UpdateProduct. Product,78287
[2016.06.19_15.33.12]	Error: Required field 'Status' is missing. Error in UpdateProduct. Product,80542
[2016.06.19_15.33.13]	Error: Required field 'Status' is missing. Error in UpdateProduct. Product,80542
[2016.06.19_15.33.13]	Error: Required field 'Status' is missing. Error in UpdateProduct. Product,80542
[2016.06.19_15.33.13]	Error: Required field 'Status' is missing. Error in UpdateProduct. Product,80542
[2016.06.19_15.33.14]	Error: Required field 'Status' is missing. Error in UpdateProduct. Product,80542
[2016.06.19_15.33.15]	Error: Required field 'Status' is missing. Error in UpdateProduct. Product,80542
[2016.06.19_15.33.15]	Error: Required field 'Status' is missing. Error in UpdateProduct. Product,80542
[2016.06.19_15.33.16]	Error: Required field 'Status' is missing. Error in UpdateProduct. Product,72242
[2016.06.19_15.33.16]	Error: Required field 'Status' is missing. Error in UpdateProduct. Product,72242
[2016.06.19_15.33.17]	Error: Required field 'Status' is missing. Error in UpdateProduct. Product,72242
[2016.06.19_15.33.17]	Error: Required field 'Status' is missing. Error in UpdateProduct. Product,80134
[2016.06.19_15.33.18]	Error: Required field 'Status' is missing. Error in UpdateProduct. Product,80134
[2016.06.19_15.33.18]	Error: Required field 'Status' is missing. Error in UpdateProduct. Product,80134
[2016.06.19_15.33.19]	Error: Required field 'Status' is missing. Error in UpdateProduct. Product,80134
[2016.06.19_15.33.19]	Error: Required field 'Status' is missing. Error in UpdateProduct. Product,80134
[2016.06.19_15.33.20]	Error: Required field 'Status' is missing. Error in UpdateProduct. Product,31036
[2016.06.19_15.33.20]	Error: Required field 'Status' is missing. Error in UpdateProduct. Product,31036
[2016.06.19_15.33.20]	Error: Required field 'Status' is missing. Error in UpdateProduct. Product,31036
[2016.06.19_15.33.21]	Error: Required field 'Status' is missing. Error in UpdateProduct. Product,31036
[2016.06.19_15.33.21]	Error: Required field 'Status' is missing. Error in UpdateProduct. Product,31036
[2016.06.19_15.33.22]	Error: Required field 'Status' is missing. Error in UpdateProduct. Product,31036
[2016.06.19_15.33.22]	Error: Required field 'Status' is missing. Error in UpdateProduct. Product,31036
[2016.06.19_15.33.23]	Error: Required field 'Status' is missing. Error in UpdateProduct. Product,31036
[2016.06.19_15.33.23]	Error: Required field 'Status' is missing. Error in UpdateProduct. Product,31036
[2016.06.19_15.33.24]	Error: Required field 'Status' is missing. Error in UpdateProduct. Product,31036
[2016.06.19_15.33.24]	Error: Required field 'Status' is missing. Error in UpdateProduct. Product,31036
[2016.06.19_15.33.25]	Error: Required field 'Status' is missing. Error in UpdateProduct. Product,31036
[2016.06.19_15.33.25]	Error: Required field 'Status' is missing. Error in UpdateProduct. Product,31036
[2016.06.19_15.33.25]	Error: Required field 'Status' is missing. Error in UpdateProduct. Product,31036
[2016.06.19_15.33.28]	Error: Required field 'Status' is missing. Error in UpdateProduct. Product,31036
[2016.06.19_15.33.29]	Error: Required field 'Status' is missing. Error in UpdateProduct. Product,31036
[2016.06.19_15.33.29]	Error: Required field 'Status' is missing. Error in UpdateProduct. Product,31036
[2016.06.19_15.33.30]	Error: Required field 'Status' is missing. Error in UpdateProduct. Product,31036
[2016.06.19_15.33.30]	Error: Required field 'Status' is missing. Error in UpdateProduct. Product,31036
[2016.06.19_15.33.31]	Error: Required field 'Status' is missing. Error in UpdateProduct. Product,31036
[2016.06.19_15.33.31]	Error: Required field 'Status' is missing. Error in UpdateProduct. Product,31036
[2016.06.19_15.33.32]	Error: Required field 'Status' is missing. Error in UpdateProduct. Product,31036
[2016.06.19_15.33.32]	Error: Required field 'Status' is missing. Error in UpdateProduct. Product,31036
[2016.06.19_15.33.32]	Error: Required field 'Status' is missing. Error in UpdateProduct. Product,31036
[2016.06.19_15.33.33]	Error: Required field 'Status' is missing. Error in UpdateProduct. Product,31036
[2016.06.19_15.33.33]	Error: Required field 'Status' is missing. Error in UpdateProduct. Product,31036
[2016.06.19_15.33.34]	Error: Required field 'Status' is missing. Error in UpdateProduct. Product,31036
[2016.06.19_15.33.34]	Error: Required field 'Status' is missing. Error in UpdateProduct. Product,31036
[2016.06.19_15.33.35]	Error: Required field 'Status' is missing. Error in UpdateProduct. Product,31036
[2016.06.19_15.33.35]	Error: Required field 'Status' is missing. Error in UpdateProduct. Product,31036
[2016.06.19_15.33.36]	Error: Required field 'Status' is missing. Error in UpdateProduct. Product,31036
[2016.06.19_15.33.36]	Error: Required field 'Status' is missing. Error in UpdateProduct. Product,31036
[2016.06.19_15.33.37]	Error: Required field 'Status' is missing. Error in UpdateProduct. Product,31036
[2016.06.19_15.33.37]	Error: Required field 'Status' is missing. Error in UpdateProduct. Product,31036
[2016.06.19_15.33.37]	Error: Required field 'Status' is missing. Error in UpdateProduct. Product,31036
[2016.06.19_15.33.38]	Error: Required field 'Status' is missing. Error in UpdateProduct. Product,31036
[2016.06.19_15.33.38]	Error: Required field 'Status' is missing. Error in UpdateProduct. Product,31036
[2016.06.19_15.33.39]	Error: Required field 'Status' is missing. Error in UpdateProduct. Product,31036
[2016.06.19_15.33.39]	Error: Required field 'Status' is missing. Error in UpdateProduct. Product,72459
[2016.06.19_15.33.40]	Error: Required field 'Status' is missing. Error in UpdateProduct. Product,YH0010065
[2016.06.19_15.33.40]	Error: Required field 'Status' is missing. Error in UpdateProduct. Product,YH0010066
[2016.06.19_15.44.12]	Error: 1 is not a valid status code for state code ProductState.Inactive on product with Id 7c10b901-3ca7-e511-80d4-d89d67631c44.. Error in UpdateProduct. Product,YH0010066
[2016.06.19_15.44.19]	Error: 1 is not a valid status code for state code ProductState.Inactive on product with Id 056b334e-38a7-e511-80d4-d89d67631c44.. Error in UpdateProduct. Product,FG009
[2016.06.19_15.44.22]	Error: 1 is not a valid status code for state code ProductState.Inactive on product with Id 957cee6c-38a7-e511-80d4-d89d67631c44.. Error in UpdateProduct. Product,FG402
[2016.06.19_15.45.11]	Error: 1 is not a valid status code for state code ProductState.Inactive on product with Id 875db892-3ba7-e511-80d4-d89d67631c44.. Error in UpdateProduct. Product,YH0007008TA
[2016.06.19_15.45.21]	Error: 1 is not a valid status code for state code ProductState.Inactive on product with Id 190ae487-58b9-e511-80db-d89d67630e38.. Error in UpdateProduct. Product,40709
[2016.06.19_15.52.25]	Error: 1 is not a valid status code for state code ProductState.Inactive on product with Id 40c67257-2fa7-e511-80d4-d89d67631c44.. Error in UpdateProduct. Product,40709
[2016.06.19_15.52.26]	Error: An unsecured or incorrectly secured fault was received from the other party. See the inner FaultException for the fault code and detail.. Error in UpdateProduct. Product,40709
[2016.06.19_15.52.27]	Error: Invalid URI: The hostname could not be parsed.. Error in UpdateProduct. Product,41805
[2016.06.19_15.52.27]	Error: Invalid URI: The hostname could not be parsed.. Error in UpdateProduct. Product,41805
[2016.06.19_15.52.28]	Error: Invalid URI: The hostname could not be parsed.. Error in UpdateProduct. Product,41805
[2016.06.19_15.52.28]	Error: Invalid URI: The hostname could not be parsed.. Error in UpdateProduct. Product,41805
[2016.06.19_15.52.29]	Error: Invalid URI: The hostname could not be parsed.. Error in UpdateProduct. Product,41805
[2016.06.19_15.52.29]	Error: Invalid URI: The hostname could not be parsed.. Error in UpdateProduct. Product,41805
[2016.06.19_15.52.30]	Error: Invalid URI: The hostname could not be parsed.. Error in UpdateProduct. Product,41805
[2016.06.19_15.52.30]	Error: Invalid URI: The hostname could not be parsed.. Error in UpdateProduct. Product,41805
[2016.06.19_15.52.31]	Error: Invalid URI: The hostname could not be parsed.. Error in UpdateProduct. Product,41805
[2016.06.19_15.52.31]	Error: Invalid URI: The hostname could not be parsed.. Error in UpdateProduct. Product,41805
[2016.06.19_15.52.32]	Error: Invalid URI: The hostname could not be parsed.. Error in UpdateProduct. Product,41805
[2016.06.19_15.52.33]	Error: Invalid URI: The hostname could not be parsed.. Error in UpdateProduct. Product,41805
[2016.06.19_15.52.33]	Error: Invalid URI: The hostname could not be parsed.. Error in UpdateProduct. Product,41805
[2016.06.19_15.52.34]	Error: Invalid URI: The hostname could not be parsed.. Error in UpdateProduct. Product,41805
[2016.06.19_15.52.34]	Error: Invalid URI: The hostname could not be parsed.. Error in UpdateProduct. Product,41805
[2016.06.19_15.52.35]	Error: Invalid URI: The hostname could not be parsed.. Error in UpdateProduct. Product,41805
[2016.06.19_15.52.35]	Error: Invalid URI: The hostname could not be parsed.. Error in UpdateProduct. Product,41805
[2016.06.19_15.52.36]	Error: Invalid URI: The hostname could not be parsed.. Error in UpdateProduct. Product,41805
[2016.06.19_15.52.36]	Error: Invalid URI: The hostname could not be parsed.. Error in UpdateProduct. Product,41805
[2016.06.19_15.52.37]	Error: Invalid URI: The hostname could not be parsed.. Error in UpdateProduct. Product,41805
[2016.06.19_15.52.37]	Error: Invalid URI: The hostname could not be parsed.. Error in UpdateProduct. Product,41805
[2016.06.19_15.52.38]	Error: Invalid URI: The hostname could not be parsed.. Error in UpdateProduct. Product,41805
[2016.06.19_15.52.39]	Error: Invalid URI: The hostname could not be parsed.. Error in UpdateProduct. Product,41805
[2016.06.19_15.52.39]	Error: Invalid URI: The hostname could not be parsed.. Error in UpdateProduct. Product,41805
[2016.06.19_15.52.40]	Error: Invalid URI: The hostname could not be parsed.. Error in UpdateProduct. Product,41805
[2016.06.19_15.52.40]	Error: Invalid URI: The hostname could not be parsed.. Error in UpdateProduct. Product,41805
[2016.06.19_15.52.41]	Error: Invalid URI: The hostname could not be parsed.. Error in UpdateProduct. Product,41805
[2016.06.19_15.52.41]	Error: Invalid URI: The hostname could not be parsed.. Error in UpdateProduct. Product,41805
[2016.06.19_15.52.42]	Error: Invalid URI: The hostname could not be parsed.. Error in UpdateProduct. Product,41805
[2016.06.19_15.52.42]	Error: Invalid URI: The hostname could not be parsed.. Error in UpdateProduct. Product,41805
[2016.06.19_15.52.43]	Error: Invalid URI: The hostname could not be parsed.. Error in UpdateProduct. Product,41805
[2016.06.19_15.52.43]	Error: Invalid URI: The hostname could not be parsed.. Error in UpdateProduct. Product,41805
[2016.06.19_15.52.44]	Error: Invalid URI: The hostname could not be parsed.. Error in UpdateProduct. Product,41805
[2016.06.19_15.52.44]	Error: Invalid URI: The hostname could not be parsed.. Error in UpdateProduct. Product,41805
[2016.06.19_15.52.45]	Error: Invalid URI: The hostname could not be parsed.. Error in UpdateProduct. Product,41805
[2016.06.19_15.52.45]	Error: Invalid URI: The hostname could not be parsed.. Error in UpdateProduct. Product,41805
[2016.06.19_15.52.46]	Error: Invalid URI: The hostname could not be parsed.. Error in UpdateProduct. Product,41805
[2016.06.19_15.52.46]	Error: Invalid URI: The hostname could not be parsed.. Error in UpdateProduct. Product,41805
[2016.06.19_15.52.47]	Error: Invalid URI: The hostname could not be parsed.. Error in UpdateProduct. Product,41805
[2016.06.19_15.52.47]	Error: Invalid URI: The hostname could not be parsed.. Error in UpdateProduct. Product,41805
[2016.06.19_15.52.48]	Error: Invalid URI: The hostname could not be parsed.. Error in UpdateProduct. Product,41805
[2016.06.19_15.52.48]	Error: Invalid URI: The hostname could not be parsed.. Error in UpdateProduct. Product,41805
[2016.06.19_15.52.49]	Error: Invalid URI: The hostname could not be parsed.. Error in UpdateProduct. Product,41805
[2016.06.19_15.52.50]	Error: Invalid URI: The hostname could not be parsed.. Error in UpdateProduct. Product,41805
[2016.06.19_15.52.50]	Error: Invalid URI: The hostname could not be parsed.. Error in UpdateProduct. Product,41805
[2016.06.19_15.52.51]	Error: Invalid URI: The hostname could not be parsed.. Error in UpdateProduct. Product,41805
[2016.06.19_15.52.51]	Error: Invalid URI: The hostname could not be parsed.. Error in UpdateProduct. Product,41805
[2016.06.19_15.52.52]	Error: Invalid URI: The hostname could not be parsed.. Error in UpdateProduct. Product,41805
[2016.06.19_15.52.52]	Error: Invalid URI: The hostname could not be parsed.. Error in UpdateProduct. Product,41805
[2016.06.19_15.52.53]	Error: Invalid URI: The hostname could not be parsed.. Error in UpdateProduct. Product,41805
[2016.06.19_15.52.53]	Error: Invalid URI: The hostname could not be parsed.. Error in UpdateProduct. Product,41805
[2016.06.19_15.52.54]	Error: Invalid URI: The hostname could not be parsed.. Error in UpdateProduct. Product,41805
[2016.06.19_15.52.54]	Error: Invalid URI: The hostname could not be parsed.. Error in UpdateProduct. Product,41805
[2016.06.19_15.52.55]	Error: Invalid URI: The hostname could not be parsed.. Error in UpdateProduct. Product,41805
[2016.06.19_15.52.55]	Error: Invalid URI: The hostname could not be parsed.. Error in UpdateProduct. Product,41805
[2016.06.19_15.52.56]	Error: Invalid URI: The hostname could not be parsed.. Error in UpdateProduct. Product,41805
[2016.06.19_15.52.56]	Error: Invalid URI: The hostname could not be parsed.. Error in UpdateProduct. Product,41805
[2016.06.19_15.52.57]	Error: Invalid URI: The hostname could not be parsed.. Error in UpdateProduct. Product,41805
[2016.06.19_15.52.57]	Error: Invalid URI: The hostname could not be parsed.. Error in UpdateProduct. Product,41805
[2016.06.19_15.52.58]	Error: Invalid URI: The hostname could not be parsed.. Error in UpdateProduct. Product,41805
[2016.06.19_15.52.58]	Error: Invalid URI: The hostname could not be parsed.. Error in UpdateProduct. Product,41805
[2016.06.19_15.52.59]	Error: Invalid URI: The hostname could not be parsed.. Error in UpdateProduct. Product,41805
[2016.06.19_15.52.59]	Error: Invalid URI: The hostname could not be parsed.. Error in UpdateProduct. Product,41805
[2016.06.19_15.53.00]	Error: Invalid URI: The hostname could not be parsed.. Error in UpdateProduct. Product,41805
[2016.06.19_15.53.01]	Error: Invalid URI: The hostname could not be parsed.. Error in UpdateProduct. Product,41805
[2016.06.19_15.53.01]	Error: Invalid URI: The hostname could not be parsed.. Error in UpdateProduct. Product,41805
[2016.06.19_15.53.02]	Error: Invalid URI: The hostname could not be parsed.. Error in UpdateProduct. Product,41805
[2016.06.19_15.53.02]	Error: Invalid URI: The hostname could not be parsed.. Error in UpdateProduct. Product,41805
[2016.06.19_15.53.03]	Error: Invalid URI: The hostname could not be parsed.. Error in UpdateProduct. Product,41805
[2016.06.19_15.53.03]	Error: Invalid URI: The hostname could not be parsed.. Error in UpdateProduct. Product,41805
[2016.06.19_15.53.04]	Error: Invalid URI: The hostname could not be parsed.. Error in UpdateProduct. Product,41805
[2016.06.19_15.53.04]	Error: Invalid URI: The hostname could not be parsed.. Error in UpdateProduct. Product,41805
[2016.06.19_15.53.05]	Error: Invalid URI: The hostname could not be parsed.. Error in UpdateProduct. Product,41805
[2016.06.19_15.53.05]	Error: Invalid URI: The hostname could not be parsed.. Error in UpdateProduct. Product,41805
[2016.06.19_15.53.06]	Error: Invalid URI: The hostname could not be parsed.. Error in UpdateProduct. Product,41805
[2016.06.19_15.53.06]	Error: Invalid URI: The hostname could not be parsed.. Error in UpdateProduct. Product,41805
[2016.06.19_15.53.07]	Error: Invalid URI: The hostname could not be parsed.. Error in UpdateProduct. Product,41805
[2016.06.19_15.53.07]	Error: Invalid URI: The hostname could not be parsed.. Error in UpdateProduct. Product,41805
[2016.06.19_15.53.08]	Error: Invalid URI: The hostname could not be parsed.. Error in UpdateProduct. Product,41805
[2016.06.19_15.53.08]	Error: Invalid URI: The hostname could not be parsed.. Error in UpdateProduct. Product,41805
[2016.06.19_15.53.09]	Error: Invalid URI: The hostname could not be parsed.. Error in UpdateProduct. Product,41805
[2016.06.19_15.53.09]	Error: Invalid URI: The hostname could not be parsed.. Error in UpdateProduct. Product,41805
[2016.06.19_15.53.10]	Error: Invalid URI: The hostname could not be parsed.. Error in UpdateProduct. Product,41805
[2016.06.19_15.53.11]	Error: Invalid URI: The hostname could not be parsed.. Error in UpdateProduct. Product,41805
[2016.06.19_15.53.11]	Error: Invalid URI: The hostname could not be parsed.. Error in UpdateProduct. Product,41805
[2016.06.19_15.53.12]	Error: Invalid URI: The hostname could not be parsed.. Error in UpdateProduct. Product,41805
[2016.06.19_15.53.12]	Error: Invalid URI: The hostname could not be parsed.. Error in UpdateProduct. Product,41805
[2016.06.19_15.53.13]	Error: Invalid URI: The hostname could not be parsed.. Error in UpdateProduct. Product,41805
[2016.06.19_15.53.13]	Error: Invalid URI: The hostname could not be parsed.. Error in UpdateProduct. Product,41805
[2016.06.19_15.53.14]	Error: Invalid URI: The hostname could not be parsed.. Error in UpdateProduct. Product,41805
[2016.06.19_15.53.14]	Error: Invalid URI: The hostname could not be parsed.. Error in UpdateProduct. Product,41805
[2016.06.19_15.53.15]	Error: Invalid URI: The hostname could not be parsed.. Error in UpdateProduct. Product,41805
[2016.06.19_15.53.15]	Error: Invalid URI: The hostname could not be parsed.. Error in UpdateProduct. Product,41805
[2016.06.19_15.53.16]	Error: Invalid URI: The hostname could not be parsed.. Error in UpdateProduct. Product,41805
[2016.06.19_15.53.16]	Error: Invalid URI: The hostname could not be parsed.. Error in UpdateProduct. Product,41805
[2016.06.19_15.53.17]	Error: Invalid URI: The hostname could not be parsed.. Error in UpdateProduct. Product,41805
[2016.06.19_15.53.17]	Error: Invalid URI: The hostname could not be parsed.. Error in UpdateProduct. Product,41805
[2016.06.19_15.53.18]	Error: Invalid URI: The hostname could not be parsed.. Error in UpdateProduct. Product,41805
[2016.06.19_15.53.19]	Error: Invalid URI: The hostname could not be parsed.. Error in UpdateProduct. Product,41805
[2016.06.19_15.53.19]	Error: Invalid URI: The hostname could not be parsed.. Error in UpdateProduct. Product,41805
[2016.06.19_15.53.20]	Error: Invalid URI: The hostname could not be parsed.. Error in UpdateProduct. Product,41805
[2016.06.19_15.53.20]	Error: Invalid URI: The hostname could not be parsed.. Error in UpdateProduct. Product,41805
[2016.06.19_15.53.21]	Error: Invalid URI: The hostname could not be parsed.. Error in UpdateProduct. Product,41805
[2016.06.19_15.53.21]	Error: Invalid URI: The hostname could not be parsed.. Error in UpdateProduct. Product,41805
[2016.06.19_15.53.22]	Error: Invalid URI: The hostname could not be parsed.. Error in UpdateProduct. Product,41805
[2016.06.19_15.53.22]	Error: Invalid URI: The hostname could not be parsed.. Error in UpdateProduct. Product,41805
[2016.06.19_15.53.23]	Error: Invalid URI: The hostname could not be parsed.. Error in UpdateProduct. Product,41805
[2016.06.19_15.53.23]	Error: Invalid URI: The hostname could not be parsed.. Error in UpdateProduct. Product,41805
[2016.06.19_15.53.24]	Error: Invalid URI: The hostname could not be parsed.. Error in UpdateProduct. Product,41805
[2016.06.19_15.53.25]	Error: Invalid URI: The hostname could not be parsed.. Error in UpdateProduct. Product,41805
[2016.06.19_15.53.25]	Error: Invalid URI: The hostname could not be parsed.. Error in UpdateProduct. Product,41805
[2016.06.19_15.53.26]	Error: Invalid URI: The hostname could not be parsed.. Error in UpdateProduct. Product,41805
[2016.06.19_15.53.26]	Error: Invalid URI: The hostname could not be parsed.. Error in UpdateProduct. Product,41805
[2016.06.19_15.53.27]	Error: Invalid URI: The hostname could not be parsed.. Error in UpdateProduct. Product,41805
[2016.06.19_15.53.27]	Error: Invalid URI: The hostname could not be parsed.. Error in UpdateProduct. Product,41805
[2016.06.19_15.53.28]	Error: Invalid URI: The hostname could not be parsed.. Error in UpdateProduct. Product,41805
[2016.06.19_15.53.28]	Error: Invalid URI: The hostname could not be parsed.. Error in UpdateProduct. Product,41805
[2016.06.19_15.53.29]	Error: Invalid URI: The hostname could not be parsed.. Error in UpdateProduct. Product,41805
[2016.06.19_15.53.29]	Error: Invalid URI: The hostname could not be parsed.. Error in UpdateProduct. Product,41805
[2016.06.19_15.53.30]	Error: Invalid URI: The hostname could not be parsed.. Error in UpdateProduct. Product,41805
[2016.06.19_15.53.30]	Error: Invalid URI: The hostname could not be parsed.. Error in UpdateProduct. Product,41805
[2016.06.19_15.53.31]	Error: Invalid URI: The hostname could not be parsed.. Error in UpdateProduct. Product,41805
[2016.06.19_15.53.31]	Error: Invalid URI: The hostname could not be parsed.. Error in UpdateProduct. Product,41805
[2016.06.19_15.53.32]	Error: Invalid URI: The hostname could not be parsed.. Error in UpdateProduct. Product,41805
[2016.06.19_15.53.32]	Error: Invalid URI: The hostname could not be parsed.. Error in UpdateProduct. Product,41805
[2016.06.19_15.53.33]	Error: Invalid URI: The hostname could not be parsed.. Error in UpdateProduct. Product,41805
[2016.06.19_15.53.33]	Error: Invalid URI: The hostname could not be parsed.. Error in UpdateProduct. Product,41805
[2016.06.19_15.53.53]	Error: An unsecured or incorrectly secured fault was received from the other party. See the inner FaultException for the fault code and detail.. GetLatestProductnumberIndex.
[2016.06.19_15.54.17]	Error: An unsecured or incorrectly secured fault was received from the other party. See the inner FaultException for the fault code and detail.. GetLatestProductnumberIndex.
