[2016.01.03_13.42.01]	Error in CreateProduct. ProductName is null. Product Code: 000
[2016.01.03_13.42.01]	Error in CreateProduct. ProductName is null. Product Code: 2010
[2016.01.03_13.42.01]	Error in CreateProduct. ProductName is null. Product Code: 3025
[2016.01.03_13.42.01]	Error in CreateProduct. ProductName is null. Product Code: 31070
[2016.01.03_13.42.01]	Error in CreateProduct. ProductName is null. Product Code: 32897
[2016.01.03_13.42.01]	Error in CreateProduct. ProductName is null. Product Code: 35
[2016.01.03_13.42.01]	Error in CreateProduct. ProductName is null. Product Code: 38-15
[2016.01.03_13.42.01]	Error in CreateProduct. ProductName is null. Product Code: 383
[2016.01.03_13.42.01]	Error in CreateProduct. ProductName is null. Product Code: 3YH0007064
[2016.01.03_13.42.01]	Error in CreateProduct. ProductName is null. Product Code: 41794
[2016.01.03_13.42.01]	Error in CreateProduct. ProductName is null. Product Code: 41950
[2016.01.03_13.42.01]	Error in CreateProduct. ProductName is null. Product Code: 51519
[2016.01.03_13.42.01]	Error in CreateProduct. ProductName is null. Product Code: 53410
[2016.01.03_13.42.01]	Error in CreateProduct. ProductName is null. Product Code: 545N\
[2016.01.03_13.42.01]	Error in CreateProduct. ProductName is null. Product Code: 6213
[2016.01.03_13.42.01]	Error in CreateProduct. ProductName is null. Product Code: 759N
[2016.01.03_13.42.01]	Error in CreateProduct. ProductName is null. Product Code: 7601-28P3P
[2016.01.03_13.42.01]	Error in CreateProduct. ProductName is null. Product Code: 7602-10
[2016.01.03_13.42.01]	Error in CreateProduct. ProductName is null. Product Code: 7603-15P
[2016.01.03_13.42.01]	Error in CreateProduct. ProductName is null. Product Code: 8000
[2016.01.03_13.42.01]	Error in CreateProduct. ProductName is null. Product Code: 8001
[2016.01.03_13.42.01]	Error in CreateProduct. ProductName is null. Product Code: 800455
[2016.01.03_13.42.01]	Error in CreateProduct. ProductName is null. Product Code: 80128/
[2016.01.03_13.42.01]	Error in CreateProduct. ProductName is null. Product Code: 9020
[2016.01.03_13.42.01]	Error in CreateProduct. ProductName is null. Product Code: IV0191
[2016.01.03_13.42.01]	Error in CreateProduct. ProductName is null. Product Code: m-7601-11
[2016.01.03_13.42.01]	Error in CreateProduct. ProductName is null. Product Code: MI6
[2016.01.03_13.42.01]	Error in CreateProduct. ProductName is null. Product Code: N
[2016.01.03_13.42.01]	Error in CreateProduct. ProductName is null. Product Code: YC00009011
[2016.01.03_13.42.01]	Error in CreateProduct. ProductName is null. Product Code: YDM01037
[2016.01.03_13.42.01]	Error in CreateProduct. ProductName is null. Product Code: YH00070029
[2016.01.03_13.42.01]	Error in CreateProduct. ProductName is null. Product Code: YM007010O
[2016.01.03_13.42.01]	Error in CreateProduct. ProductName is null. Product Code: נבפ
