[2016.01.11_13.15.10]	Error in CreateProduct. ProductName is null. Product Code,000
[2016.01.11_13.17.39]	Error in CreateProduct. Leading Product,40250,product family,201,doesn't exist in CRM
[2016.01.11_13.17.39]	Error in CreateProduct. Leading Product,40250,product family,201,doesn't exist in CRM
[2016.01.11_13.17.39]	Error in CreateProduct. Leading Product,40250,product family,201,doesn't exist in CRM
[2016.01.11_13.17.39]	Error in CreateProduct. Leading Product,40250,product family,201,doesn't exist in CRM
[2016.01.11_13.17.40]	Error in CreateProduct. Leading Product,40250,product family,201,doesn't exist in CRM
[2016.01.11_13.17.40]	Error in CreateProduct. Leading Product,40250,product family,201,doesn't exist in CRM
[2016.01.11_13.17.40]	Error in CreateProduct. Leading Product,40250,product family,201,doesn't exist in CRM
[2016.01.11_13.17.40]	Error in CreateProduct. Leading Product,40250,product family,201,doesn't exist in CRM
[2016.01.11_13.17.40]	Error in CreateProduct. Leading Product,40250,product family,201,doesn't exist in CRM
[2016.01.11_13.17.41]	Error in CreateProduct. Leading Product,40250,product family,201,doesn't exist in CRM
[2016.01.11_13.17.41]	Error in CreateProduct. Leading Product,40250,product family,201,doesn't exist in CRM
[2016.01.11_13.17.41]	Error in CreateProduct. Leading Product,40250,product family,201,doesn't exist in CRM
[2016.01.11_13.17.41]	Error in CreateProduct. Leading Product,40250,product family,201,doesn't exist in CRM
[2016.01.11_13.17.41]	Error in CreateProduct. Leading Product,40250,product family,201,doesn't exist in CRM
[2016.01.11_13.17.42]	Error in CreateProduct. Leading Product,40250,product family,201,doesn't exist in CRM
[2016.01.11_13.17.42]	Error in CreateProduct. Leading Product,40250,product family,201,doesn't exist in CRM
[2016.01.11_13.17.42]	Error in CreateProduct. Leading Product,40250,product family,201,doesn't exist in CRM
[2016.01.11_13.17.42]	Error in CreateProduct. Leading Product,40250,product family,201,doesn't exist in CRM
[2016.01.11_13.17.42]	Error in CreateProduct. Leading Product,40250,product family,201,doesn't exist in CRM
[2016.01.11_13.17.43]	Error in CreateProduct. Leading Product,40250,product family,201,doesn't exist in CRM
[2016.01.11_13.17.43]	Error in CreateProduct. Leading Product,40250,product family,201,doesn't exist in CRM
[2016.01.11_13.17.43]	Error in CreateProduct. Leading Product,40250,product family,201,doesn't exist in CRM
[2016.01.11_13.17.43]	Error in CreateProduct. Leading Product,40250,product family,201,doesn't exist in CRM
[2016.01.11_13.17.43]	Error in CreateProduct. Leading Product,40250,product family,201,doesn't exist in CRM
[2016.01.11_13.17.44]	Error in CreateProduct. Leading Product,40250,product family,201,doesn't exist in CRM
[2016.01.11_13.17.44]	Error in CreateProduct. Leading Product,40250,product family,201,doesn't exist in CRM
[2016.01.11_13.17.44]	Error in CreateProduct. Leading Product,40250,product family,201,doesn't exist in CRM
[2016.01.11_13.17.44]	Error in CreateProduct. Leading Product,40250,product family,201,doesn't exist in CRM
[2016.01.11_13.17.44]	Error in CreateProduct. Leading Product,40250,product family,201,doesn't exist in CRM
[2016.01.11_13.17.45]	Error in CreateProduct. Leading Product,40250,product family,201,doesn't exist in CRM
[2016.01.11_13.17.45]	Error in CreateProduct. Leading Product,40250,product family,201,doesn't exist in CRM
[2016.01.11_13.17.45]	Error in CreateProduct. Leading Product,40250,product family,201,doesn't exist in CRM
[2016.01.11_13.17.45]	Error in CreateProduct. Leading Product,40250,product family,201,doesn't exist in CRM
[2016.01.11_13.17.45]	Error in CreateProduct. Leading Product,40250,product family,201,doesn't exist in CRM
[2016.01.11_13.17.46]	Error in CreateProduct. Leading Product,40250,product family,201,doesn't exist in CRM
[2016.01.11_13.17.46]	Error in CreateProduct. Leading Product,40250,product family,201,doesn't exist in CRM
[2016.01.11_13.17.46]	Error in CreateProduct. Leading Product,40250,product family,201,doesn't exist in CRM
[2016.01.11_13.17.46]	Error in CreateProduct. Leading Product,40250,product family,201,doesn't exist in CRM
[2016.01.11_13.17.46]	Error in CreateProduct. Leading Product,40250,product family,201,doesn't exist in CRM
[2016.01.11_13.17.47]	Error in CreateProduct. Leading Product,40250,product family,201,doesn't exist in CRM
[2016.01.11_13.17.47]	Error in CreateProduct. Leading Product,40250,product family,201,doesn't exist in CRM
[2016.01.11_13.17.47]	Error in CreateProduct. Leading Product,40250,product family,201,doesn't exist in CRM
[2016.01.11_13.17.47]	Error in CreateProduct. Leading Product,40250,product family,201,doesn't exist in CRM
[2016.01.11_13.17.47]	Error in CreateProduct. Leading Product,40250,product family,201,doesn't exist in CRM
[2016.01.11_13.17.48]	Error in CreateProduct. Leading Product,40250,product family,201,doesn't exist in CRM
[2016.01.11_13.17.48]	Error in CreateProduct. Leading Product,40250,product family,201,doesn't exist in CRM
[2016.01.11_13.17.48]	Error in CreateProduct. Leading Product,40250,product family,201,doesn't exist in CRM
[2016.01.11_13.17.48]	Error in CreateProduct. Leading Product,40250,product family,201,doesn't exist in CRM
[2016.01.11_13.17.48]	Error in CreateProduct. Leading Product,40250,product family,201,doesn't exist in CRM
[2016.01.11_13.17.48]	Error in CreateProduct. Leading Product,40250,product family,201,doesn't exist in CRM
[2016.01.11_13.17.49]	Error in CreateProduct. Leading Product,40250,product family,201,doesn't exist in CRM
[2016.01.11_13.17.49]	Error in CreateProduct. Leading Product,40250,product family,201,doesn't exist in CRM
[2016.01.11_13.17.49]	Error in CreateProduct. Leading Product,40250,product family,201,doesn't exist in CRM
[2016.01.11_13.17.49]	Error in CreateProduct. Leading Product,40250,product family,201,doesn't exist in CRM
[2016.01.11_13.17.49]	Error in CreateProduct. Leading Product,40250,product family,201,doesn't exist in CRM
[2016.01.11_13.17.50]	Error in CreateProduct. Leading Product,40250,product family,201,doesn't exist in CRM
[2016.01.11_13.17.50]	Error in CreateProduct. Leading Product,40250,product family,201,doesn't exist in CRM
[2016.01.11_13.17.50]	Error in CreateProduct. Leading Product,40250,product family,201,doesn't exist in CRM
[2016.01.11_13.17.50]	Error in CreateProduct. Leading Product,40250,product family,201,doesn't exist in CRM
[2016.01.11_13.17.50]	Error in CreateProduct. Leading Product,40250,product family,201,doesn't exist in CRM
[2016.01.11_13.17.51]	Error in CreateProduct. Leading Product,40250,product family,201,doesn't exist in CRM
[2016.01.11_13.17.51]	Error in CreateProduct. Leading Product,40250,product family,201,doesn't exist in CRM
[2016.01.11_13.21.42]	Error in CreateProduct. ProductName is null. Product Code,2010
[2016.01.11_13.23.38]	Error in CreateProduct. ProductName is null. Product Code,3025
[2016.01.11_13.23.41]	Error in CreateProduct. ProductName is null. Product Code,YC00009011
[2016.01.11_13.23.41]	Error in CreateProduct. ProductName is null. Product Code,YDM01037
[2016.01.11_13.23.43]	Error in CreateProduct. ProductName is null. Product Code,3YH0007064
[2016.01.11_13.25.32]	Error in CreateProduct. ProductName is null. Product Code,8001
[2016.01.11_13.25.32]	Error in CreateProduct. Leading Product,80012,product family,125,doesn't exist in CRM
[2016.01.11_13.25.32]	Error in CreateProduct. Leading Product,80012,product family,125,doesn't exist in CRM
[2016.01.11_13.25.32]	Error in CreateProduct. Leading Product,80012,product family,125,doesn't exist in CRM
[2016.01.11_13.25.33]	Error in CreateProduct. Leading Product,80012,product family,125,doesn't exist in CRM
[2016.01.11_13.25.33]	Error in CreateProduct. Leading Product,80012,product family,125,doesn't exist in CRM
[2016.01.11_13.25.33]	Error in CreateProduct. Leading Product,80012,product family,125,doesn't exist in CRM
[2016.01.11_13.25.33]	Error in CreateProduct. Leading Product,80012,product family,125,doesn't exist in CRM
[2016.01.11_13.25.33]	Error in CreateProduct. Leading Product,80012,product family,125,doesn't exist in CRM
[2016.01.11_13.25.34]	Error in CreateProduct. Leading Product,80012,product family,125,doesn't exist in CRM
[2016.01.11_13.25.34]	Error in CreateProduct. Leading Product,80012,product family,125,doesn't exist in CRM
[2016.01.11_13.25.34]	Error in CreateProduct. Leading Product,80012,product family,125,doesn't exist in CRM
[2016.01.11_13.25.34]	Error in CreateProduct. Leading Product,80012,product family,125,doesn't exist in CRM
[2016.01.11_13.25.34]	Error in CreateProduct. Leading Product,80012,product family,125,doesn't exist in CRM
[2016.01.11_13.25.35]	Error in CreateProduct. Leading Product,80012,product family,125,doesn't exist in CRM
[2016.01.11_13.25.35]	Error in CreateProduct. Leading Product,80012,product family,125,doesn't exist in CRM
[2016.01.11_13.25.35]	Error in CreateProduct. Leading Product,80012,product family,125,doesn't exist in CRM
[2016.01.11_13.25.35]	Error in CreateProduct. Leading Product,80012,product family,125,doesn't exist in CRM
[2016.01.11_13.25.35]	Error in CreateProduct. Leading Product,80012,product family,125,doesn't exist in CRM
[2016.01.11_13.25.36]	Error in CreateProduct. Leading Product,80012,product family,125,doesn't exist in CRM
[2016.01.11_13.25.36]	Error in CreateProduct. Leading Product,80012,product family,125,doesn't exist in CRM
[2016.01.11_13.25.36]	Error in CreateProduct. Leading Product,80012,product family,125,doesn't exist in CRM
[2016.01.11_13.25.36]	Error in CreateProduct. Leading Product,80012,product family,125,doesn't exist in CRM
[2016.01.11_13.25.36]	Error in CreateProduct. Leading Product,80012,product family,125,doesn't exist in CRM
[2016.01.11_13.25.37]	Error in CreateProduct. Leading Product,80012,product family,125,doesn't exist in CRM
[2016.01.11_13.26.03]	Error in CreateProduct. ProductName is null. Product Code,31070
[2016.01.11_13.26.03]	Error in CreateProduct. ProductName is null. Product Code,9020
[2016.01.11_13.26.03]	Error in CreateProduct. ProductName is null. Product Code,m-7601-11
[2016.01.11_13.26.03]	Error in CreateProduct. ProductName is null. Product Code,MI6
[2016.01.11_13.26.03]	Error in CreateProduct. ProductName is null. Product Code,N
[2016.01.11_13.26.03]	Error in CreateProduct. ProductName is null. Product Code,YH00070029
[2016.01.11_13.31.56]	Error in CreateProduct. ProductName is null. Product Code,32897
[2016.01.11_13.34.42]	Error in CreateProduct. ProductName is null. Product Code,38-15
[2016.01.11_13.34.42]	Error in CreateProduct. ProductName is null. Product Code,383
[2016.01.11_13.38.58]	Error in CreateProduct. ProductName is null. Product Code,41794
[2016.01.11_13.39.17]	Error in CreateProduct. ProductName is null. Product Code,41950
[2016.01.11_13.45.21]	Error in CreateProduct. ProductName is null. Product Code,51519
[2016.01.11_13.46.05]	Error in CreateProduct. Leading Product,80220,product family,183,doesn't exist in CRM
[2016.01.11_13.53.15]	Error in CreateProduct. Leading Product,72464,product family,115,doesn't exist in CRM
[2016.01.11_13.53.21]	Error in CreateProduct. ProductName is null. Product Code,53410
[2016.01.11_13.55.02]	Error in CreateProduct. Leading Product,52633,product family,201,doesn't exist in CRM
[2016.01.11_13.55.02]	Error in CreateProduct. Leading Product,52633,product family,201,doesn't exist in CRM
[2016.01.11_13.55.02]	Error in CreateProduct. Leading Product,52633,product family,201,doesn't exist in CRM
[2016.01.11_13.55.33]	Error in CreateProduct. ProductName is null. Product Code,545N\
[2016.01.11_13.55.33]	Error in CreateProduct. ProductName is null. Product Code,6213
[2016.01.11_14.01.47]	Error in CreateProduct. ProductName is null. Product Code,759N
[2016.01.11_14.02.27]	Error in CreateProduct. ProductName is null. Product Code,7601-28P3P
[2016.01.11_14.02.53]	Error in CreateProduct. ProductName is null. Product Code,7602-10
[2016.01.11_14.03.41]	Error in CreateProduct. ProductName is null. Product Code,7603-15P
[2016.01.11_14.05.59]	Error in CreateProduct. Leading Product,42570,product family,107,doesn't exist in CRM
[2016.01.11_14.05.59]	Error in CreateProduct. Leading Product,42570,product family,107,doesn't exist in CRM
[2016.01.11_14.05.59]	Error in CreateProduct. Leading Product,42570,product family,107,doesn't exist in CRM
[2016.01.11_14.05.59]	Error in CreateProduct. Leading Product,42570,product family,107,doesn't exist in CRM
[2016.01.11_14.06.00]	Error in CreateProduct. Leading Product,42570,product family,107,doesn't exist in CRM
[2016.01.11_14.06.00]	Error in CreateProduct. Leading Product,42570,product family,107,doesn't exist in CRM
[2016.01.11_14.06.00]	Error in CreateProduct. Leading Product,42570,product family,107,doesn't exist in CRM
[2016.01.11_14.06.10]	Error in CreateProduct. ProductName is null. Product Code,8000
[2016.01.11_14.06.49]	Error in CreateProduct. ProductName is null. Product Code,800455
[2016.01.11_14.06.56]	Error in CreateProduct. ProductName is null. Product Code,80128/
[2016.01.11_14.24.06]	Error in CreateProduct. ProductName is null. Product Code,IV0191
[2016.01.11_14.27.49]	Error in CreateProduct. ProductName is null. Product Code,35
[2016.01.11_14.38.20]	Error in CreateProduct. ProductName is null. Product Code,YM007010O
[2016.01.11_14.39.24]	Error in CreateProduct. ProductName is null. Product Code,נבפ
[2016.01.11_14.42.48]	Error in CreateProduct. Leading Product,53538,product family,מיגון ונוחות,doesn't exist in CRM.
[2016.01.11_14.42.48]	Error in CreateProduct. Leading Product,53538,product family,מיגון ונוחות,doesn't exist in CRM.
[2016.01.11_14.42.49]	Error in CreateProduct. Leading Product,53538,product family,מיגון ונוחות,doesn't exist in CRM.
[2016.01.11_14.42.50]	Error in CreateProduct. Leading Product,53538,product family,מיגון ונוחות,doesn't exist in CRM.
[2016.01.11_14.42.50]	Error in CreateProduct. Leading Product,53538,product family,מיגון ונוחות,doesn't exist in CRM.
[2016.01.11_14.42.51]	Error in CreateProduct. Leading Product,53538,product family,מיגון ונוחות,doesn't exist in CRM.
[2016.01.11_14.42.51]	Error in CreateProduct. Leading Product,53538,product family,מיגון ונוחות,doesn't exist in CRM.
[2016.01.11_14.42.52]	Error in CreateProduct. Leading Product,53538,product family,מיגון ונוחות,doesn't exist in CRM.
[2016.01.11_14.42.53]	Error in CreateProduct. Leading Product,53538,product family,מיגון ונוחות,doesn't exist in CRM.
[2016.01.11_14.42.53]	Error in CreateProduct. Leading Product,53538,product family,מיגון ונוחות,doesn't exist in CRM.
[2016.01.11_14.42.54]	Error in CreateProduct. Leading Product,53538,product family,מיגון ונוחות,doesn't exist in CRM.
[2016.01.11_14.42.55]	Error in CreateProduct. Leading Product,53538,product family,מיגון ונוחות,doesn't exist in CRM.
[2016.01.11_14.42.55]	Error in CreateProduct. Leading Product,53538,product family,מיגון ונוחות,doesn't exist in CRM.
[2016.01.11_14.42.56]	Error in CreateProduct. Leading Product,80540,product family,מובילי,doesn't exist in CRM.
[2016.01.11_14.42.57]	Error in CreateProduct. Leading Product,30-CS-J610X,product family,מולטימדיה,doesn't exist in CRM.
[2016.01.11_14.42.58]	Error in CreateProduct. Leading Product,30-CS-J610X,product family,מולטימדיה,doesn't exist in CRM.
[2016.01.11_14.42.58]	Error in CreateProduct. Leading Product,30-CS-J610X,product family,מולטימדיה,doesn't exist in CRM.
[2016.01.11_14.42.59]	Error in CreateProduct. Leading Product,30-CS-J610X,product family,מולטימדיה,doesn't exist in CRM.
[2016.01.11_14.43.00]	Error in CreateProduct. Leading Product,30-CS-J610X,product family,מולטימדיה,doesn't exist in CRM.
[2016.01.11_14.43.00]	Error in CreateProduct. Leading Product,30-CS-J610X,product family,מולטימדיה,doesn't exist in CRM.
[2016.01.11_14.43.01]	Error in CreateProduct. Leading Product,30-CS-J610X,product family,מולטימדיה,doesn't exist in CRM.
[2016.01.11_14.43.01]	Error in CreateProduct. Leading Product,30-CS-J610X,product family,מולטימדיה,doesn't exist in CRM.
[2016.01.11_14.43.02]	Error in CreateProduct. Leading Product,30-CS-J610X,product family,מולטימדיה,doesn't exist in CRM.
[2016.01.11_14.43.03]	Error in CreateProduct. Leading Product,30-CS-J610X,product family,מולטימדיה,doesn't exist in CRM.
[2016.01.11_14.43.03]	Error in CreateProduct. Leading Product,30-CS-J610X,product family,מולטימדיה,doesn't exist in CRM.
[2016.01.11_14.43.04]	Error in CreateProduct. Leading Product,30-CS-J610X,product family,מולטימדיה,doesn't exist in CRM.
[2016.01.11_14.43.05]	Error in CreateProduct. Leading Product,30-CS-J610X,product family,מולטימדיה,doesn't exist in CRM.
[2016.01.11_14.43.05]	Error in CreateProduct. Leading Product,30-CS-J610X,product family,מולטימדיה,doesn't exist in CRM.
[2016.01.11_14.43.06]	Error in CreateProduct. Leading Product,30-CS-J610X,product family,מולטימדיה,doesn't exist in CRM.
[2016.01.11_14.43.07]	Error in CreateProduct. Leading Product,30-CS-J610X,product family,מולטימדיה,doesn't exist in CRM.
[2016.01.11_14.43.07]	Error in CreateProduct. Leading Product,30-CS-J610X,product family,מולטימדיה,doesn't exist in CRM.
[2016.01.11_14.43.08]	Error in CreateProduct. Leading Product,30-CS-J610X,product family,מולטימדיה,doesn't exist in CRM.
[2016.01.11_14.43.09]	Error in CreateProduct. Leading Product,30-CS-J610X,product family,מולטימדיה,doesn't exist in CRM.
[2016.01.11_14.43.09]	Error in CreateProduct. Leading Product,30-CS-J610X,product family,מולטימדיה,doesn't exist in CRM.
[2016.01.11_14.43.10]	Error in CreateProduct. Leading Product,30-CS-J610X,product family,מולטימדיה,doesn't exist in CRM.
[2016.01.11_14.43.10]	Error in CreateProduct. Leading Product,30-CS-J610X,product family,מולטימדיה,doesn't exist in CRM.
[2016.01.11_14.43.11]	Error in CreateProduct. Leading Product,30-CS-J610X,product family,מולטימדיה,doesn't exist in CRM.
[2016.01.11_14.43.12]	Error in CreateProduct. Leading Product,30-CS-J610X,product family,מולטימדיה,doesn't exist in CRM.
[2016.01.11_14.43.12]	Error in CreateProduct. Leading Product,30-CS-J610X,product family,מולטימדיה,doesn't exist in CRM.
[2016.01.11_14.43.13]	Error in CreateProduct. Leading Product,30-CS-J610X,product family,מולטימדיה,doesn't exist in CRM.
[2016.01.11_14.43.14]	Error in CreateProduct. Leading Product,30-CS-J610X,product family,מולטימדיה,doesn't exist in CRM.
[2016.01.11_14.43.14]	Error in CreateProduct. Leading Product,30-CS-J610X,product family,מולטימדיה,doesn't exist in CRM.
[2016.01.11_14.43.15]	Error in CreateProduct. Leading Product,30-CS-J610X,product family,מולטימדיה,doesn't exist in CRM.
[2016.01.11_14.43.16]	Error in CreateProduct. Leading Product,30-CS-J610X,product family,מולטימדיה,doesn't exist in CRM.
[2016.01.11_14.43.16]	Error in CreateProduct. Leading Product,30-CS-J610X,product family,מולטימדיה,doesn't exist in CRM.
[2016.01.11_14.43.17]	Error in CreateProduct. Leading Product,30-CS-J610X,product family,מולטימדיה,doesn't exist in CRM.
[2016.01.11_14.43.17]	Error in CreateProduct. Leading Product,30-CS-J610X,product family,מולטימדיה,doesn't exist in CRM.
[2016.01.11_14.43.32]	Error in CreateProduct. Leading Product,78208,product family,מיגון ונוחות,doesn't exist in CRM.
[2016.01.11_14.43.33]	Error in CreateProduct. Leading Product,78235,product family,מיגון ונוחות,doesn't exist in CRM.
[2016.01.11_14.43.39]	Error in CreateProduct. Leading Product,52530,product family,מיגון ונוחות,doesn't exist in CRM.
[2016.01.11_14.43.45]	Error in CreateProduct. Leading Product,32948,product family,מולטימדיה,doesn't exist in CRM.
[2016.01.11_14.43.45]	Error in CreateProduct. Leading Product,32948,product family,מולטימדיה,doesn't exist in CRM.
[2016.01.11_14.43.46]	Error in CreateProduct. Leading Product,32948,product family,מולטימדיה,doesn't exist in CRM.
[2016.01.11_14.43.47]	Error in CreateProduct. Leading Product,32948,product family,מולטימדיה,doesn't exist in CRM.
[2016.01.11_14.43.47]	Error in CreateProduct. Leading Product,32948,product family,מולטימדיה,doesn't exist in CRM.
[2016.01.11_14.43.48]	Error in CreateProduct. Leading Product,32948,product family,מולטימדיה,doesn't exist in CRM.
[2016.01.11_14.43.49]	Error in CreateProduct. Leading Product,32948,product family,מולטימדיה,doesn't exist in CRM.
[2016.01.11_14.43.49]	Error in CreateProduct. Leading Product,32948,product family,מולטימדיה,doesn't exist in CRM.
[2016.01.11_14.43.50]	Error in CreateProduct. Leading Product,32948,product family,מולטימדיה,doesn't exist in CRM.
[2016.01.11_14.43.51]	Error in CreateProduct. Leading Product,32948,product family,מולטימדיה,doesn't exist in CRM.
[2016.01.11_14.43.51]	Error in CreateProduct. Leading Product,32948,product family,מולטימדיה,doesn't exist in CRM.
[2016.01.11_14.43.52]	Error in CreateProduct. Leading Product,32948,product family,מולטימדיה,doesn't exist in CRM.
[2016.01.11_14.43.52]	Error in CreateProduct. Leading Product,32948,product family,מולטימדיה,doesn't exist in CRM.
[2016.01.11_14.43.53]	Error in CreateProduct. Leading Product,32948,product family,מולטימדיה,doesn't exist in CRM.
[2016.01.11_14.43.54]	Error in CreateProduct. Leading Product,32948,product family,מולטימדיה,doesn't exist in CRM.
[2016.01.11_14.43.54]	Error in CreateProduct. Leading Product,32948,product family,מולטימדיה,doesn't exist in CRM.
[2016.01.11_14.43.55]	Error in CreateProduct. Leading Product,32948,product family,מולטימדיה,doesn't exist in CRM.
[2016.01.11_14.43.56]	Error in CreateProduct. Leading Product,32948,product family,מולטימדיה,doesn't exist in CRM.
[2016.01.11_14.43.56]	Error in CreateProduct. Leading Product,32948,product family,מולטימדיה,doesn't exist in CRM.
[2016.01.11_14.43.57]	Error in CreateProduct. Leading Product,32948,product family,מולטימדיה,doesn't exist in CRM.
[2016.01.11_14.43.57]	Error in CreateProduct. Leading Product,32948,product family,מולטימדיה,doesn't exist in CRM.
[2016.01.11_14.43.58]	Error in CreateProduct. Leading Product,32948,product family,מולטימדיה,doesn't exist in CRM.
[2016.01.11_14.43.59]	Error in CreateProduct. Leading Product,32948,product family,מולטימדיה,doesn't exist in CRM.
[2016.01.11_14.43.59]	Error in CreateProduct. Leading Product,32948,product family,מולטימדיה,doesn't exist in CRM.
[2016.01.11_14.44.00]	Error in CreateProduct. Leading Product,32948,product family,מולטימדיה,doesn't exist in CRM.
[2016.01.11_14.44.01]	Error in CreateProduct. Leading Product,32948,product family,מולטימדיה,doesn't exist in CRM.
[2016.01.11_14.44.01]	Error in CreateProduct. Leading Product,32948,product family,מולטימדיה,doesn't exist in CRM.
[2016.01.11_14.44.02]	Error in CreateProduct. Leading Product,32948,product family,מולטימדיה,doesn't exist in CRM.
[2016.01.11_14.44.02]	Error in CreateProduct. Leading Product,32948,product family,מולטימדיה,doesn't exist in CRM.
[2016.01.11_14.44.13]	Error in CreateProduct. Leading Product,52181,product family,מיגון ונוחות,doesn't exist in CRM.
[2016.01.11_14.44.14]	Error in CreateProduct. Leading Product,52181,product family,מיגון ונוחות,doesn't exist in CRM.
[2016.01.11_14.44.14]	Error: Entity Id must be specified for Update. Error in UpdateProductParent. ProductParent,573AP
[2016.01.11_14.44.17]	Error in CreateProduct. Leading Product,52521,product family,מיגון ונוחות,doesn't exist in CRM.
[2016.01.11_14.44.18]	Error in CreateProduct. Leading Product,52521,product family,מיגון ונוחות,doesn't exist in CRM.
[2016.01.11_14.44.19]	Error in CreateProduct. Leading Product,52521,product family,מיגון ונוחות,doesn't exist in CRM.
[2016.01.11_14.44.19]	Error in CreateProduct. Leading Product,52521,product family,מיגון ונוחות,doesn't exist in CRM.
[2016.01.11_14.44.20]	Error in CreateProduct. Leading Product,52521,product family,מיגון ונוחות,doesn't exist in CRM.
[2016.01.11_14.44.21]	Error in CreateProduct. Leading Product,52521,product family,מיגון ונוחות,doesn't exist in CRM.
[2016.01.11_14.44.21]	Error in CreateProduct. Leading Product,52521,product family,מיגון ונוחות,doesn't exist in CRM.
[2016.01.11_14.44.22]	Error in CreateProduct. Leading Product,52521,product family,מיגון ונוחות,doesn't exist in CRM.
[2016.01.11_14.44.23]	Error in CreateProduct. Leading Product,52521,product family,מיגון ונוחות,doesn't exist in CRM.
[2016.01.11_14.44.23]	Error in CreateProduct. Leading Product,52521,product family,מיגון ונוחות,doesn't exist in CRM.
[2016.01.11_14.44.24]	Error in CreateProduct. Leading Product,80007,product family,מיגון ונוחות,doesn't exist in CRM.
[2016.01.11_14.44.24]	Error in CreateProduct. Leading Product,80007,product family,מיגון ונוחות,doesn't exist in CRM.
[2016.01.11_14.44.25]	Error in CreateProduct. Leading Product,80007,product family,מיגון ונוחות,doesn't exist in CRM.
[2016.01.11_14.44.26]	Error in CreateProduct. Leading Product,80007,product family,מיגון ונוחות,doesn't exist in CRM.
[2016.01.11_14.44.26]	Error in CreateProduct. Leading Product,80018,product family,מיגון ונוחות,doesn't exist in CRM.
[2016.01.11_14.44.27]	Error in CreateProduct. Leading Product,80018,product family,מיגון ונוחות,doesn't exist in CRM.
[2016.01.11_14.44.28]	Error in CreateProduct. Leading Product,80018,product family,מיגון ונוחות,doesn't exist in CRM.
[2016.01.11_14.44.28]	Error in CreateProduct. Leading Product,80018,product family,מיגון ונוחות,doesn't exist in CRM.
[2016.01.11_14.44.29]	Error in CreateProduct. Leading Product,80018,product family,מיגון ונוחות,doesn't exist in CRM.
[2016.01.11_14.44.30]	Error in CreateProduct. Leading Product,80018,product family,מיגון ונוחות,doesn't exist in CRM.
[2016.01.11_14.44.30]	Error in CreateProduct. Leading Product,80018,product family,מיגון ונוחות,doesn't exist in CRM.
[2016.01.11_14.44.31]	Error in CreateProduct. Leading Product,80018,product family,מיגון ונוחות,doesn't exist in CRM.
[2016.01.11_14.44.32]	Error in CreateProduct. Leading Product,80018,product family,מיגון ונוחות,doesn't exist in CRM.
[2016.01.11_14.44.32]	Error in CreateProduct. Leading Product,80018,product family,מיגון ונוחות,doesn't exist in CRM.
[2016.01.11_14.44.36]	Error in CreateProduct. Leading Product,80030,product family,מולטימדיה,doesn't exist in CRM.
[2016.01.11_14.44.37]	Error in CreateProduct. Leading Product,80030,product family,מולטימדיה,doesn't exist in CRM.
[2016.01.11_14.44.37]	Error in CreateProduct. Leading Product,80030,product family,מולטימדיה,doesn't exist in CRM.
[2016.01.11_14.44.38]	Error in CreateProduct. Leading Product,80030,product family,מולטימדיה,doesn't exist in CRM.
[2016.01.11_14.44.39]	Error in CreateProduct. Leading Product,80030,product family,מולטימדיה,doesn't exist in CRM.
[2016.01.11_14.44.39]	Error in CreateProduct. Leading Product,80030,product family,מולטימדיה,doesn't exist in CRM.
[2016.01.11_14.44.40]	Error in CreateProduct. Leading Product,80030,product family,מולטימדיה,doesn't exist in CRM.
[2016.01.11_14.44.41]	Error in CreateProduct. Leading Product,80030,product family,מולטימדיה,doesn't exist in CRM.
[2016.01.11_14.44.41]	Error in CreateProduct. Leading Product,80030,product family,מולטימדיה,doesn't exist in CRM.
[2016.01.11_14.44.42]	Error in CreateProduct. Leading Product,80030,product family,מולטימדיה,doesn't exist in CRM.
[2016.01.11_14.44.43]	Error in CreateProduct. Leading Product,80030,product family,מולטימדיה,doesn't exist in CRM.
[2016.01.11_14.44.43]	Error in CreateProduct. Leading Product,80030,product family,מולטימדיה,doesn't exist in CRM.
[2016.01.11_14.44.44]	Error in CreateProduct. Leading Product,80030,product family,מולטימדיה,doesn't exist in CRM.
[2016.01.11_14.44.45]	Error in CreateProduct. Leading Product,80030,product family,מולטימדיה,doesn't exist in CRM.
[2016.01.11_14.44.46]	Error in CreateProduct. Leading Product,80030,product family,מולטימדיה,doesn't exist in CRM.
[2016.01.11_14.44.46]	Error in CreateProduct. Leading Product,80030,product family,מולטימדיה,doesn't exist in CRM.
[2016.01.11_14.44.47]	Error in CreateProduct. Leading Product,80030,product family,מולטימדיה,doesn't exist in CRM.
[2016.01.11_14.44.48]	Error in CreateProduct. Leading Product,80030,product family,מולטימדיה,doesn't exist in CRM.
[2016.01.11_14.44.48]	Error in CreateProduct. Leading Product,80030,product family,מולטימדיה,doesn't exist in CRM.
[2016.01.11_14.44.49]	Error in CreateProduct. Leading Product,80030,product family,מולטימדיה,doesn't exist in CRM.
[2016.01.11_14.44.49]	Error in CreateProduct. Leading Product,80030,product family,מולטימדיה,doesn't exist in CRM.
[2016.01.11_14.44.50]	Error in CreateProduct. Leading Product,80030,product family,מולטימדיה,doesn't exist in CRM.
[2016.01.11_14.44.51]	Error in CreateProduct. Leading Product,80030,product family,מולטימדיה,doesn't exist in CRM.
[2016.01.11_14.44.51]	Error in CreateProduct. Leading Product,80030,product family,מולטימדיה,doesn't exist in CRM.
[2016.01.11_14.44.52]	Error in CreateProduct. Leading Product,80030,product family,מולטימדיה,doesn't exist in CRM.
[2016.01.11_14.44.53]	Error in CreateProduct. Leading Product,80030,product family,מולטימדיה,doesn't exist in CRM.
[2016.01.11_14.44.53]	Error in CreateProduct. Leading Product,80030,product family,מולטימדיה,doesn't exist in CRM.
[2016.01.11_14.44.54]	Error in CreateProduct. Leading Product,80030,product family,מולטימדיה,doesn't exist in CRM.
[2016.01.11_14.44.55]	Error in CreateProduct. Leading Product,80030,product family,מולטימדיה,doesn't exist in CRM.
[2016.01.11_14.44.55]	Error in CreateProduct. Leading Product,80030,product family,מולטימדיה,doesn't exist in CRM.
[2016.01.11_14.44.56]	Error in CreateProduct. Leading Product,80030,product family,מולטימדיה,doesn't exist in CRM.
[2016.01.11_14.44.57]	Error in CreateProduct. Leading Product,80030,product family,מולטימדיה,doesn't exist in CRM.
[2016.01.11_14.44.57]	Error in CreateProduct. Leading Product,80030,product family,מולטימדיה,doesn't exist in CRM.
[2016.01.11_14.44.58]	Error in CreateProduct. Leading Product,80030,product family,מולטימדיה,doesn't exist in CRM.
[2016.01.11_14.44.58]	Error in CreateProduct. Leading Product,80030,product family,מולטימדיה,doesn't exist in CRM.
[2016.01.11_14.44.59]	Error in CreateProduct. Leading Product,80030,product family,מולטימדיה,doesn't exist in CRM.
[2016.01.11_14.45.00]	Error in CreateProduct. Leading Product,80030,product family,מולטימדיה,doesn't exist in CRM.
[2016.01.11_14.45.00]	Error in CreateProduct. Leading Product,80030,product family,מולטימדיה,doesn't exist in CRM.
[2016.01.11_14.45.01]	Error in CreateProduct. Leading Product,80030,product family,מולטימדיה,doesn't exist in CRM.
[2016.01.11_14.45.02]	Error in CreateProduct. Leading Product,80030,product family,מולטימדיה,doesn't exist in CRM.
[2016.01.11_14.45.02]	Error in CreateProduct. Leading Product,80030,product family,מולטימדיה,doesn't exist in CRM.
[2016.01.11_14.45.03]	Error in CreateProduct. Leading Product,80030,product family,מולטימדיה,doesn't exist in CRM.
[2016.01.11_14.45.04]	Error in CreateProduct. Leading Product,80030,product family,מולטימדיה,doesn't exist in CRM.
[2016.01.11_14.45.04]	Error in CreateProduct. Leading Product,80030,product family,מולטימדיה,doesn't exist in CRM.
[2016.01.11_14.45.05]	Error in CreateProduct. Leading Product,80030,product family,מולטימדיה,doesn't exist in CRM.
[2016.01.11_14.45.06]	Error in CreateProduct. Leading Product,80030,product family,מולטימדיה,doesn't exist in CRM.
[2016.01.11_14.45.06]	Error in CreateProduct. Leading Product,80030,product family,מולטימדיה,doesn't exist in CRM.
[2016.01.11_14.45.07]	Error in CreateProduct. Leading Product,80030,product family,מולטימדיה,doesn't exist in CRM.
[2016.01.11_14.45.08]	Error in CreateProduct. Leading Product,80030,product family,מולטימדיה,doesn't exist in CRM.
[2016.01.11_14.45.08]	Error in CreateProduct. Leading Product,80030,product family,מולטימדיה,doesn't exist in CRM.
[2016.01.11_14.45.09]	Error in CreateProduct. Leading Product,80030,product family,מולטימדיה,doesn't exist in CRM.
[2016.01.11_14.45.09]	Error in CreateProduct. Leading Product,80030,product family,מולטימדיה,doesn't exist in CRM.
[2016.01.11_14.45.10]	Error in CreateProduct. Leading Product,80030,product family,מולטימדיה,doesn't exist in CRM.
[2016.01.11_14.45.11]	Error in CreateProduct. Leading Product,80030,product family,מולטימדיה,doesn't exist in CRM.
[2016.01.11_14.45.11]	Error in CreateProduct. Leading Product,80030,product family,מולטימדיה,doesn't exist in CRM.
[2016.01.11_14.45.12]	Error in CreateProduct. Leading Product,80030,product family,מולטימדיה,doesn't exist in CRM.
[2016.01.11_14.45.13]	Error in CreateProduct. Leading Product,80030,product family,מולטימדיה,doesn't exist in CRM.
[2016.01.11_14.45.13]	Error in CreateProduct. Leading Product,80030,product family,מולטימדיה,doesn't exist in CRM.
[2016.01.11_14.45.14]	Error in CreateProduct. Leading Product,80030,product family,מולטימדיה,doesn't exist in CRM.
[2016.01.11_14.45.15]	Error in CreateProduct. Leading Product,80030,product family,מולטימדיה,doesn't exist in CRM.
[2016.01.11_14.45.15]	Error in CreateProduct. Leading Product,80030,product family,מולטימדיה,doesn't exist in CRM.
[2016.01.11_14.45.16]	Error in CreateProduct. Leading Product,80030,product family,מולטימדיה,doesn't exist in CRM.
[2016.01.11_14.45.16]	Error in CreateProduct. Leading Product,80030,product family,מולטימדיה,doesn't exist in CRM.
[2016.01.11_14.45.17]	Error in CreateProduct. Leading Product,80030,product family,מולטימדיה,doesn't exist in CRM.
[2016.01.11_14.45.18]	Error in CreateProduct. Leading Product,80030,product family,מולטימדיה,doesn't exist in CRM.
[2016.01.11_14.45.18]	Error in CreateProduct. Leading Product,80030,product family,מולטימדיה,doesn't exist in CRM.
[2016.01.11_14.45.19]	Error in CreateProduct. Leading Product,80030,product family,מולטימדיה,doesn't exist in CRM.
[2016.01.11_14.45.20]	Error in CreateProduct. Leading Product,80030,product family,מולטימדיה,doesn't exist in CRM.
[2016.01.11_14.45.20]	Error in CreateProduct. Leading Product,80030,product family,מולטימדיה,doesn't exist in CRM.
[2016.01.11_14.45.21]	Error in CreateProduct. Leading Product,80030,product family,מולטימדיה,doesn't exist in CRM.
[2016.01.11_14.45.22]	Error in CreateProduct. Leading Product,80030,product family,מולטימדיה,doesn't exist in CRM.
[2016.01.11_14.45.22]	Error in CreateProduct. Leading Product,80030,product family,מולטימדיה,doesn't exist in CRM.
[2016.01.11_14.45.23]	Error in CreateProduct. Leading Product,80030,product family,מולטימדיה,doesn't exist in CRM.
[2016.01.11_14.45.23]	Error in CreateProduct. Leading Product,80030,product family,מולטימדיה,doesn't exist in CRM.
[2016.01.11_14.45.24]	Error in CreateProduct. Leading Product,80030,product family,מולטימדיה,doesn't exist in CRM.
[2016.01.11_14.45.25]	Error in CreateProduct. Leading Product,80030,product family,מולטימדיה,doesn't exist in CRM.
[2016.01.11_14.45.25]	Error in CreateProduct. Leading Product,80030,product family,מולטימדיה,doesn't exist in CRM.
[2016.01.11_14.45.26]	Error in CreateProduct. Leading Product,80030,product family,מולטימדיה,doesn't exist in CRM.
[2016.01.11_14.45.27]	Error in CreateProduct. Leading Product,80030,product family,מולטימדיה,doesn't exist in CRM.
[2016.01.11_14.45.27]	Error in CreateProduct. Leading Product,80030,product family,מולטימדיה,doesn't exist in CRM.
[2016.01.11_14.45.28]	Error in CreateProduct. Leading Product,80030,product family,מולטימדיה,doesn't exist in CRM.
[2016.01.11_14.45.28]	Error in CreateProduct. Leading Product,80030,product family,מולטימדיה,doesn't exist in CRM.
[2016.01.11_14.45.29]	Error in CreateProduct. Leading Product,80030,product family,מולטימדיה,doesn't exist in CRM.
[2016.01.11_14.45.30]	Error in CreateProduct. Leading Product,80030,product family,מולטימדיה,doesn't exist in CRM.
[2016.01.11_14.45.30]	Error in CreateProduct. Leading Product,80030,product family,מולטימדיה,doesn't exist in CRM.
[2016.01.11_14.45.31]	Error in CreateProduct. Leading Product,80030,product family,מולטימדיה,doesn't exist in CRM.
[2016.01.11_14.45.32]	Error in CreateProduct. Leading Product,80030,product family,מולטימדיה,doesn't exist in CRM.
[2016.01.11_14.45.32]	Error in CreateProduct. Leading Product,80030,product family,מולטימדיה,doesn't exist in CRM.
[2016.01.11_14.45.33]	Error in CreateProduct. Leading Product,80030,product family,מולטימדיה,doesn't exist in CRM.
[2016.01.11_14.45.34]	Error in CreateProduct. Leading Product,80030,product family,מולטימדיה,doesn't exist in CRM.
[2016.01.11_14.45.34]	Error in CreateProduct. Leading Product,80030,product family,מולטימדיה,doesn't exist in CRM.
[2016.01.11_14.45.35]	Error in CreateProduct. Leading Product,80030,product family,מולטימדיה,doesn't exist in CRM.
[2016.01.11_14.45.36]	Error in CreateProduct. Leading Product,80030,product family,מולטימדיה,doesn't exist in CRM.
[2016.01.11_14.45.36]	Error in CreateProduct. Leading Product,80030,product family,מולטימדיה,doesn't exist in CRM.
[2016.01.11_14.45.37]	Error in CreateProduct. Leading Product,80030,product family,מולטימדיה,doesn't exist in CRM.
[2016.01.11_14.45.37]	Error in CreateProduct. Leading Product,80030,product family,מולטימדיה,doesn't exist in CRM.
[2016.01.11_14.45.38]	Error in CreateProduct. Leading Product,80030,product family,מולטימדיה,doesn't exist in CRM.
[2016.01.11_14.45.39]	Error in CreateProduct. Leading Product,80030,product family,מולטימדיה,doesn't exist in CRM.
[2016.01.11_14.45.40]	Error in CreateProduct. Leading Product,80030,product family,מולטימדיה,doesn't exist in CRM.
[2016.01.11_14.45.40]	Error in CreateProduct. Leading Product,80030,product family,מולטימדיה,doesn't exist in CRM.
[2016.01.11_14.45.41]	Error in CreateProduct. Leading Product,80030,product family,מולטימדיה,doesn't exist in CRM.
[2016.01.11_14.45.42]	Error in CreateProduct. Leading Product,80030,product family,מולטימדיה,doesn't exist in CRM.
[2016.01.11_14.45.42]	Error in CreateProduct. Leading Product,80030,product family,מולטימדיה,doesn't exist in CRM.
[2016.01.11_14.45.43]	Error in CreateProduct. Leading Product,80030,product family,מולטימדיה,doesn't exist in CRM.
[2016.01.11_14.45.44]	Error in CreateProduct. Leading Product,80030,product family,מולטימדיה,doesn't exist in CRM.
[2016.01.11_14.45.45]	Error in CreateProduct. Leading Product,80030,product family,מולטימדיה,doesn't exist in CRM.
[2016.01.11_14.45.46]	Error in CreateProduct. Leading Product,80030,product family,מולטימדיה,doesn't exist in CRM.
[2016.01.11_14.45.46]	Error in CreateProduct. Leading Product,80030,product family,מולטימדיה,doesn't exist in CRM.
[2016.01.11_14.45.47]	Error in CreateProduct. Leading Product,80030,product family,מולטימדיה,doesn't exist in CRM.
[2016.01.11_14.45.48]	Error in CreateProduct. Leading Product,80030,product family,מולטימדיה,doesn't exist in CRM.
[2016.01.11_14.45.49]	Error in CreateProduct. Leading Product,80030,product family,מולטימדיה,doesn't exist in CRM.
[2016.01.11_14.45.50]	Error in CreateProduct. Leading Product,80030,product family,מולטימדיה,doesn't exist in CRM.
[2016.01.11_14.45.50]	Error in CreateProduct. Leading Product,80030,product family,מולטימדיה,doesn't exist in CRM.
[2016.01.11_14.45.51]	Error in CreateProduct. Leading Product,80030,product family,מולטימדיה,doesn't exist in CRM.
[2016.01.11_14.45.52]	Error in CreateProduct. Leading Product,80030,product family,מולטימדיה,doesn't exist in CRM.
[2016.01.11_14.45.52]	Error in CreateProduct. Leading Product,80030,product family,מולטימדיה,doesn't exist in CRM.
[2016.01.11_14.45.53]	Error in CreateProduct. Leading Product,80030,product family,מולטימדיה,doesn't exist in CRM.
[2016.01.11_14.45.54]	Error in CreateProduct. Leading Product,80030,product family,מולטימדיה,doesn't exist in CRM.
[2016.01.11_14.45.55]	Error in CreateProduct. Leading Product,80030,product family,מולטימדיה,doesn't exist in CRM.
[2016.01.11_14.45.55]	Error in CreateProduct. Leading Product,80030,product family,מולטימדיה,doesn't exist in CRM.
[2016.01.11_14.45.56]	Error in CreateProduct. Leading Product,80030,product family,מולטימדיה,doesn't exist in CRM.
[2016.01.11_14.45.57]	Error in CreateProduct. Leading Product,80030,product family,מולטימדיה,doesn't exist in CRM.
[2016.01.11_14.45.58]	Error in CreateProduct. Leading Product,80030,product family,מולטימדיה,doesn't exist in CRM.
[2016.01.11_14.45.59]	Error in CreateProduct. Leading Product,80030,product family,מולטימדיה,doesn't exist in CRM.
[2016.01.11_14.46.00]	Error in CreateProduct. Leading Product,80030,product family,מולטימדיה,doesn't exist in CRM.
[2016.01.11_14.46.00]	Error in CreateProduct. Leading Product,80030,product family,מולטימדיה,doesn't exist in CRM.
[2016.01.11_14.46.01]	Error in CreateProduct. Leading Product,80030,product family,מולטימדיה,doesn't exist in CRM.
[2016.01.11_14.46.02]	Error in CreateProduct. Leading Product,80030,product family,מולטימדיה,doesn't exist in CRM.
[2016.01.11_14.46.03]	Error in CreateProduct. Leading Product,80030,product family,מולטימדיה,doesn't exist in CRM.
[2016.01.11_14.46.04]	Error in CreateProduct. Leading Product,80030,product family,מולטימדיה,doesn't exist in CRM.
[2016.01.11_14.46.04]	Error in CreateProduct. Leading Product,80030,product family,מולטימדיה,doesn't exist in CRM.
[2016.01.11_14.46.05]	Error in CreateProduct. Leading Product,80030,product family,מולטימדיה,doesn't exist in CRM.
[2016.01.11_14.46.06]	Error in CreateProduct. Leading Product,80030,product family,מולטימדיה,doesn't exist in CRM.
[2016.01.11_14.46.06]	Error in CreateProduct. Leading Product,80030,product family,מולטימדיה,doesn't exist in CRM.
[2016.01.11_14.46.07]	Error in CreateProduct. Leading Product,80030,product family,מולטימדיה,doesn't exist in CRM.
[2016.01.11_14.46.08]	Error in CreateProduct. Leading Product,80030,product family,מולטימדיה,doesn't exist in CRM.
[2016.01.11_14.46.09]	Error in CreateProduct. Leading Product,80030,product family,מולטימדיה,doesn't exist in CRM.
[2016.01.11_14.46.10]	Error in CreateProduct. Leading Product,80030,product family,מולטימדיה,doesn't exist in CRM.
[2016.01.11_14.46.10]	Error in CreateProduct. Leading Product,80030,product family,מולטימדיה,doesn't exist in CRM.
[2016.01.11_14.46.11]	Error in CreateProduct. Leading Product,80030,product family,מולטימדיה,doesn't exist in CRM.
[2016.01.11_14.46.11]	Error in CreateProduct. Leading Product,80030,product family,מולטימדיה,doesn't exist in CRM.
[2016.01.11_14.46.12]	Error in CreateProduct. Leading Product,80030,product family,מולטימדיה,doesn't exist in CRM.
[2016.01.11_14.46.13]	Error in CreateProduct. Leading Product,80030,product family,מולטימדיה,doesn't exist in CRM.
[2016.01.11_14.46.14]	Error in CreateProduct. Leading Product,80030,product family,מולטימדיה,doesn't exist in CRM.
[2016.01.11_14.46.15]	Error in CreateProduct. Leading Product,80030,product family,מולטימדיה,doesn't exist in CRM.
[2016.01.11_14.46.15]	Error in CreateProduct. Leading Product,80030,product family,מולטימדיה,doesn't exist in CRM.
[2016.01.11_14.46.16]	Error in CreateProduct. Leading Product,80030,product family,מולטימדיה,doesn't exist in CRM.
[2016.01.11_14.46.17]	Error in CreateProduct. Leading Product,80030,product family,מולטימדיה,doesn't exist in CRM.
[2016.01.11_14.46.17]	Error in CreateProduct. Leading Product,80030,product family,מולטימדיה,doesn't exist in CRM.
[2016.01.11_14.46.18]	Error in CreateProduct. Leading Product,80030,product family,מולטימדיה,doesn't exist in CRM.
[2016.01.11_14.46.19]	Error in CreateProduct. Leading Product,80030,product family,מולטימדיה,doesn't exist in CRM.
[2016.01.11_14.46.20]	Error in CreateProduct. Leading Product,80030,product family,מולטימדיה,doesn't exist in CRM.
[2016.01.11_14.46.21]	Error in CreateProduct. Leading Product,80030,product family,מולטימדיה,doesn't exist in CRM.
[2016.01.11_14.46.21]	Error in CreateProduct. Leading Product,80030,product family,מולטימדיה,doesn't exist in CRM.
[2016.01.11_14.46.22]	Error in CreateProduct. Leading Product,80030,product family,מולטימדיה,doesn't exist in CRM.
[2016.01.11_14.46.23]	Error in CreateProduct. Leading Product,80030,product family,מולטימדיה,doesn't exist in CRM.
[2016.01.11_14.46.23]	Error in CreateProduct. Leading Product,80030,product family,מולטימדיה,doesn't exist in CRM.
[2016.01.11_14.46.24]	Error in CreateProduct. Leading Product,80030,product family,מולטימדיה,doesn't exist in CRM.
[2016.01.11_14.46.25]	Error in CreateProduct. Leading Product,80030,product family,מולטימדיה,doesn't exist in CRM.
[2016.01.11_14.46.25]	Error in CreateProduct. Leading Product,80030,product family,מולטימדיה,doesn't exist in CRM.
[2016.01.11_14.46.26]	Error in CreateProduct. Leading Product,80030,product family,מולטימדיה,doesn't exist in CRM.
[2016.01.11_14.46.27]	Error in CreateProduct. Leading Product,80030,product family,מולטימדיה,doesn't exist in CRM.
[2016.01.11_14.46.27]	Error in CreateProduct. Leading Product,80030,product family,מולטימדיה,doesn't exist in CRM.
[2016.01.11_14.46.28]	Error in CreateProduct. Leading Product,80030,product family,מולטימדיה,doesn't exist in CRM.
[2016.01.11_14.46.29]	Error in CreateProduct. Leading Product,80030,product family,מולטימדיה,doesn't exist in CRM.
[2016.01.11_14.46.29]	Error in CreateProduct. Leading Product,80030,product family,מולטימדיה,doesn't exist in CRM.
[2016.01.11_14.46.30]	Error in CreateProduct. Leading Product,80030,product family,מולטימדיה,doesn't exist in CRM.
[2016.01.11_14.46.37]	Error in CreateProduct. Leading Product,80030,product family,מולטימדיה,doesn't exist in CRM.
[2016.01.11_14.46.37]	Error in CreateProduct. Leading Product,80030,product family,מולטימדיה,doesn't exist in CRM.
[2016.01.11_14.46.38]	Error in CreateProduct. Leading Product,80030,product family,מולטימדיה,doesn't exist in CRM.
[2016.01.11_14.46.38]	Error in CreateProduct. Leading Product,80030,product family,מולטימדיה,doesn't exist in CRM.
[2016.01.11_14.46.39]	Error in CreateProduct. Leading Product,80030,product family,מולטימדיה,doesn't exist in CRM.
[2016.01.11_14.46.40]	Error in CreateProduct. Leading Product,80030,product family,מולטימדיה,doesn't exist in CRM.
[2016.01.11_14.46.40]	Error in CreateProduct. Leading Product,80030,product family,מולטימדיה,doesn't exist in CRM.
[2016.01.11_14.46.41]	Error in CreateProduct. Leading Product,80030,product family,מולטימדיה,doesn't exist in CRM.
[2016.01.11_14.46.42]	Error in CreateProduct. Leading Product,80030,product family,מולטימדיה,doesn't exist in CRM.
[2016.01.11_14.46.43]	Error in CreateProduct. Leading Product,80030,product family,מולטימדיה,doesn't exist in CRM.
[2016.01.11_14.46.43]	Error in CreateProduct. Leading Product,80030,product family,מולטימדיה,doesn't exist in CRM.
[2016.01.11_14.46.44]	Error in CreateProduct. Leading Product,80030,product family,מולטימדיה,doesn't exist in CRM.
[2016.01.11_14.46.45]	Error in CreateProduct. Leading Product,80030,product family,מולטימדיה,doesn't exist in CRM.
[2016.01.11_14.46.45]	Error in CreateProduct. Leading Product,80030,product family,מולטימדיה,doesn't exist in CRM.
[2016.01.11_14.46.46]	Error in CreateProduct. Leading Product,80030,product family,מולטימדיה,doesn't exist in CRM.
[2016.01.11_14.46.47]	Error in CreateProduct. Leading Product,80030,product family,מולטימדיה,doesn't exist in CRM.
[2016.01.11_14.46.47]	Error in CreateProduct. Leading Product,80030,product family,מולטימדיה,doesn't exist in CRM.
[2016.01.11_14.46.48]	Error in CreateProduct. Leading Product,80030,product family,מולטימדיה,doesn't exist in CRM.
[2016.01.11_14.46.49]	Error in CreateProduct. Leading Product,80030,product family,מולטימדיה,doesn't exist in CRM.
[2016.01.11_14.46.49]	Error in CreateProduct. Leading Product,80030,product family,מולטימדיה,doesn't exist in CRM.
[2016.01.11_14.46.50]	Error in CreateProduct. Leading Product,80030,product family,מולטימדיה,doesn't exist in CRM.
[2016.01.11_14.46.50]	Error in CreateProduct. Leading Product,80030,product family,מולטימדיה,doesn't exist in CRM.
[2016.01.11_14.46.51]	Error in CreateProduct. Leading Product,80030,product family,מולטימדיה,doesn't exist in CRM.
[2016.01.11_14.46.52]	Error in CreateProduct. Leading Product,80030,product family,מולטימדיה,doesn't exist in CRM.
[2016.01.11_14.46.52]	Error in CreateProduct. Leading Product,80030,product family,מולטימדיה,doesn't exist in CRM.
[2016.01.11_14.46.53]	Error in CreateProduct. Leading Product,80030,product family,מולטימדיה,doesn't exist in CRM.
[2016.01.11_14.46.54]	Error in CreateProduct. Leading Product,80030,product family,מולטימדיה,doesn't exist in CRM.
[2016.01.11_14.46.54]	Error in CreateProduct. Leading Product,80030,product family,מולטימדיה,doesn't exist in CRM.
[2016.01.11_14.46.55]	Error in CreateProduct. Leading Product,80030,product family,מולטימדיה,doesn't exist in CRM.
[2016.01.11_14.46.56]	Error in CreateProduct. Leading Product,80030,product family,מולטימדיה,doesn't exist in CRM.
[2016.01.11_14.46.56]	Error in CreateProduct. Leading Product,80030,product family,מולטימדיה,doesn't exist in CRM.
[2016.01.11_14.46.57]	Error in CreateProduct. Leading Product,80030,product family,מולטימדיה,doesn't exist in CRM.
[2016.01.11_14.46.58]	Error in CreateProduct. Leading Product,80030,product family,מולטימדיה,doesn't exist in CRM.
[2016.01.11_14.46.58]	Error in CreateProduct. Leading Product,80030,product family,מולטימדיה,doesn't exist in CRM.
[2016.01.11_14.46.59]	Error in CreateProduct. Leading Product,80030,product family,מולטימדיה,doesn't exist in CRM.
[2016.01.11_14.46.59]	Error in CreateProduct. Leading Product,80030,product family,מולטימדיה,doesn't exist in CRM.
[2016.01.11_14.47.00]	Error in CreateProduct. Leading Product,80030,product family,מולטימדיה,doesn't exist in CRM.
[2016.01.11_14.47.01]	Error in CreateProduct. Leading Product,80030,product family,מולטימדיה,doesn't exist in CRM.
[2016.01.11_14.47.01]	Error in CreateProduct. Leading Product,80030,product family,מולטימדיה,doesn't exist in CRM.
[2016.01.11_14.47.02]	Error in CreateProduct. Leading Product,80030,product family,מולטימדיה,doesn't exist in CRM.
[2016.01.11_14.47.03]	Error in CreateProduct. Leading Product,80030,product family,מולטימדיה,doesn't exist in CRM.
[2016.01.11_14.47.03]	Error in CreateProduct. Leading Product,80030,product family,מולטימדיה,doesn't exist in CRM.
[2016.01.11_14.47.04]	Error in CreateProduct. Leading Product,80030,product family,מולטימדיה,doesn't exist in CRM.
[2016.01.11_14.47.05]	Error in CreateProduct. Leading Product,80030,product family,מולטימדיה,doesn't exist in CRM.
[2016.01.11_14.47.05]	Error in CreateProduct. Leading Product,80030,product family,מולטימדיה,doesn't exist in CRM.
[2016.01.11_14.47.05]	Error: Entity Id must be specified for Update. Error in UpdateProductParent. ProductParent,NNL-CSU
[2016.01.11_15.55.12]	Error in CreateProduct. ProductName is null. Product Code,000
[2016.01.11_15.55.12]	Error in CreateProduct. Leading Product,40250,product family,201,doesn't exist in CRM
[2016.01.11_15.55.12]	Error in CreateProduct. Leading Product,40250,product family,201,doesn't exist in CRM
[2016.01.11_15.55.12]	Error in CreateProduct. Leading Product,40250,product family,201,doesn't exist in CRM
[2016.01.11_15.55.13]	Error in CreateProduct. Leading Product,40250,product family,201,doesn't exist in CRM
[2016.01.11_15.55.13]	Error in CreateProduct. Leading Product,40250,product family,201,doesn't exist in CRM
[2016.01.11_15.55.13]	Error in CreateProduct. Leading Product,40250,product family,201,doesn't exist in CRM
[2016.01.11_15.55.13]	Error in CreateProduct. Leading Product,40250,product family,201,doesn't exist in CRM
[2016.01.11_15.55.13]	Error in CreateProduct. Leading Product,40250,product family,201,doesn't exist in CRM
[2016.01.11_15.55.13]	Error in CreateProduct. Leading Product,40250,product family,201,doesn't exist in CRM
[2016.01.11_15.55.14]	Error in CreateProduct. Leading Product,40250,product family,201,doesn't exist in CRM
[2016.01.11_15.55.14]	Error in CreateProduct. Leading Product,40250,product family,201,doesn't exist in CRM
[2016.01.11_15.55.14]	Error in CreateProduct. Leading Product,40250,product family,201,doesn't exist in CRM
[2016.01.11_15.55.14]	Error in CreateProduct. Leading Product,40250,product family,201,doesn't exist in CRM
[2016.01.11_15.55.14]	Error in CreateProduct. Leading Product,40250,product family,201,doesn't exist in CRM
[2016.01.11_15.55.15]	Error in CreateProduct. Leading Product,40250,product family,201,doesn't exist in CRM
[2016.01.11_15.55.15]	Error in CreateProduct. Leading Product,40250,product family,201,doesn't exist in CRM
[2016.01.11_15.55.15]	Error in CreateProduct. Leading Product,40250,product family,201,doesn't exist in CRM
[2016.01.11_15.55.15]	Error in CreateProduct. Leading Product,40250,product family,201,doesn't exist in CRM
[2016.01.11_15.55.15]	Error in CreateProduct. Leading Product,40250,product family,201,doesn't exist in CRM
[2016.01.11_15.55.15]	Error in CreateProduct. Leading Product,40250,product family,201,doesn't exist in CRM
[2016.01.11_15.55.16]	Error in CreateProduct. Leading Product,40250,product family,201,doesn't exist in CRM
[2016.01.11_15.55.16]	Error in CreateProduct. Leading Product,40250,product family,201,doesn't exist in CRM
[2016.01.11_15.55.16]	Error in CreateProduct. Leading Product,40250,product family,201,doesn't exist in CRM
[2016.01.11_15.55.16]	Error in CreateProduct. Leading Product,40250,product family,201,doesn't exist in CRM
[2016.01.11_15.55.16]	Error in CreateProduct. Leading Product,40250,product family,201,doesn't exist in CRM
[2016.01.11_15.55.17]	Error in CreateProduct. Leading Product,40250,product family,201,doesn't exist in CRM
[2016.01.11_15.55.17]	Error in CreateProduct. Leading Product,40250,product family,201,doesn't exist in CRM
[2016.01.11_15.55.17]	Error in CreateProduct. Leading Product,40250,product family,201,doesn't exist in CRM
[2016.01.11_15.55.17]	Error in CreateProduct. Leading Product,40250,product family,201,doesn't exist in CRM
[2016.01.11_15.55.17]	Error in CreateProduct. Leading Product,40250,product family,201,doesn't exist in CRM
[2016.01.11_15.55.17]	Error in CreateProduct. Leading Product,40250,product family,201,doesn't exist in CRM
[2016.01.11_15.55.18]	Error in CreateProduct. Leading Product,40250,product family,201,doesn't exist in CRM
[2016.01.11_15.55.18]	Error in CreateProduct. Leading Product,40250,product family,201,doesn't exist in CRM
[2016.01.11_15.55.18]	Error in CreateProduct. Leading Product,40250,product family,201,doesn't exist in CRM
[2016.01.11_15.55.18]	Error in CreateProduct. Leading Product,40250,product family,201,doesn't exist in CRM
[2016.01.11_15.55.18]	Error in CreateProduct. Leading Product,40250,product family,201,doesn't exist in CRM
[2016.01.11_15.55.19]	Error in CreateProduct. Leading Product,40250,product family,201,doesn't exist in CRM
[2016.01.11_15.55.19]	Error in CreateProduct. Leading Product,40250,product family,201,doesn't exist in CRM
[2016.01.11_15.55.19]	Error in CreateProduct. Leading Product,40250,product family,201,doesn't exist in CRM
[2016.01.11_15.55.19]	Error in CreateProduct. Leading Product,40250,product family,201,doesn't exist in CRM
[2016.01.11_15.55.19]	Error in CreateProduct. Leading Product,40250,product family,201,doesn't exist in CRM
[2016.01.11_15.55.20]	Error in CreateProduct. Leading Product,40250,product family,201,doesn't exist in CRM
[2016.01.11_15.55.20]	Error in CreateProduct. Leading Product,40250,product family,201,doesn't exist in CRM
[2016.01.11_15.55.20]	Error in CreateProduct. Leading Product,40250,product family,201,doesn't exist in CRM
[2016.01.11_15.55.20]	Error in CreateProduct. Leading Product,40250,product family,201,doesn't exist in CRM
[2016.01.11_15.55.20]	Error in CreateProduct. Leading Product,40250,product family,201,doesn't exist in CRM
[2016.01.11_15.55.20]	Error in CreateProduct. Leading Product,40250,product family,201,doesn't exist in CRM
[2016.01.11_15.55.21]	Error in CreateProduct. Leading Product,40250,product family,201,doesn't exist in CRM
[2016.01.11_15.55.21]	Error in CreateProduct. Leading Product,40250,product family,201,doesn't exist in CRM
[2016.01.11_15.55.21]	Error in CreateProduct. Leading Product,40250,product family,201,doesn't exist in CRM
[2016.01.11_15.55.21]	Error in CreateProduct. Leading Product,40250,product family,201,doesn't exist in CRM
[2016.01.11_15.55.21]	Error in CreateProduct. Leading Product,40250,product family,201,doesn't exist in CRM
[2016.01.11_15.55.22]	Error in CreateProduct. Leading Product,40250,product family,201,doesn't exist in CRM
[2016.01.11_15.55.22]	Error in CreateProduct. Leading Product,40250,product family,201,doesn't exist in CRM
[2016.01.11_15.55.22]	Error in CreateProduct. Leading Product,40250,product family,201,doesn't exist in CRM
[2016.01.11_15.55.22]	Error in CreateProduct. Leading Product,40250,product family,201,doesn't exist in CRM
[2016.01.11_15.55.22]	Error in CreateProduct. Leading Product,40250,product family,201,doesn't exist in CRM
[2016.01.11_15.55.22]	Error in CreateProduct. Leading Product,40250,product family,201,doesn't exist in CRM
[2016.01.11_15.55.23]	Error in CreateProduct. Leading Product,40250,product family,201,doesn't exist in CRM
[2016.01.11_15.55.23]	Error in CreateProduct. Leading Product,40250,product family,201,doesn't exist in CRM
[2016.01.11_15.55.23]	Error in CreateProduct. Leading Product,40250,product family,201,doesn't exist in CRM
[2016.01.11_15.55.23]	Error in CreateProduct. Leading Product,40250,product family,201,doesn't exist in CRM
[2016.01.11_15.55.23]	Error in CreateProduct. ProductName is null. Product Code,2010
[2016.01.11_15.55.23]	Error in CreateProduct. ProductName is null. Product Code,3025
[2016.01.11_15.55.23]	Error in CreateProduct. ProductName is null. Product Code,YC00009011
[2016.01.11_15.55.23]	Error in CreateProduct. ProductName is null. Product Code,YDM01037
[2016.01.11_15.55.23]	Error in CreateProduct. ProductName is null. Product Code,3YH0007064
[2016.01.11_15.55.23]	Error in CreateProduct. ProductName is null. Product Code,8001
[2016.01.11_15.55.24]	Error in CreateProduct. Leading Product,80012,product family,125,doesn't exist in CRM
[2016.01.11_15.55.24]	Error in CreateProduct. Leading Product,80012,product family,125,doesn't exist in CRM
[2016.01.11_15.55.24]	Error in CreateProduct. Leading Product,80012,product family,125,doesn't exist in CRM
[2016.01.11_15.55.24]	Error in CreateProduct. Leading Product,80012,product family,125,doesn't exist in CRM
[2016.01.11_15.55.24]	Error in CreateProduct. Leading Product,80012,product family,125,doesn't exist in CRM
[2016.01.11_15.55.25]	Error in CreateProduct. Leading Product,80012,product family,125,doesn't exist in CRM
[2016.01.11_15.55.25]	Error in CreateProduct. Leading Product,80012,product family,125,doesn't exist in CRM
[2016.01.11_15.55.25]	Error in CreateProduct. Leading Product,80012,product family,125,doesn't exist in CRM
[2016.01.11_15.55.25]	Error in CreateProduct. Leading Product,80012,product family,125,doesn't exist in CRM
[2016.01.11_15.55.25]	Error in CreateProduct. Leading Product,80012,product family,125,doesn't exist in CRM
[2016.01.11_15.55.25]	Error in CreateProduct. Leading Product,80012,product family,125,doesn't exist in CRM
[2016.01.11_15.55.26]	Error in CreateProduct. Leading Product,80012,product family,125,doesn't exist in CRM
[2016.01.11_15.55.26]	Error in CreateProduct. Leading Product,80012,product family,125,doesn't exist in CRM
[2016.01.11_15.55.26]	Error in CreateProduct. Leading Product,80012,product family,125,doesn't exist in CRM
[2016.01.11_15.55.26]	Error in CreateProduct. Leading Product,80012,product family,125,doesn't exist in CRM
[2016.01.11_15.55.26]	Error in CreateProduct. Leading Product,80012,product family,125,doesn't exist in CRM
[2016.01.11_15.55.27]	Error in CreateProduct. Leading Product,80012,product family,125,doesn't exist in CRM
[2016.01.11_15.55.27]	Error in CreateProduct. Leading Product,80012,product family,125,doesn't exist in CRM
[2016.01.11_15.55.27]	Error in CreateProduct. Leading Product,80012,product family,125,doesn't exist in CRM
[2016.01.11_15.55.27]	Error in CreateProduct. Leading Product,80012,product family,125,doesn't exist in CRM
[2016.01.11_15.55.27]	Error in CreateProduct. Leading Product,80012,product family,125,doesn't exist in CRM
[2016.01.11_15.55.28]	Error in CreateProduct. Leading Product,80012,product family,125,doesn't exist in CRM
[2016.01.11_15.55.28]	Error in CreateProduct. Leading Product,80012,product family,125,doesn't exist in CRM
[2016.01.11_15.55.28]	Error in CreateProduct. Leading Product,80012,product family,125,doesn't exist in CRM
[2016.01.11_15.55.28]	Error in CreateProduct. ProductName is null. Product Code,31070
[2016.01.11_15.55.28]	Error in CreateProduct. ProductName is null. Product Code,9020
[2016.01.11_15.55.28]	Error in CreateProduct. ProductName is null. Product Code,m-7601-11
[2016.01.11_15.55.28]	Error in CreateProduct. ProductName is null. Product Code,MI6
[2016.01.11_15.55.28]	Error in CreateProduct. ProductName is null. Product Code,N
[2016.01.11_15.55.28]	Error in CreateProduct. ProductName is null. Product Code,YH00070029
[2016.01.11_15.55.28]	Error in CreateProduct. ProductName is null. Product Code,32897
[2016.01.11_15.55.28]	Error in CreateProduct. ProductName is null. Product Code,38-15
[2016.01.11_15.55.28]	Error in CreateProduct. ProductName is null. Product Code,383
[2016.01.11_15.55.28]	Error in CreateProduct. ProductName is null. Product Code,41794
[2016.01.11_15.55.28]	Error in CreateProduct. ProductName is null. Product Code,41950
[2016.01.11_15.55.28]	Error in CreateProduct. ProductName is null. Product Code,51519
[2016.01.11_15.55.28]	Error in CreateProduct. Leading Product,80220,product family,183,doesn't exist in CRM
[2016.01.11_15.55.28]	Error in CreateProduct. Leading Product,80220,product family,183,doesn't exist in CRM
[2016.01.11_15.55.28]	Error in CreateProduct. Leading Product,72464,product family,115,doesn't exist in CRM
[2016.01.11_15.55.28]	Error in CreateProduct. ProductName is null. Product Code,53410
[2016.01.11_15.55.29]	Error in CreateProduct. Leading Product,52633,product family,201,doesn't exist in CRM
[2016.01.11_15.55.29]	Error in CreateProduct. Leading Product,52633,product family,201,doesn't exist in CRM
[2016.01.11_15.55.29]	Error in CreateProduct. Leading Product,52633,product family,201,doesn't exist in CRM
[2016.01.11_15.55.29]	Error in CreateProduct. ProductName is null. Product Code,545N\
[2016.01.11_15.55.29]	Error in CreateProduct. ProductName is null. Product Code,6213
[2016.01.11_15.55.29]	Error in CreateProduct. ProductName is null. Product Code,759N
[2016.01.11_15.55.29]	Error in CreateProduct. ProductName is null. Product Code,7601-28P3P
[2016.01.11_15.55.29]	Error in CreateProduct. ProductName is null. Product Code,7602-10
[2016.01.11_15.55.29]	Error in CreateProduct. ProductName is null. Product Code,7603-15P
[2016.01.11_15.55.29]	Error in CreateProduct. Leading Product,42570,product family,107,doesn't exist in CRM
[2016.01.11_15.55.29]	Error in CreateProduct. Leading Product,42570,product family,107,doesn't exist in CRM
[2016.01.11_15.55.30]	Error in CreateProduct. Leading Product,42570,product family,107,doesn't exist in CRM
[2016.01.11_15.55.30]	Error in CreateProduct. Leading Product,42570,product family,107,doesn't exist in CRM
[2016.01.11_15.55.30]	Error in CreateProduct. Leading Product,42570,product family,107,doesn't exist in CRM
[2016.01.11_15.55.30]	Error in CreateProduct. Leading Product,42570,product family,107,doesn't exist in CRM
[2016.01.11_15.55.30]	Error in CreateProduct. Leading Product,42570,product family,107,doesn't exist in CRM
[2016.01.11_15.55.30]	Error in CreateProduct. ProductName is null. Product Code,8000
[2016.01.11_15.55.30]	Error in CreateProduct. ProductName is null. Product Code,800455
[2016.01.11_15.55.30]	Error in CreateProduct. ProductName is null. Product Code,80128/
[2016.01.11_15.55.30]	Error in CreateProduct. ProductName is null. Product Code,IV0191
[2016.01.11_15.55.30]	Error in CreateProduct. ProductName is null. Product Code,35
[2016.01.11_15.55.30]	Error in CreateProduct. ProductName is null. Product Code,YM007010O
[2016.01.11_15.55.30]	Error in CreateProduct. ProductName is null. Product Code,נבפ
[2016.01.11_15.58.45]	Error in CreateProduct. ProductName is null. Product Code,000
[2016.01.11_15.58.45]	Error in CreateProduct. Leading Product,40250,product family,201,doesn't exist in CRM
[2016.01.11_15.58.46]	Error in CreateProduct. Leading Product,40250,product family,201,doesn't exist in CRM
[2016.01.11_15.58.46]	Error in CreateProduct. Leading Product,40250,product family,201,doesn't exist in CRM
[2016.01.11_15.58.46]	Error in CreateProduct. Leading Product,40250,product family,201,doesn't exist in CRM
[2016.01.11_15.58.46]	Error in CreateProduct. Leading Product,40250,product family,201,doesn't exist in CRM
[2016.01.11_15.58.46]	Error in CreateProduct. Leading Product,40250,product family,201,doesn't exist in CRM
[2016.01.11_15.58.47]	Error in CreateProduct. Leading Product,40250,product family,201,doesn't exist in CRM
[2016.01.11_15.58.47]	Error in CreateProduct. Leading Product,40250,product family,201,doesn't exist in CRM
[2016.01.11_15.58.47]	Error in CreateProduct. Leading Product,40250,product family,201,doesn't exist in CRM
[2016.01.11_15.58.47]	Error in CreateProduct. Leading Product,40250,product family,201,doesn't exist in CRM
[2016.01.11_15.58.47]	Error in CreateProduct. Leading Product,40250,product family,201,doesn't exist in CRM
[2016.01.11_15.58.47]	Error in CreateProduct. Leading Product,40250,product family,201,doesn't exist in CRM
[2016.01.11_15.58.48]	Error in CreateProduct. Leading Product,40250,product family,201,doesn't exist in CRM
[2016.01.11_15.58.48]	Error in CreateProduct. Leading Product,40250,product family,201,doesn't exist in CRM
[2016.01.11_15.58.48]	Error in CreateProduct. Leading Product,40250,product family,201,doesn't exist in CRM
[2016.01.11_15.58.48]	Error in CreateProduct. Leading Product,40250,product family,201,doesn't exist in CRM
[2016.01.11_15.58.48]	Error in CreateProduct. Leading Product,40250,product family,201,doesn't exist in CRM
[2016.01.11_15.58.49]	Error in CreateProduct. Leading Product,40250,product family,201,doesn't exist in CRM
[2016.01.11_15.58.49]	Error in CreateProduct. Leading Product,40250,product family,201,doesn't exist in CRM
[2016.01.11_15.58.49]	Error in CreateProduct. Leading Product,40250,product family,201,doesn't exist in CRM
[2016.01.11_15.58.49]	Error in CreateProduct. Leading Product,40250,product family,201,doesn't exist in CRM
[2016.01.11_15.58.49]	Error in CreateProduct. Leading Product,40250,product family,201,doesn't exist in CRM
[2016.01.11_15.58.50]	Error in CreateProduct. Leading Product,40250,product family,201,doesn't exist in CRM
[2016.01.11_15.58.50]	Error in CreateProduct. Leading Product,40250,product family,201,doesn't exist in CRM
[2016.01.11_15.58.50]	Error in CreateProduct. Leading Product,40250,product family,201,doesn't exist in CRM
[2016.01.11_15.58.50]	Error in CreateProduct. Leading Product,40250,product family,201,doesn't exist in CRM
[2016.01.11_15.58.50]	Error in CreateProduct. Leading Product,40250,product family,201,doesn't exist in CRM
[2016.01.11_15.58.50]	Error in CreateProduct. Leading Product,40250,product family,201,doesn't exist in CRM
[2016.01.11_15.58.51]	Error in CreateProduct. Leading Product,40250,product family,201,doesn't exist in CRM
[2016.01.11_15.58.51]	Error in CreateProduct. Leading Product,40250,product family,201,doesn't exist in CRM
[2016.01.11_15.58.51]	Error in CreateProduct. Leading Product,40250,product family,201,doesn't exist in CRM
[2016.01.11_15.58.51]	Error in CreateProduct. Leading Product,40250,product family,201,doesn't exist in CRM
[2016.01.11_15.58.51]	Error in CreateProduct. Leading Product,40250,product family,201,doesn't exist in CRM
[2016.01.11_15.58.52]	Error in CreateProduct. Leading Product,40250,product family,201,doesn't exist in CRM
[2016.01.11_15.58.52]	Error in CreateProduct. Leading Product,40250,product family,201,doesn't exist in CRM
[2016.01.11_15.58.52]	Error in CreateProduct. Leading Product,40250,product family,201,doesn't exist in CRM
[2016.01.11_15.58.52]	Error in CreateProduct. Leading Product,40250,product family,201,doesn't exist in CRM
[2016.01.11_15.58.52]	Error in CreateProduct. Leading Product,40250,product family,201,doesn't exist in CRM
[2016.01.11_15.58.53]	Error in CreateProduct. Leading Product,40250,product family,201,doesn't exist in CRM
[2016.01.11_15.58.53]	Error in CreateProduct. Leading Product,40250,product family,201,doesn't exist in CRM
[2016.01.11_15.58.53]	Error in CreateProduct. Leading Product,40250,product family,201,doesn't exist in CRM
[2016.01.11_15.58.54]	Error in CreateProduct. Leading Product,40250,product family,201,doesn't exist in CRM
[2016.01.11_15.58.54]	Error in CreateProduct. Leading Product,40250,product family,201,doesn't exist in CRM
[2016.01.11_15.58.54]	Error in CreateProduct. Leading Product,40250,product family,201,doesn't exist in CRM
[2016.01.11_15.58.54]	Error in CreateProduct. Leading Product,40250,product family,201,doesn't exist in CRM
[2016.01.11_15.58.54]	Error in CreateProduct. Leading Product,40250,product family,201,doesn't exist in CRM
[2016.01.11_15.58.54]	Error in CreateProduct. Leading Product,40250,product family,201,doesn't exist in CRM
[2016.01.11_15.58.55]	Error in CreateProduct. Leading Product,40250,product family,201,doesn't exist in CRM
[2016.01.11_15.58.55]	Error in CreateProduct. Leading Product,40250,product family,201,doesn't exist in CRM
[2016.01.11_15.58.55]	Error in CreateProduct. Leading Product,40250,product family,201,doesn't exist in CRM
[2016.01.11_15.58.55]	Error in CreateProduct. Leading Product,40250,product family,201,doesn't exist in CRM
[2016.01.11_15.58.55]	Error in CreateProduct. Leading Product,40250,product family,201,doesn't exist in CRM
[2016.01.11_15.58.56]	Error in CreateProduct. Leading Product,40250,product family,201,doesn't exist in CRM
[2016.01.11_15.58.56]	Error in CreateProduct. Leading Product,40250,product family,201,doesn't exist in CRM
[2016.01.11_15.58.56]	Error in CreateProduct. Leading Product,40250,product family,201,doesn't exist in CRM
[2016.01.11_15.58.56]	Error in CreateProduct. Leading Product,40250,product family,201,doesn't exist in CRM
[2016.01.11_15.58.56]	Error in CreateProduct. Leading Product,40250,product family,201,doesn't exist in CRM
[2016.01.11_15.58.57]	Error in CreateProduct. Leading Product,40250,product family,201,doesn't exist in CRM
[2016.01.11_15.58.57]	Error in CreateProduct. Leading Product,40250,product family,201,doesn't exist in CRM
[2016.01.11_15.58.57]	Error in CreateProduct. Leading Product,40250,product family,201,doesn't exist in CRM
[2016.01.11_15.58.57]	Error in CreateProduct. Leading Product,40250,product family,201,doesn't exist in CRM
[2016.01.11_15.58.57]	Error in CreateProduct. Leading Product,40250,product family,201,doesn't exist in CRM
[2016.01.11_15.58.57]	Error in CreateProduct. ProductName is null. Product Code,2010
[2016.01.11_15.58.57]	Error in CreateProduct. ProductName is null. Product Code,3025
[2016.01.11_15.58.57]	Error in CreateProduct. ProductName is null. Product Code,YC00009011
[2016.01.11_15.58.57]	Error in CreateProduct. ProductName is null. Product Code,YDM01037
[2016.01.11_15.58.57]	Error in CreateProduct. ProductName is null. Product Code,3YH0007064
[2016.01.11_15.58.57]	Error in CreateProduct. ProductName is null. Product Code,8001
[2016.01.11_15.58.57]	Error in CreateProduct. Leading Product,80012,product family,125,doesn't exist in CRM
[2016.01.11_15.58.58]	Error in CreateProduct. Leading Product,80012,product family,125,doesn't exist in CRM
[2016.01.11_15.58.58]	Error in CreateProduct. Leading Product,80012,product family,125,doesn't exist in CRM
[2016.01.11_15.58.58]	Error in CreateProduct. Leading Product,80012,product family,125,doesn't exist in CRM
[2016.01.11_15.58.58]	Error in CreateProduct. Leading Product,80012,product family,125,doesn't exist in CRM
[2016.01.11_15.58.58]	Error in CreateProduct. Leading Product,80012,product family,125,doesn't exist in CRM
[2016.01.11_15.58.59]	Error in CreateProduct. Leading Product,80012,product family,125,doesn't exist in CRM
[2016.01.11_15.58.59]	Error in CreateProduct. Leading Product,80012,product family,125,doesn't exist in CRM
[2016.01.11_15.58.59]	Error in CreateProduct. Leading Product,80012,product family,125,doesn't exist in CRM
[2016.01.11_15.58.59]	Error in CreateProduct. Leading Product,80012,product family,125,doesn't exist in CRM
[2016.01.11_15.58.59]	Error in CreateProduct. Leading Product,80012,product family,125,doesn't exist in CRM
[2016.01.11_15.59.00]	Error in CreateProduct. Leading Product,80012,product family,125,doesn't exist in CRM
[2016.01.11_15.59.00]	Error in CreateProduct. Leading Product,80012,product family,125,doesn't exist in CRM
[2016.01.11_15.59.00]	Error in CreateProduct. Leading Product,80012,product family,125,doesn't exist in CRM
[2016.01.11_15.59.00]	Error in CreateProduct. Leading Product,80012,product family,125,doesn't exist in CRM
[2016.01.11_15.59.00]	Error in CreateProduct. Leading Product,80012,product family,125,doesn't exist in CRM
[2016.01.11_15.59.00]	Error in CreateProduct. Leading Product,80012,product family,125,doesn't exist in CRM
[2016.01.11_15.59.01]	Error in CreateProduct. Leading Product,80012,product family,125,doesn't exist in CRM
[2016.01.11_15.59.01]	Error in CreateProduct. Leading Product,80012,product family,125,doesn't exist in CRM
[2016.01.11_15.59.01]	Error in CreateProduct. Leading Product,80012,product family,125,doesn't exist in CRM
[2016.01.11_15.59.01]	Error in CreateProduct. Leading Product,80012,product family,125,doesn't exist in CRM
[2016.01.11_15.59.01]	Error in CreateProduct. Leading Product,80012,product family,125,doesn't exist in CRM
[2016.01.11_15.59.02]	Error in CreateProduct. Leading Product,80012,product family,125,doesn't exist in CRM
[2016.01.11_15.59.02]	Error in CreateProduct. Leading Product,80012,product family,125,doesn't exist in CRM
[2016.01.11_15.59.02]	Error in CreateProduct. ProductName is null. Product Code,31070
[2016.01.11_15.59.02]	Error in CreateProduct. ProductName is null. Product Code,9020
[2016.01.11_15.59.02]	Error in CreateProduct. ProductName is null. Product Code,m-7601-11
[2016.01.11_15.59.02]	Error in CreateProduct. ProductName is null. Product Code,MI6
[2016.01.11_15.59.02]	Error in CreateProduct. ProductName is null. Product Code,N
[2016.01.11_15.59.02]	Error in CreateProduct. ProductName is null. Product Code,YH00070029
[2016.01.11_15.59.02]	Error in CreateProduct. ProductName is null. Product Code,32897
[2016.01.11_15.59.02]	Error in CreateProduct. ProductName is null. Product Code,38-15
[2016.01.11_15.59.02]	Error in CreateProduct. ProductName is null. Product Code,383
[2016.01.11_15.59.02]	Error in CreateProduct. ProductName is null. Product Code,41794
[2016.01.11_15.59.02]	Error in CreateProduct. ProductName is null. Product Code,41950
[2016.01.11_15.59.02]	Error in CreateProduct. ProductName is null. Product Code,51519
[2016.01.11_15.59.02]	Error in CreateProduct. Leading Product,80220,product family,183,doesn't exist in CRM
[2016.01.11_15.59.02]	Error in CreateProduct. Leading Product,80220,product family,183,doesn't exist in CRM
[2016.01.11_15.59.02]	Error in CreateProduct. Leading Product,72464,product family,115,doesn't exist in CRM
[2016.01.11_15.59.02]	Error in CreateProduct. ProductName is null. Product Code,53410
[2016.01.11_15.59.03]	Error in CreateProduct. Leading Product,52633,product family,201,doesn't exist in CRM
[2016.01.11_15.59.03]	Error in CreateProduct. Leading Product,52633,product family,201,doesn't exist in CRM
[2016.01.11_15.59.03]	Error in CreateProduct. Leading Product,52633,product family,201,doesn't exist in CRM
[2016.01.11_15.59.03]	Error in CreateProduct. ProductName is null. Product Code,545N\
[2016.01.11_15.59.03]	Error in CreateProduct. ProductName is null. Product Code,6213
[2016.01.11_15.59.03]	Error in CreateProduct. ProductName is null. Product Code,759N
[2016.01.11_15.59.03]	Error in CreateProduct. ProductName is null. Product Code,7601-28P3P
[2016.01.11_15.59.03]	Error in CreateProduct. ProductName is null. Product Code,7602-10
[2016.01.11_15.59.03]	Error in CreateProduct. ProductName is null. Product Code,7603-15P
[2016.01.11_15.59.03]	Error in CreateProduct. Leading Product,42570,product family,107,doesn't exist in CRM
[2016.01.11_15.59.03]	Error in CreateProduct. Leading Product,42570,product family,107,doesn't exist in CRM
[2016.01.11_15.59.03]	Error in CreateProduct. Leading Product,42570,product family,107,doesn't exist in CRM
[2016.01.11_15.59.04]	Error in CreateProduct. Leading Product,42570,product family,107,doesn't exist in CRM
[2016.01.11_15.59.04]	Error in CreateProduct. Leading Product,42570,product family,107,doesn't exist in CRM
[2016.01.11_15.59.04]	Error in CreateProduct. Leading Product,42570,product family,107,doesn't exist in CRM
[2016.01.11_15.59.04]	Error in CreateProduct. Leading Product,42570,product family,107,doesn't exist in CRM
[2016.01.11_15.59.04]	Error in CreateProduct. ProductName is null. Product Code,8000
[2016.01.11_15.59.04]	Error in CreateProduct. ProductName is null. Product Code,800455
[2016.01.11_15.59.04]	Error in CreateProduct. ProductName is null. Product Code,80128/
[2016.01.11_15.59.04]	Error in CreateProduct. ProductName is null. Product Code,IV0191
[2016.01.11_15.59.04]	Error in CreateProduct. ProductName is null. Product Code,35
[2016.01.11_15.59.04]	Error in CreateProduct. ProductName is null. Product Code,YM007010O
[2016.01.11_15.59.04]	Error in CreateProduct. ProductName is null. Product Code,נבפ
