[2016.09.14_13.09.56]	Error in CreateProduct. Leading Product,YM0007072O,product family is null
[2016.09.14_13.09.57]	Error in UpdateProduct. Leading Product,80140,product family is null
[2016.09.14_13.13.05]	Object reference not set to an instance of an object.
   at IntoIT.GilCar.Interfaces.ProductsToCRM.Program.Main(String[] args) in d:\Crm.Interfaces\ProductsToCRM\Program.cs:line 18
[2016.09.14_13.13.05]	ProductsToCRM Start: 01/ינואר/0001 00:00:00
[2016.09.14_13.13.05]	ProductsToCRM End: 14/ספטמבר/2016 13:13:05
[2016.09.14_13.13.53]	An unexpected error occurred.

Server stack trace: 
   at System.ServiceModel.Channels.ServiceChannel.HandleReply(ProxyOperationRuntime operation, ProxyRpc& rpc)
   at System.ServiceModel.Channels.ServiceChannel.Call(String action, Boolean oneway, ProxyOperationRuntime operation, Object[] ins, Object[] outs, TimeSpan timeout)
   at System.ServiceModel.Channels.ServiceChannelProxy.InvokeService(IMethodCallMessage methodCall, ProxyOperationRuntime operation)
   at System.ServiceModel.Channels.ServiceChannelProxy.Invoke(IMessage message)

Exception rethrown at [0]: 
   at System.Runtime.Remoting.Proxies.RealProxy.HandleReturnMessage(IMessage reqMsg, IMessage retMsg)
   at System.Runtime.Remoting.Proxies.RealProxy.PrivateInvoke(MessageData& msgData, Int32 type)
   at Microsoft.Xrm.Sdk.IOrganizationService.Create(Entity entity)
   at Microsoft.Xrm.Sdk.Client.OrganizationServiceProxy.CreateCore(Entity entity)
   at Microsoft.Xrm.Sdk.Client.OrganizationServiceProxy.Create(Entity entity)
   at IntoIT.GilCar.Interfaces.ProductsToCRM.BL.SendEmail() in d:\Crm.Interfaces\ProductsToCRM\BL.cs:line 751
   at IntoIT.GilCar.Interfaces.ProductsToCRM.Program.Main(String[] args) in d:\Crm.Interfaces\ProductsToCRM\Program.cs:line 18
[2016.09.14_13.13.53]	ProductsToCRM Start: 14/ספטמבר/2016 13:13:10
[2016.09.14_13.13.53]	ProductsToCRM End: 14/ספטמבר/2016 13:13:53
[2016.09.14_13.19.14]	ProductsToCRM Start: 14/ספטמבר/2016 13:18:23
[2016.09.14_13.19.14]	ProductsToCRM End: 14/ספטמבר/2016 13:19:14
