[2016.08.14_11.18.26]	Error in CreateProduct. Leading Product,YM0007072O,product family is null
[2016.08.14_11.18.26]	Error in UpdateProduct. Leading Product,80140,product family is null
[2016.08.14_11.18.26]	Error in UpdateProduct. Leading Product,80254,product family is null
[2016.08.14_11.18.27]	Error in UpdateProduct. Leading Product,42204,product family is null
[2016.08.14_11.18.27]	products total from DB : 23
[2016.08.14_11.18.27]	products total to CRM : 59
[2016.08.14_11.18.44]	Can't create son product,3026,with parent product,YM0007072O, Parent product doesn't exist.
[2016.08.14_11.19.12]	Can't create son product,51009,with parent product,YM0007072O, Parent product doesn't exist.
[2016.08.14_11.19.12]	Can't create son product,52000,with parent product,38-15, Parent product doesn't exist.
[2016.08.14_11.19.17]	Can't create son product,954,with parent product,53410, Parent product doesn't exist.
[2016.08.14_11.19.22]	Can't create son product,53457,with parent product,38-15, Parent product doesn't exist.
[2016.08.14_11.19.30]	Can't create son product,51001,with parent product,YM0007072O, Parent product doesn't exist.
[2016.08.14_11.19.45]	step 2 products total from DB : 111
[2016.08.14_11.19.45]	step 2 products update to DB : 110
[2016.08.14_11.21.52]	Error in CreateProduct. Leading Product,YM0007072O,product family is null
[2016.08.14_11.21.52]	Error in UpdateProduct. Leading Product,80140,product family is null
[2016.08.14_11.21.52]	Error in UpdateProduct. Leading Product,80254,product family is null
[2016.08.14_11.21.52]	Error in UpdateProduct. Leading Product,42204,product family is null
[2016.08.14_11.21.52]	products total from DB : 4
[2016.08.14_11.21.52]	products total to CRM : 0
[2016.08.14_11.22.09]	Can't create son product,3026,with parent product,YM0007072O, Parent product doesn't exist.
[2016.08.14_11.22.09]	Can't create son product,51009,with parent product,YM0007072O, Parent product doesn't exist.
[2016.08.14_11.22.09]	Can't create son product,52000,with parent product,38-15, Parent product doesn't exist.
[2016.08.14_11.22.09]	Can't create son product,954,with parent product,53410, Parent product doesn't exist.
[2016.08.14_11.22.09]	Can't create son product,53457,with parent product,38-15, Parent product doesn't exist.
[2016.08.14_11.22.09]	Can't create son product,51001,with parent product,YM0007072O, Parent product doesn't exist.
[2016.08.14_11.22.09]	step 2 products total from DB : 6
[2016.08.14_11.22.09]	step 2 products update to DB : 0
[2016.08.14_11.23.35]	Error in CreateProduct. Leading Product,YM0007072O,product family is null
[2016.08.14_11.23.35]	Error in UpdateProduct. Leading Product,80140,product family is null
[2016.08.14_11.23.35]	Error in UpdateProduct. Leading Product,80254,product family is null
[2016.08.14_11.23.35]	Error in UpdateProduct. Leading Product,42204,product family is null
[2016.08.14_11.23.35]	products total from DB : 4
[2016.08.14_11.23.35]	products total to CRM : 0
[2016.08.14_11.23.51]	Can't create son product,3026,with parent product,YM0007072O, Parent product doesn't exist.
[2016.08.14_11.23.51]	Can't create son product,51009,with parent product,YM0007072O, Parent product doesn't exist.
[2016.08.14_11.23.51]	Can't create son product,52000,with parent product,38-15, Parent product doesn't exist.
[2016.08.14_11.23.51]	Can't create son product,954,with parent product,53410, Parent product doesn't exist.
[2016.08.14_11.23.51]	Can't create son product,53457,with parent product,38-15, Parent product doesn't exist.
[2016.08.14_11.23.51]	Can't create son product,51001,with parent product,YM0007072O, Parent product doesn't exist.
[2016.08.14_11.23.51]	step 2 products total from DB : 6
[2016.08.14_11.23.51]	step 2 products update to DB : 0
[2016.08.14_11.24.51]	Error in CreateProduct. Leading Product,YM0007072O,product family is null
[2016.08.14_11.24.51]	Error in UpdateProduct. Leading Product,80140,product family is null
[2016.08.14_11.24.51]	Error in UpdateProduct. Leading Product,80254,product family is null
[2016.08.14_11.24.51]	Error in UpdateProduct. Leading Product,42204,product family is null
[2016.08.14_11.24.51]	products total from DB : 4
[2016.08.14_11.24.51]	products total to CRM : 0
[2016.08.14_11.25.07]	Can't create son product,3026,with parent product,YM0007072O, Parent product doesn't exist.
[2016.08.14_11.25.07]	Can't create son product,51009,with parent product,YM0007072O, Parent product doesn't exist.
[2016.08.14_11.25.07]	Can't create son product,52000,with parent product,38-15, Parent product doesn't exist.
[2016.08.14_11.25.07]	Can't create son product,954,with parent product,53410, Parent product doesn't exist.
[2016.08.14_11.25.07]	Can't create son product,53457,with parent product,38-15, Parent product doesn't exist.
[2016.08.14_11.25.07]	Can't create son product,51001,with parent product,YM0007072O, Parent product doesn't exist.
[2016.08.14_11.25.07]	step 2 products total from DB : 6
[2016.08.14_11.25.07]	step 2 products update to DB : 0
[2016.08.14_11.25.39]	Error in CreateProduct. Leading Product,YM0007072O,product family is null
[2016.08.14_11.25.39]	Error in UpdateProduct. Leading Product,80140,product family is null
[2016.08.14_11.25.39]	Error in UpdateProduct. Leading Product,80254,product family is null
[2016.08.14_11.25.39]	Error in UpdateProduct. Leading Product,42204,product family is null
[2016.08.14_11.25.39]	products total from DB : 4
[2016.08.14_11.25.39]	products total to CRM : 0
[2016.08.14_11.25.55]	Can't create son product,3026,with parent product,YM0007072O, Parent product doesn't exist.
[2016.08.14_11.25.55]	Can't create son product,51009,with parent product,YM0007072O, Parent product doesn't exist.
[2016.08.14_11.25.55]	Can't create son product,52000,with parent product,38-15, Parent product doesn't exist.
[2016.08.14_11.25.55]	Can't create son product,954,with parent product,53410, Parent product doesn't exist.
[2016.08.14_11.25.55]	Can't create son product,53457,with parent product,38-15, Parent product doesn't exist.
[2016.08.14_11.25.55]	Can't create son product,51001,with parent product,YM0007072O, Parent product doesn't exist.
[2016.08.14_11.25.55]	step 2 products total from DB : 6
[2016.08.14_11.25.55]	step 2 products update to DB : 0
[2016.08.14_11.27.38]	Error in CreateProduct. Leading Product,YM0007072O,product family is null
[2016.08.14_11.27.38]	Error in UpdateProduct. Leading Product,80140,product family is null
[2016.08.14_11.27.38]	Error in UpdateProduct. Leading Product,80254,product family is null
[2016.08.14_11.27.38]	Error in UpdateProduct. Leading Product,42204,product family is null
[2016.08.14_11.27.38]	products total from DB : 4
[2016.08.14_11.27.38]	products total to CRM : 0
[2016.08.14_11.27.55]	Can't create son product,3026,with parent product,YM0007072O, Parent product doesn't exist.
[2016.08.14_11.27.55]	Can't create son product,51009,with parent product,YM0007072O, Parent product doesn't exist.
[2016.08.14_11.27.55]	Can't create son product,52000,with parent product,38-15, Parent product doesn't exist.
[2016.08.14_11.27.55]	Can't create son product,954,with parent product,53410, Parent product doesn't exist.
[2016.08.14_11.27.55]	Can't create son product,53457,with parent product,38-15, Parent product doesn't exist.
[2016.08.14_11.27.55]	Can't create son product,51001,with parent product,YM0007072O, Parent product doesn't exist.
[2016.08.14_11.27.55]	step 2 products total from DB : 6
[2016.08.14_11.27.55]	step 2 products update to DB : 0
