[2017.08.08_10.45.37]	Input string was not in a correct format.
   at IntoIT.GilCar.Interfaces.ProductsToCRM.BL..ctor() in d:\Crm.Interfaces\ProductsToCRM\BL.cs:line 43
   at IntoIT.GilCar.Interfaces.ProductsToCRM.Program.Main(String[] args) in d:\Crm.Interfaces\ProductsToCRM\Program.cs:line 16
[2017.08.08_10.45.37]	ProductsToCRM Start: 08/08/2017 10:45:30
[2017.08.08_10.45.37]	ProductsToCRM End: 08/08/2017 10:45:37
[2017.08.08_10.48.52]	Input string was not in a correct format.
   at IntoIT.GilCar.Interfaces.ProductsToCRM.BL..ctor() in d:\Crm.Interfaces\ProductsToCRM\BL.cs:line 43
   at IntoIT.GilCar.Interfaces.ProductsToCRM.Program.Main(String[] args) in d:\Crm.Interfaces\ProductsToCRM\Program.cs:line 16
[2017.08.08_10.48.52]	ProductsToCRM Start: 08/08/2017 10:47:59
[2017.08.08_10.48.52]	ProductsToCRM End: 08/08/2017 10:48:52
[2017.08.08_10.58.32]	Error in UpdateProduct. Leading Product,1008,product family is null
[2017.08.08_10.59.19]	Error in UpdateProduct. Leading Product,42544,product family is null
[2017.08.08_10.59.19]	Error in UpdateProduct. Leading Product,42204,product family is null
[2017.08.08_10.59.38]	Error in UpdateProduct. Leading Product,1012,product family is null
[2017.08.08_11.01.44]	Error in UpdateProduct. Leading Product,42542,product family is null
[2017.08.08_11.02.01]	Error in UpdateProduct. Leading Product,1001AM,product family is null
[2017.08.08_11.02.01]	Error in UpdateProduct. Leading Product,1042SA,product family is null
[2017.08.08_11.02.03]	Error in UpdateProduct. Leading Product,6992,product family is null
[2017.08.08_11.02.03]	Error in UpdateProduct. Leading Product,FG130,product family is null
[2017.08.08_11.03.41]	Error in CreateProduct. Leading Product,YM0007072O,product family is null
[2017.08.08_11.03.41]	Error in UpdateProduct. Leading Product,1601AV,product family is null
[2017.08.08_11.05.19]	Error in UpdateProduct. Leading Product,1602B,product family is null
[2017.08.08_11.05.19]	Error in UpdateProduct. Leading Product,1604AV,product family is null
[2017.08.08_11.05.22]	Error in UpdateProduct. Leading Product,72302,product family is null
[2017.08.08_11.05.22]	Error in UpdateProduct. Leading Product,80140,product family is null
[2017.08.08_11.05.29]	Error in UpdateProduct. Leading Product,1821,product family is null
[2017.08.08_11.05.29]	Error in UpdateProduct. Leading Product,1907,product family is null
[2017.08.08_11.05.29]	Error in UpdateProduct. Leading Product,1909,product family is null
[2017.08.08_11.05.29]	Error in UpdateProduct. Leading Product,1910A,product family is null
[2017.08.08_11.05.29]	Error in UpdateProduct. Leading Product,1910SA,product family is null
[2017.08.08_11.05.30]	Error in UpdateProduct. Leading Product,1919,product family is null
[2017.08.08_11.05.30]	Error in UpdateProduct. Leading Product,1920,product family is null
[2017.08.08_11.05.33]	Error in UpdateProduct. Leading Product,1925,product family is null
[2017.08.08_11.05.33]	Error in UpdateProduct. Leading Product,1933,product family is null
[2017.08.08_11.05.34]	Error in UpdateProduct. Leading Product,1942,product family is null
[2017.08.08_11.05.34]	Error in UpdateProduct. Leading Product,2000,product family is null
[2017.08.08_11.05.38]	Error in UpdateProduct. Leading Product,72418,product family is null
[2017.08.08_11.05.40]	Error in UpdateProduct. Leading Product,2004,product family is null
[2017.08.08_11.05.40]	Error in UpdateProduct. Leading Product,2006,product family is null
[2017.08.08_11.09.40]	products total from DB : 229
[2017.08.08_11.09.40]	products total to CRM : 1177
[2017.08.08_11.11.04]	Can't create son product,3026,with parent product,YM0007072O, Parent product doesn't exist.
[2017.08.08_11.11.26]	Can't create son product,53457,with parent product,38-15, Parent product doesn't exist.
[2017.08.08_11.11.52]	Can't create son product,954,with parent product,53410, Parent product doesn't exist.
[2017.08.08_11.13.07]	Can't create son product,51001,with parent product,YM0007072O, Parent product doesn't exist.
[2017.08.08_11.13.11]	Can't create son product,51009,with parent product,YM0007072O, Parent product doesn't exist.
[2017.08.08_11.14.27]	Can't create son product,52000,with parent product,38-15, Parent product doesn't exist.
[2017.08.08_11.15.07]	step 2 products total from DB : 703
[2017.08.08_11.15.07]	step 2 products update to DB : 753
