[2018.01.02_07.30.14]	Error in UpdateProduct. Leading Product,1008,product family is null
[2018.01.02_07.30.14]	Error in UpdateProduct. Leading Product,42544,product family is null
[2018.01.02_07.30.14]	Error in UpdateProduct. Leading Product,1012,product family is null
[2018.01.02_07.30.14]	Error in UpdateProduct. Leading Product,1001AM,product family is null
[2018.01.02_07.30.14]	Error in UpdateProduct. Leading Product,1042SA,product family is null
[2018.01.02_07.30.14]	Error in UpdateProduct. Leading Product,42204,product family is null
[2018.01.02_07.30.14]	Error in UpdateProduct. Leading Product,6992,product family is null
[2018.01.02_07.30.14]	Error in UpdateProduct. Leading Product,FG130,product family is null
[2018.01.02_07.30.14]	Error in UpdateProduct. Leading Product,80140,product family is null
[2018.01.02_07.30.14]	Error in CreateProduct. Leading Product,YM0007072O,product family is null
[2018.01.02_07.30.14]	Error in UpdateProduct. Leading Product,1601AV,product family is null
[2018.01.02_07.30.14]	Error in UpdateProduct. Leading Product,1602B,product family is null
[2018.01.02_07.30.14]	Error in UpdateProduct. Leading Product,1604AV,product family is null
[2018.01.02_07.30.14]	Error in UpdateProduct. Leading Product,72302,product family is null
[2018.01.02_07.30.14]	Error in UpdateProduct. Leading Product,42542,product family is null
[2018.01.02_07.30.14]	Error in UpdateProduct. Leading Product,1821,product family is null
[2018.01.02_07.30.14]	Error in UpdateProduct. Leading Product,1907,product family is null
[2018.01.02_07.30.14]	Error in UpdateProduct. Leading Product,1909,product family is null
[2018.01.02_07.30.14]	Error in UpdateProduct. Leading Product,1910A,product family is null
[2018.01.02_07.30.14]	Error in UpdateProduct. Leading Product,1910SA,product family is null
[2018.01.02_07.30.14]	Error in UpdateProduct. Leading Product,1919,product family is null
[2018.01.02_07.30.14]	Error in UpdateProduct. Leading Product,1920,product family is null
[2018.01.02_07.30.14]	Error in UpdateProduct. Leading Product,1925,product family is null
[2018.01.02_07.30.14]	Error in UpdateProduct. Leading Product,1933,product family is null
[2018.01.02_07.30.14]	Error in UpdateProduct. Leading Product,1942,product family is null
[2018.01.02_07.30.14]	Error in UpdateProduct. Leading Product,2000,product family is null
[2018.01.02_07.30.14]	Error in UpdateProduct. Leading Product,72418,product family is null
[2018.01.02_07.30.14]	Error in UpdateProduct. Leading Product,2004,product family is null
[2018.01.02_07.30.14]	Error in UpdateProduct. Leading Product,2006,product family is null
