[2018.01.04_07.35.01]	Can't create son product,3026,with parent product,YM0007072O, Parent product doesn't exist.
[2018.01.04_07.35.01]	Can't create son product,954,with parent product,53410, Parent product doesn't exist.
[2018.01.04_07.35.01]	Can't create son product,31141,with parent product,YM0007072X, Parent product doesn't exist.
[2018.01.04_07.35.01]	Can't create son product,53457,with parent product,38-15, Parent product doesn't exist.
[2018.01.04_07.35.02]	Can't create son product,67,with parent product,YM0007072X, Parent product doesn't exist.
[2018.01.04_07.35.02]	Can't create son product,51001,with parent product,YM0007072O, Parent product doesn't exist.
[2018.01.04_07.35.02]	Can't create son product,51009,with parent product,YM0007072O, Parent product doesn't exist.
[2018.01.04_07.35.02]	Can't create son product,80531,with parent product,YDT0014041, Parent product doesn't exist.
[2018.01.04_07.35.42]	Can't create son product,51021,with parent product,YM0007072X, Parent product doesn't exist.
[2018.01.04_07.37.55]	Can't create son product,3026,with parent product,YM0007072O, Parent product doesn't exist.
[2018.01.04_07.37.55]	Can't create son product,954,with parent product,53410, Parent product doesn't exist.
[2018.01.04_07.37.55]	Can't create son product,31141,with parent product,YM0007072X, Parent product doesn't exist.
[2018.01.04_07.37.55]	Can't create son product,53457,with parent product,38-15, Parent product doesn't exist.
[2018.01.04_07.37.55]	Can't create son product,67,with parent product,YM0007072X, Parent product doesn't exist.
[2018.01.04_07.37.55]	Can't create son product,51001,with parent product,YM0007072O, Parent product doesn't exist.
[2018.01.04_07.37.55]	Can't create son product,51009,with parent product,YM0007072O, Parent product doesn't exist.
[2018.01.04_07.37.55]	Can't create son product,80531,with parent product,YDT0014041, Parent product doesn't exist.
[2018.01.04_07.38.06]	Can't create son product,51021,with parent product,YM0007072X, Parent product doesn't exist.
[2018.01.04_07.41.12]	Can't create son product,3026,with parent product,YM0007072O, Parent product doesn't exist.
[2018.01.04_07.41.12]	Can't create son product,954,with parent product,53410, Parent product doesn't exist.
[2018.01.04_07.41.12]	Can't create son product,31141,with parent product,YM0007072X, Parent product doesn't exist.
[2018.01.04_07.41.12]	Can't create son product,53457,with parent product,38-15, Parent product doesn't exist.
[2018.01.04_07.41.12]	Can't create son product,67,with parent product,YM0007072X, Parent product doesn't exist.
[2018.01.04_07.41.12]	Can't create son product,51001,with parent product,YM0007072O, Parent product doesn't exist.
[2018.01.04_07.41.12]	Can't create son product,51009,with parent product,YM0007072O, Parent product doesn't exist.
[2018.01.04_07.41.12]	Can't create son product,80531,with parent product,YDT0014041, Parent product doesn't exist.
[2018.01.04_07.41.54]	Can't create son product,51021,with parent product,YM0007072X, Parent product doesn't exist.
[2018.01.04_07.44.14]	Cant create son product,3026,with parent product,YM0007072O, Parent product doesnt exist.
[2018.01.04_07.44.14]	Cant create son product,954,with parent product,53410, Parent product doesnt exist.
[2018.01.04_07.44.14]	Cant create son product,31141,with parent product,YM0007072X, Parent product doesnt exist.
[2018.01.04_07.44.15]	Cant create son product,53457,with parent product,38-15, Parent product doesnt exist.
[2018.01.04_07.44.15]	Cant create son product,67,with parent product,YM0007072X, Parent product doesnt exist.
[2018.01.04_07.44.15]	Cant create son product,51001,with parent product,YM0007072O, Parent product doesnt exist.
[2018.01.04_07.44.15]	Cant create son product,51009,with parent product,YM0007072O, Parent product doesnt exist.
[2018.01.04_07.44.15]	Cant create son product,80531,with parent product,YDT0014041, Parent product doesnt exist.
[2018.01.04_07.44.21]	Cant create son product,51021,with parent product,YM0007072X, Parent product doesnt exist.
[2018.01.04_07.58.57]	Cant create son product,3026,with parent product,YM0007072O, Parent product doesnt exist.
[2018.01.04_08.06.33]	Cant create son product,3026,with parent product,YM0007072O, Parent product doesnt exist.
[2018.01.04_08.17.13]	Cant create son product,3026,with parent product,YM0007072O, Parent product doesnt exist.
[2018.01.04_08.19.03]	Cant create son product,3026,with parent product,YM0007072O, Parent product doesnt exist.
[2018.01.04_08.19.04]	Cant create son product,954,with parent product,53410, Parent product doesnt exist.
[2018.01.04_08.19.05]	Cant create son product,31141,with parent product,YM0007072X, Parent product doesnt exist.
[2018.01.04_08.19.06]	Cant create son product,53457,with parent product,38-15, Parent product doesnt exist.
[2018.01.04_08.19.06]	Cant create son product,67,with parent product,YM0007072X, Parent product doesnt exist.
[2018.01.04_08.19.07]	Cant create son product,51001,with parent product,YM0007072O, Parent product doesnt exist.
[2018.01.04_08.19.07]	Cant create son product,51009,with parent product,YM0007072O, Parent product doesnt exist.
[2018.01.04_08.19.07]	Cant create son product,80531,with parent product,YDT0014041, Parent product doesnt exist.
[2018.01.04_08.19.08]	Cant create son product,51021,with parent product,YM0007072X, Parent product doesnt exist.
[2018.01.04_08.19.10]	Cant create son product,52000,with parent product,38-15, Parent product doesnt exist.
[2018.01.04_08.19.10]	Cant create son product,M-80630,with parent product,YDT0014041, Parent product doesnt exist.
[2018.01.04_08.19.11]	step 2 products total from DB : 11
[2018.01.04_08.19.11]	step 2 products update to DB : 0
[2018.01.04_08.19.12]	ProductsToCRM Start: 04/01/2018 08:18:29
[2018.01.04_08.19.12]	ProductsToCRM End: 04/01/2018 08:19:12
