[2016.09.08_15.26.45]	Error in CreateProduct. Leading Product,YM0007072O,product family is null
[2016.09.08_15.26.45]	Error in UpdateProduct. Leading Product,80140,product family is null
[2016.09.08_15.31.26]	Error in UpdateProduct. Leading Product,80254,product family is null
[2016.09.08_15.31.28]	Error in UpdateProduct. Leading Product,42204,product family is null
[2016.09.08_15.31.30]	products total from DB : 164
[2016.09.08_15.31.30]	products total to CRM : 1502
[2016.09.08_15.31.47]	Can't create son product,51009,with parent product,YM0007072O, Parent product doesn't exist.
[2016.09.08_15.31.58]	Can't create son product,53457,with parent product,38-15, Parent product doesn't exist.
[2016.09.08_15.32.00]	Can't create son product,3026,with parent product,YM0007072O, Parent product doesn't exist.
[2016.09.08_15.32.40]	Can't create son product,51001,with parent product,YM0007072O, Parent product doesn't exist.
[2016.09.08_15.32.41]	Can't create son product,52000,with parent product,38-15, Parent product doesn't exist.
[2016.09.08_15.32.45]	Can't create son product,954,with parent product,53410, Parent product doesn't exist.
[2016.09.08_15.32.52]	step 2 products total from DB : 128
[2016.09.08_15.32.52]	step 2 products update to DB : 134
[2016.09.08_15.35.00]	ProductsToCRM Start: 08/ספטמבר/2016 15:18:21
[2016.09.08_15.35.01]	ProductsToCRM End: 08/ספטמבר/2016 15:35:01
[2016.09.08_15.44.15]	ProductsToCRM Start: 08/ספטמבר/2016 15:43:27
[2016.09.08_15.44.16]	ProductsToCRM End: 08/ספטמבר/2016 15:44:16
[2016.09.08_15.45.47]	ProductsToCRM Start: 08/ספטמבר/2016 15:45:07
[2016.09.08_15.45.47]	ProductsToCRM End: 08/ספטמבר/2016 15:45:47
