[2022.04.06_11.59.40]	A network-related or instance-specific error occurred while establishing a connection to SQL Server. The server was not found or was not accessible. Verify that the instance name is correct and that SQL Server is configured to allow remote connections. (provider: Named Pipes Provider, error: 40 - Could not open a connection to SQL Server)
   at IntoIT.GilCar.Interfaces.ProductsToCRM.DAL.GetAllProducts() in C:\IntoIt\ProductsToCRM\DAL.cs:line 62
   at IntoIT.GilCar.Interfaces.ProductsToCRM.BL.StartInterface(DateTime start) in C:\IntoIt\ProductsToCRM\BL.cs:line 55
   at IntoIT.GilCar.Interfaces.ProductsToCRM.Program.Main(String[] args) in C:\IntoIt\ProductsToCRM\Program.cs:line 17
[2022.04.06_11.59.40]	ProductsToCRM Start: 06/04/2022 11:59:08
[2022.04.06_11.59.40]	ProductsToCRM End: 06/04/2022 11:59:40
[2022.04.06_12.20.00]	products total from DB : 2
[2022.04.06_12.20.00]	products total to CRM : 38
[2022.04.06_12.20.23]	step 2 products total from DB : 11
[2022.04.06_12.20.23]	step 2 products update to DB : 12
[2022.04.06_13.22.35]	products total from DB : 1
[2022.04.06_13.22.35]	products total to CRM : 0
[2022.04.06_14.51.59]	Error: Object reference not set to an instance of an object.. GetLatestProductnumberIndex.
[2022.04.06_17.28.21]	Error: System.IO.FileNotFoundException: Could not load file or assembly 'Microsoft.IdentityModel.Clients.ActiveDirectory, Version=3.19.8.16603, Culture=neutral, PublicKeyToken=31bf3856ad364e35' or one of its dependencies. The system cannot find the file specified.
File name: 'Microsoft.IdentityModel.Clients.ActiveDirectory, Version=3.19.8.16603, Culture=neutral, PublicKeyToken=31bf3856ad364e35'
   at Microsoft.Xrm.Tooling.Connector.CrmServiceClient.ConnectToCrmWebService(String crmConnectionString)
   at Microsoft.Xrm.Tooling.Connector.CrmServiceClient..ctor(String crmConnectionString)
   at IntoIT.GilCar.Interfaces.ProductsToCRM.CrmBase.get_XrmService() in C:\IntoIt\ProductsToCRM\CrmBaseDynamic.cs:line 57

=== Pre-bind state information ===
LOG: DisplayName = Microsoft.IdentityModel.Clients.ActiveDirectory, Version=3.19.8.16603, Culture=neutral, PublicKeyToken=31bf3856ad364e35
 (Fully-specified)
LOG: Appbase = file:///C:/IntoIt/ProductsToCRM/bin/Debug/
LOG: Initial PrivatePath = NULL
Calling assembly : Microsoft.Xrm.Tooling.Connector, Version=4.0.0.0, Culture=neutral, PublicKeyToken=31bf3856ad364e35.
===
LOG: This bind starts in default load context.
LOG: Using application configuration file: C:\IntoIt\ProductsToCRM\bin\Debug\IntoIT.GilCar.Interfaces.ProductsToCRM.exe.Config
LOG: Using host configuration file: 
LOG: Using machine configuration file from C:\Windows\Microsoft.NET\Framework\v4.0.30319\config\machine.config.
LOG: Post-policy reference: Microsoft.IdentityModel.Clients.ActiveDirectory, Version=3.19.8.16603, Culture=neutral, PublicKeyToken=31bf3856ad364e35
LOG: Attempting download of new URL file:///C:/IntoIt/ProductsToCRM/bin/Debug/Microsoft.IdentityModel.Clients.ActiveDirectory.DLL.
LOG: Attempting download of new URL file:///C:/IntoIt/ProductsToCRM/bin/Debug/Microsoft.IdentityModel.Clients.ActiveDirectory/Microsoft.IdentityModel.Clients.ActiveDirectory.DLL.
LOG: Attempting download of new URL file:///C:/IntoIt/ProductsToCRM/bin/Debug/Microsoft.IdentityModel.Clients.ActiveDirectory.EXE.
LOG: Attempting download of new URL file:///C:/IntoIt/ProductsToCRM/bin/Debug/Microsoft.IdentityModel.Clients.ActiveDirectory/Microsoft.IdentityModel.Clients.ActiveDirectory.EXE.
. GetLatestProductnumberIndex.
[2022.04.06_17.28.21]	System.IO.FileNotFoundException: Could not load file or assembly 'Microsoft.IdentityModel.Clients.ActiveDirectory, Version=3.19.8.16603, Culture=neutral, PublicKeyToken=31bf3856ad364e35' or one of its dependencies. The system cannot find the file specified.
File name: 'Microsoft.IdentityModel.Clients.ActiveDirectory, Version=3.19.8.16603, Culture=neutral, PublicKeyToken=31bf3856ad364e35'
   at Microsoft.Xrm.Tooling.Connector.CrmServiceClient.ConnectToCrmWebService(String crmConnectionString)
   at Microsoft.Xrm.Tooling.Connector.CrmServiceClient..ctor(String crmConnectionString)
   at IntoIT.GilCar.Interfaces.ProductsToCRM.CrmBase.get_XrmService() in C:\IntoIt\ProductsToCRM\CrmBaseDynamic.cs:line 57

=== Pre-bind state information ===
LOG: DisplayName = Microsoft.IdentityModel.Clients.ActiveDirectory, Version=3.19.8.16603, Culture=neutral, PublicKeyToken=31bf3856ad364e35
 (Fully-specified)
LOG: Appbase = file:///C:/IntoIt/ProductsToCRM/bin/Debug/
LOG: Initial PrivatePath = NULL
Calling assembly : Microsoft.Xrm.Tooling.Connector, Version=4.0.0.0, Culture=neutral, PublicKeyToken=31bf3856ad364e35.
===
LOG: This bind starts in default load context.
LOG: Using application configuration file: C:\IntoIt\ProductsToCRM\bin\Debug\IntoIT.GilCar.Interfaces.ProductsToCRM.exe.Config
LOG: Using host configuration file: 
LOG: Using machine configuration file from C:\Windows\Microsoft.NET\Framework\v4.0.30319\config\machine.config.
LOG: Post-policy reference: Microsoft.IdentityModel.Clients.ActiveDirectory, Version=3.19.8.16603, Culture=neutral, PublicKeyToken=31bf3856ad364e35
LOG: Attempting download of new URL file:///C:/IntoIt/ProductsToCRM/bin/Debug/Microsoft.IdentityModel.Clients.ActiveDirectory.DLL.
LOG: Attempting download of new URL file:///C:/IntoIt/ProductsToCRM/bin/Debug/Microsoft.IdentityModel.Clients.ActiveDirectory/Microsoft.IdentityModel.Clients.ActiveDirectory.DLL.
LOG: Attempting download of new URL file:///C:/IntoIt/ProductsToCRM/bin/Debug/Microsoft.IdentityModel.Clients.ActiveDirectory.EXE.
LOG: Attempting download of new URL file:///C:/IntoIt/ProductsToCRM/bin/Debug/Microsoft.IdentityModel.Clients.ActiveDirectory/Microsoft.IdentityModel.Clients.ActiveDirectory.EXE.

   at IntoIT.GilCar.Interfaces.ProductsToCRM.BL..ctor() in C:\IntoIt\ProductsToCRM\BL.cs:line 43
   at IntoIT.GilCar.Interfaces.ProductsToCRM.Program.Main(String[] args) in C:\IntoIt\ProductsToCRM\Program.cs:line 16
[2022.04.06_17.28.21]	ProductsToCRM Start: 06/04/2022 17:27:45
[2022.04.06_17.28.21]	ProductsToCRM End: 06/04/2022 17:28:21
