[2017.07.19]	Start: 19/07/2017
[2017.07.19]	End: 19/07/2017
[2017.07.19]	Start: 19/07/2017 10:45:13
[2017.07.19]	Error: Invalid column name 'docnum'.. Error in DAL.GetAllCases.
[2017.07.19]	Error: Invalid column name 'docnum'.. Error in DAL.GetAllCases.
[2017.07.19]	Error: Invalid column name 'docnum'.. Error in DAL.GetAllCases.
[2017.07.19]	Error: Invalid column name 'docnum'.. Error in DAL.GetAllCases.
[2017.07.19]	Error: Invalid column name 'docnum'.. Error in DAL.GetAllCases.
[2017.07.19]	Error: Invalid column name 'docnum'.. Error in DAL.GetAllCases.
[2017.07.19]	Error: Invalid column name 'docnum'.. Error in DAL.GetAllCases.
[2017.07.19]	Error: Incorrect syntax near 'PZ'.. Error in DAL.GetAllCases.
[2017.07.19]	Error: Incorrect syntax near 'TY'.. Error in DAL.GetAllCases.
[2017.07.19]	Error: Invalid column name 'docnum'.. Error in DAL.GetAllCases.
[2017.07.19]	Error: Invalid column name 'docnum'.. Error in DAL.GetAllCases.
[2017.07.19]	Error: Invalid column name 'docnum'.. Error in DAL.GetAllCases.
[2017.07.19]	Error: Invalid column name 'docnum'.. Error in DAL.GetAllCases.
[2017.07.19]	Error: Invalid column name 'docnum'.. Error in DAL.GetAllCases.
[2017.07.19]	Error: Invalid column name 'docnum'.. Error in DAL.GetAllCases.
[2017.07.19]	Start: 19/07/2017 10:46:19
[2017.07.19]	Start: 19/07/2017 10:47:59
[2017.07.19]	Start: 19/07/2017 10:53:54
[2017.07.19]	Start: 19/07/2017 10:56:13
[2017.07.19]	Start: 19/07/2017 10:56:57
[2017.07.19]	Start: 19/07/2017 10:58:09
[2017.07.19]	Start: 19/07/2017 11:00:31
[2017.07.19]	Error: String or binary data would be truncated.
The statement has been terminated.. Error in DAL.GetAllCases.
[2017.07.19]	on code : 2042011 The request channel timed out while waiting for a reply after 00:02:00. Increase the timeout value passed to the call to Request or increase the SendTimeout value on the Binding. The time allotted to this operation may have been a portion of a longer timeout. 
Server stack trace: 
   at System.ServiceModel.Channels.RequestChannel.Request(Message message, TimeSpan timeout)
   at System.ServiceModel.Channels.SecurityChannelFactory`1.SecurityRequestChannel.Request(Message message, TimeSpan timeout)
   at System.ServiceModel.Dispatcher.RequestChannelBinder.Request(Message message, TimeSpan timeout)
   at System.ServiceModel.Channels.ServiceChannel.Call(String action, Boolean oneway, ProxyOperationRuntime operation, Object[] ins, Object[] outs, TimeSpan timeout)
   at System.ServiceModel.Channels.ServiceChannel.Call(String action, Boolean oneway, ProxyOperationRuntime operation, Object[] ins, Object[] outs)
   at System.ServiceModel.Channels.ServiceChannelProxy.InvokeService(IMethodCallMessage methodCall, ProxyOperationRuntime operation)
   at System.ServiceModel.Channels.ServiceChannelProxy.Invoke(IMessage message)

Exception rethrown at [0]: 
   at System.Runtime.Remoting.Proxies.RealProxy.HandleReturnMessage(IMessage reqMsg, IMessage retMsg)
   at System.Runtime.Remoting.Proxies.RealProxy.PrivateInvoke(MessageData& msgData, Int32 type)
   at Microsoft.Xrm.Sdk.IOrganizationService.RetrieveMultiple(QueryBase query)
   at Microsoft.Xrm.Sdk.Client.OrganizationServiceProxy.RetrieveMultipleCore(QueryBase query)
   at Microsoft.Xrm.Sdk.Client.OrganizationServiceProxy.RetrieveMultiple(QueryBase query)
   at CarModelFromSapToCrm.BL.StartInterface() in d:\Crm.Interfaces\CarModelFromSapToCrm\CarModelFromSapToCrm\BL.cs:line 77
[2017.07.19]	Error: String or binary data would be truncated.
The statement has been terminated.. Error in DAL.GetAllCases.
[2017.07.19]	on code : 2189681 The request channel timed out while waiting for a reply after 00:02:00. Increase the timeout value passed to the call to Request or increase the SendTimeout value on the Binding. The time allotted to this operation may have been a portion of a longer timeout. 
Server stack trace: 
   at System.ServiceModel.Channels.RequestChannel.Request(Message message, TimeSpan timeout)
   at System.ServiceModel.Channels.SecurityChannelFactory`1.SecurityRequestChannel.Request(Message message, TimeSpan timeout)
   at System.ServiceModel.Dispatcher.RequestChannelBinder.Request(Message message, TimeSpan timeout)
   at System.ServiceModel.Channels.ServiceChannel.Call(String action, Boolean oneway, ProxyOperationRuntime operation, Object[] ins, Object[] outs, TimeSpan timeout)
   at System.ServiceModel.Channels.ServiceChannel.Call(String action, Boolean oneway, ProxyOperationRuntime operation, Object[] ins, Object[] outs)
   at System.ServiceModel.Channels.ServiceChannelProxy.InvokeService(IMethodCallMessage methodCall, ProxyOperationRuntime operation)
   at System.ServiceModel.Channels.ServiceChannelProxy.Invoke(IMessage message)

Exception rethrown at [0]: 
   at System.Runtime.Remoting.Proxies.RealProxy.HandleReturnMessage(IMessage reqMsg, IMessage retMsg)
   at System.Runtime.Remoting.Proxies.RealProxy.PrivateInvoke(MessageData& msgData, Int32 type)
   at Microsoft.Xrm.Sdk.IOrganizationService.RetrieveMultiple(QueryBase query)
   at Microsoft.Xrm.Sdk.Client.OrganizationServiceProxy.RetrieveMultipleCore(QueryBase query)
   at Microsoft.Xrm.Sdk.Client.OrganizationServiceProxy.RetrieveMultiple(QueryBase query)
   at CarModelFromSapToCrm.BL.StartInterface() in d:\Crm.Interfaces\CarModelFromSapToCrm\CarModelFromSapToCrm\BL.cs:line 118
[2017.07.19]	Start: 19/07/2017 11:13:54
[2017.07.19]	Error: Incorrect syntax near 'new_i_warranty'.. Error in DAL.GetAllCases.
[2017.07.19]	on code : DBM_DUMMY_VEHICLE A validation error occurred.  The value of 'new_i_warranty' on record of type 'new_car_model' is outside the valid range. 
Server stack trace: 
   at System.ServiceModel.Channels.ServiceChannel.HandleReply(ProxyOperationRuntime operation, ProxyRpc& rpc)
   at System.ServiceModel.Channels.ServiceChannel.Call(String action, Boolean oneway, ProxyOperationRuntime operation, Object[] ins, Object[] outs, TimeSpan timeout)
   at System.ServiceModel.Channels.ServiceChannel.Call(String action, Boolean oneway, ProxyOperationRuntime operation, Object[] ins, Object[] outs)
   at System.ServiceModel.Channels.ServiceChannelProxy.InvokeService(IMethodCallMessage methodCall, ProxyOperationRuntime operation)
   at System.ServiceModel.Channels.ServiceChannelProxy.Invoke(IMessage message)

Exception rethrown at [0]: 
   at System.Runtime.Remoting.Proxies.RealProxy.HandleReturnMessage(IMessage reqMsg, IMessage retMsg)
   at System.Runtime.Remoting.Proxies.RealProxy.PrivateInvoke(MessageData& msgData, Int32 type)
   at Microsoft.Xrm.Sdk.IOrganizationService.Update(Entity entity)
   at Microsoft.Xrm.Sdk.Client.OrganizationServiceProxy.UpdateCore(Entity entity)
   at Microsoft.Xrm.Sdk.Client.OrganizationServiceProxy.Update(Entity entity)
   at CarModelFromSapToCrm.BL.StartInterface() in d:\Crm.Interfaces\CarModelFromSapToCrm\CarModelFromSapToCrm\BL.cs:line 122
[2017.07.19]	Error: Incorrect syntax near 'new_i_warranty'.. Error in DAL.GetAllCases.
[2017.07.19]	on code : DBM_NON_COL_TRUCK A validation error occurred.  The value of 'new_i_warranty' on record of type 'new_car_model' is outside the valid range. 
Server stack trace: 
   at System.ServiceModel.Channels.ServiceChannel.HandleReply(ProxyOperationRuntime operation, ProxyRpc& rpc)
   at System.ServiceModel.Channels.ServiceChannel.Call(String action, Boolean oneway, ProxyOperationRuntime operation, Object[] ins, Object[] outs, TimeSpan timeout)
   at System.ServiceModel.Channels.ServiceChannel.Call(String action, Boolean oneway, ProxyOperationRuntime operation, Object[] ins, Object[] outs)
   at System.ServiceModel.Channels.ServiceChannelProxy.InvokeService(IMethodCallMessage methodCall, ProxyOperationRuntime operation)
   at System.ServiceModel.Channels.ServiceChannelProxy.Invoke(IMessage message)

Exception rethrown at [0]: 
   at System.Runtime.Remoting.Proxies.RealProxy.HandleReturnMessage(IMessage reqMsg, IMessage retMsg)
   at System.Runtime.Remoting.Proxies.RealProxy.PrivateInvoke(MessageData& msgData, Int32 type)
   at Microsoft.Xrm.Sdk.IOrganizationService.Update(Entity entity)
   at Microsoft.Xrm.Sdk.Client.OrganizationServiceProxy.UpdateCore(Entity entity)
   at Microsoft.Xrm.Sdk.Client.OrganizationServiceProxy.Update(Entity entity)
   at CarModelFromSapToCrm.BL.StartInterface() in d:\Crm.Interfaces\CarModelFromSapToCrm\CarModelFromSapToCrm\BL.cs:line 122
[2017.07.19]	Error: Incorrect syntax near 'new_i_warranty'.. Error in DAL.GetAllCases.
[2017.07.19]	on code : KA4THJNUZL6 A validation error occurred.  The value of 'new_i_warranty' on record of type 'new_car_model' is outside the valid range. 
Server stack trace: 
   at System.ServiceModel.Channels.ServiceChannel.HandleReply(ProxyOperationRuntime operation, ProxyRpc& rpc)
   at System.ServiceModel.Channels.ServiceChannel.Call(String action, Boolean oneway, ProxyOperationRuntime operation, Object[] ins, Object[] outs, TimeSpan timeout)
   at System.ServiceModel.Channels.ServiceChannel.Call(String action, Boolean oneway, ProxyOperationRuntime operation, Object[] ins, Object[] outs)
   at System.ServiceModel.Channels.ServiceChannelProxy.InvokeService(IMethodCallMessage methodCall, ProxyOperationRuntime operation)
   at System.ServiceModel.Channels.ServiceChannelProxy.Invoke(IMessage message)

Exception rethrown at [0]: 
   at System.Runtime.Remoting.Proxies.RealProxy.HandleReturnMessage(IMessage reqMsg, IMessage retMsg)
   at System.Runtime.Remoting.Proxies.RealProxy.PrivateInvoke(MessageData& msgData, Int32 type)
   at Microsoft.Xrm.Sdk.IOrganizationService.Update(Entity entity)
   at Microsoft.Xrm.Sdk.Client.OrganizationServiceProxy.UpdateCore(Entity entity)
   at Microsoft.Xrm.Sdk.Client.OrganizationServiceProxy.Update(Entity entity)
   at CarModelFromSapToCrm.BL.StartInterface() in d:\Crm.Interfaces\CarModelFromSapToCrm\CarModelFromSapToCrm\BL.cs:line 122
[2017.07.19]	Error: Incorrect syntax near 'new_i_warranty'.. Error in DAL.GetAllCases.
[2017.07.19]	on code : KA4THJRUZL6 A validation error occurred.  The value of 'new_i_warranty' on record of type 'new_car_model' is outside the valid range. 
Server stack trace: 
   at System.ServiceModel.Channels.ServiceChannel.HandleReply(ProxyOperationRuntime operation, ProxyRpc& rpc)
   at System.ServiceModel.Channels.ServiceChannel.Call(String action, Boolean oneway, ProxyOperationRuntime operation, Object[] ins, Object[] outs, TimeSpan timeout)
   at System.ServiceModel.Channels.ServiceChannel.Call(String action, Boolean oneway, ProxyOperationRuntime operation, Object[] ins, Object[] outs)
   at System.ServiceModel.Channels.ServiceChannelProxy.InvokeService(IMethodCallMessage methodCall, ProxyOperationRuntime operation)
   at System.ServiceModel.Channels.ServiceChannelProxy.Invoke(IMessage message)

Exception rethrown at [0]: 
   at System.Runtime.Remoting.Proxies.RealProxy.HandleReturnMessage(IMessage reqMsg, IMessage retMsg)
   at System.Runtime.Remoting.Proxies.RealProxy.PrivateInvoke(MessageData& msgData, Int32 type)
   at Microsoft.Xrm.Sdk.IOrganizationService.Update(Entity entity)
   at Microsoft.Xrm.Sdk.Client.OrganizationServiceProxy.UpdateCore(Entity entity)
   at Microsoft.Xrm.Sdk.Client.OrganizationServiceProxy.Update(Entity entity)
   at CarModelFromSapToCrm.BL.StartInterface() in d:\Crm.Interfaces\CarModelFromSapToCrm\CarModelFromSapToCrm\BL.cs:line 122
[2017.07.19]	Error: Incorrect syntax near 'new_i_warranty'.. Error in DAL.GetAllCases.
[2017.07.19]	on code : SF6A338 A validation error occurred.  The value of 'new_i_warranty' on record of type 'new_car_model' is outside the valid range. 
Server stack trace: 
   at System.ServiceModel.Channels.ServiceChannel.HandleReply(ProxyOperationRuntime operation, ProxyRpc& rpc)
   at System.ServiceModel.Channels.ServiceChannel.Call(String action, Boolean oneway, ProxyOperationRuntime operation, Object[] ins, Object[] outs, TimeSpan timeout)
   at System.ServiceModel.Channels.ServiceChannel.Call(String action, Boolean oneway, ProxyOperationRuntime operation, Object[] ins, Object[] outs)
   at System.ServiceModel.Channels.ServiceChannelProxy.InvokeService(IMethodCallMessage methodCall, ProxyOperationRuntime operation)
   at System.ServiceModel.Channels.ServiceChannelProxy.Invoke(IMessage message)

Exception rethrown at [0]: 
   at System.Runtime.Remoting.Proxies.RealProxy.HandleReturnMessage(IMessage reqMsg, IMessage retMsg)
   at System.Runtime.Remoting.Proxies.RealProxy.PrivateInvoke(MessageData& msgData, Int32 type)
   at Microsoft.Xrm.Sdk.IOrganizationService.Update(Entity entity)
   at Microsoft.Xrm.Sdk.Client.OrganizationServiceProxy.UpdateCore(Entity entity)
   at Microsoft.Xrm.Sdk.Client.OrganizationServiceProxy.Update(Entity entity)
   at CarModelFromSapToCrm.BL.StartInterface() in d:\Crm.Interfaces\CarModelFromSapToCrm\CarModelFromSapToCrm\BL.cs:line 122
[2017.07.19]	Error: Incorrect syntax near 'new_i_warranty'.. Error in DAL.GetAllCases.
[2017.07.19]	on code : TRADE_IN A validation error occurred.  The value of 'new_i_warranty' on record of type 'new_car_model' is outside the valid range. 
Server stack trace: 
   at System.ServiceModel.Channels.ServiceChannel.HandleReply(ProxyOperationRuntime operation, ProxyRpc& rpc)
   at System.ServiceModel.Channels.ServiceChannel.Call(String action, Boolean oneway, ProxyOperationRuntime operation, Object[] ins, Object[] outs, TimeSpan timeout)
   at System.ServiceModel.Channels.ServiceChannel.Call(String action, Boolean oneway, ProxyOperationRuntime operation, Object[] ins, Object[] outs)
   at System.ServiceModel.Channels.ServiceChannelProxy.InvokeService(IMethodCallMessage methodCall, ProxyOperationRuntime operation)
   at System.ServiceModel.Channels.ServiceChannelProxy.Invoke(IMessage message)

Exception rethrown at [0]: 
   at System.Runtime.Remoting.Proxies.RealProxy.HandleReturnMessage(IMessage reqMsg, IMessage retMsg)
   at System.Runtime.Remoting.Proxies.RealProxy.PrivateInvoke(MessageData& msgData, Int32 type)
   at Microsoft.Xrm.Sdk.IOrganizationService.Update(Entity entity)
   at Microsoft.Xrm.Sdk.Client.OrganizationServiceProxy.UpdateCore(Entity entity)
   at Microsoft.Xrm.Sdk.Client.OrganizationServiceProxy.Update(Entity entity)
   at CarModelFromSapToCrm.BL.StartInterface() in d:\Crm.Interfaces\CarModelFromSapToCrm\CarModelFromSapToCrm\BL.cs:line 122
[2017.07.19]	End: 19/07/2017 11:48:27
