[2017.07.24]	Start: 24/07/2017 10:53:14
[2017.07.24]	Error: Incorrect syntax near 'new_i_warranty'.. Error in DAL.GetAllCases.
[2017.07.24]	on code : DBM_DUMMY_VEHICLE A validation error occurred.  The value of 'new_i_warranty' on record of type 'new_car_model' is outside the valid range. 
Server stack trace: 
   at System.ServiceModel.Channels.ServiceChannel.HandleReply(ProxyOperationRuntime operation, ProxyRpc& rpc)
   at System.ServiceModel.Channels.ServiceChannel.Call(String action, Boolean oneway, ProxyOperationRuntime operation, Object[] ins, Object[] outs, TimeSpan timeout)
   at System.ServiceModel.Channels.ServiceChannel.Call(String action, Boolean oneway, ProxyOperationRuntime operation, Object[] ins, Object[] outs)
   at System.ServiceModel.Channels.ServiceChannelProxy.InvokeService(IMethodCallMessage methodCall, ProxyOperationRuntime operation)
   at System.ServiceModel.Channels.ServiceChannelProxy.Invoke(IMessage message)

Exception rethrown at [0]: 
   at System.Runtime.Remoting.Proxies.RealProxy.HandleReturnMessage(IMessage reqMsg, IMessage retMsg)
   at System.Runtime.Remoting.Proxies.RealProxy.PrivateInvoke(MessageData& msgData, Int32 type)
   at Microsoft.Xrm.Sdk.IOrganizationService.Update(Entity entity)
   at Microsoft.Xrm.Sdk.Client.OrganizationServiceProxy.UpdateCore(Entity entity)
   at Microsoft.Xrm.Sdk.Client.OrganizationServiceProxy.Update(Entity entity)
   at CarModelFromSapToCrm.BL.StartInterface() in d:\Crm.Interfaces\CarModelFromSapToCrm\CarModelFromSapToCrm\BL.cs:line 122
[2017.07.24]	Error: Incorrect syntax near 'new_i_warranty'.. Error in DAL.GetAllCases.
[2017.07.24]	on code : DBM_NON_COL_TRUCK A validation error occurred.  The value of 'new_i_warranty' on record of type 'new_car_model' is outside the valid range. 
Server stack trace: 
   at System.ServiceModel.Channels.ServiceChannel.HandleReply(ProxyOperationRuntime operation, ProxyRpc& rpc)
   at System.ServiceModel.Channels.ServiceChannel.Call(String action, Boolean oneway, ProxyOperationRuntime operation, Object[] ins, Object[] outs, TimeSpan timeout)
   at System.ServiceModel.Channels.ServiceChannel.Call(String action, Boolean oneway, ProxyOperationRuntime operation, Object[] ins, Object[] outs)
   at System.ServiceModel.Channels.ServiceChannelProxy.InvokeService(IMethodCallMessage methodCall, ProxyOperationRuntime operation)
   at System.ServiceModel.Channels.ServiceChannelProxy.Invoke(IMessage message)

Exception rethrown at [0]: 
   at System.Runtime.Remoting.Proxies.RealProxy.HandleReturnMessage(IMessage reqMsg, IMessage retMsg)
   at System.Runtime.Remoting.Proxies.RealProxy.PrivateInvoke(MessageData& msgData, Int32 type)
   at Microsoft.Xrm.Sdk.IOrganizationService.Update(Entity entity)
   at Microsoft.Xrm.Sdk.Client.OrganizationServiceProxy.UpdateCore(Entity entity)
   at Microsoft.Xrm.Sdk.Client.OrganizationServiceProxy.Update(Entity entity)
   at CarModelFromSapToCrm.BL.StartInterface() in d:\Crm.Interfaces\CarModelFromSapToCrm\CarModelFromSapToCrm\BL.cs:line 122
[2017.07.24]	Start: 24/07/2017 11:51:46
[2017.07.24]	Start: 24/07/2017 11:53:13
[2017.07.24]	Error: Incorrect syntax near 'new_i_warranty'.. Error in DAL.GetAllCases.
[2017.07.24]	on code : DBM_DUMMY_VEHICLE A validation error occurred.  The value of 'new_i_warranty' on record of type 'new_car_model' is outside the valid range. 
Server stack trace: 
   at System.ServiceModel.Channels.ServiceChannel.HandleReply(ProxyOperationRuntime operation, ProxyRpc& rpc)
   at System.ServiceModel.Channels.ServiceChannel.Call(String action, Boolean oneway, ProxyOperationRuntime operation, Object[] ins, Object[] outs, TimeSpan timeout)
   at System.ServiceModel.Channels.ServiceChannel.Call(String action, Boolean oneway, ProxyOperationRuntime operation, Object[] ins, Object[] outs)
   at System.ServiceModel.Channels.ServiceChannelProxy.InvokeService(IMethodCallMessage methodCall, ProxyOperationRuntime operation)
   at System.ServiceModel.Channels.ServiceChannelProxy.Invoke(IMessage message)

Exception rethrown at [0]: 
   at System.Runtime.Remoting.Proxies.RealProxy.HandleReturnMessage(IMessage reqMsg, IMessage retMsg)
   at System.Runtime.Remoting.Proxies.RealProxy.PrivateInvoke(MessageData& msgData, Int32 type)
   at Microsoft.Xrm.Sdk.IOrganizationService.Update(Entity entity)
   at Microsoft.Xrm.Sdk.Client.OrganizationServiceProxy.UpdateCore(Entity entity)
   at Microsoft.Xrm.Sdk.Client.OrganizationServiceProxy.Update(Entity entity)
   at CarModelFromSapToCrm.BL.StartInterface() in d:\Crm.Interfaces\CarModelFromSapToCrm\CarModelFromSapToCrm\BL.cs:line 126
[2017.07.24]	Error: Incorrect syntax near 'new_i_warranty'.. Error in DAL.GetAllCases.
[2017.07.24]	on code : DBM_NON_COL_TRUCK A validation error occurred.  The value of 'new_i_warranty' on record of type 'new_car_model' is outside the valid range. 
Server stack trace: 
   at System.ServiceModel.Channels.ServiceChannel.HandleReply(ProxyOperationRuntime operation, ProxyRpc& rpc)
   at System.ServiceModel.Channels.ServiceChannel.Call(String action, Boolean oneway, ProxyOperationRuntime operation, Object[] ins, Object[] outs, TimeSpan timeout)
   at System.ServiceModel.Channels.ServiceChannel.Call(String action, Boolean oneway, ProxyOperationRuntime operation, Object[] ins, Object[] outs)
   at System.ServiceModel.Channels.ServiceChannelProxy.InvokeService(IMethodCallMessage methodCall, ProxyOperationRuntime operation)
   at System.ServiceModel.Channels.ServiceChannelProxy.Invoke(IMessage message)

Exception rethrown at [0]: 
   at System.Runtime.Remoting.Proxies.RealProxy.HandleReturnMessage(IMessage reqMsg, IMessage retMsg)
   at System.Runtime.Remoting.Proxies.RealProxy.PrivateInvoke(MessageData& msgData, Int32 type)
   at Microsoft.Xrm.Sdk.IOrganizationService.Update(Entity entity)
   at Microsoft.Xrm.Sdk.Client.OrganizationServiceProxy.UpdateCore(Entity entity)
   at Microsoft.Xrm.Sdk.Client.OrganizationServiceProxy.Update(Entity entity)
   at CarModelFromSapToCrm.BL.StartInterface() in d:\Crm.Interfaces\CarModelFromSapToCrm\CarModelFromSapToCrm\BL.cs:line 126
[2017.07.24]	Error: Incorrect syntax near 'new_i_warranty'.. Error in DAL.GetAllCases.
[2017.07.24]	on code : KA4THJNUZL6 A validation error occurred.  The value of 'new_i_warranty' on record of type 'new_car_model' is outside the valid range. 
Server stack trace: 
   at System.ServiceModel.Channels.ServiceChannel.HandleReply(ProxyOperationRuntime operation, ProxyRpc& rpc)
   at System.ServiceModel.Channels.ServiceChannel.Call(String action, Boolean oneway, ProxyOperationRuntime operation, Object[] ins, Object[] outs, TimeSpan timeout)
   at System.ServiceModel.Channels.ServiceChannel.Call(String action, Boolean oneway, ProxyOperationRuntime operation, Object[] ins, Object[] outs)
   at System.ServiceModel.Channels.ServiceChannelProxy.InvokeService(IMethodCallMessage methodCall, ProxyOperationRuntime operation)
   at System.ServiceModel.Channels.ServiceChannelProxy.Invoke(IMessage message)

Exception rethrown at [0]: 
   at System.Runtime.Remoting.Proxies.RealProxy.HandleReturnMessage(IMessage reqMsg, IMessage retMsg)
   at System.Runtime.Remoting.Proxies.RealProxy.PrivateInvoke(MessageData& msgData, Int32 type)
   at Microsoft.Xrm.Sdk.IOrganizationService.Update(Entity entity)
   at Microsoft.Xrm.Sdk.Client.OrganizationServiceProxy.UpdateCore(Entity entity)
   at Microsoft.Xrm.Sdk.Client.OrganizationServiceProxy.Update(Entity entity)
   at CarModelFromSapToCrm.BL.StartInterface() in d:\Crm.Interfaces\CarModelFromSapToCrm\CarModelFromSapToCrm\BL.cs:line 126
[2017.07.24]	Error: Incorrect syntax near 'new_i_warranty'.. Error in DAL.GetAllCases.
[2017.07.24]	on code : KA4THJRUZL6 A validation error occurred.  The value of 'new_i_warranty' on record of type 'new_car_model' is outside the valid range. 
Server stack trace: 
   at System.ServiceModel.Channels.ServiceChannel.HandleReply(ProxyOperationRuntime operation, ProxyRpc& rpc)
   at System.ServiceModel.Channels.ServiceChannel.Call(String action, Boolean oneway, ProxyOperationRuntime operation, Object[] ins, Object[] outs, TimeSpan timeout)
   at System.ServiceModel.Channels.ServiceChannel.Call(String action, Boolean oneway, ProxyOperationRuntime operation, Object[] ins, Object[] outs)
   at System.ServiceModel.Channels.ServiceChannelProxy.InvokeService(IMethodCallMessage methodCall, ProxyOperationRuntime operation)
   at System.ServiceModel.Channels.ServiceChannelProxy.Invoke(IMessage message)

Exception rethrown at [0]: 
   at System.Runtime.Remoting.Proxies.RealProxy.HandleReturnMessage(IMessage reqMsg, IMessage retMsg)
   at System.Runtime.Remoting.Proxies.RealProxy.PrivateInvoke(MessageData& msgData, Int32 type)
   at Microsoft.Xrm.Sdk.IOrganizationService.Update(Entity entity)
   at Microsoft.Xrm.Sdk.Client.OrganizationServiceProxy.UpdateCore(Entity entity)
   at Microsoft.Xrm.Sdk.Client.OrganizationServiceProxy.Update(Entity entity)
   at CarModelFromSapToCrm.BL.StartInterface() in d:\Crm.Interfaces\CarModelFromSapToCrm\CarModelFromSapToCrm\BL.cs:line 126
[2017.07.24]	Error: Incorrect syntax near 'new_i_warranty'.. Error in DAL.GetAllCases.
[2017.07.24]	on code : SF6A338 A validation error occurred.  The value of 'new_i_warranty' on record of type 'new_car_model' is outside the valid range. 
Server stack trace: 
   at System.ServiceModel.Channels.ServiceChannel.HandleReply(ProxyOperationRuntime operation, ProxyRpc& rpc)
   at System.ServiceModel.Channels.ServiceChannel.Call(String action, Boolean oneway, ProxyOperationRuntime operation, Object[] ins, Object[] outs, TimeSpan timeout)
   at System.ServiceModel.Channels.ServiceChannel.Call(String action, Boolean oneway, ProxyOperationRuntime operation, Object[] ins, Object[] outs)
   at System.ServiceModel.Channels.ServiceChannelProxy.InvokeService(IMethodCallMessage methodCall, ProxyOperationRuntime operation)
   at System.ServiceModel.Channels.ServiceChannelProxy.Invoke(IMessage message)

Exception rethrown at [0]: 
   at System.Runtime.Remoting.Proxies.RealProxy.HandleReturnMessage(IMessage reqMsg, IMessage retMsg)
   at System.Runtime.Remoting.Proxies.RealProxy.PrivateInvoke(MessageData& msgData, Int32 type)
   at Microsoft.Xrm.Sdk.IOrganizationService.Update(Entity entity)
   at Microsoft.Xrm.Sdk.Client.OrganizationServiceProxy.UpdateCore(Entity entity)
   at Microsoft.Xrm.Sdk.Client.OrganizationServiceProxy.Update(Entity entity)
   at CarModelFromSapToCrm.BL.StartInterface() in d:\Crm.Interfaces\CarModelFromSapToCrm\CarModelFromSapToCrm\BL.cs:line 126
[2017.07.24]	Error: Incorrect syntax near 'new_i_warranty'.. Error in DAL.GetAllCases.
[2017.07.24]	on code : TRADE_IN A validation error occurred.  The value of 'new_i_warranty' on record of type 'new_car_model' is outside the valid range. 
Server stack trace: 
   at System.ServiceModel.Channels.ServiceChannel.HandleReply(ProxyOperationRuntime operation, ProxyRpc& rpc)
   at System.ServiceModel.Channels.ServiceChannel.Call(String action, Boolean oneway, ProxyOperationRuntime operation, Object[] ins, Object[] outs, TimeSpan timeout)
   at System.ServiceModel.Channels.ServiceChannel.Call(String action, Boolean oneway, ProxyOperationRuntime operation, Object[] ins, Object[] outs)
   at System.ServiceModel.Channels.ServiceChannelProxy.InvokeService(IMethodCallMessage methodCall, ProxyOperationRuntime operation)
   at System.ServiceModel.Channels.ServiceChannelProxy.Invoke(IMessage message)

Exception rethrown at [0]: 
   at System.Runtime.Remoting.Proxies.RealProxy.HandleReturnMessage(IMessage reqMsg, IMessage retMsg)
   at System.Runtime.Remoting.Proxies.RealProxy.PrivateInvoke(MessageData& msgData, Int32 type)
   at Microsoft.Xrm.Sdk.IOrganizationService.Update(Entity entity)
   at Microsoft.Xrm.Sdk.Client.OrganizationServiceProxy.UpdateCore(Entity entity)
   at Microsoft.Xrm.Sdk.Client.OrganizationServiceProxy.Update(Entity entity)
   at CarModelFromSapToCrm.BL.StartInterface() in d:\Crm.Interfaces\CarModelFromSapToCrm\CarModelFromSapToCrm\BL.cs:line 126
[2017.07.24]	End: 24/07/2017 11:53:31
[2017.07.24]	Start: 24/07/2017 11:53:58
[2017.07.24]	Start: 24/07/2017 11:54:20
[2017.07.24]	Error: Incorrect syntax near 'new_i_warranty'.. Error in DAL.GetAllCases.
[2017.07.24]	on code : DBM_DUMMY_VEHICLE A validation error occurred.  The value of 'new_i_warranty' on record of type 'new_car_model' is outside the valid range. 
Server stack trace: 
   at System.ServiceModel.Channels.ServiceChannel.HandleReply(ProxyOperationRuntime operation, ProxyRpc& rpc)
   at System.ServiceModel.Channels.ServiceChannel.Call(String action, Boolean oneway, ProxyOperationRuntime operation, Object[] ins, Object[] outs, TimeSpan timeout)
   at System.ServiceModel.Channels.ServiceChannel.Call(String action, Boolean oneway, ProxyOperationRuntime operation, Object[] ins, Object[] outs)
   at System.ServiceModel.Channels.ServiceChannelProxy.InvokeService(IMethodCallMessage methodCall, ProxyOperationRuntime operation)
   at System.ServiceModel.Channels.ServiceChannelProxy.Invoke(IMessage message)

Exception rethrown at [0]: 
   at System.Runtime.Remoting.Proxies.RealProxy.HandleReturnMessage(IMessage reqMsg, IMessage retMsg)
   at System.Runtime.Remoting.Proxies.RealProxy.PrivateInvoke(MessageData& msgData, Int32 type)
   at Microsoft.Xrm.Sdk.IOrganizationService.Update(Entity entity)
   at Microsoft.Xrm.Sdk.Client.OrganizationServiceProxy.UpdateCore(Entity entity)
   at Microsoft.Xrm.Sdk.Client.OrganizationServiceProxy.Update(Entity entity)
   at CarModelFromSapToCrm.BL.StartInterface() in d:\Crm.Interfaces\CarModelFromSapToCrm\CarModelFromSapToCrm\BL.cs:line 126
[2017.07.24]	Error: Incorrect syntax near 'new_i_warranty'.. Error in DAL.GetAllCases.
[2017.07.24]	on code : DBM_NON_COL_TRUCK A validation error occurred.  The value of 'new_i_warranty' on record of type 'new_car_model' is outside the valid range. 
Server stack trace: 
   at System.ServiceModel.Channels.ServiceChannel.HandleReply(ProxyOperationRuntime operation, ProxyRpc& rpc)
   at System.ServiceModel.Channels.ServiceChannel.Call(String action, Boolean oneway, ProxyOperationRuntime operation, Object[] ins, Object[] outs, TimeSpan timeout)
   at System.ServiceModel.Channels.ServiceChannel.Call(String action, Boolean oneway, ProxyOperationRuntime operation, Object[] ins, Object[] outs)
   at System.ServiceModel.Channels.ServiceChannelProxy.InvokeService(IMethodCallMessage methodCall, ProxyOperationRuntime operation)
   at System.ServiceModel.Channels.ServiceChannelProxy.Invoke(IMessage message)

Exception rethrown at [0]: 
   at System.Runtime.Remoting.Proxies.RealProxy.HandleReturnMessage(IMessage reqMsg, IMessage retMsg)
   at System.Runtime.Remoting.Proxies.RealProxy.PrivateInvoke(MessageData& msgData, Int32 type)
   at Microsoft.Xrm.Sdk.IOrganizationService.Update(Entity entity)
   at Microsoft.Xrm.Sdk.Client.OrganizationServiceProxy.UpdateCore(Entity entity)
   at Microsoft.Xrm.Sdk.Client.OrganizationServiceProxy.Update(Entity entity)
   at CarModelFromSapToCrm.BL.StartInterface() in d:\Crm.Interfaces\CarModelFromSapToCrm\CarModelFromSapToCrm\BL.cs:line 126
[2017.07.24]	Start: 24/07/2017 12:43:56
[2017.07.24]	Error: Incorrect syntax near 'new_i_warranty'.. Error in DAL.GetAllCases.
[2017.07.24]	on code : DBM_DUMMY_VEHICLE A validation error occurred.  The value of 'new_i_warranty' on record of type 'new_car_model' is outside the valid range. 
Server stack trace: 
   at System.ServiceModel.Channels.ServiceChannel.HandleReply(ProxyOperationRuntime operation, ProxyRpc& rpc)
   at System.ServiceModel.Channels.ServiceChannel.Call(String action, Boolean oneway, ProxyOperationRuntime operation, Object[] ins, Object[] outs, TimeSpan timeout)
   at System.ServiceModel.Channels.ServiceChannel.Call(String action, Boolean oneway, ProxyOperationRuntime operation, Object[] ins, Object[] outs)
   at System.ServiceModel.Channels.ServiceChannelProxy.InvokeService(IMethodCallMessage methodCall, ProxyOperationRuntime operation)
   at System.ServiceModel.Channels.ServiceChannelProxy.Invoke(IMessage message)

Exception rethrown at [0]: 
   at System.Runtime.Remoting.Proxies.RealProxy.HandleReturnMessage(IMessage reqMsg, IMessage retMsg)
   at System.Runtime.Remoting.Proxies.RealProxy.PrivateInvoke(MessageData& msgData, Int32 type)
   at Microsoft.Xrm.Sdk.IOrganizationService.Update(Entity entity)
   at Microsoft.Xrm.Sdk.Client.OrganizationServiceProxy.UpdateCore(Entity entity)
   at Microsoft.Xrm.Sdk.Client.OrganizationServiceProxy.Update(Entity entity)
   at CarModelFromSapToCrm.BL.StartInterface() in d:\Crm.Interfaces\CarModelFromSapToCrm\CarModelFromSapToCrm\BL.cs:line 126
[2017.07.24]	Error: Incorrect syntax near 'new_i_warranty'.. Error in DAL.GetAllCases.
[2017.07.24]	on code : DBM_NON_COL_TRUCK A validation error occurred.  The value of 'new_i_warranty' on record of type 'new_car_model' is outside the valid range. 
Server stack trace: 
   at System.ServiceModel.Channels.ServiceChannel.HandleReply(ProxyOperationRuntime operation, ProxyRpc& rpc)
   at System.ServiceModel.Channels.ServiceChannel.Call(String action, Boolean oneway, ProxyOperationRuntime operation, Object[] ins, Object[] outs, TimeSpan timeout)
   at System.ServiceModel.Channels.ServiceChannel.Call(String action, Boolean oneway, ProxyOperationRuntime operation, Object[] ins, Object[] outs)
   at System.ServiceModel.Channels.ServiceChannelProxy.InvokeService(IMethodCallMessage methodCall, ProxyOperationRuntime operation)
   at System.ServiceModel.Channels.ServiceChannelProxy.Invoke(IMessage message)

Exception rethrown at [0]: 
   at System.Runtime.Remoting.Proxies.RealProxy.HandleReturnMessage(IMessage reqMsg, IMessage retMsg)
   at System.Runtime.Remoting.Proxies.RealProxy.PrivateInvoke(MessageData& msgData, Int32 type)
   at Microsoft.Xrm.Sdk.IOrganizationService.Update(Entity entity)
   at Microsoft.Xrm.Sdk.Client.OrganizationServiceProxy.UpdateCore(Entity entity)
   at Microsoft.Xrm.Sdk.Client.OrganizationServiceProxy.Update(Entity entity)
   at CarModelFromSapToCrm.BL.StartInterface() in d:\Crm.Interfaces\CarModelFromSapToCrm\CarModelFromSapToCrm\BL.cs:line 126
[2017.07.24]	Start: 24/07/2017 12:47:20
[2017.07.24]	Start: 24/07/2017 12:47:32
[2017.07.24]	Error: Incorrect syntax near 'new_i_warranty'.. Error in DAL.GetAllCases.
[2017.07.24]	on code : DBM_DUMMY_VEHICLE A validation error occurred.  The value of 'new_i_warranty' on record of type 'new_car_model' is outside the valid range. 
Server stack trace: 
   at System.ServiceModel.Channels.ServiceChannel.HandleReply(ProxyOperationRuntime operation, ProxyRpc& rpc)
   at System.ServiceModel.Channels.ServiceChannel.Call(String action, Boolean oneway, ProxyOperationRuntime operation, Object[] ins, Object[] outs, TimeSpan timeout)
   at System.ServiceModel.Channels.ServiceChannel.Call(String action, Boolean oneway, ProxyOperationRuntime operation, Object[] ins, Object[] outs)
   at System.ServiceModel.Channels.ServiceChannelProxy.InvokeService(IMethodCallMessage methodCall, ProxyOperationRuntime operation)
   at System.ServiceModel.Channels.ServiceChannelProxy.Invoke(IMessage message)

Exception rethrown at [0]: 
   at System.Runtime.Remoting.Proxies.RealProxy.HandleReturnMessage(IMessage reqMsg, IMessage retMsg)
   at System.Runtime.Remoting.Proxies.RealProxy.PrivateInvoke(MessageData& msgData, Int32 type)
   at Microsoft.Xrm.Sdk.IOrganizationService.Update(Entity entity)
   at Microsoft.Xrm.Sdk.Client.OrganizationServiceProxy.UpdateCore(Entity entity)
   at Microsoft.Xrm.Sdk.Client.OrganizationServiceProxy.Update(Entity entity)
   at CarModelFromSapToCrm.BL.StartInterface() in d:\Crm.Interfaces\CarModelFromSapToCrm\CarModelFromSapToCrm\BL.cs:line 126
[2017.07.24]	Error: Incorrect syntax near 'new_i_warranty'.. Error in DAL.GetAllCases.
[2017.07.24]	on code : DBM_NON_COL_TRUCK A validation error occurred.  The value of 'new_i_warranty' on record of type 'new_car_model' is outside the valid range. 
Server stack trace: 
   at System.ServiceModel.Channels.ServiceChannel.HandleReply(ProxyOperationRuntime operation, ProxyRpc& rpc)
   at System.ServiceModel.Channels.ServiceChannel.Call(String action, Boolean oneway, ProxyOperationRuntime operation, Object[] ins, Object[] outs, TimeSpan timeout)
   at System.ServiceModel.Channels.ServiceChannel.Call(String action, Boolean oneway, ProxyOperationRuntime operation, Object[] ins, Object[] outs)
   at System.ServiceModel.Channels.ServiceChannelProxy.InvokeService(IMethodCallMessage methodCall, ProxyOperationRuntime operation)
   at System.ServiceModel.Channels.ServiceChannelProxy.Invoke(IMessage message)

Exception rethrown at [0]: 
   at System.Runtime.Remoting.Proxies.RealProxy.HandleReturnMessage(IMessage reqMsg, IMessage retMsg)
   at System.Runtime.Remoting.Proxies.RealProxy.PrivateInvoke(MessageData& msgData, Int32 type)
   at Microsoft.Xrm.Sdk.IOrganizationService.Update(Entity entity)
   at Microsoft.Xrm.Sdk.Client.OrganizationServiceProxy.UpdateCore(Entity entity)
   at Microsoft.Xrm.Sdk.Client.OrganizationServiceProxy.Update(Entity entity)
   at CarModelFromSapToCrm.BL.StartInterface() in d:\Crm.Interfaces\CarModelFromSapToCrm\CarModelFromSapToCrm\BL.cs:line 126
[2017.07.24]	Start: 24/07/2017 12:48:57
[2017.07.24]	Error: Incorrect syntax near 'new_i_warranty'.. Error in DAL.GetAllCases.
[2017.07.24]	on code : DBM_DUMMY_VEHICLE A validation error occurred.  The value of 'new_i_warranty' on record of type 'new_car_model' is outside the valid range. 
Server stack trace: 
   at System.ServiceModel.Channels.ServiceChannel.HandleReply(ProxyOperationRuntime operation, ProxyRpc& rpc)
   at System.ServiceModel.Channels.ServiceChannel.Call(String action, Boolean oneway, ProxyOperationRuntime operation, Object[] ins, Object[] outs, TimeSpan timeout)
   at System.ServiceModel.Channels.ServiceChannel.Call(String action, Boolean oneway, ProxyOperationRuntime operation, Object[] ins, Object[] outs)
   at System.ServiceModel.Channels.ServiceChannelProxy.InvokeService(IMethodCallMessage methodCall, ProxyOperationRuntime operation)
   at System.ServiceModel.Channels.ServiceChannelProxy.Invoke(IMessage message)

Exception rethrown at [0]: 
   at System.Runtime.Remoting.Proxies.RealProxy.HandleReturnMessage(IMessage reqMsg, IMessage retMsg)
   at System.Runtime.Remoting.Proxies.RealProxy.PrivateInvoke(MessageData& msgData, Int32 type)
   at Microsoft.Xrm.Sdk.IOrganizationService.Update(Entity entity)
   at Microsoft.Xrm.Sdk.Client.OrganizationServiceProxy.UpdateCore(Entity entity)
   at Microsoft.Xrm.Sdk.Client.OrganizationServiceProxy.Update(Entity entity)
   at CarModelFromSapToCrm.BL.StartInterface() in d:\Crm.Interfaces\CarModelFromSapToCrm\CarModelFromSapToCrm\BL.cs:line 126
[2017.07.24]	Error: Incorrect syntax near 'new_i_warranty'.. Error in DAL.GetAllCases.
[2017.07.24]	on code : DBM_NON_COL_TRUCK A validation error occurred.  The value of 'new_i_warranty' on record of type 'new_car_model' is outside the valid range. 
Server stack trace: 
   at System.ServiceModel.Channels.ServiceChannel.HandleReply(ProxyOperationRuntime operation, ProxyRpc& rpc)
   at System.ServiceModel.Channels.ServiceChannel.Call(String action, Boolean oneway, ProxyOperationRuntime operation, Object[] ins, Object[] outs, TimeSpan timeout)
   at System.ServiceModel.Channels.ServiceChannel.Call(String action, Boolean oneway, ProxyOperationRuntime operation, Object[] ins, Object[] outs)
   at System.ServiceModel.Channels.ServiceChannelProxy.InvokeService(IMethodCallMessage methodCall, ProxyOperationRuntime operation)
   at System.ServiceModel.Channels.ServiceChannelProxy.Invoke(IMessage message)

Exception rethrown at [0]: 
   at System.Runtime.Remoting.Proxies.RealProxy.HandleReturnMessage(IMessage reqMsg, IMessage retMsg)
   at System.Runtime.Remoting.Proxies.RealProxy.PrivateInvoke(MessageData& msgData, Int32 type)
   at Microsoft.Xrm.Sdk.IOrganizationService.Update(Entity entity)
   at Microsoft.Xrm.Sdk.Client.OrganizationServiceProxy.UpdateCore(Entity entity)
   at Microsoft.Xrm.Sdk.Client.OrganizationServiceProxy.Update(Entity entity)
   at CarModelFromSapToCrm.BL.StartInterface() in d:\Crm.Interfaces\CarModelFromSapToCrm\CarModelFromSapToCrm\BL.cs:line 126
[2017.07.24]	Error: Incorrect syntax near 'new_i_warranty'.. Error in DAL.GetAllCases.
[2017.07.24]	on code : KA4THJNUZL6 A validation error occurred.  The value of 'new_i_warranty' on record of type 'new_car_model' is outside the valid range. 
Server stack trace: 
   at System.ServiceModel.Channels.ServiceChannel.HandleReply(ProxyOperationRuntime operation, ProxyRpc& rpc)
   at System.ServiceModel.Channels.ServiceChannel.Call(String action, Boolean oneway, ProxyOperationRuntime operation, Object[] ins, Object[] outs, TimeSpan timeout)
   at System.ServiceModel.Channels.ServiceChannel.Call(String action, Boolean oneway, ProxyOperationRuntime operation, Object[] ins, Object[] outs)
   at System.ServiceModel.Channels.ServiceChannelProxy.InvokeService(IMethodCallMessage methodCall, ProxyOperationRuntime operation)
   at System.ServiceModel.Channels.ServiceChannelProxy.Invoke(IMessage message)

Exception rethrown at [0]: 
   at System.Runtime.Remoting.Proxies.RealProxy.HandleReturnMessage(IMessage reqMsg, IMessage retMsg)
   at System.Runtime.Remoting.Proxies.RealProxy.PrivateInvoke(MessageData& msgData, Int32 type)
   at Microsoft.Xrm.Sdk.IOrganizationService.Update(Entity entity)
   at Microsoft.Xrm.Sdk.Client.OrganizationServiceProxy.UpdateCore(Entity entity)
   at Microsoft.Xrm.Sdk.Client.OrganizationServiceProxy.Update(Entity entity)
   at CarModelFromSapToCrm.BL.StartInterface() in d:\Crm.Interfaces\CarModelFromSapToCrm\CarModelFromSapToCrm\BL.cs:line 126
[2017.07.24]	Error: Incorrect syntax near 'new_i_warranty'.. Error in DAL.GetAllCases.
[2017.07.24]	on code : KA4THJRUZL6 A validation error occurred.  The value of 'new_i_warranty' on record of type 'new_car_model' is outside the valid range. 
Server stack trace: 
   at System.ServiceModel.Channels.ServiceChannel.HandleReply(ProxyOperationRuntime operation, ProxyRpc& rpc)
   at System.ServiceModel.Channels.ServiceChannel.Call(String action, Boolean oneway, ProxyOperationRuntime operation, Object[] ins, Object[] outs, TimeSpan timeout)
   at System.ServiceModel.Channels.ServiceChannel.Call(String action, Boolean oneway, ProxyOperationRuntime operation, Object[] ins, Object[] outs)
   at System.ServiceModel.Channels.ServiceChannelProxy.InvokeService(IMethodCallMessage methodCall, ProxyOperationRuntime operation)
   at System.ServiceModel.Channels.ServiceChannelProxy.Invoke(IMessage message)

Exception rethrown at [0]: 
   at System.Runtime.Remoting.Proxies.RealProxy.HandleReturnMessage(IMessage reqMsg, IMessage retMsg)
   at System.Runtime.Remoting.Proxies.RealProxy.PrivateInvoke(MessageData& msgData, Int32 type)
   at Microsoft.Xrm.Sdk.IOrganizationService.Update(Entity entity)
   at Microsoft.Xrm.Sdk.Client.OrganizationServiceProxy.UpdateCore(Entity entity)
   at Microsoft.Xrm.Sdk.Client.OrganizationServiceProxy.Update(Entity entity)
   at CarModelFromSapToCrm.BL.StartInterface() in d:\Crm.Interfaces\CarModelFromSapToCrm\CarModelFromSapToCrm\BL.cs:line 126
[2017.07.24]	Error: Incorrect syntax near 'new_i_warranty'.. Error in DAL.GetAllCases.
[2017.07.24]	on code : SF6A338 A validation error occurred.  The value of 'new_i_warranty' on record of type 'new_car_model' is outside the valid range. 
Server stack trace: 
   at System.ServiceModel.Channels.ServiceChannel.HandleReply(ProxyOperationRuntime operation, ProxyRpc& rpc)
   at System.ServiceModel.Channels.ServiceChannel.Call(String action, Boolean oneway, ProxyOperationRuntime operation, Object[] ins, Object[] outs, TimeSpan timeout)
   at System.ServiceModel.Channels.ServiceChannel.Call(String action, Boolean oneway, ProxyOperationRuntime operation, Object[] ins, Object[] outs)
   at System.ServiceModel.Channels.ServiceChannelProxy.InvokeService(IMethodCallMessage methodCall, ProxyOperationRuntime operation)
   at System.ServiceModel.Channels.ServiceChannelProxy.Invoke(IMessage message)

Exception rethrown at [0]: 
   at System.Runtime.Remoting.Proxies.RealProxy.HandleReturnMessage(IMessage reqMsg, IMessage retMsg)
   at System.Runtime.Remoting.Proxies.RealProxy.PrivateInvoke(MessageData& msgData, Int32 type)
   at Microsoft.Xrm.Sdk.IOrganizationService.Update(Entity entity)
   at Microsoft.Xrm.Sdk.Client.OrganizationServiceProxy.UpdateCore(Entity entity)
   at Microsoft.Xrm.Sdk.Client.OrganizationServiceProxy.Update(Entity entity)
   at CarModelFromSapToCrm.BL.StartInterface() in d:\Crm.Interfaces\CarModelFromSapToCrm\CarModelFromSapToCrm\BL.cs:line 126
[2017.07.24]	Error: Incorrect syntax near 'new_i_warranty'.. Error in DAL.GetAllCases.
[2017.07.24]	on code : TRADE_IN A validation error occurred.  The value of 'new_i_warranty' on record of type 'new_car_model' is outside the valid range. 
Server stack trace: 
   at System.ServiceModel.Channels.ServiceChannel.HandleReply(ProxyOperationRuntime operation, ProxyRpc& rpc)
   at System.ServiceModel.Channels.ServiceChannel.Call(String action, Boolean oneway, ProxyOperationRuntime operation, Object[] ins, Object[] outs, TimeSpan timeout)
   at System.ServiceModel.Channels.ServiceChannel.Call(String action, Boolean oneway, ProxyOperationRuntime operation, Object[] ins, Object[] outs)
   at System.ServiceModel.Channels.ServiceChannelProxy.InvokeService(IMethodCallMessage methodCall, ProxyOperationRuntime operation)
   at System.ServiceModel.Channels.ServiceChannelProxy.Invoke(IMessage message)

Exception rethrown at [0]: 
   at System.Runtime.Remoting.Proxies.RealProxy.HandleReturnMessage(IMessage reqMsg, IMessage retMsg)
   at System.Runtime.Remoting.Proxies.RealProxy.PrivateInvoke(MessageData& msgData, Int32 type)
   at Microsoft.Xrm.Sdk.IOrganizationService.Update(Entity entity)
   at Microsoft.Xrm.Sdk.Client.OrganizationServiceProxy.UpdateCore(Entity entity)
   at Microsoft.Xrm.Sdk.Client.OrganizationServiceProxy.Update(Entity entity)
   at CarModelFromSapToCrm.BL.StartInterface() in d:\Crm.Interfaces\CarModelFromSapToCrm\CarModelFromSapToCrm\BL.cs:line 126
[2017.07.24]	End: 24/07/2017 12:49:38
[2017.07.24]	Start: 24/07/2017 12:50:35
[2017.07.24]	Error: Incorrect syntax near 'new_i_warranty'.. Error in DAL.GetAllCases.
[2017.07.24]	on code : DBM_DUMMY_VEHICLE A validation error occurred.  The value of 'new_i_warranty' on record of type 'new_car_model' is outside the valid range. 
Server stack trace: 
   at System.ServiceModel.Channels.ServiceChannel.HandleReply(ProxyOperationRuntime operation, ProxyRpc& rpc)
   at System.ServiceModel.Channels.ServiceChannel.Call(String action, Boolean oneway, ProxyOperationRuntime operation, Object[] ins, Object[] outs, TimeSpan timeout)
   at System.ServiceModel.Channels.ServiceChannel.Call(String action, Boolean oneway, ProxyOperationRuntime operation, Object[] ins, Object[] outs)
   at System.ServiceModel.Channels.ServiceChannelProxy.InvokeService(IMethodCallMessage methodCall, ProxyOperationRuntime operation)
   at System.ServiceModel.Channels.ServiceChannelProxy.Invoke(IMessage message)

Exception rethrown at [0]: 
   at System.Runtime.Remoting.Proxies.RealProxy.HandleReturnMessage(IMessage reqMsg, IMessage retMsg)
   at System.Runtime.Remoting.Proxies.RealProxy.PrivateInvoke(MessageData& msgData, Int32 type)
   at Microsoft.Xrm.Sdk.IOrganizationService.Update(Entity entity)
   at Microsoft.Xrm.Sdk.Client.OrganizationServiceProxy.UpdateCore(Entity entity)
   at Microsoft.Xrm.Sdk.Client.OrganizationServiceProxy.Update(Entity entity)
   at CarModelFromSapToCrm.BL.StartInterface() in d:\Crm.Interfaces\CarModelFromSapToCrm\CarModelFromSapToCrm\BL.cs:line 126
[2017.07.24]	Error: Incorrect syntax near 'new_i_warranty'.. Error in DAL.GetAllCases.
[2017.07.24]	on code : DBM_NON_COL_TRUCK A validation error occurred.  The value of 'new_i_warranty' on record of type 'new_car_model' is outside the valid range. 
Server stack trace: 
   at System.ServiceModel.Channels.ServiceChannel.HandleReply(ProxyOperationRuntime operation, ProxyRpc& rpc)
   at System.ServiceModel.Channels.ServiceChannel.Call(String action, Boolean oneway, ProxyOperationRuntime operation, Object[] ins, Object[] outs, TimeSpan timeout)
   at System.ServiceModel.Channels.ServiceChannel.Call(String action, Boolean oneway, ProxyOperationRuntime operation, Object[] ins, Object[] outs)
   at System.ServiceModel.Channels.ServiceChannelProxy.InvokeService(IMethodCallMessage methodCall, ProxyOperationRuntime operation)
   at System.ServiceModel.Channels.ServiceChannelProxy.Invoke(IMessage message)

Exception rethrown at [0]: 
   at System.Runtime.Remoting.Proxies.RealProxy.HandleReturnMessage(IMessage reqMsg, IMessage retMsg)
   at System.Runtime.Remoting.Proxies.RealProxy.PrivateInvoke(MessageData& msgData, Int32 type)
   at Microsoft.Xrm.Sdk.IOrganizationService.Update(Entity entity)
   at Microsoft.Xrm.Sdk.Client.OrganizationServiceProxy.UpdateCore(Entity entity)
   at Microsoft.Xrm.Sdk.Client.OrganizationServiceProxy.Update(Entity entity)
   at CarModelFromSapToCrm.BL.StartInterface() in d:\Crm.Interfaces\CarModelFromSapToCrm\CarModelFromSapToCrm\BL.cs:line 126
[2017.07.24]	Error: Incorrect syntax near 'new_i_warranty'.. Error in DAL.GetAllCases.
[2017.07.24]	on code : KA4THJNUZL6 A validation error occurred.  The value of 'new_i_warranty' on record of type 'new_car_model' is outside the valid range. 
Server stack trace: 
   at System.ServiceModel.Channels.ServiceChannel.HandleReply(ProxyOperationRuntime operation, ProxyRpc& rpc)
   at System.ServiceModel.Channels.ServiceChannel.Call(String action, Boolean oneway, ProxyOperationRuntime operation, Object[] ins, Object[] outs, TimeSpan timeout)
   at System.ServiceModel.Channels.ServiceChannel.Call(String action, Boolean oneway, ProxyOperationRuntime operation, Object[] ins, Object[] outs)
   at System.ServiceModel.Channels.ServiceChannelProxy.InvokeService(IMethodCallMessage methodCall, ProxyOperationRuntime operation)
   at System.ServiceModel.Channels.ServiceChannelProxy.Invoke(IMessage message)

Exception rethrown at [0]: 
   at System.Runtime.Remoting.Proxies.RealProxy.HandleReturnMessage(IMessage reqMsg, IMessage retMsg)
   at System.Runtime.Remoting.Proxies.RealProxy.PrivateInvoke(MessageData& msgData, Int32 type)
   at Microsoft.Xrm.Sdk.IOrganizationService.Update(Entity entity)
   at Microsoft.Xrm.Sdk.Client.OrganizationServiceProxy.UpdateCore(Entity entity)
   at Microsoft.Xrm.Sdk.Client.OrganizationServiceProxy.Update(Entity entity)
   at CarModelFromSapToCrm.BL.StartInterface() in d:\Crm.Interfaces\CarModelFromSapToCrm\CarModelFromSapToCrm\BL.cs:line 126
[2017.07.24]	Error: Incorrect syntax near 'new_i_warranty'.. Error in DAL.GetAllCases.
[2017.07.24]	on code : KA4THJRUZL6 A validation error occurred.  The value of 'new_i_warranty' on record of type 'new_car_model' is outside the valid range. 
Server stack trace: 
   at System.ServiceModel.Channels.ServiceChannel.HandleReply(ProxyOperationRuntime operation, ProxyRpc& rpc)
   at System.ServiceModel.Channels.ServiceChannel.Call(String action, Boolean oneway, ProxyOperationRuntime operation, Object[] ins, Object[] outs, TimeSpan timeout)
   at System.ServiceModel.Channels.ServiceChannel.Call(String action, Boolean oneway, ProxyOperationRuntime operation, Object[] ins, Object[] outs)
   at System.ServiceModel.Channels.ServiceChannelProxy.InvokeService(IMethodCallMessage methodCall, ProxyOperationRuntime operation)
   at System.ServiceModel.Channels.ServiceChannelProxy.Invoke(IMessage message)

Exception rethrown at [0]: 
   at System.Runtime.Remoting.Proxies.RealProxy.HandleReturnMessage(IMessage reqMsg, IMessage retMsg)
   at System.Runtime.Remoting.Proxies.RealProxy.PrivateInvoke(MessageData& msgData, Int32 type)
   at Microsoft.Xrm.Sdk.IOrganizationService.Update(Entity entity)
   at Microsoft.Xrm.Sdk.Client.OrganizationServiceProxy.UpdateCore(Entity entity)
   at Microsoft.Xrm.Sdk.Client.OrganizationServiceProxy.Update(Entity entity)
   at CarModelFromSapToCrm.BL.StartInterface() in d:\Crm.Interfaces\CarModelFromSapToCrm\CarModelFromSapToCrm\BL.cs:line 126
[2017.07.24]	Error: Incorrect syntax near 'new_i_warranty'.. Error in DAL.GetAllCases.
[2017.07.24]	on code : SF6A338 A validation error occurred.  The value of 'new_i_warranty' on record of type 'new_car_model' is outside the valid range. 
Server stack trace: 
   at System.ServiceModel.Channels.ServiceChannel.HandleReply(ProxyOperationRuntime operation, ProxyRpc& rpc)
   at System.ServiceModel.Channels.ServiceChannel.Call(String action, Boolean oneway, ProxyOperationRuntime operation, Object[] ins, Object[] outs, TimeSpan timeout)
   at System.ServiceModel.Channels.ServiceChannel.Call(String action, Boolean oneway, ProxyOperationRuntime operation, Object[] ins, Object[] outs)
   at System.ServiceModel.Channels.ServiceChannelProxy.InvokeService(IMethodCallMessage methodCall, ProxyOperationRuntime operation)
   at System.ServiceModel.Channels.ServiceChannelProxy.Invoke(IMessage message)

Exception rethrown at [0]: 
   at System.Runtime.Remoting.Proxies.RealProxy.HandleReturnMessage(IMessage reqMsg, IMessage retMsg)
   at System.Runtime.Remoting.Proxies.RealProxy.PrivateInvoke(MessageData& msgData, Int32 type)
   at Microsoft.Xrm.Sdk.IOrganizationService.Update(Entity entity)
   at Microsoft.Xrm.Sdk.Client.OrganizationServiceProxy.UpdateCore(Entity entity)
   at Microsoft.Xrm.Sdk.Client.OrganizationServiceProxy.Update(Entity entity)
   at CarModelFromSapToCrm.BL.StartInterface() in d:\Crm.Interfaces\CarModelFromSapToCrm\CarModelFromSapToCrm\BL.cs:line 126
[2017.07.24]	Error: Incorrect syntax near 'new_i_warranty'.. Error in DAL.GetAllCases.
[2017.07.24]	on code : TRADE_IN A validation error occurred.  The value of 'new_i_warranty' on record of type 'new_car_model' is outside the valid range. 
Server stack trace: 
   at System.ServiceModel.Channels.ServiceChannel.HandleReply(ProxyOperationRuntime operation, ProxyRpc& rpc)
   at System.ServiceModel.Channels.ServiceChannel.Call(String action, Boolean oneway, ProxyOperationRuntime operation, Object[] ins, Object[] outs, TimeSpan timeout)
   at System.ServiceModel.Channels.ServiceChannel.Call(String action, Boolean oneway, ProxyOperationRuntime operation, Object[] ins, Object[] outs)
   at System.ServiceModel.Channels.ServiceChannelProxy.InvokeService(IMethodCallMessage methodCall, ProxyOperationRuntime operation)
   at System.ServiceModel.Channels.ServiceChannelProxy.Invoke(IMessage message)

Exception rethrown at [0]: 
   at System.Runtime.Remoting.Proxies.RealProxy.HandleReturnMessage(IMessage reqMsg, IMessage retMsg)
   at System.Runtime.Remoting.Proxies.RealProxy.PrivateInvoke(MessageData& msgData, Int32 type)
   at Microsoft.Xrm.Sdk.IOrganizationService.Update(Entity entity)
   at Microsoft.Xrm.Sdk.Client.OrganizationServiceProxy.UpdateCore(Entity entity)
   at Microsoft.Xrm.Sdk.Client.OrganizationServiceProxy.Update(Entity entity)
   at CarModelFromSapToCrm.BL.StartInterface() in d:\Crm.Interfaces\CarModelFromSapToCrm\CarModelFromSapToCrm\BL.cs:line 126
[2017.07.24]	End: 24/07/2017 12:50:50
[2017.07.24]	Start: 24/07/2017 12:56:15
[2017.07.24]	Start: 24/07/2017 12:57:26
[2017.07.24]	Error: String or binary data would be truncated.
The statement has been terminated.. Error in DAL.GetAllCases.
[2017.07.24]	on code : 46783712 The request channel timed out while waiting for a reply after 00:02:00. Increase the timeout value passed to the call to Request or increase the SendTimeout value on the Binding. The time allotted to this operation may have been a portion of a longer timeout. 
Server stack trace: 
   at System.ServiceModel.Channels.RequestChannel.Request(Message message, TimeSpan timeout)
   at System.ServiceModel.Channels.SecurityChannelFactory`1.SecurityRequestChannel.Request(Message message, TimeSpan timeout)
   at System.ServiceModel.Dispatcher.RequestChannelBinder.Request(Message message, TimeSpan timeout)
   at System.ServiceModel.Channels.ServiceChannel.Call(String action, Boolean oneway, ProxyOperationRuntime operation, Object[] ins, Object[] outs, TimeSpan timeout)
   at System.ServiceModel.Channels.ServiceChannel.Call(String action, Boolean oneway, ProxyOperationRuntime operation, Object[] ins, Object[] outs)
   at System.ServiceModel.Channels.ServiceChannelProxy.InvokeService(IMethodCallMessage methodCall, ProxyOperationRuntime operation)
   at System.ServiceModel.Channels.ServiceChannelProxy.Invoke(IMessage message)

Exception rethrown at [0]: 
   at System.Runtime.Remoting.Proxies.RealProxy.HandleReturnMessage(IMessage reqMsg, IMessage retMsg)
   at System.Runtime.Remoting.Proxies.RealProxy.PrivateInvoke(MessageData& msgData, Int32 type)
   at Microsoft.Xrm.Sdk.IOrganizationService.RetrieveMultiple(QueryBase query)
   at Microsoft.Xrm.Sdk.Client.OrganizationServiceProxy.RetrieveMultipleCore(QueryBase query)
   at Microsoft.Xrm.Sdk.Client.OrganizationServiceProxy.RetrieveMultiple(QueryBase query)
   at CarModelFromSapToCrm.BL.StartInterface() in d:\Crm.Interfaces\CarModelFromSapToCrm\CarModelFromSapToCrm\BL.cs:line 65
[2017.07.24]	Error: Incorrect syntax near 'new_i_warranty'.. Error in DAL.GetAllCases.
[2017.07.24]	on code : DBM_DUMMY_VEHICLE A validation error occurred.  The value of 'new_i_warranty' on record of type 'new_car_model' is outside the valid range. 
Server stack trace: 
   at System.ServiceModel.Channels.ServiceChannel.HandleReply(ProxyOperationRuntime operation, ProxyRpc& rpc)
   at System.ServiceModel.Channels.ServiceChannel.Call(String action, Boolean oneway, ProxyOperationRuntime operation, Object[] ins, Object[] outs, TimeSpan timeout)
   at System.ServiceModel.Channels.ServiceChannel.Call(String action, Boolean oneway, ProxyOperationRuntime operation, Object[] ins, Object[] outs)
   at System.ServiceModel.Channels.ServiceChannelProxy.InvokeService(IMethodCallMessage methodCall, ProxyOperationRuntime operation)
   at System.ServiceModel.Channels.ServiceChannelProxy.Invoke(IMessage message)

Exception rethrown at [0]: 
   at System.Runtime.Remoting.Proxies.RealProxy.HandleReturnMessage(IMessage reqMsg, IMessage retMsg)
   at System.Runtime.Remoting.Proxies.RealProxy.PrivateInvoke(MessageData& msgData, Int32 type)
   at Microsoft.Xrm.Sdk.IOrganizationService.Update(Entity entity)
   at Microsoft.Xrm.Sdk.Client.OrganizationServiceProxy.UpdateCore(Entity entity)
   at Microsoft.Xrm.Sdk.Client.OrganizationServiceProxy.Update(Entity entity)
   at CarModelFromSapToCrm.BL.StartInterface() in d:\Crm.Interfaces\CarModelFromSapToCrm\CarModelFromSapToCrm\BL.cs:line 123
[2017.07.24]	Error: Incorrect syntax near 'new_i_warranty'.. Error in DAL.GetAllCases.
[2017.07.24]	on code : DBM_NON_COL_TRUCK A validation error occurred.  The value of 'new_i_warranty' on record of type 'new_car_model' is outside the valid range. 
Server stack trace: 
   at System.ServiceModel.Channels.ServiceChannel.HandleReply(ProxyOperationRuntime operation, ProxyRpc& rpc)
   at System.ServiceModel.Channels.ServiceChannel.Call(String action, Boolean oneway, ProxyOperationRuntime operation, Object[] ins, Object[] outs, TimeSpan timeout)
   at System.ServiceModel.Channels.ServiceChannel.Call(String action, Boolean oneway, ProxyOperationRuntime operation, Object[] ins, Object[] outs)
   at System.ServiceModel.Channels.ServiceChannelProxy.InvokeService(IMethodCallMessage methodCall, ProxyOperationRuntime operation)
   at System.ServiceModel.Channels.ServiceChannelProxy.Invoke(IMessage message)

Exception rethrown at [0]: 
   at System.Runtime.Remoting.Proxies.RealProxy.HandleReturnMessage(IMessage reqMsg, IMessage retMsg)
   at System.Runtime.Remoting.Proxies.RealProxy.PrivateInvoke(MessageData& msgData, Int32 type)
   at Microsoft.Xrm.Sdk.IOrganizationService.Update(Entity entity)
   at Microsoft.Xrm.Sdk.Client.OrganizationServiceProxy.UpdateCore(Entity entity)
   at Microsoft.Xrm.Sdk.Client.OrganizationServiceProxy.Update(Entity entity)
   at CarModelFromSapToCrm.BL.StartInterface() in d:\Crm.Interfaces\CarModelFromSapToCrm\CarModelFromSapToCrm\BL.cs:line 123
[2017.07.24]	Error: String or binary data would be truncated.
The statement has been terminated.. Error in DAL.GetAllCases.
[2017.07.24]	on code : DS4 An error occurred while receiving the HTTP response to https://gil-car.crm4.dynamics.com/XRMServices/2011/Organization.svc. This could be due to the service endpoint binding not using the HTTP protocol. This could also be due to an HTTP request context being aborted by the server (possibly due to the service shutting down). See server logs for more details. 
Server stack trace: 
   at System.ServiceModel.Channels.HttpChannelUtilities.ProcessGetResponseWebException(WebException webException, HttpWebRequest request, HttpAbortReason abortReason)
   at System.ServiceModel.Channels.HttpChannelFactory`1.HttpRequestChannel.HttpChannelRequest.WaitForReply(TimeSpan timeout)
   at System.ServiceModel.Channels.RequestChannel.Request(Message message, TimeSpan timeout)
   at System.ServiceModel.Channels.SecurityChannelFactory`1.SecurityRequestChannel.Request(Message message, TimeSpan timeout)
   at System.ServiceModel.Dispatcher.RequestChannelBinder.Request(Message message, TimeSpan timeout)
   at System.ServiceModel.Channels.ServiceChannel.Call(String action, Boolean oneway, ProxyOperationRuntime operation, Object[] ins, Object[] outs, TimeSpan timeout)
   at System.ServiceModel.Channels.ServiceChannel.Call(String action, Boolean oneway, ProxyOperationRuntime operation, Object[] ins, Object[] outs)
   at System.ServiceModel.Channels.ServiceChannelProxy.InvokeService(IMethodCallMessage methodCall, ProxyOperationRuntime operation)
   at System.ServiceModel.Channels.ServiceChannelProxy.Invoke(IMessage message)

Exception rethrown at [0]: 
   at System.Runtime.Remoting.Proxies.RealProxy.HandleReturnMessage(IMessage reqMsg, IMessage retMsg)
   at System.Runtime.Remoting.Proxies.RealProxy.PrivateInvoke(MessageData& msgData, Int32 type)
   at Microsoft.Xrm.Sdk.IOrganizationService.RetrieveMultiple(QueryBase query)
   at Microsoft.Xrm.Sdk.Client.OrganizationServiceProxy.RetrieveMultipleCore(QueryBase query)
   at Microsoft.Xrm.Sdk.Client.OrganizationServiceProxy.RetrieveMultiple(QueryBase query)
   at CarModelFromSapToCrm.BL.StartInterface() in d:\Crm.Interfaces\CarModelFromSapToCrm\CarModelFromSapToCrm\BL.cs:line 53
[2017.07.24]	Error: String or binary data would be truncated.
The statement has been terminated.. Error in DAL.GetAllCases.
[2017.07.24]	on code : FDU The request channel timed out while waiting for a reply after 00:02:00. Increase the timeout value passed to the call to Request or increase the SendTimeout value on the Binding. The time allotted to this operation may have been a portion of a longer timeout. 
Server stack trace: 
   at System.ServiceModel.Channels.RequestChannel.Request(Message message, TimeSpan timeout)
   at System.ServiceModel.Channels.SecurityChannelFactory`1.SecurityRequestChannel.Request(Message message, TimeSpan timeout)
   at System.ServiceModel.Dispatcher.RequestChannelBinder.Request(Message message, TimeSpan timeout)
   at System.ServiceModel.Channels.ServiceChannel.Call(String action, Boolean oneway, ProxyOperationRuntime operation, Object[] ins, Object[] outs, TimeSpan timeout)
   at System.ServiceModel.Channels.ServiceChannel.Call(String action, Boolean oneway, ProxyOperationRuntime operation, Object[] ins, Object[] outs)
   at System.ServiceModel.Channels.ServiceChannelProxy.InvokeService(IMethodCallMessage methodCall, ProxyOperationRuntime operation)
   at System.ServiceModel.Channels.ServiceChannelProxy.Invoke(IMessage message)

Exception rethrown at [0]: 
   at System.Runtime.Remoting.Proxies.RealProxy.HandleReturnMessage(IMessage reqMsg, IMessage retMsg)
   at System.Runtime.Remoting.Proxies.RealProxy.PrivateInvoke(MessageData& msgData, Int32 type)
   at Microsoft.Xrm.Sdk.IOrganizationService.Update(Entity entity)
   at Microsoft.Xrm.Sdk.Client.OrganizationServiceProxy.UpdateCore(Entity entity)
   at Microsoft.Xrm.Sdk.Client.OrganizationServiceProxy.Update(Entity entity)
   at CarModelFromSapToCrm.BL.StartInterface() in d:\Crm.Interfaces\CarModelFromSapToCrm\CarModelFromSapToCrm\BL.cs:line 123
[2017.07.24]	Error: Incorrect syntax near 'new_i_warranty'.. Error in DAL.GetAllCases.
[2017.07.24]	on code : KA4THJNUZL6 A validation error occurred.  The value of 'new_i_warranty' on record of type 'new_car_model' is outside the valid range. 
Server stack trace: 
   at System.ServiceModel.Channels.ServiceChannel.HandleReply(ProxyOperationRuntime operation, ProxyRpc& rpc)
   at System.ServiceModel.Channels.ServiceChannel.Call(String action, Boolean oneway, ProxyOperationRuntime operation, Object[] ins, Object[] outs, TimeSpan timeout)
   at System.ServiceModel.Channels.ServiceChannel.Call(String action, Boolean oneway, ProxyOperationRuntime operation, Object[] ins, Object[] outs)
   at System.ServiceModel.Channels.ServiceChannelProxy.InvokeService(IMethodCallMessage methodCall, ProxyOperationRuntime operation)
   at System.ServiceModel.Channels.ServiceChannelProxy.Invoke(IMessage message)

Exception rethrown at [0]: 
   at System.Runtime.Remoting.Proxies.RealProxy.HandleReturnMessage(IMessage reqMsg, IMessage retMsg)
   at System.Runtime.Remoting.Proxies.RealProxy.PrivateInvoke(MessageData& msgData, Int32 type)
   at Microsoft.Xrm.Sdk.IOrganizationService.Update(Entity entity)
   at Microsoft.Xrm.Sdk.Client.OrganizationServiceProxy.UpdateCore(Entity entity)
   at Microsoft.Xrm.Sdk.Client.OrganizationServiceProxy.Update(Entity entity)
   at CarModelFromSapToCrm.BL.StartInterface() in d:\Crm.Interfaces\CarModelFromSapToCrm\CarModelFromSapToCrm\BL.cs:line 123
[2017.07.24]	Error: Incorrect syntax near 'new_i_warranty'.. Error in DAL.GetAllCases.
[2017.07.24]	on code : KA4THJRUZL6 A validation error occurred.  The value of 'new_i_warranty' on record of type 'new_car_model' is outside the valid range. 
Server stack trace: 
   at System.ServiceModel.Channels.ServiceChannel.HandleReply(ProxyOperationRuntime operation, ProxyRpc& rpc)
   at System.ServiceModel.Channels.ServiceChannel.Call(String action, Boolean oneway, ProxyOperationRuntime operation, Object[] ins, Object[] outs, TimeSpan timeout)
   at System.ServiceModel.Channels.ServiceChannel.Call(String action, Boolean oneway, ProxyOperationRuntime operation, Object[] ins, Object[] outs)
   at System.ServiceModel.Channels.ServiceChannelProxy.InvokeService(IMethodCallMessage methodCall, ProxyOperationRuntime operation)
   at System.ServiceModel.Channels.ServiceChannelProxy.Invoke(IMessage message)

Exception rethrown at [0]: 
   at System.Runtime.Remoting.Proxies.RealProxy.HandleReturnMessage(IMessage reqMsg, IMessage retMsg)
   at System.Runtime.Remoting.Proxies.RealProxy.PrivateInvoke(MessageData& msgData, Int32 type)
   at Microsoft.Xrm.Sdk.IOrganizationService.Update(Entity entity)
   at Microsoft.Xrm.Sdk.Client.OrganizationServiceProxy.UpdateCore(Entity entity)
   at Microsoft.Xrm.Sdk.Client.OrganizationServiceProxy.Update(Entity entity)
   at CarModelFromSapToCrm.BL.StartInterface() in d:\Crm.Interfaces\CarModelFromSapToCrm\CarModelFromSapToCrm\BL.cs:line 123
[2017.07.24]	Error: Incorrect syntax near 'new_i_warranty'.. Error in DAL.GetAllCases.
[2017.07.24]	on code : SF6A338 A validation error occurred.  The value of 'new_i_warranty' on record of type 'new_car_model' is outside the valid range. 
Server stack trace: 
   at System.ServiceModel.Channels.ServiceChannel.HandleReply(ProxyOperationRuntime operation, ProxyRpc& rpc)
   at System.ServiceModel.Channels.ServiceChannel.Call(String action, Boolean oneway, ProxyOperationRuntime operation, Object[] ins, Object[] outs, TimeSpan timeout)
   at System.ServiceModel.Channels.ServiceChannel.Call(String action, Boolean oneway, ProxyOperationRuntime operation, Object[] ins, Object[] outs)
   at System.ServiceModel.Channels.ServiceChannelProxy.InvokeService(IMethodCallMessage methodCall, ProxyOperationRuntime operation)
   at System.ServiceModel.Channels.ServiceChannelProxy.Invoke(IMessage message)

Exception rethrown at [0]: 
   at System.Runtime.Remoting.Proxies.RealProxy.HandleReturnMessage(IMessage reqMsg, IMessage retMsg)
   at System.Runtime.Remoting.Proxies.RealProxy.PrivateInvoke(MessageData& msgData, Int32 type)
   at Microsoft.Xrm.Sdk.IOrganizationService.Update(Entity entity)
   at Microsoft.Xrm.Sdk.Client.OrganizationServiceProxy.UpdateCore(Entity entity)
   at Microsoft.Xrm.Sdk.Client.OrganizationServiceProxy.Update(Entity entity)
   at CarModelFromSapToCrm.BL.StartInterface() in d:\Crm.Interfaces\CarModelFromSapToCrm\CarModelFromSapToCrm\BL.cs:line 123
[2017.07.24]	Error: Incorrect syntax near 'new_i_warranty'.. Error in DAL.GetAllCases.
[2017.07.24]	on code : TRADE_IN A validation error occurred.  The value of 'new_i_warranty' on record of type 'new_car_model' is outside the valid range. 
Server stack trace: 
   at System.ServiceModel.Channels.ServiceChannel.HandleReply(ProxyOperationRuntime operation, ProxyRpc& rpc)
   at System.ServiceModel.Channels.ServiceChannel.Call(String action, Boolean oneway, ProxyOperationRuntime operation, Object[] ins, Object[] outs, TimeSpan timeout)
   at System.ServiceModel.Channels.ServiceChannel.Call(String action, Boolean oneway, ProxyOperationRuntime operation, Object[] ins, Object[] outs)
   at System.ServiceModel.Channels.ServiceChannelProxy.InvokeService(IMethodCallMessage methodCall, ProxyOperationRuntime operation)
   at System.ServiceModel.Channels.ServiceChannelProxy.Invoke(IMessage message)

Exception rethrown at [0]: 
   at System.Runtime.Remoting.Proxies.RealProxy.HandleReturnMessage(IMessage reqMsg, IMessage retMsg)
   at System.Runtime.Remoting.Proxies.RealProxy.PrivateInvoke(MessageData& msgData, Int32 type)
   at Microsoft.Xrm.Sdk.IOrganizationService.Update(Entity entity)
   at Microsoft.Xrm.Sdk.Client.OrganizationServiceProxy.UpdateCore(Entity entity)
   at Microsoft.Xrm.Sdk.Client.OrganizationServiceProxy.Update(Entity entity)
   at CarModelFromSapToCrm.BL.StartInterface() in d:\Crm.Interfaces\CarModelFromSapToCrm\CarModelFromSapToCrm\BL.cs:line 123
[2017.07.24]	End: 24/07/2017 15:16:38
