[2018.09.17]	Start: 17/09/2018 13:20:23
[2018.09.17]	Start: 17/09/2018 14:39:11
[2018.09.17]	on code : DBM_DUMMY_VEHICLE A validation error occurred.  The value of 'new_i_warranty' on record of type 'new_car_model' is outside the valid range. 
Server stack trace: 
   at System.ServiceModel.Channels.ServiceChannel.HandleReply(ProxyOperationRuntime operation, ProxyRpc& rpc)
   at System.ServiceModel.Channels.ServiceChannel.Call(String action, Boolean oneway, ProxyOperationRuntime operation, Object[] ins, Object[] outs, TimeSpan timeout)
   at System.ServiceModel.Channels.ServiceChannel.Call(String action, Boolean oneway, ProxyOperationRuntime operation, Object[] ins, Object[] outs)
   at System.ServiceModel.Channels.ServiceChannelProxy.InvokeService(IMethodCallMessage methodCall, ProxyOperationRuntime operation)
   at System.ServiceModel.Channels.ServiceChannelProxy.Invoke(IMessage message)

Exception rethrown at [0]: 
   at System.Runtime.Remoting.Proxies.RealProxy.HandleReturnMessage(IMessage reqMsg, IMessage retMsg)
   at System.Runtime.Remoting.Proxies.RealProxy.PrivateInvoke(MessageData& msgData, Int32 type)
   at Microsoft.Xrm.Sdk.IOrganizationService.Create(Entity entity)
   at Microsoft.Xrm.Sdk.Client.OrganizationServiceProxy.CreateCore(Entity entity)
   at Microsoft.Xrm.Sdk.Client.OrganizationServiceProxy.Create(Entity entity)
   at CarModelFromSapToCrm.BL.StartInterface(DateTime start)
[2018.09.17]	on code : DBM_NON_COL_TRUCK A validation error occurred.  The value of 'new_i_warranty' on record of type 'new_car_model' is outside the valid range. 
Server stack trace: 
   at System.ServiceModel.Channels.ServiceChannel.HandleReply(ProxyOperationRuntime operation, ProxyRpc& rpc)
   at System.ServiceModel.Channels.ServiceChannel.Call(String action, Boolean oneway, ProxyOperationRuntime operation, Object[] ins, Object[] outs, TimeSpan timeout)
   at System.ServiceModel.Channels.ServiceChannel.Call(String action, Boolean oneway, ProxyOperationRuntime operation, Object[] ins, Object[] outs)
   at System.ServiceModel.Channels.ServiceChannelProxy.InvokeService(IMethodCallMessage methodCall, ProxyOperationRuntime operation)
   at System.ServiceModel.Channels.ServiceChannelProxy.Invoke(IMessage message)

Exception rethrown at [0]: 
   at System.Runtime.Remoting.Proxies.RealProxy.HandleReturnMessage(IMessage reqMsg, IMessage retMsg)
   at System.Runtime.Remoting.Proxies.RealProxy.PrivateInvoke(MessageData& msgData, Int32 type)
   at Microsoft.Xrm.Sdk.IOrganizationService.Create(Entity entity)
   at Microsoft.Xrm.Sdk.Client.OrganizationServiceProxy.CreateCore(Entity entity)
   at Microsoft.Xrm.Sdk.Client.OrganizationServiceProxy.Create(Entity entity)
   at CarModelFromSapToCrm.BL.StartInterface(DateTime start)
[2018.09.17]	on code : KA4THJNUZL6 A validation error occurred.  The value of 'new_i_warranty' on record of type 'new_car_model' is outside the valid range. 
Server stack trace: 
   at System.ServiceModel.Channels.ServiceChannel.HandleReply(ProxyOperationRuntime operation, ProxyRpc& rpc)
   at System.ServiceModel.Channels.ServiceChannel.Call(String action, Boolean oneway, ProxyOperationRuntime operation, Object[] ins, Object[] outs, TimeSpan timeout)
   at System.ServiceModel.Channels.ServiceChannel.Call(String action, Boolean oneway, ProxyOperationRuntime operation, Object[] ins, Object[] outs)
   at System.ServiceModel.Channels.ServiceChannelProxy.InvokeService(IMethodCallMessage methodCall, ProxyOperationRuntime operation)
   at System.ServiceModel.Channels.ServiceChannelProxy.Invoke(IMessage message)

Exception rethrown at [0]: 
   at System.Runtime.Remoting.Proxies.RealProxy.HandleReturnMessage(IMessage reqMsg, IMessage retMsg)
   at System.Runtime.Remoting.Proxies.RealProxy.PrivateInvoke(MessageData& msgData, Int32 type)
   at Microsoft.Xrm.Sdk.IOrganizationService.Create(Entity entity)
   at Microsoft.Xrm.Sdk.Client.OrganizationServiceProxy.CreateCore(Entity entity)
   at Microsoft.Xrm.Sdk.Client.OrganizationServiceProxy.Create(Entity entity)
   at CarModelFromSapToCrm.BL.StartInterface(DateTime start)
[2018.09.17]	on code : KA4THJRUZL6 A validation error occurred.  The value of 'new_i_warranty' on record of type 'new_car_model' is outside the valid range. 
Server stack trace: 
   at System.ServiceModel.Channels.ServiceChannel.HandleReply(ProxyOperationRuntime operation, ProxyRpc& rpc)
   at System.ServiceModel.Channels.ServiceChannel.Call(String action, Boolean oneway, ProxyOperationRuntime operation, Object[] ins, Object[] outs, TimeSpan timeout)
   at System.ServiceModel.Channels.ServiceChannel.Call(String action, Boolean oneway, ProxyOperationRuntime operation, Object[] ins, Object[] outs)
   at System.ServiceModel.Channels.ServiceChannelProxy.InvokeService(IMethodCallMessage methodCall, ProxyOperationRuntime operation)
   at System.ServiceModel.Channels.ServiceChannelProxy.Invoke(IMessage message)

Exception rethrown at [0]: 
   at System.Runtime.Remoting.Proxies.RealProxy.HandleReturnMessage(IMessage reqMsg, IMessage retMsg)
   at System.Runtime.Remoting.Proxies.RealProxy.PrivateInvoke(MessageData& msgData, Int32 type)
   at Microsoft.Xrm.Sdk.IOrganizationService.Create(Entity entity)
   at Microsoft.Xrm.Sdk.Client.OrganizationServiceProxy.CreateCore(Entity entity)
   at Microsoft.Xrm.Sdk.Client.OrganizationServiceProxy.Create(Entity entity)
   at CarModelFromSapToCrm.BL.StartInterface(DateTime start)
[2018.09.17]	on code : SF6A338 A validation error occurred.  The value of 'new_i_warranty' on record of type 'new_car_model' is outside the valid range. 
Server stack trace: 
   at System.ServiceModel.Channels.ServiceChannel.HandleReply(ProxyOperationRuntime operation, ProxyRpc& rpc)
   at System.ServiceModel.Channels.ServiceChannel.Call(String action, Boolean oneway, ProxyOperationRuntime operation, Object[] ins, Object[] outs, TimeSpan timeout)
   at System.ServiceModel.Channels.ServiceChannel.Call(String action, Boolean oneway, ProxyOperationRuntime operation, Object[] ins, Object[] outs)
   at System.ServiceModel.Channels.ServiceChannelProxy.InvokeService(IMethodCallMessage methodCall, ProxyOperationRuntime operation)
   at System.ServiceModel.Channels.ServiceChannelProxy.Invoke(IMessage message)

Exception rethrown at [0]: 
   at System.Runtime.Remoting.Proxies.RealProxy.HandleReturnMessage(IMessage reqMsg, IMessage retMsg)
   at System.Runtime.Remoting.Proxies.RealProxy.PrivateInvoke(MessageData& msgData, Int32 type)
   at Microsoft.Xrm.Sdk.IOrganizationService.Create(Entity entity)
   at Microsoft.Xrm.Sdk.Client.OrganizationServiceProxy.CreateCore(Entity entity)
   at Microsoft.Xrm.Sdk.Client.OrganizationServiceProxy.Create(Entity entity)
   at CarModelFromSapToCrm.BL.StartInterface(DateTime start)
[2018.09.17]	on code : TRADE_IN A validation error occurred.  The value of 'new_i_warranty' on record of type 'new_car_model' is outside the valid range. 
Server stack trace: 
   at System.ServiceModel.Channels.ServiceChannel.HandleReply(ProxyOperationRuntime operation, ProxyRpc& rpc)
   at System.ServiceModel.Channels.ServiceChannel.Call(String action, Boolean oneway, ProxyOperationRuntime operation, Object[] ins, Object[] outs, TimeSpan timeout)
   at System.ServiceModel.Channels.ServiceChannel.Call(String action, Boolean oneway, ProxyOperationRuntime operation, Object[] ins, Object[] outs)
   at System.ServiceModel.Channels.ServiceChannelProxy.InvokeService(IMethodCallMessage methodCall, ProxyOperationRuntime operation)
   at System.ServiceModel.Channels.ServiceChannelProxy.Invoke(IMessage message)

Exception rethrown at [0]: 
   at System.Runtime.Remoting.Proxies.RealProxy.HandleReturnMessage(IMessage reqMsg, IMessage retMsg)
   at System.Runtime.Remoting.Proxies.RealProxy.PrivateInvoke(MessageData& msgData, Int32 type)
   at Microsoft.Xrm.Sdk.IOrganizationService.Create(Entity entity)
   at Microsoft.Xrm.Sdk.Client.OrganizationServiceProxy.CreateCore(Entity entity)
   at Microsoft.Xrm.Sdk.Client.OrganizationServiceProxy.Create(Entity entity)
   at CarModelFromSapToCrm.BL.StartInterface(DateTime start)
[2018.09.17]	End: 17/09/2018 15:38:04
