[2018.07.22]	
[2018.07.22]	docNum: 1322915 car: 44736501 incident didnt fount . 
[2018.07.22]	docNum: 1293792 car: 2577734 incident didnt fount . 
[2018.07.22]	docNum: 1322899 car: 7391526 incident didnt fount . 
[2018.07.22]	docNum: 1215292 car: 2322731 incident didnt fount . 
[2018.07.22]	docNum: 1323327 car: 7505626 incident didnt fount . 
[2018.07.22]	docNum: 1315572 car: 5852239 incident didnt fount . 
[2018.07.22]	docNum: 1299396 car: 7741709 incident didnt fount . 
[2018.07.22]	docNum: 1314813 car: 1559437 incident didnt fount . 
[2018.07.22]	docNum: 1323136 car: 16915401 incident didnt fount . 
[2018.07.22]	docNum: 1281259 car: 7791786 incident didnt fount . 
[2018.07.22]	docNum: 1323314 car: 7178955 incident didnt fount . 
[2018.07.22]	docNum: 1323283 car: 44739301 incident didnt fount . 
[2018.07.22]	 car 5930331 didnt fount .
[2018.07.22]	docNum: 1324542 car: 1335434 incident didnt fount . 
[2018.07.22]	docNum: 1323970 car: 8974708 incident didnt fount . 
[2018.07.22]	docNum: 1288579 car: 2056332 incident didnt fount . 
[2018.07.22]	 car 9673433 didnt fount .
[2018.07.22]	docNum: 1223467 car: 5733030 incident didnt fount . 
[2018.07.22]	 car 26397401 didnt fount .
[2018.07.22]	 car 1227474 didnt fount .
[2018.07.22]	 car 28-819-80 didnt fount .
[2018.07.22]	 car 5385254 didnt fount .
[2018.07.22]	 car 8424266 didnt fount .
[2018.07.22]	 car 1234560 didnt fount .
[2018.07.22]	 car 8633271 didnt fount .
[2018.07.22]	 car 4418672 didnt fount .
[2018.07.22]	docNum: 1310027 car: 12202901 incident didnt fount . 
[2018.07.22]	docNum: 1306404 car: 7657355 incident didnt fount . 
[2018.07.22]	 car 2611132 didnt fount .
[2018.07.22]	 car 9793826 didnt fount .
[2018.07.22]	 car 5408986 didnt fount .
[2018.07.22]	docNum: 1197896 car: 15785901 incident didnt fount . 
[2018.07.22]	 car 25-400-37 didnt fount .
[2018.07.22]	 car 9118063 didnt fount .
[2018.07.22]	 car 4022378 didnt fount .
[2018.07.22]	 car 90466701 didnt fount .
[2018.07.22]	 car 8261559 didnt fount .
[2018.07.22]	 car 50632901 didnt fount .
[2018.07.22]	 car 8332466 didnt fount .
[2018.07.22]	 car 1439454 didnt fount .
[2018.07.22]	 car 2484811 didnt fount .
[2018.07.22]	 car 9572478 didnt fount .
[2018.07.22]	 car 6908039 didnt fount .
[2018.07.22]	 car 7240066 didnt fount .
[2018.07.22]	 car 7041878 didnt fount .
[2018.07.22]	 car 3901331 didnt fount .
[2018.07.22]	 car 57-757-30 didnt fount .
[2018.07.22]	 car 5500334 didnt fount .
[2018.07.22]	 car 41-544-34 didnt fount .
[2018.07.22]	 car 23-333-37 didnt fount .
[2018.07.22]	 car 31-840-30 didnt fount .
[2018.07.22]	 car 17-225-73 didnt fount .
[2018.07.22]	 car 48-820-38 didnt fount .
[2018.07.22]	 car 64-815-52 didnt fount .
[2018.07.22]	 car 2480831 didnt fount .
[2018.07.22]	 car 16-238-38 didnt fount .
[2018.07.22]	 car 94-058-34 didnt fount .
[2018.07.22]	docNum: 1303504 car: 7005230 incident didnt fount . 
[2018.07.22]	 car 4733381 didnt fount .
[2018.07.22]	 car 5500334 didnt fount .
[2018.07.22]	 car 21-733-37 didnt fount .
[2018.07.22]	 car 9119770 didnt fount .
[2018.07.22]	 car 18-049-31 didnt fount .
[2018.07.22]	 car 75-873-30 didnt fount .
[2018.07.22]	 car 1999939 didnt fount .
[2018.07.22]	 car 31-404-38 didnt fount .
[2018.07.22]	 car 13-190-32 didnt fount .
[2018.07.22]	 car 54-193-32 didnt fount .
[2018.07.22]	 car 67-018-52 didnt fount .
[2018.07.22]	docNum: 1313265 car: 7582239 incident didnt fount . 
[2018.07.22]	docNum: 1315678 car: 2110037 incident didnt fount . 
[2018.07.22]	 car 5660473 didnt fount .
[2018.07.22]	 car 3507055 didnt fount .
[2018.07.22]	 car 9045281 didnt fount .
[2018.07.22]	 car 4629333 didnt fount .
[2018.07.22]	 car 3177685 didnt fount .
[2018.07.22]	 car 96-612-13 didnt fount .
[2018.07.22]	 car 8645471 didnt fount .
[2018.07.22]	 car 3177685 didnt fount .
[2018.07.22]	 car 4629333 didnt fount .
[2018.07.22]	 car 1504712 didnt fount .
[2018.07.22]	 car 8026632 didnt fount .
[2018.07.22]	 car 7470932 didnt fount .
[2018.07.22]	 car 3247955 didnt fount .
[2018.07.22]	 car 3507055 didnt fount .
[2018.07.22]	 car 28-818-80 didnt fount .
[2018.07.22]	 car 6942052 didnt fount .
[2018.07.22]	 car 8080180 didnt fount .
[2018.07.22]	 car 46-585-38 didnt fount .
[2018.07.22]	 car 3391065 didnt fount .
[2018.07.22]	 car 5571366 didnt fount .
[2018.07.22]	 car 36417301 didnt fount .
[2018.07.22]	 car 8888071 didnt fount .
[2018.07.22]	 car 56-989-32 didnt fount .
[2018.07.22]	 car 56-989-32 didnt fount .
[2018.07.22]	 car 6024452 didnt fount .
[2018.07.22]	 car 6716363 didnt fount .
[2018.07.22]	 car 9649332 didnt fount .
[2018.07.22]	docNum: 1308336 car: 8902826 incident didnt fount . 
[2018.07.22]	docNum: 1313563 car: 18055501 incident didnt fount . 
[2018.07.22]	docNum: 1163382 car: 11022701 incident didnt fount . 
[2018.07.22]	docNum: 1088005 car: 8388681 incident didnt fount . 
[2018.07.22]	docNum: 1321306 car: 9779039 incident didnt fount . 
[2018.07.22]	docNum: 1318856 car: 6768855 incident didnt fount . 
[2018.07.22]	docNum: 1319675 car: 8924626 incident didnt fount . 
[2018.07.22]	 car 70-790-79 didnt fount .
[2018.07.22]	 car 9136213 didnt fount .
[2018.07.22]	docNum: 1320353 car: 9654239 incident didnt fount . 
[2018.07.22]	docNum: 1320703 car: 6303030 incident didnt fount . 
[2018.07.22]	 car 7553209 didnt fount .
[2018.07.22]	 car 8000180 didnt fount .
[2018.07.22]	 car 2214823 didnt fount .
[2018.07.22]	docNum: 1320756 car: 1436434 incident didnt fount . 
[2018.07.22]	 car 6578433 didnt fount .
[2018.07.22]	 car 6476727 didnt fount .
[2018.07.22]	 car 5437353 didnt fount .
[2018.07.22]	 car 4730313 didnt fount .
[2018.07.22]	 car 2567238 didnt fount .
[2018.07.22]	 car 9629417 didnt fount .
[2018.07.22]	 car 9313071 didnt fount .
[2018.07.22]	 car 8033379 didnt fount .
[2018.07.22]	 car 5437353 didnt fount .
[2018.07.22]	docNum: 1319205 car: 8497426 incident didnt fount . 
[2018.07.22]	docNum: 1319658 car: 44026201 incident didnt fount . 
[2018.07.22]	docNum: 1317929 car: 10820101 incident didnt fount . 
[2018.07.22]	docNum: 1318746 car: 7541609 incident didnt fount . 
[2018.07.22]	 car 2741678 didnt fount .
[2018.07.22]	docNum: 1311512 car: 5326038 incident didnt fount . 
[2018.07.22]	 car 4584976 didnt fount .
[2018.07.22]	docNum: 1317498 car: 2446734 incident didnt fount . 
[2018.07.22]	 car 4191267 didnt fount .
[2018.07.22]	 car 95-210-33 didnt fount .
[2018.07.22]	 car 6074662 didnt fount .
[2018.07.22]	 car 36010001 didnt fount .
[2018.07.22]	 car 5987970 didnt fount .
[2018.07.22]	 car 90369501 didnt fount .
[2018.07.22]	 car 4183274 didnt fount .
[2018.07.22]	docNum: 1306193 car: 2051638 incident didnt fount . 
[2018.07.22]	docNum: 1317743 car: 6088839 incident didnt fount . 
[2018.07.22]	docNum: 1312141 car: 17472801 incident didnt fount . 
[2018.07.22]	 car  didnt fount .
[2018.07.22]	docNum: 1317508 car: 8418339 incident didnt fount . 
[2018.07.22]	 car 4820732 didnt fount .
[2018.07.22]	docNum: 1307166 car: 50758601 incident didnt fount . 
[2018.07.22]	docNum: 1316514 car: 7931286 incident didnt fount . 
[2018.07.22]	docNum: 1320296 car: 6475055 incident didnt fount . 
[2018.07.22]	 car 1234560 didnt fount .
[2018.07.22]	docNum: 1319934 car: 35153201 incident didnt fount . 
[2018.07.22]	docNum: 1303226 car: 6004939 incident didnt fount . 
[2018.07.22]	docNum: 1310286 car: 8937381 incident didnt fount . 
[2018.07.22]	docNum: 1317987 car: 6170037 incident didnt fount . 
[2018.07.22]	docNum: 1067481 car: 9324526 incident didnt fount . 
[2018.07.22]	docNum: 1320686 car: 2295337 incident didnt fount . 
[2018.07.22]	docNum: 1320749 car: 37141901 incident didnt fount . 
[2018.07.22]	docNum: 1318974 car: 3888834 incident didnt fount . 
[2018.07.22]	docNum: 1318073 car: 39791201 incident didnt fount . 
[2018.07.22]	docNum: 1296476 car: 40100401 incident didnt fount . 
[2018.07.22]	docNum: 1317575 car: 6073539 incident didnt fount . 
[2018.07.22]	 car 2565666 didnt fount .
[2018.07.22]	 car 34-089-31 didnt fount .
[2018.07.22]	 car 29-002-78 didnt fount .
[2018.07.22]	 car 47-022-31 didnt fount .
[2018.07.22]	 car 2205534 didnt fount .
[2018.07.22]	 car 8821212 didnt fount .
[2018.07.22]	 car 53-856-38 didnt fount .
[2018.07.22]	docNum: 1317868 car: 9209852 incident didnt fount . 
[2018.07.22]	docNum: 1317770 car: 1674237 incident didnt fount . 
[2018.07.22]	docNum: 1316766 car: 7771639 incident didnt fount . 
[2018.07.22]	 car 8957584 didnt fount .
[2018.07.22]	 car 7044752 didnt fount .
[2018.07.22]	 car 58-852-66 didnt fount .
[2018.07.22]	 car 45-403-38 didnt fount .
[2018.07.22]	docNum: 1319637 car: 7892109 incident didnt fount . 
[2018.07.22]	 car 5828065 didnt fount .
[2018.07.22]	 car 45-610-11 didnt fount .
[2018.07.22]	 car 5788863 didnt fount .
[2018.07.22]	 car 3042865 didnt fount .
[2018.07.22]	 car 56-523-32 didnt fount .
[2018.07.22]	 car 9204913 didnt fount .
[2018.07.22]	 car 2661274 didnt fount .
[2018.07.22]	 car 8525474 didnt fount .
[2018.07.22]	 car 45-281-32 didnt fount .
[2018.07.22]	 car 34-753-76 didnt fount .
[2018.07.22]	docNum: 1316310 car: 9347726 incident didnt fount . 
[2018.07.22]	docNum: 1219247 car: 1002831 incident didnt fount . 
[2018.07.22]	docNum: 1318071 car: 2327134 incident didnt fount . 
[2018.07.22]	 car 47-245-38 didnt fount .
[2018.07.22]	 car 98-485-33 didnt fount .
[2018.07.22]	 car 91-931-13 didnt fount .
[2018.07.22]	 car 3475169 didnt fount .
[2018.07.22]	 car 5011274 didnt fount .
[2018.07.22]	 car 6942052 didnt fount .
[2018.07.22]	 car 5964873 didnt fount .
[2018.07.22]	docNum: 1254747 car: 36655301 incident didnt fount . 
[2018.07.22]	docNum: 1316580 car: 1674237 incident didnt fount . 
[2018.07.22]	docNum: 1274469 car: 36366701 incident didnt fount . 
[2018.07.22]	 car 31-948-34 didnt fount .
[2018.07.22]	 car 6442866 didnt fount .
[2018.07.22]	docNum: 1302141 car: 7455439 incident didnt fount . 
[2018.07.22]	docNum: 1318818 car: 36221301 incident didnt fount . 
[2018.07.22]	 car 90110201 didnt fount .
[2018.07.22]	 car 5385254 didnt fount .
[2018.07.22]	 car 9649332 didnt fount .
[2018.07.22]	docNum: 1315969 car: 7633355 incident didnt fount . 
[2018.07.22]	 car 4290776 didnt fount .
[2018.07.22]	docNum: 1317494 car: 3963537 incident didnt fount . 
[2018.07.22]	 car 1489267 didnt fount .
[2018.07.22]	 car 88-7852-6 didnt fount .
[2018.07.22]	docNum: 1166275 car: 00000000 incident didnt fount . 
[2018.07.22]	docNum: 1314357 car: 39799001 incident didnt fount . 
[2018.07.22]	docNum: 1316515 car: 7336586 incident didnt fount . 
[2018.07.22]	docNum: 1321625 car: 50525301 incident didnt fount . 
[2018.07.22]	docNum: 1321886 car: 3006237 incident didnt fount . 
[2018.07.22]	docNum: 1317263 car: 39999401 incident didnt fount . 
[2018.07.22]	docNum: 1314355 car: 9686513 incident didnt fount . 
[2018.07.22]	 car 8888888 didnt fount .
[2018.07.22]	 car 5910880 didnt fount .
[2018.07.22]	docNum: 1321419 car: 44769401 incident didnt fount . 
[2018.07.22]	docNum: 1320719 car: 1463739 incident didnt fount . 
[2018.07.22]	 car 19-976-34 didnt fount .
[2018.07.22]	docNum: 1129246 car: 8198080 incident didnt fount . 
[2018.07.22]	 car 6377766 didnt fount .
[2018.07.22]	docNum: 1288925 car: 3487231 incident didnt fount . 
[2018.07.22]	docNum: 1307213 car: 4968937 incident didnt fount . 
[2018.07.22]	docNum: 1318056 car: 52049101 incident didnt fount . 
[2018.07.22]	docNum: 1320924 car: 7595439 incident didnt fount . 
[2018.07.22]	docNum: 1242382 car: 35883801 incident didnt fount . 
[2018.07.22]	docNum: 1321509 car: 6093130 incident didnt fount . 
[2018.07.22]	docNum: 1299508 car: 18073801 incident didnt fount . 
[2018.07.22]	docNum: 1318958 car: 8399280 incident didnt fount . 
[2018.07.22]	docNum: 1321521 car: 8504980 incident didnt fount . 
[2018.07.22]	docNum: 1298392 car: 17887701 incident didnt fount . 
[2018.07.22]	docNum: 1321573 car: 5462474 incident didnt fount . 
[2018.07.22]	docNum: 1313186 car: 22107901 incident didnt fount . 
[2018.07.22]	docNum: 1313902 car: 16642601 incident didnt fount . 
[2018.07.22]	docNum: 1322088 car: 15221901 incident didnt fount . 
[2018.07.22]	docNum: 1322466 car: 9434852 incident didnt fount . 
[2018.07.22]	docNum: 1262541 car: 2110931 incident didnt fount . 
[2018.07.22]	docNum: 1257687 car: 1857131 incident didnt fount . 
[2018.07.22]	docNum: 1321442 car: 49007201 incident didnt fount . 
[2018.07.22]	docNum: 1319951 car: 8395626 incident didnt fount . 
[2018.07.22]	docNum: 1311682 car: 50161201 incident didnt fount . 
[2018.07.22]	docNum: 1230574 car: 11874101 incident didnt fount . 
[2018.07.22]	docNum: 1304938 car: 7264939 incident didnt fount . 
[2018.07.22]	docNum: 1243644 car: 17440301 incident didnt fount . 
[2018.07.22]	docNum: 1226069 car: 11874101 incident didnt fount . 
[2018.07.22]	 car 8244259 didnt fount .
[2018.07.22]	 car 9095979 didnt fount .
[2018.07.22]	 car 5181185 didnt fount .
[2018.07.22]	 car 4200633 didnt fount .
[2018.07.22]	docNum: 1257790 car: 4545776 incident didnt fount . 
[2018.07.22]	docNum: 1254916 car: 2320734 incident didnt fount . 
[2018.07.22]	docNum: 1315949 car: 51802501 incident didnt fount . 
[2018.07.22]	 car 12110501 didnt fount .
[2018.07.22]	 car 9152833 didnt fount .
[2018.07.22]	 car 5226111 didnt fount .
[2018.07.22]	 car 5981970 didnt fount .
[2018.07.22]	 car 3898134 didnt fount .
[2018.07.22]	 car 3898134 didnt fount .
[2018.07.22]	 car 6803030 didnt fount .
[2018.07.22]	docNum: 1275603 car: 17781501 incident didnt fount . 
[2018.07.22]	docNum: 1225089 car: 11672901 incident didnt fount . 
[2018.07.22]	docNum: 1242613 car: 12088501 incident didnt fount . 
[2018.07.22]	 car 1080460 didnt fount .
[2018.07.22]	 car 3507055 didnt fount .
[2018.07.22]	 car 16317401 didnt fount .
[2018.07.22]	 car 9039569 didnt fount .
[2018.07.22]	 car 9793826 didnt fount .
[2018.07.22]	 car 2611132 didnt fount .
[2018.07.22]	docNum: 1317350 car: 5684539 incident didnt fount . 
[2018.07.22]	docNum: 1314897 car: 12451001 incident didnt fount . 
[2018.07.22]	docNum: 1218111 car: 6205530 incident didnt fount . 
[2018.07.22]	docNum: 1317341 car: 25858401 incident didnt fount . 
[2018.07.22]	docNum: 1316403 car: 7833386 incident didnt fount . 
[2018.07.22]	docNum: 1274863 car: 17400801 incident didnt fount . 
[2018.07.22]	docNum: 1314591 car: 5445452 incident didnt fount . 
[2018.07.22]	docNum: 1235996 car: 8734081 incident didnt fount . 
[2018.07.22]	docNum: 1202761 car: 15861101 incident didnt fount . 
[2018.07.22]	docNum: 1316701 car: 51802501 incident didnt fount . 
[2018.07.22]	docNum: 1212826 car: 7527755 incident didnt fount . 
[2018.07.22]	docNum: 1316512 car: 8428780 incident didnt fount . 
[2018.07.22]	docNum: 1211712 car: 26333601 incident didnt fount . 
[2018.07.22]	docNum: 1231752 car: 8972979 incident didnt fount . 
[2018.07.22]	docNum: 1213415 car: 7561439 incident didnt fount . 
[2018.07.22]	docNum: 1249620 car: 12331401 incident didnt fount . 
[2018.07.22]	 car 9123972 didnt fount .
[2018.07.22]	 car 6525362 didnt fount .
[2018.07.22]	docNum: 1311057 car: 8011239 incident didnt fount . 
[2018.07.22]	docNum: 1250653 car: 2704630 incident didnt fount . 
[2018.07.22]	 car 8286132 didnt fount .
[2018.07.22]	docNum: 1315822 car: 50141501 incident didnt fount . 
[2018.07.22]	docNum: 1199260 car: 5666281 incident didnt fount . 
[2018.07.22]	docNum: 1231302 car: 7410186 incident didnt fount . 
[2018.07.22]	 car 2757670 didnt fount .
[2018.07.22]	 car 6649078 didnt fount .
[2018.07.22]	docNum: 1198181 car: 8473980 incident didnt fount . 
[2018.07.22]	 car 6908039 didnt fount .
[2018.07.22]	docNum: 1202766 car: 8201786 incident didnt fount . 
[2018.07.22]	docNum: 1310848 car: 38794901 incident didnt fount . 
[2018.07.22]	docNum: 1311667 car: 6098639 incident didnt fount . 
[2018.07.22]	docNum: 1202350 car: 4224432 incident didnt fount . 
[2018.07.22]	docNum: 1311226 car: 3960337 incident didnt fount . 
[2018.07.22]	docNum: 1122579 car: 7626939 incident didnt fount . 
[2018.07.22]	docNum: 1262238 car: 8409471 incident didnt fount . 
[2018.07.22]	docNum: 1235703 car: 5042130 incident didnt fount . 
[2018.07.22]	docNum: 1314051 car: 8509926 incident didnt fount . 
[2018.07.22]	docNum: 1265063 car: 8533326 incident didnt fount . 
[2018.07.22]	docNum: 1287176 car: 6318386 incident didnt fount . 
[2018.07.22]	docNum: 1244182 car: 11603401 incident didnt fount . 
[2018.07.22]	docNum: 1250731 car: 35882901 incident didnt fount . 
[2018.07.22]	 car 5706437 didnt fount .
[2018.07.22]	docNum: 1199246 car: 9347339 incident didnt fount . 
[2018.07.22]	 car 5277312 didnt fount .
[2018.07.22]	docNum: 1282627 car: 16317101 incident didnt fount . 
[2018.07.22]	docNum: 1303094 car: 11744401 incident didnt fount . 
[2018.07.22]	docNum: 1310462 car: 11850901 incident didnt fount . 
[2018.07.22]	docNum: 1314681 car: 40190701 incident didnt fount . 
[2018.07.22]	 car 3804470 didnt fount .
[2018.07.22]	 car 5206017 didnt fount .
[2018.07.22]	 car 1542759 didnt fount .
[2018.07.22]	 car 13-586-31 didnt fount .
[2018.07.22]	docNum: 1202157 car: 11673301 incident didnt fount . 
[2018.07.22]	docNum: 1313893 car: 39919201 incident didnt fount . 
[2018.07.22]	docNum: 1219163 car: 2043932 incident didnt fount . 
[2018.07.22]	docNum: 1310839 car: 6059855 incident didnt fount . 
[2018.07.22]	docNum: 1280574 car: 50042701 incident didnt fount . 
[2018.07.22]	docNum: 1200059 car: 26267001 incident didnt fount . 
[2018.07.22]	docNum: 1228111 car: 17708101 incident didnt fount . 
[2018.07.22]	docNum: 1259461 car: 8533026 incident didnt fount . 
[2018.07.22]	docNum: 1243623 car: 11269501 incident didnt fount . 
[2018.07.22]	docNum: 1201545 car: 7718680 incident didnt fount . 
[2018.07.22]	docNum: 1310819 car: 5929932 incident didnt fount . 
[2018.07.22]	docNum: 1314042 car: 40111101 incident didnt fount . 
[2018.07.22]	docNum: 1255963 car: 12360701 incident didnt fount . 
[2018.07.22]	 car 9045281 didnt fount .
[2018.07.22]	docNum: 1253927 car: 7949186 incident didnt fount . 
[2018.07.22]	docNum: 1313180 car: 7768639 incident didnt fount . 
[2018.07.22]	docNum: 1316343 car: 2305637 incident didnt fount . 
[2018.07.22]	docNum: 1235971 car: 8498826 incident didnt fount . 
[2018.07.22]	docNum: 1275521 car: 40153501 incident didnt fount . 
[2018.07.22]	docNum: 1274855 car: 16184401 incident didnt fount . 
[2018.07.22]	docNum: 1314148 car: 4582837 incident didnt fount . 
[2018.07.22]	docNum: 1257998 car: 4112331 incident didnt fount . 
[2018.07.22]	 car 5753955 didnt fount .
[2018.07.22]	docNum: 1314170 car: 48980501 incident didnt fount . 
[2018.07.22]	docNum: 1238232 car: 4866832 incident didnt fount . 
[2018.07.22]	docNum: 1285935 car: 22112301 incident didnt fount . 
[2018.07.22]	docNum: 1317359 car: 9054481 incident didnt fount . 
[2018.07.22]	 car 3831474 didnt fount .
[2018.07.22]	 car 9313071 didnt fount .
[2018.07.22]	 car 8888071 didnt fount .
[2018.07.22]	docNum: 1306353 car: 1387738 incident didnt fount . 
[2018.07.22]	docNum: 1310005 car: 6058455 incident didnt fount . 
[2018.07.22]	 car 9757672 didnt fount .
[2018.07.22]	docNum: 1277441 car: 8399280 incident didnt fount . 
[2018.07.22]	docNum: 1259960 car: 12224901 incident didnt fount . 
[2018.07.22]	docNum: 1317833 car: 1023034 incident didnt fount . 
[2018.07.22]	docNum: 1317997 car: 12121201 incident didnt fount . 
[2018.07.22]	docNum: 1292084 car: 0000000 incident didnt fount . 
[2018.07.22]	 car 28066101 didnt fount .
[2018.07.22]	docNum: 1201358 car: 5594332 incident didnt fount . 
[2018.07.22]	docNum: 1306410 car: 6028255 incident didnt fount . 
[2018.07.22]	 car 31-001-66 didnt fount .
[2018.07.22]	 car 8412973 didnt fount .
[2018.07.22]	docNum: 1312123 car: 34921301 incident didnt fount . 
[2018.07.22]	docNum: 1293950 car: 4427537 incident didnt fount . 
[2018.07.22]	 car 3607676 didnt fount .
[2018.07.22]	 car 5868355 didnt fount .
[2018.07.22]	docNum: 1309922 car: 8941526 incident didnt fount . 
[2018.07.22]	docNum: 1316480 car: 1674237 incident didnt fount . 
[2018.07.22]	docNum: 1310815 car: 8878781 incident didnt fount . 
[2018.07.22]	docNum: 1316248 car: 50105601 incident didnt fount . 
[2018.07.22]	docNum: 1314041 car: 7734439 incident didnt fount . 
[2018.07.22]	docNum: 1151596 car: 7888886 incident didnt fount . 
[2018.07.22]	docNum: 1280587 car: 50785401 incident didnt fount . 
[2018.07.22]	docNum: 1234728 car: 3889832 incident didnt fount . 
[2018.07.22]	docNum: 1198652 car: 3096638 incident didnt fount . 
[2018.07.22]	docNum: 1310306 car: 7756709 incident didnt fount . 
[2018.07.22]	docNum: 1244209 car: 11650301 incident didnt fount . 
[2018.07.22]	 car 8404764 didnt fount .
[2018.07.22]	 car 93-444-33 didnt fount .
[2018.07.22]	 car 9123972 didnt fount .
[2018.07.22]	 car 9451413 didnt fount .
[2018.07.22]	docNum: 1243636 car: 11337001 incident didnt fount . 
[2018.07.22]	docNum: 1313872 car: 3846531 incident didnt fount . 
[2018.07.22]	docNum: 1243384 car: 11269301 incident didnt fount . 
[2018.07.22]	docNum: 1310700 car: 39999401 incident didnt fount . 
[2018.07.22]	 car 43-286-11 didnt fount .
[2018.07.22]	 car 2922974 didnt fount .
[2018.07.22]	docNum: 1316585 car: 17182101 incident didnt fount . 
[2018.07.22]	docNum: 1314393 car: 39919201 incident didnt fount . 
[2018.07.22]	 car 9649332 didnt fount .
[2018.07.22]	 car 8221268 didnt fount .
[2018.07.22]	 car 31-400-31 didnt fount .
[2018.07.22]	docNum: 1334510 car: 8222286 incident didnt fount . 
[2018.07.22]	docNum: 1333646 car: 17111201 incident didnt fount . 
[2018.07.22]	docNum: 1329593 car: 2899634 incident didnt fount . 
[2018.07.22]	docNum: 1334353 car: 2723411 incident didnt fount . 
[2018.07.22]	docNum: 1335527 car: 4986432 incident didnt fount . 
[2018.07.22]	docNum: 1333472 car: 11955601 incident didnt fount . 
[2018.07.22]	docNum: 1335825 car: 40005701 incident didnt fount . 
[2018.07.22]	docNum: 1335843 car: 8179839 incident didnt fount . 
[2018.07.22]	docNum: 1334509 car: 8217639 incident didnt fount . 
[2018.07.22]	docNum: 1336118 car: 4719537 incident didnt fount . 
[2018.07.22]	docNum: 1335660 car: 17775001 incident didnt fount . 
[2018.07.22]	docNum: 1333175 car: 12195101 incident didnt fount . 
[2018.07.22]	 car 9967675 didnt fount .
[2018.07.22]	 car 61-625-72 didnt fount .
[2018.07.22]	 car 53-752-11 didnt fount .
[2018.07.22]	 car 769130 didnt fount .
[2018.07.22]	 car 23-469-31 didnt fount .
[2018.07.22]	 car 8511478 didnt fount .
[2018.07.22]	 car 8801466 didnt fount .
[2018.07.22]	 car 27-937-34 didnt fount .
[2018.07.22]	 car 29-615-30 didnt fount .
[2018.07.22]	 car 14-930-32 didnt fount .
[2018.07.22]	docNum: 1261607 car: 7194479 incident didnt fount . 
[2018.07.22]	docNum: 1192894 car: 8082939 incident didnt fount . 
[2018.07.22]	docNum: 1327051 car: 35995201 incident didnt fount . 
[2018.07.22]	docNum: 1327040 car: 6387181 incident didnt fount . 
[2018.07.22]	docNum: 1218581 car: 7259186 incident didnt fount . 
[2018.07.22]	docNum: 1328245 car: 50871501 incident didnt fount . 
[2018.07.22]	docNum: 1328257 car: 49270001 incident didnt fount . 
[2018.07.22]	docNum: 1299690 car: 8783913 incident didnt fount . 
[2018.07.22]	docNum: 1327750 car: 11846401 incident didnt fount . 
[2018.07.22]	docNum: 1324367 car: 6618455 incident didnt fount . 
[2018.07.22]	docNum: 1115196 car: 1491439 incident didnt fount . 
[2018.07.22]	docNum: 1326133 car: 39799201 incident didnt fount . 
[2018.07.22]	docNum: 1327315 car: 44555501 incident didnt fount . 
[2018.07.22]	docNum: 1308921 car: 8953826 incident didnt fount . 
[2018.07.22]	docNum: 1323760 car: 7633355 incident didnt fount . 
[2018.07.22]	docNum: 1254746 car: 9834839 incident didnt fount . 
[2018.07.22]	docNum: 1327939 car: 7363939 incident didnt fount . 
[2018.07.22]	docNum: 1244639 car: 9525133 incident didnt fount . 
[2018.07.22]	 car 2498667 didnt fount .
[2018.07.22]	docNum: 1327190 car: 5962952 incident didnt fount . 
[2018.07.22]	docNum: 1323632 car: 49520101 incident didnt fount . 
[2018.07.22]	docNum: 1232546 car: 3198834 incident didnt fount . 
[2018.07.22]	docNum: 1327101 car: 17775601 incident didnt fount . 
[2018.07.22]	docNum: 1328066 car: 17183801 incident didnt fount . 
[2018.07.22]	docNum: 1327041 car: 6390281 incident didnt fount . 
[2018.07.22]	docNum: 1327047 car: 52260301 incident didnt fount . 
[2018.07.22]	docNum: 1309663 car: 7456339 incident didnt fount . 
[2018.07.22]	docNum: 1187214 car: 9921839 incident didnt fount . 
[2018.07.22]	docNum: 1328124 car: 6311239 incident didnt fount . 
[2018.07.22]	docNum: 1328416 car: 6903955 incident didnt fount . 
[2018.07.22]	docNum: 1328055 car: 51785401 incident didnt fount . 
[2018.07.22]	docNum: 1268013 car: 15785901 incident didnt fount . 
[2018.07.22]	docNum: 1253891 car: 35966901 incident didnt fount . 
[2018.07.22]	docNum: 1327334 car: 44926201 incident didnt fount . 
[2018.07.22]	docNum: 1007346 car: 6445555 incident didnt fount . 
[2018.07.22]	docNum: 1191940 car: 1423939 incident didnt fount . 
[2018.07.22]	docNum: 1197310 car: 15723001 incident didnt fount . 
[2018.07.22]	docNum: 1314156 car: 8042826 incident didnt fount . 
[2018.07.22]	docNum: 992854 car: 1166933 incident didnt fount . 
[2018.07.22]	docNum: 1329295 car: 9794326 incident didnt fount . 
[2018.07.22]	 car 2646437 didnt fount .
[2018.07.22]	docNum: 1015917 car: 7710939 incident didnt fount . 
[2018.07.22]	docNum: 1015708 car: 2015332 incident didnt fount . 
[2018.07.22]	docNum: 1315106 car: 8590080 incident didnt fount . 
[2018.07.22]	 car 66-703-32 didnt fount .
[2018.07.22]	 car 25-242-31 didnt fount .
[2018.07.22]	 car 6229271 didnt fount .
[2018.07.22]	 car 17795601 didnt fount .
[2018.07.22]	docNum: 1073068 car: 8313830 incident didnt fount . 
[2018.07.22]	docNum: 1076789 car: 2426231 incident didnt fount . 
[2018.07.22]	docNum: 1324314 car: 25311201 incident didnt fount . 
[2018.07.22]	docNum: 1322365 car: 8079680 incident didnt fount . 
[2018.07.22]	docNum: 1324018 car: 1336439 incident didnt fount . 
[2018.07.22]	docNum: 1324130 car: 9647634 incident didnt fount . 
[2018.07.22]	docNum: 1316574 car: 40007601 incident didnt fount . 
[2018.07.22]	docNum: 1323767 car: 12195101 incident didnt fount . 
[2018.07.22]	docNum: 1325270 car: 44702301 incident didnt fount . 
[2018.07.22]	 car 7359078 didnt fount .
[2018.07.22]	docNum: 1324658 car: 44379301 incident didnt fount . 
[2018.07.22]	docNum: 1324093 car: 15605201 incident didnt fount . 
[2018.07.22]	docNum: 1323821 car: 2652980 incident didnt fount . 
[2018.07.22]	docNum: 1327157 car: 4564737 incident didnt fount . 
[2018.07.22]	docNum: 1326451 car: 6067237 incident didnt fount . 
[2018.07.22]	docNum: 1327002 car: 39008401 incident didnt fount . 
[2018.07.22]	docNum: 1222445 car: 8484926 incident didnt fount . 
[2018.07.22]	docNum: 1327096 car: 12140101 incident didnt fount . 
[2018.07.22]	docNum: 1235778 car: 8008680 incident didnt fount . 
[2018.07.22]	docNum: 1328244 car: 50723301 incident didnt fount . 
[2018.07.22]	 car 7396666 didnt fount .
[2018.07.22]	docNum: 1327523 car: 7090326 incident didnt fount . 
[2018.07.22]	docNum: 1326507 car: 9797026 incident didnt fount . 
[2018.07.22]	docNum: 1326281 car: 6624155 incident didnt fount . 
[2018.07.22]	docNum: 1324888 car: 1353337 incident didnt fount . 
[2018.07.22]	docNum: 1326230 car: 8255786 incident didnt fount . 
[2018.07.22]	docNum: 1326379 car: 8922226 incident didnt fount . 
[2018.07.22]	docNum: 1326664 car: 39999401 incident didnt fount . 
[2018.07.22]	docNum: 1316311 car: 52023601 incident didnt fount . 
[2018.07.22]	docNum: 1326799 car: 40218701 incident didnt fount . 
[2018.07.22]	docNum: 1326278 car: 2056332 incident didnt fount . 
[2018.07.22]	docNum: 1319818 car: 50936401 incident didnt fount . 
[2018.07.22]	docNum: 1327095 car: 16131301 incident didnt fount . 
[2018.07.22]	 car 41048001 didnt fount .
[2018.07.22]	docNum: 1326295 car: 5942237 incident didnt fount . 
[2018.07.22]	docNum: 1096546 car: 5977766 incident didnt fount . 
[2018.07.22]	docNum: 1300081 car: 16067601 incident didnt fount . 
[2018.07.22]	 car 17795601 didnt fount .
[2018.07.22]	docNum: 1294594 car: 3101734 incident didnt fount . 
[2018.07.22]	 car 9006179 didnt fount .
[2018.07.22]	 car 5092231 didnt fount .
[2018.07.22]	docNum: 1302680 car: 8874726 incident didnt fount . 
[2018.07.22]	 car 3066674 didnt fount .
[2018.07.22]	docNum: 1317178 car: 7464409 incident didnt fount . 
[2018.07.22]	 car 11800401 didnt fount .
[2018.07.22]	docNum: 1222719 car: 4150954 incident didnt fount . 
[2018.07.22]	docNum: 1221930 car: 3956739 incident didnt fount . 
[2018.07.22]	 car 2963467 didnt fount .
[2018.07.22]	 car 8286132 didnt fount .
[2018.07.22]	 car 9016553 didnt fount .
[2018.07.22]	 car 3901331 didnt fount .
[2018.07.22]	docNum: 1332127 car: 2834730 incident didnt fount . 
[2018.07.22]	docNum: 1332098 car: 2652334 incident didnt fount . 
[2018.07.22]	docNum: 1332128 car: 5739753 incident didnt fount . 
[2018.07.22]	docNum: 1330848 car: 44579101 incident didnt fount . 
[2018.07.22]	docNum: 1332414 car: 7471439 incident didnt fount . 
[2018.07.22]	docNum: 1331564 car: 52334601 incident didnt fount . 
[2018.07.22]	docNum: 1332374 car: 6556239 incident didnt fount . 
[2018.07.22]	docNum: 1333840 car: 52058501 incident didnt fount . 
[2018.07.22]	docNum: 1333504 car: 7303339 incident didnt fount . 
[2018.07.22]	docNum: 1333275 car: 4765837 incident didnt fount . 
[2018.07.22]	docNum: 1333513 car: 44635501 incident didnt fount . 
[2018.07.22]	docNum: 1333218 car: 6432352 incident didnt fount . 
[2018.07.22]	docNum: 1333808 car: 4900708 incident didnt fount . 
[2018.07.22]	docNum: 1333952 car: 15216901 incident didnt fount . 
[2018.07.22]	docNum: 1328420 car: 50525301 incident didnt fount . 
[2018.07.22]	docNum: 981010 car: 7548730 incident didnt fount . 
[2018.07.22]	docNum: 1327301 car: 49196101 incident didnt fount . 
[2018.07.22]	docNum: 1009912 car: 1173534 incident didnt fount . 
[2018.07.22]	docNum: 1023938 car: 2820431 incident didnt fount . 
[2018.07.22]	docNum: 1327083 car: 44729101 incident didnt fount . 
[2018.07.22]	docNum: 1021024 car: 2576031 incident didnt fount . 
[2018.07.22]	docNum: 994309 car: 6311430 incident didnt fount . 
[2018.07.22]	docNum: 1329042 car: 3707537 incident didnt fount . 
[2018.07.22]	docNum: 1328269 car: 55571801 incident didnt fount . 
[2018.07.22]	docNum: 1329079 car: 2444937 incident didnt fount . 
[2018.07.22]	docNum: 1006306 car: 9323439 incident didnt fount . 
[2018.07.22]	docNum: 1008785 car: 9531839 incident didnt fount . 
[2018.07.22]	docNum: 978855 car: 4123232 incident didnt fount . 
[2018.07.22]	docNum: 1007185 car: 1254034 incident didnt fount . 
[2018.07.22]	docNum: 1329101 car: 3888834 incident didnt fount . 
[2018.07.22]	docNum: 1192102 car: 2831637 incident didnt fount . 
[2018.07.22]	docNum: 1327377 car: 37395301 incident didnt fount . 
[2018.07.22]	docNum: 1329301 car: 5666139 incident didnt fount . 
[2018.07.22]	docNum: 1330060 car: 6211855 incident didnt fount . 
[2018.07.22]	docNum: 1330622 car: 3623531 incident didnt fount . 
[2018.07.22]	docNum: 976259 car: 8224634 incident didnt fount . 
[2018.07.22]	docNum: 1331117 car: 11896501 incident didnt fount . 
[2018.07.22]	docNum: 1329426 car: 44369701 incident didnt fount . 
[2018.07.22]	docNum: 1330967 car: 9407381 incident didnt fount . 
[2018.07.22]	docNum: 1332109 car: 8517526 incident didnt fount . 
[2018.07.22]	 car 3071051 didnt fount .
[2018.07.22]	 car 3391065 didnt fount .
[2018.07.22]	docNum: 1332962 car: 35930701 incident didnt fount . 
[2018.07.22]	docNum: 1332693 car: 37459701 incident didnt fount . 
[2018.07.22]	docNum: 1330435 car: 4304332 incident didnt fount . 
[2018.07.22]	docNum: 1328744 car: 7742239 incident didnt fount . 
[2018.07.22]	docNum: 1329655 car: 4307638 incident didnt fount . 
[2018.07.22]	docNum: 1334296 car: 5651932 incident didnt fount . 
[2018.07.22]	docNum: 1332567 car: 1122232 incident didnt fount . 
[2018.07.22]	docNum: 1334389 car: 15578801 incident didnt fount . 
[2018.07.22]	docNum: 1334317 car: 2911137 incident didnt fount . 
[2018.07.22]	docNum: 1333502 car: 2625238 incident didnt fount . 
[2018.07.22]	docNum: 1327094 car: 52018901 incident didnt fount . 
[2018.07.22]	docNum: 1335318 car: 44555501 incident didnt fount . 
[2018.07.22]	docNum: 1335396 car: 5493581 incident didnt fount . 
[2018.07.22]	docNum: 1335284 car: 7179155 incident didnt fount . 
[2018.07.22]	docNum: 1334532 car: 7352755 incident didnt fount . 
[2018.07.22]	docNum: 1335528 car: 55547901 incident didnt fount . 
[2018.07.22]	docNum: 1335491 car: 50996801 incident didnt fount . 
[2018.07.22]	 car 55591601 didnt fount .
[2018.07.22]	
[2018.07.22]	docNum: 1322915 car: 44736501 incident didnt fount . 
[2018.07.22]	docNum: 1293792 car: 2577734 incident didnt fount . 
[2018.07.22]	docNum: 1322899 car: 7391526 incident didnt fount . 
[2018.07.22]	docNum: 1215292 car: 2322731 incident didnt fount . 
[2018.07.22]	docNum: 1323327 car: 7505626 incident didnt fount . 
[2018.07.22]	docNum: 1315572 car: 5852239 incident didnt fount . 
[2018.07.22]	docNum: 1299396 car: 7741709 incident didnt fount . 
[2018.07.22]	docNum: 1314813 car: 1559437 incident didnt fount . 
[2018.07.22]	docNum: 1323136 car: 16915401 incident didnt fount . 
[2018.07.22]	docNum: 1281259 car: 7791786 incident didnt fount . 
[2018.07.22]	docNum: 1323314 car: 7178955 incident didnt fount . 
[2018.07.22]	docNum: 1323283 car: 44739301 incident didnt fount . 
[2018.07.22]	 car 5930331 didnt fount .
[2018.07.22]	docNum: 1324542 car: 1335434 incident didnt fount . 
[2018.07.22]	docNum: 1323970 car: 8974708 incident didnt fount . 
[2018.07.22]	docNum: 1288579 car: 2056332 incident didnt fount . 
[2018.07.22]	 car 9673433 didnt fount .
[2018.07.22]	docNum: 1223467 car: 5733030 incident didnt fount . 
[2018.07.22]	 car 26397401 didnt fount .
[2018.07.22]	 car 1227474 didnt fount .
[2018.07.22]	 car 28-819-80 didnt fount .
[2018.07.22]	 car 5385254 didnt fount .
[2018.07.22]	 car 8424266 didnt fount .
[2018.07.22]	 car 1234560 didnt fount .
[2018.07.22]	 car 8633271 didnt fount .
[2018.07.22]	 car 4418672 didnt fount .
[2018.07.22]	docNum: 1310027 car: 12202901 incident didnt fount . 
[2018.07.22]	docNum: 1306404 car: 7657355 incident didnt fount . 
[2018.07.22]	 car 2611132 didnt fount .
[2018.07.22]	 car 9793826 didnt fount .
[2018.07.22]	 car 5408986 didnt fount .
[2018.07.22]	docNum: 1197896 car: 15785901 incident didnt fount . 
[2018.07.22]	 car 25-400-37 didnt fount .
[2018.07.22]	 car 9118063 didnt fount .
[2018.07.22]	 car 4022378 didnt fount .
[2018.07.22]	 car 90466701 didnt fount .
[2018.07.22]	 car 8261559 didnt fount .
[2018.07.22]	 car 50632901 didnt fount .
[2018.07.22]	 car 8332466 didnt fount .
[2018.07.22]	 car 1439454 didnt fount .
[2018.07.22]	 car 2484811 didnt fount .
[2018.07.22]	 car 9572478 didnt fount .
[2018.07.22]	 car 6908039 didnt fount .
[2018.07.22]	 car 7240066 didnt fount .
[2018.07.22]	 car 7041878 didnt fount .
[2018.07.22]	 car 3901331 didnt fount .
[2018.07.22]	 car 57-757-30 didnt fount .
[2018.07.22]	 car 5500334 didnt fount .
[2018.07.22]	 car 41-544-34 didnt fount .
[2018.07.22]	 car 23-333-37 didnt fount .
[2018.07.22]	 car 31-840-30 didnt fount .
[2018.07.22]	 car 17-225-73 didnt fount .
[2018.07.22]	 car 48-820-38 didnt fount .
[2018.07.22]	 car 64-815-52 didnt fount .
[2018.07.22]	 car 2480831 didnt fount .
[2018.07.22]	 car 16-238-38 didnt fount .
[2018.07.22]	 car 94-058-34 didnt fount .
[2018.07.22]	docNum: 1303504 car: 7005230 incident didnt fount . 
[2018.07.22]	 car 4733381 didnt fount .
[2018.07.22]	 car 5500334 didnt fount .
[2018.07.22]	 car 21-733-37 didnt fount .
[2018.07.22]	 car 9119770 didnt fount .
[2018.07.22]	 car 18-049-31 didnt fount .
[2018.07.22]	 car 75-873-30 didnt fount .
[2018.07.22]	 car 1999939 didnt fount .
[2018.07.22]	 car 31-404-38 didnt fount .
[2018.07.22]	 car 13-190-32 didnt fount .
[2018.07.22]	 car 54-193-32 didnt fount .
[2018.07.22]	 car 67-018-52 didnt fount .
[2018.07.22]	docNum: 1313265 car: 7582239 incident didnt fount . 
[2018.07.22]	docNum: 1315678 car: 2110037 incident didnt fount . 
[2018.07.22]	 car 5660473 didnt fount .
[2018.07.22]	 car 3507055 didnt fount .
[2018.07.22]	 car 9045281 didnt fount .
[2018.07.22]	 car 4629333 didnt fount .
[2018.07.22]	 car 3177685 didnt fount .
[2018.07.22]	 car 96-612-13 didnt fount .
[2018.07.22]	 car 8645471 didnt fount .
[2018.07.22]	 car 3177685 didnt fount .
[2018.07.22]	 car 4629333 didnt fount .
[2018.07.22]	 car 1504712 didnt fount .
[2018.07.22]	 car 8026632 didnt fount .
[2018.07.22]	 car 7470932 didnt fount .
[2018.07.22]	 car 3247955 didnt fount .
[2018.07.22]	 car 3507055 didnt fount .
[2018.07.22]	 car 28-818-80 didnt fount .
[2018.07.22]	 car 6942052 didnt fount .
[2018.07.22]	 car 8080180 didnt fount .
[2018.07.22]	 car 46-585-38 didnt fount .
[2018.07.22]	 car 3391065 didnt fount .
[2018.07.22]	 car 5571366 didnt fount .
[2018.07.22]	 car 36417301 didnt fount .
[2018.07.22]	 car 8888071 didnt fount .
[2018.07.22]	 car 56-989-32 didnt fount .
[2018.07.22]	 car 56-989-32 didnt fount .
[2018.07.22]	 car 6024452 didnt fount .
[2018.07.22]	 car 6716363 didnt fount .
[2018.07.22]	 car 9649332 didnt fount .
[2018.07.22]	docNum: 1308336 car: 8902826 incident didnt fount . 
[2018.07.22]	docNum: 1313563 car: 18055501 incident didnt fount . 
[2018.07.22]	docNum: 1163382 car: 11022701 incident didnt fount . 
[2018.07.22]	docNum: 1088005 car: 8388681 incident didnt fount . 
[2018.07.22]	docNum: 1321306 car: 9779039 incident didnt fount . 
[2018.07.22]	docNum: 1318856 car: 6768855 incident didnt fount . 
[2018.07.22]	docNum: 1319675 car: 8924626 incident didnt fount . 
[2018.07.22]	 car 70-790-79 didnt fount .
[2018.07.22]	 car 9136213 didnt fount .
[2018.07.22]	docNum: 1320353 car: 9654239 incident didnt fount . 
[2018.07.22]	docNum: 1320703 car: 6303030 incident didnt fount . 
[2018.07.22]	 car 7553209 didnt fount .
[2018.07.22]	 car 8000180 didnt fount .
[2018.07.22]	 car 2214823 didnt fount .
[2018.07.22]	docNum: 1320756 car: 1436434 incident didnt fount . 
[2018.07.22]	 car 6578433 didnt fount .
[2018.07.22]	 car 6476727 didnt fount .
[2018.07.22]	 car 5437353 didnt fount .
[2018.07.22]	 car 4730313 didnt fount .
[2018.07.22]	 car 2567238 didnt fount .
[2018.07.22]	 car 9629417 didnt fount .
[2018.07.22]	 car 9313071 didnt fount .
[2018.07.22]	 car 8033379 didnt fount .
[2018.07.22]	 car 5437353 didnt fount .
[2018.07.22]	docNum: 1319205 car: 8497426 incident didnt fount . 
[2018.07.22]	docNum: 1319658 car: 44026201 incident didnt fount . 
[2018.07.22]	docNum: 1317929 car: 10820101 incident didnt fount . 
[2018.07.22]	docNum: 1318746 car: 7541609 incident didnt fount . 
[2018.07.22]	 car 2741678 didnt fount .
[2018.07.22]	docNum: 1311512 car: 5326038 incident didnt fount . 
[2018.07.22]	 car 4584976 didnt fount .
[2018.07.22]	docNum: 1317498 car: 2446734 incident didnt fount . 
[2018.07.22]	 car 4191267 didnt fount .
[2018.07.22]	 car 95-210-33 didnt fount .
[2018.07.22]	 car 6074662 didnt fount .
[2018.07.22]	 car 36010001 didnt fount .
[2018.07.22]	 car 5987970 didnt fount .
[2018.07.22]	 car 90369501 didnt fount .
[2018.07.22]	 car 4183274 didnt fount .
[2018.07.22]	docNum: 1306193 car: 2051638 incident didnt fount . 
[2018.07.22]	docNum: 1317743 car: 6088839 incident didnt fount . 
[2018.07.22]	docNum: 1312141 car: 17472801 incident didnt fount . 
[2018.07.22]	 car  didnt fount .
[2018.07.22]	docNum: 1317508 car: 8418339 incident didnt fount . 
[2018.07.22]	 car 4820732 didnt fount .
[2018.07.22]	docNum: 1307166 car: 50758601 incident didnt fount . 
[2018.07.22]	docNum: 1316514 car: 7931286 incident didnt fount . 
[2018.07.22]	docNum: 1320296 car: 6475055 incident didnt fount . 
[2018.07.22]	 car 1234560 didnt fount .
[2018.07.22]	docNum: 1319934 car: 35153201 incident didnt fount . 
[2018.07.22]	docNum: 1303226 car: 6004939 incident didnt fount . 
[2018.07.22]	docNum: 1310286 car: 8937381 incident didnt fount . 
[2018.07.22]	docNum: 1317987 car: 6170037 incident didnt fount . 
[2018.07.22]	docNum: 1067481 car: 9324526 incident didnt fount . 
[2018.07.22]	docNum: 1320686 car: 2295337 incident didnt fount . 
[2018.07.22]	docNum: 1320749 car: 37141901 incident didnt fount . 
[2018.07.22]	docNum: 1318974 car: 3888834 incident didnt fount . 
[2018.07.22]	docNum: 1318073 car: 39791201 incident didnt fount . 
[2018.07.22]	docNum: 1296476 car: 40100401 incident didnt fount . 
[2018.07.22]	docNum: 1317575 car: 6073539 incident didnt fount . 
[2018.07.22]	 car 2565666 didnt fount .
[2018.07.22]	 car 34-089-31 didnt fount .
[2018.07.22]	 car 29-002-78 didnt fount .
[2018.07.22]	 car 47-022-31 didnt fount .
[2018.07.22]	 car 2205534 didnt fount .
[2018.07.22]	 car 8821212 didnt fount .
[2018.07.22]	 car 53-856-38 didnt fount .
[2018.07.22]	docNum: 1317868 car: 9209852 incident didnt fount . 
[2018.07.22]	docNum: 1317770 car: 1674237 incident didnt fount . 
[2018.07.22]	docNum: 1316766 car: 7771639 incident didnt fount . 
[2018.07.22]	 car 8957584 didnt fount .
[2018.07.22]	 car 7044752 didnt fount .
[2018.07.22]	 car 58-852-66 didnt fount .
[2018.07.22]	 car 45-403-38 didnt fount .
[2018.07.22]	docNum: 1319637 car: 7892109 incident didnt fount . 
[2018.07.22]	 car 5828065 didnt fount .
[2018.07.22]	 car 45-610-11 didnt fount .
[2018.07.22]	 car 5788863 didnt fount .
[2018.07.22]	 car 3042865 didnt fount .
[2018.07.22]	 car 56-523-32 didnt fount .
[2018.07.22]	 car 9204913 didnt fount .
[2018.07.22]	 car 2661274 didnt fount .
[2018.07.22]	 car 8525474 didnt fount .
[2018.07.22]	 car 45-281-32 didnt fount .
[2018.07.22]	 car 34-753-76 didnt fount .
[2018.07.22]	docNum: 1316310 car: 9347726 incident didnt fount . 
[2018.07.22]	docNum: 1219247 car: 1002831 incident didnt fount . 
[2018.07.22]	docNum: 1318071 car: 2327134 incident didnt fount . 
[2018.07.22]	 car 47-245-38 didnt fount .
[2018.07.22]	 car 98-485-33 didnt fount .
[2018.07.22]	 car 91-931-13 didnt fount .
[2018.07.22]	 car 3475169 didnt fount .
[2018.07.22]	 car 5011274 didnt fount .
[2018.07.22]	 car 6942052 didnt fount .
[2018.07.22]	 car 5964873 didnt fount .
[2018.07.22]	docNum: 1254747 car: 36655301 incident didnt fount . 
[2018.07.22]	docNum: 1316580 car: 1674237 incident didnt fount . 
[2018.07.22]	docNum: 1274469 car: 36366701 incident didnt fount . 
[2018.07.22]	 car 31-948-34 didnt fount .
[2018.07.22]	 car 6442866 didnt fount .
[2018.07.22]	docNum: 1302141 car: 7455439 incident didnt fount . 
[2018.07.22]	docNum: 1318818 car: 36221301 incident didnt fount . 
[2018.07.22]	 car 90110201 didnt fount .
[2018.07.22]	 car 5385254 didnt fount .
[2018.07.22]	 car 9649332 didnt fount .
[2018.07.22]	docNum: 1315969 car: 7633355 incident didnt fount . 
[2018.07.22]	 car 4290776 didnt fount .
[2018.07.22]	docNum: 1317494 car: 3963537 incident didnt fount . 
[2018.07.22]	 car 1489267 didnt fount .
[2018.07.22]	 car 88-7852-6 didnt fount .
[2018.07.22]	docNum: 1166275 car: 00000000 incident didnt fount . 
[2018.07.22]	docNum: 1314357 car: 39799001 incident didnt fount . 
[2018.07.22]	docNum: 1316515 car: 7336586 incident didnt fount . 
[2018.07.22]	docNum: 1321625 car: 50525301 incident didnt fount . 
[2018.07.22]	docNum: 1321886 car: 3006237 incident didnt fount . 
[2018.07.22]	docNum: 1317263 car: 39999401 incident didnt fount . 
[2018.07.22]	docNum: 1314355 car: 9686513 incident didnt fount . 
[2018.07.22]	 car 8888888 didnt fount .
[2018.07.22]	 car 5910880 didnt fount .
[2018.07.22]	docNum: 1321419 car: 44769401 incident didnt fount . 
[2018.07.22]	docNum: 1320719 car: 1463739 incident didnt fount . 
[2018.07.22]	 car 19-976-34 didnt fount .
[2018.07.22]	docNum: 1129246 car: 8198080 incident didnt fount . 
[2018.07.22]	 car 6377766 didnt fount .
[2018.07.22]	docNum: 1288925 car: 3487231 incident didnt fount . 
[2018.07.22]	docNum: 1307213 car: 4968937 incident didnt fount . 
[2018.07.22]	docNum: 1318056 car: 52049101 incident didnt fount . 
[2018.07.22]	docNum: 1320924 car: 7595439 incident didnt fount . 
[2018.07.22]	docNum: 1242382 car: 35883801 incident didnt fount . 
[2018.07.22]	docNum: 1321509 car: 6093130 incident didnt fount . 
[2018.07.22]	docNum: 1299508 car: 18073801 incident didnt fount . 
[2018.07.22]	docNum: 1318958 car: 8399280 incident didnt fount . 
[2018.07.22]	docNum: 1321521 car: 8504980 incident didnt fount . 
[2018.07.22]	docNum: 1298392 car: 17887701 incident didnt fount . 
[2018.07.22]	docNum: 1321573 car: 5462474 incident didnt fount . 
[2018.07.22]	docNum: 1313186 car: 22107901 incident didnt fount . 
[2018.07.22]	docNum: 1313902 car: 16642601 incident didnt fount . 
[2018.07.22]	docNum: 1322088 car: 15221901 incident didnt fount . 
[2018.07.22]	docNum: 1322466 car: 9434852 incident didnt fount . 
[2018.07.22]	docNum: 1262541 car: 2110931 incident didnt fount . 
[2018.07.22]	docNum: 1257687 car: 1857131 incident didnt fount . 
[2018.07.22]	docNum: 1321442 car: 49007201 incident didnt fount . 
[2018.07.22]	docNum: 1319951 car: 8395626 incident didnt fount . 
[2018.07.22]	docNum: 1311682 car: 50161201 incident didnt fount . 
[2018.07.22]	docNum: 1230574 car: 11874101 incident didnt fount . 
[2018.07.22]	docNum: 1304938 car: 7264939 incident didnt fount . 
[2018.07.22]	docNum: 1243644 car: 17440301 incident didnt fount . 
[2018.07.22]	docNum: 1226069 car: 11874101 incident didnt fount . 
[2018.07.22]	 car 8244259 didnt fount .
[2018.07.22]	 car 9095979 didnt fount .
[2018.07.22]	 car 5181185 didnt fount .
[2018.07.22]	 car 4200633 didnt fount .
[2018.07.22]	docNum: 1257790 car: 4545776 incident didnt fount . 
[2018.07.22]	docNum: 1254916 car: 2320734 incident didnt fount . 
[2018.07.22]	docNum: 1315949 car: 51802501 incident didnt fount . 
[2018.07.22]	 car 12110501 didnt fount .
[2018.07.22]	 car 9152833 didnt fount .
[2018.07.22]	 car 5226111 didnt fount .
[2018.07.22]	 car 5981970 didnt fount .
[2018.07.22]	 car 3898134 didnt fount .
[2018.07.22]	 car 3898134 didnt fount .
[2018.07.22]	 car 6803030 didnt fount .
[2018.07.22]	docNum: 1275603 car: 17781501 incident didnt fount . 
[2018.07.22]	docNum: 1225089 car: 11672901 incident didnt fount . 
[2018.07.22]	docNum: 1242613 car: 12088501 incident didnt fount . 
[2018.07.22]	 car 1080460 didnt fount .
[2018.07.22]	 car 3507055 didnt fount .
[2018.07.22]	 car 16317401 didnt fount .
[2018.07.22]	 car 9039569 didnt fount .
[2018.07.22]	 car 9793826 didnt fount .
[2018.07.22]	 car 2611132 didnt fount .
[2018.07.22]	docNum: 1317350 car: 5684539 incident didnt fount . 
[2018.07.22]	docNum: 1314897 car: 12451001 incident didnt fount . 
[2018.07.22]	docNum: 1218111 car: 6205530 incident didnt fount . 
[2018.07.22]	docNum: 1317341 car: 25858401 incident didnt fount . 
[2018.07.22]	docNum: 1316403 car: 7833386 incident didnt fount . 
[2018.07.22]	docNum: 1274863 car: 17400801 incident didnt fount . 
[2018.07.22]	docNum: 1314591 car: 5445452 incident didnt fount . 
[2018.07.22]	docNum: 1235996 car: 8734081 incident didnt fount . 
[2018.07.22]	docNum: 1202761 car: 15861101 incident didnt fount . 
[2018.07.22]	docNum: 1316701 car: 51802501 incident didnt fount . 
[2018.07.22]	docNum: 1212826 car: 7527755 incident didnt fount . 
[2018.07.22]	docNum: 1316512 car: 8428780 incident didnt fount . 
[2018.07.22]	docNum: 1211712 car: 26333601 incident didnt fount . 
[2018.07.22]	docNum: 1231752 car: 8972979 incident didnt fount . 
[2018.07.22]	docNum: 1213415 car: 7561439 incident didnt fount . 
[2018.07.22]	docNum: 1249620 car: 12331401 incident didnt fount . 
[2018.07.22]	 car 9123972 didnt fount .
[2018.07.22]	 car 6525362 didnt fount .
[2018.07.22]	docNum: 1311057 car: 8011239 incident didnt fount . 
[2018.07.22]	docNum: 1250653 car: 2704630 incident didnt fount . 
[2018.07.22]	 car 8286132 didnt fount .
[2018.07.22]	docNum: 1315822 car: 50141501 incident didnt fount . 
[2018.07.22]	docNum: 1199260 car: 5666281 incident didnt fount . 
[2018.07.22]	docNum: 1231302 car: 7410186 incident didnt fount . 
[2018.07.22]	 car 2757670 didnt fount .
[2018.07.22]	 car 6649078 didnt fount .
[2018.07.22]	docNum: 1198181 car: 8473980 incident didnt fount . 
[2018.07.22]	 car 6908039 didnt fount .
[2018.07.22]	docNum: 1202766 car: 8201786 incident didnt fount . 
[2018.07.22]	docNum: 1310848 car: 38794901 incident didnt fount . 
[2018.07.22]	docNum: 1311667 car: 6098639 incident didnt fount . 
[2018.07.22]	docNum: 1202350 car: 4224432 incident didnt fount . 
[2018.07.22]	docNum: 1311226 car: 3960337 incident didnt fount . 
[2018.07.22]	docNum: 1122579 car: 7626939 incident didnt fount . 
[2018.07.22]	docNum: 1262238 car: 8409471 incident didnt fount . 
[2018.07.22]	docNum: 1235703 car: 5042130 incident didnt fount . 
[2018.07.22]	docNum: 1314051 car: 8509926 incident didnt fount . 
[2018.07.22]	docNum: 1265063 car: 8533326 incident didnt fount . 
[2018.07.22]	docNum: 1287176 car: 6318386 incident didnt fount . 
[2018.07.22]	docNum: 1244182 car: 11603401 incident didnt fount . 
[2018.07.22]	docNum: 1250731 car: 35882901 incident didnt fount . 
[2018.07.22]	 car 5706437 didnt fount .
[2018.07.22]	docNum: 1199246 car: 9347339 incident didnt fount . 
[2018.07.22]	 car 5277312 didnt fount .
[2018.07.22]	docNum: 1282627 car: 16317101 incident didnt fount . 
[2018.07.22]	docNum: 1303094 car: 11744401 incident didnt fount . 
[2018.07.22]	docNum: 1310462 car: 11850901 incident didnt fount . 
[2018.07.22]	docNum: 1314681 car: 40190701 incident didnt fount . 
[2018.07.22]	 car 3804470 didnt fount .
[2018.07.22]	 car 5206017 didnt fount .
[2018.07.22]	 car 1542759 didnt fount .
[2018.07.22]	 car 13-586-31 didnt fount .
[2018.07.22]	docNum: 1202157 car: 11673301 incident didnt fount . 
[2018.07.22]	docNum: 1313893 car: 39919201 incident didnt fount . 
[2018.07.22]	docNum: 1219163 car: 2043932 incident didnt fount . 
[2018.07.22]	docNum: 1310839 car: 6059855 incident didnt fount . 
[2018.07.22]	docNum: 1280574 car: 50042701 incident didnt fount . 
[2018.07.22]	docNum: 1200059 car: 26267001 incident didnt fount . 
[2018.07.22]	docNum: 1228111 car: 17708101 incident didnt fount . 
[2018.07.22]	docNum: 1259461 car: 8533026 incident didnt fount . 
[2018.07.22]	docNum: 1243623 car: 11269501 incident didnt fount . 
[2018.07.22]	docNum: 1201545 car: 7718680 incident didnt fount . 
[2018.07.22]	docNum: 1310819 car: 5929932 incident didnt fount . 
[2018.07.22]	docNum: 1314042 car: 40111101 incident didnt fount . 
[2018.07.22]	docNum: 1255963 car: 12360701 incident didnt fount . 
[2018.07.22]	 car 9045281 didnt fount .
[2018.07.22]	docNum: 1253927 car: 7949186 incident didnt fount . 
[2018.07.22]	docNum: 1313180 car: 7768639 incident didnt fount . 
[2018.07.22]	docNum: 1316343 car: 2305637 incident didnt fount . 
[2018.07.22]	docNum: 1235971 car: 8498826 incident didnt fount . 
[2018.07.22]	docNum: 1275521 car: 40153501 incident didnt fount . 
[2018.07.22]	docNum: 1274855 car: 16184401 incident didnt fount . 
[2018.07.22]	docNum: 1314148 car: 4582837 incident didnt fount . 
[2018.07.22]	docNum: 1257998 car: 4112331 incident didnt fount . 
[2018.07.22]	 car 5753955 didnt fount .
[2018.07.22]	docNum: 1314170 car: 48980501 incident didnt fount . 
[2018.07.22]	docNum: 1238232 car: 4866832 incident didnt fount . 
[2018.07.22]	docNum: 1285935 car: 22112301 incident didnt fount . 
[2018.07.22]	docNum: 1317359 car: 9054481 incident didnt fount . 
[2018.07.22]	 car 3831474 didnt fount .
[2018.07.22]	 car 9313071 didnt fount .
[2018.07.22]	 car 8888071 didnt fount .
[2018.07.22]	docNum: 1306353 car: 1387738 incident didnt fount . 
[2018.07.22]	docNum: 1310005 car: 6058455 incident didnt fount . 
[2018.07.22]	 car 9757672 didnt fount .
[2018.07.22]	docNum: 1277441 car: 8399280 incident didnt fount . 
[2018.07.22]	docNum: 1259960 car: 12224901 incident didnt fount . 
[2018.07.22]	docNum: 1317833 car: 1023034 incident didnt fount . 
[2018.07.22]	docNum: 1317997 car: 12121201 incident didnt fount . 
[2018.07.22]	docNum: 1292084 car: 0000000 incident didnt fount . 
[2018.07.22]	 car 28066101 didnt fount .
[2018.07.22]	docNum: 1201358 car: 5594332 incident didnt fount . 
[2018.07.22]	docNum: 1306410 car: 6028255 incident didnt fount . 
[2018.07.22]	 car 31-001-66 didnt fount .
[2018.07.22]	 car 8412973 didnt fount .
[2018.07.22]	docNum: 1312123 car: 34921301 incident didnt fount . 
[2018.07.22]	docNum: 1293950 car: 4427537 incident didnt fount . 
[2018.07.22]	 car 3607676 didnt fount .
[2018.07.22]	docNum: 1304999 car: 5868355 incident didnt fount . 
[2018.07.22]	docNum: 1309922 car: 8941526 incident didnt fount . 
[2018.07.22]	docNum: 1316480 car: 1674237 incident didnt fount . 
[2018.07.22]	docNum: 1310815 car: 8878781 incident didnt fount . 
[2018.07.22]	docNum: 1316248 car: 50105601 incident didnt fount . 
[2018.07.22]	docNum: 1314041 car: 7734439 incident didnt fount . 
[2018.07.22]	docNum: 1151596 car: 7888886 incident didnt fount . 
[2018.07.22]	docNum: 1280587 car: 50785401 incident didnt fount . 
[2018.07.22]	docNum: 1234728 car: 3889832 incident didnt fount . 
[2018.07.22]	docNum: 1198652 car: 3096638 incident didnt fount . 
[2018.07.22]	docNum: 1310306 car: 7756709 incident didnt fount . 
[2018.07.22]	docNum: 1244209 car: 11650301 incident didnt fount . 
[2018.07.22]	 car 8404764 didnt fount .
[2018.07.22]	 car 93-444-33 didnt fount .
[2018.07.22]	 car 9123972 didnt fount .
[2018.07.22]	 car 9451413 didnt fount .
[2018.07.22]	docNum: 1243636 car: 11337001 incident didnt fount . 
[2018.07.22]	docNum: 1313872 car: 3846531 incident didnt fount . 
[2018.07.22]	docNum: 1243384 car: 11269301 incident didnt fount . 
[2018.07.22]	docNum: 1310700 car: 39999401 incident didnt fount . 
[2018.07.22]	 car 43-286-11 didnt fount .
[2018.07.22]	 car 2922974 didnt fount .
[2018.07.22]	docNum: 1316585 car: 17182101 incident didnt fount . 
[2018.07.22]	docNum: 1314393 car: 39919201 incident didnt fount . 
[2018.07.22]	 car 9649332 didnt fount .
[2018.07.22]	 car 8221268 didnt fount .
[2018.07.22]	 car 31-400-31 didnt fount .
[2018.07.22]	docNum: 1334510 car: 8222286 incident didnt fount . 
[2018.07.22]	docNum: 1333646 car: 17111201 incident didnt fount . 
[2018.07.22]	docNum: 1329593 car: 2899634 incident didnt fount . 
[2018.07.22]	docNum: 1334353 car: 2723411 incident didnt fount . 
[2018.07.22]	docNum: 1335527 car: 4986432 incident didnt fount . 
[2018.07.22]	docNum: 1333472 car: 11955601 incident didnt fount . 
[2018.07.22]	docNum: 1335825 car: 40005701 incident didnt fount . 
[2018.07.22]	docNum: 1335843 car: 8179839 incident didnt fount . 
[2018.07.22]	docNum: 1334509 car: 8217639 incident didnt fount . 
[2018.07.22]	docNum: 1336118 car: 4719537 incident didnt fount . 
[2018.07.22]	docNum: 1335660 car: 17775001 incident didnt fount . 
[2018.07.22]	docNum: 1333175 car: 12195101 incident didnt fount . 
[2018.07.22]	 car 9967675 didnt fount .
[2018.07.22]	 car 61-625-72 didnt fount .
[2018.07.22]	 car 53-752-11 didnt fount .
[2018.07.22]	 car 769130 didnt fount .
[2018.07.22]	 car 23-469-31 didnt fount .
[2018.07.22]	 car 8511478 didnt fount .
[2018.07.22]	 car 8801466 didnt fount .
[2018.07.22]	 car 27-937-34 didnt fount .
[2018.07.22]	 car 29-615-30 didnt fount .
[2018.07.22]	 car 14-930-32 didnt fount .
[2018.07.22]	docNum: 1261607 car: 7194479 incident didnt fount . 
[2018.07.22]	docNum: 1192894 car: 8082939 incident didnt fount . 
[2018.07.22]	docNum: 1327051 car: 35995201 incident didnt fount . 
[2018.07.22]	docNum: 1327040 car: 6387181 incident didnt fount . 
[2018.07.22]	docNum: 1218581 car: 7259186 incident didnt fount . 
[2018.07.22]	docNum: 1328245 car: 50871501 incident didnt fount . 
[2018.07.22]	docNum: 1328257 car: 49270001 incident didnt fount . 
[2018.07.22]	docNum: 1299690 car: 8783913 incident didnt fount . 
[2018.07.22]	docNum: 1327750 car: 11846401 incident didnt fount . 
[2018.07.22]	docNum: 1324367 car: 6618455 incident didnt fount . 
[2018.07.22]	docNum: 1115196 car: 1491439 incident didnt fount . 
[2018.07.22]	docNum: 1326133 car: 39799201 incident didnt fount . 
[2018.07.22]	docNum: 1327315 car: 44555501 incident didnt fount . 
[2018.07.22]	docNum: 1308921 car: 8953826 incident didnt fount . 
[2018.07.22]	docNum: 1323760 car: 7633355 incident didnt fount . 
[2018.07.22]	docNum: 1254746 car: 9834839 incident didnt fount . 
[2018.07.22]	docNum: 1327939 car: 7363939 incident didnt fount . 
[2018.07.22]	docNum: 1244639 car: 9525133 incident didnt fount . 
[2018.07.22]	 car 2498667 didnt fount .
[2018.07.22]	docNum: 1327190 car: 5962952 incident didnt fount . 
[2018.07.22]	docNum: 1323632 car: 49520101 incident didnt fount . 
[2018.07.22]	docNum: 1232546 car: 3198834 incident didnt fount . 
[2018.07.22]	docNum: 1327101 car: 17775601 incident didnt fount . 
[2018.07.22]	docNum: 1328066 car: 17183801 incident didnt fount . 
[2018.07.22]	docNum: 1327041 car: 6390281 incident didnt fount . 
[2018.07.22]	docNum: 1327047 car: 52260301 incident didnt fount . 
[2018.07.22]	docNum: 1309663 car: 7456339 incident didnt fount . 
[2018.07.22]	docNum: 1187214 car: 9921839 incident didnt fount . 
[2018.07.22]	docNum: 1328124 car: 6311239 incident didnt fount . 
[2018.07.22]	docNum: 1328416 car: 6903955 incident didnt fount . 
[2018.07.22]	docNum: 1328055 car: 51785401 incident didnt fount . 
[2018.07.22]	docNum: 1268013 car: 15785901 incident didnt fount . 
[2018.07.22]	docNum: 1253891 car: 35966901 incident didnt fount . 
[2018.07.22]	docNum: 1327334 car: 44926201 incident didnt fount . 
[2018.07.22]	docNum: 1007346 car: 6445555 incident didnt fount . 
[2018.07.22]	docNum: 1191940 car: 1423939 incident didnt fount . 
[2018.07.22]	docNum: 1197310 car: 15723001 incident didnt fount . 
[2018.07.22]	docNum: 1314156 car: 8042826 incident didnt fount . 
[2018.07.22]	docNum: 992854 car: 1166933 incident didnt fount . 
[2018.07.22]	docNum: 1329295 car: 9794326 incident didnt fount . 
[2018.07.22]	 car 2646437 didnt fount .
[2018.07.22]	docNum: 1015917 car: 7710939 incident didnt fount . 
[2018.07.22]	docNum: 1015708 car: 2015332 incident didnt fount . 
[2018.07.22]	docNum: 1315106 car: 8590080 incident didnt fount . 
[2018.07.22]	 car 66-703-32 didnt fount .
[2018.07.22]	 car 25-242-31 didnt fount .
[2018.07.22]	 car 6229271 didnt fount .
[2018.07.22]	 car 17795601 didnt fount .
[2018.07.22]	docNum: 1073068 car: 8313830 incident didnt fount . 
[2018.07.22]	docNum: 1076789 car: 2426231 incident didnt fount . 
[2018.07.22]	docNum: 1324314 car: 25311201 incident didnt fount . 
[2018.07.22]	docNum: 1322365 car: 8079680 incident didnt fount . 
[2018.07.22]	docNum: 1324018 car: 1336439 incident didnt fount . 
[2018.07.22]	docNum: 1324130 car: 9647634 incident didnt fount . 
[2018.07.22]	docNum: 1316574 car: 40007601 incident didnt fount . 
[2018.07.22]	docNum: 1323767 car: 12195101 incident didnt fount . 
[2018.07.22]	docNum: 1325270 car: 44702301 incident didnt fount . 
[2018.07.22]	 car 7359078 didnt fount .
[2018.07.22]	docNum: 1324658 car: 44379301 incident didnt fount . 
[2018.07.22]	docNum: 1324093 car: 15605201 incident didnt fount . 
[2018.07.22]	docNum: 1323821 car: 2652980 incident didnt fount . 
[2018.07.22]	docNum: 1327157 car: 4564737 incident didnt fount . 
[2018.07.22]	docNum: 1326451 car: 6067237 incident didnt fount . 
[2018.07.22]	docNum: 1327002 car: 39008401 incident didnt fount . 
[2018.07.22]	docNum: 1222445 car: 8484926 incident didnt fount . 
[2018.07.22]	docNum: 1327096 car: 12140101 incident didnt fount . 
[2018.07.22]	docNum: 1235778 car: 8008680 incident didnt fount . 
[2018.07.22]	docNum: 1328244 car: 50723301 incident didnt fount . 
[2018.07.22]	 car 7396666 didnt fount .
[2018.07.22]	docNum: 1327523 car: 7090326 incident didnt fount . 
[2018.07.22]	docNum: 1326507 car: 9797026 incident didnt fount . 
[2018.07.22]	docNum: 1326281 car: 6624155 incident didnt fount . 
[2018.07.22]	docNum: 1324888 car: 1353337 incident didnt fount . 
[2018.07.22]	docNum: 1326230 car: 8255786 incident didnt fount . 
[2018.07.22]	docNum: 1326379 car: 8922226 incident didnt fount . 
[2018.07.22]	docNum: 1326664 car: 39999401 incident didnt fount . 
[2018.07.22]	docNum: 1316311 car: 52023601 incident didnt fount . 
[2018.07.22]	docNum: 1326799 car: 40218701 incident didnt fount . 
[2018.07.22]	docNum: 1326278 car: 2056332 incident didnt fount . 
[2018.07.22]	docNum: 1319818 car: 50936401 incident didnt fount . 
[2018.07.22]	docNum: 1327095 car: 16131301 incident didnt fount . 
[2018.07.22]	 car 41048001 didnt fount .
[2018.07.22]	docNum: 1326295 car: 5942237 incident didnt fount . 
[2018.07.22]	docNum: 1096546 car: 5977766 incident didnt fount . 
[2018.07.22]	docNum: 1300081 car: 16067601 incident didnt fount . 
[2018.07.22]	 car 17795601 didnt fount .
[2018.07.22]	docNum: 1294594 car: 3101734 incident didnt fount . 
[2018.07.22]	 car 9006179 didnt fount .
[2018.07.22]	 car 5092231 didnt fount .
[2018.07.22]	docNum: 1302680 car: 8874726 incident didnt fount . 
[2018.07.22]	 car 3066674 didnt fount .
[2018.07.22]	docNum: 1317178 car: 7464409 incident didnt fount . 
[2018.07.22]	 car 11800401 didnt fount .
[2018.07.22]	docNum: 1222719 car: 4150954 incident didnt fount . 
[2018.07.22]	docNum: 1221930 car: 3956739 incident didnt fount . 
[2018.07.22]	 car 2963467 didnt fount .
[2018.07.22]	 car 8286132 didnt fount .
[2018.07.22]	 car 9016553 didnt fount .
[2018.07.22]	 car 3901331 didnt fount .
[2018.07.22]	docNum: 1332127 car: 2834730 incident didnt fount . 
[2018.07.22]	docNum: 1332098 car: 2652334 incident didnt fount . 
[2018.07.22]	docNum: 1332128 car: 5739753 incident didnt fount . 
[2018.07.22]	docNum: 1330848 car: 44579101 incident didnt fount . 
[2018.07.22]	docNum: 1332414 car: 7471439 incident didnt fount . 
[2018.07.22]	docNum: 1331564 car: 52334601 incident didnt fount . 
[2018.07.22]	docNum: 1332374 car: 6556239 incident didnt fount . 
[2018.07.22]	docNum: 1333840 car: 52058501 incident didnt fount . 
[2018.07.22]	docNum: 1333504 car: 7303339 incident didnt fount . 
[2018.07.22]	docNum: 1333275 car: 4765837 incident didnt fount . 
[2018.07.22]	docNum: 1333513 car: 44635501 incident didnt fount . 
[2018.07.22]	docNum: 1333218 car: 6432352 incident didnt fount . 
[2018.07.22]	docNum: 1333808 car: 4900708 incident didnt fount . 
[2018.07.22]	docNum: 1333952 car: 15216901 incident didnt fount . 
[2018.07.22]	docNum: 1328420 car: 50525301 incident didnt fount . 
[2018.07.22]	docNum: 981010 car: 7548730 incident didnt fount . 
[2018.07.22]	docNum: 1327301 car: 49196101 incident didnt fount . 
[2018.07.22]	docNum: 1009912 car: 1173534 incident didnt fount . 
[2018.07.22]	docNum: 1023938 car: 2820431 incident didnt fount . 
[2018.07.22]	docNum: 1327083 car: 44729101 incident didnt fount . 
[2018.07.22]	docNum: 1021024 car: 2576031 incident didnt fount . 
[2018.07.22]	docNum: 994309 car: 6311430 incident didnt fount . 
[2018.07.22]	docNum: 1329042 car: 3707537 incident didnt fount . 
[2018.07.22]	docNum: 1328269 car: 55571801 incident didnt fount . 
[2018.07.22]	docNum: 1329079 car: 2444937 incident didnt fount . 
[2018.07.22]	docNum: 1006306 car: 9323439 incident didnt fount . 
[2018.07.22]	docNum: 1008785 car: 9531839 incident didnt fount . 
[2018.07.22]	docNum: 978855 car: 4123232 incident didnt fount . 
[2018.07.22]	docNum: 1007185 car: 1254034 incident didnt fount . 
[2018.07.22]	docNum: 1329101 car: 3888834 incident didnt fount . 
[2018.07.22]	docNum: 1192102 car: 2831637 incident didnt fount . 
[2018.07.22]	docNum: 1327377 car: 37395301 incident didnt fount . 
[2018.07.22]	docNum: 1329301 car: 5666139 incident didnt fount . 
[2018.07.22]	docNum: 1330060 car: 6211855 incident didnt fount . 
[2018.07.22]	docNum: 1330622 car: 3623531 incident didnt fount . 
[2018.07.22]	docNum: 976259 car: 8224634 incident didnt fount . 
[2018.07.22]	docNum: 1331117 car: 11896501 incident didnt fount . 
[2018.07.22]	docNum: 1329426 car: 44369701 incident didnt fount . 
[2018.07.22]	docNum: 1330967 car: 9407381 incident didnt fount . 
[2018.07.22]	docNum: 1332109 car: 8517526 incident didnt fount . 
[2018.07.22]	 car 3071051 didnt fount .
[2018.07.22]	 car 3391065 didnt fount .
[2018.07.22]	docNum: 1332962 car: 35930701 incident didnt fount . 
[2018.07.22]	docNum: 1332693 car: 37459701 incident didnt fount . 
[2018.07.22]	docNum: 1330435 car: 4304332 incident didnt fount . 
[2018.07.22]	docNum: 1328744 car: 7742239 incident didnt fount . 
[2018.07.22]	docNum: 1329655 car: 4307638 incident didnt fount . 
[2018.07.22]	docNum: 1334296 car: 5651932 incident didnt fount . 
[2018.07.22]	docNum: 1332567 car: 1122232 incident didnt fount . 
[2018.07.22]	docNum: 1334389 car: 15578801 incident didnt fount . 
[2018.07.22]	docNum: 1334317 car: 2911137 incident didnt fount . 
[2018.07.22]	docNum: 1333502 car: 2625238 incident didnt fount . 
[2018.07.22]	docNum: 1327094 car: 52018901 incident didnt fount . 
[2018.07.22]	docNum: 1335318 car: 44555501 incident didnt fount . 
[2018.07.22]	docNum: 1335396 car: 5493581 incident didnt fount . 
[2018.07.22]	docNum: 1335284 car: 7179155 incident didnt fount . 
[2018.07.22]	docNum: 1334532 car: 7352755 incident didnt fount . 
[2018.07.22]	docNum: 1335528 car: 55547901 incident didnt fount . 
[2018.07.22]	docNum: 1335491 car: 50996801 incident didnt fount . 
[2018.07.22]	 car 55591601 didnt fount .
[2018.07.22]	
[2018.07.22]	docNum: 1322915 car: 44736501 incident didnt fount . 
[2018.07.22]	docNum: 1293792 car: 2577734 incident didnt fount . 
[2018.07.22]	docNum: 1322899 car: 7391526 incident didnt fount . 
[2018.07.22]	docNum: 1215292 car: 2322731 incident didnt fount . 
[2018.07.22]	docNum: 1323327 car: 7505626 incident didnt fount . 
[2018.07.22]	docNum: 1315572 car: 5852239 incident didnt fount . 
[2018.07.22]	docNum: 1299396 car: 7741709 incident didnt fount . 
[2018.07.22]	docNum: 1314813 car: 1559437 incident didnt fount . 
[2018.07.22]	docNum: 1323136 car: 16915401 incident didnt fount . 
[2018.07.22]	docNum: 1281259 car: 7791786 incident didnt fount . 
[2018.07.22]	docNum: 1323314 car: 7178955 incident didnt fount . 
[2018.07.22]	docNum: 1323283 car: 44739301 incident didnt fount . 
[2018.07.22]	 car 5930331 didnt fount .
[2018.07.22]	docNum: 1324542 car: 1335434 incident didnt fount . 
[2018.07.22]	docNum: 1323970 car: 8974708 incident didnt fount . 
[2018.07.22]	docNum: 1288579 car: 2056332 incident didnt fount . 
[2018.07.22]	 car 9673433 didnt fount .
[2018.07.22]	docNum: 1223467 car: 5733030 incident didnt fount . 
[2018.07.22]	 car 26397401 didnt fount .
[2018.07.22]	 car 1227474 didnt fount .
[2018.07.22]	 car 28-819-80 didnt fount .
[2018.07.22]	 car 5385254 didnt fount .
[2018.07.22]	 car 8424266 didnt fount .
[2018.07.22]	 car 1234560 didnt fount .
[2018.07.22]	 car 8633271 didnt fount .
[2018.07.22]	 car 4418672 didnt fount .
[2018.07.22]	docNum: 1310027 car: 12202901 incident didnt fount . 
[2018.07.22]	docNum: 1306404 car: 7657355 incident didnt fount . 
[2018.07.22]	 car 2611132 didnt fount .
[2018.07.22]	 car 9793826 didnt fount .
[2018.07.22]	 car 5408986 didnt fount .
[2018.07.22]	docNum: 1197896 car: 15785901 incident didnt fount . 
[2018.07.22]	 car 25-400-37 didnt fount .
[2018.07.22]	 car 9118063 didnt fount .
[2018.07.22]	 car 4022378 didnt fount .
[2018.07.22]	 car 90466701 didnt fount .
[2018.07.22]	 car 8261559 didnt fount .
[2018.07.22]	 car 50632901 didnt fount .
[2018.07.22]	 car 8332466 didnt fount .
[2018.07.22]	 car 1439454 didnt fount .
[2018.07.22]	 car 2484811 didnt fount .
[2018.07.22]	 car 9572478 didnt fount .
[2018.07.22]	 car 6908039 didnt fount .
[2018.07.22]	 car 7240066 didnt fount .
[2018.07.22]	 car 7041878 didnt fount .
[2018.07.22]	 car 3901331 didnt fount .
[2018.07.22]	 car 57-757-30 didnt fount .
[2018.07.22]	 car 5500334 didnt fount .
[2018.07.22]	 car 41-544-34 didnt fount .
[2018.07.22]	 car 23-333-37 didnt fount .
[2018.07.22]	 car 31-840-30 didnt fount .
[2018.07.22]	 car 17-225-73 didnt fount .
[2018.07.22]	 car 48-820-38 didnt fount .
[2018.07.22]	 car 64-815-52 didnt fount .
[2018.07.22]	 car 2480831 didnt fount .
[2018.07.22]	 car 16-238-38 didnt fount .
[2018.07.22]	 car 94-058-34 didnt fount .
[2018.07.22]	docNum: 1303504 car: 7005230 incident didnt fount . 
[2018.07.22]	 car 4733381 didnt fount .
[2018.07.22]	 car 5500334 didnt fount .
[2018.07.22]	 car 21-733-37 didnt fount .
[2018.07.22]	 car 9119770 didnt fount .
[2018.07.22]	 car 18-049-31 didnt fount .
[2018.07.22]	 car 75-873-30 didnt fount .
[2018.07.22]	 car 1999939 didnt fount .
[2018.07.22]	 car 31-404-38 didnt fount .
[2018.07.22]	 car 13-190-32 didnt fount .
[2018.07.22]	 car 54-193-32 didnt fount .
[2018.07.22]	 car 67-018-52 didnt fount .
[2018.07.22]	docNum: 1313265 car: 7582239 incident didnt fount . 
[2018.07.22]	docNum: 1315678 car: 2110037 incident didnt fount . 
[2018.07.22]	 car 5660473 didnt fount .
[2018.07.22]	 car 3507055 didnt fount .
[2018.07.22]	 car 9045281 didnt fount .
[2018.07.22]	 car 4629333 didnt fount .
[2018.07.22]	 car 3177685 didnt fount .
[2018.07.22]	 car 96-612-13 didnt fount .
[2018.07.22]	 car 8645471 didnt fount .
[2018.07.22]	 car 3177685 didnt fount .
[2018.07.22]	 car 4629333 didnt fount .
[2018.07.22]	 car 1504712 didnt fount .
[2018.07.22]	 car 8026632 didnt fount .
[2018.07.22]	 car 7470932 didnt fount .
[2018.07.22]	 car 3247955 didnt fount .
[2018.07.22]	 car 3507055 didnt fount .
[2018.07.22]	 car 28-818-80 didnt fount .
[2018.07.22]	 car 6942052 didnt fount .
[2018.07.22]	 car 8080180 didnt fount .
[2018.07.22]	 car 46-585-38 didnt fount .
[2018.07.22]	 car 3391065 didnt fount .
[2018.07.22]	 car 5571366 didnt fount .
[2018.07.22]	 car 36417301 didnt fount .
[2018.07.22]	 car 8888071 didnt fount .
[2018.07.22]	 car 56-989-32 didnt fount .
[2018.07.22]	 car 56-989-32 didnt fount .
[2018.07.22]	 car 6024452 didnt fount .
[2018.07.22]	 car 6716363 didnt fount .
[2018.07.22]	 car 9649332 didnt fount .
[2018.07.22]	docNum: 1308336 car: 8902826 incident didnt fount . 
[2018.07.22]	docNum: 1313563 car: 18055501 incident didnt fount . 
[2018.07.22]	docNum: 1163382 car: 11022701 incident didnt fount . 
[2018.07.22]	docNum: 1088005 car: 8388681 incident didnt fount . 
[2018.07.22]	docNum: 1321306 car: 9779039 incident didnt fount . 
[2018.07.22]	docNum: 1318856 car: 6768855 incident didnt fount . 
[2018.07.22]	docNum: 1319675 car: 8924626 incident didnt fount . 
[2018.07.22]	 car 70-790-79 didnt fount .
[2018.07.22]	 car 9136213 didnt fount .
[2018.07.22]	docNum: 1320353 car: 9654239 incident didnt fount . 
[2018.07.22]	docNum: 1320703 car: 6303030 incident didnt fount . 
[2018.07.22]	 car 7553209 didnt fount .
[2018.07.22]	 car 8000180 didnt fount .
[2018.07.22]	 car 2214823 didnt fount .
[2018.07.22]	docNum: 1320756 car: 1436434 incident didnt fount . 
[2018.07.22]	 car 6578433 didnt fount .
[2018.07.22]	 car 6476727 didnt fount .
[2018.07.22]	 car 5437353 didnt fount .
[2018.07.22]	 car 4730313 didnt fount .
[2018.07.22]	 car 2567238 didnt fount .
[2018.07.22]	 car 9629417 didnt fount .
[2018.07.22]	 car 9313071 didnt fount .
[2018.07.22]	 car 8033379 didnt fount .
[2018.07.22]	 car 5437353 didnt fount .
[2018.07.22]	docNum: 1319205 car: 8497426 incident didnt fount . 
[2018.07.22]	docNum: 1319658 car: 44026201 incident didnt fount . 
[2018.07.22]	docNum: 1317929 car: 10820101 incident didnt fount . 
[2018.07.22]	docNum: 1318746 car: 7541609 incident didnt fount . 
[2018.07.22]	 car 2741678 didnt fount .
[2018.07.22]	docNum: 1311512 car: 5326038 incident didnt fount . 
[2018.07.22]	 car 4584976 didnt fount .
[2018.07.22]	docNum: 1317498 car: 2446734 incident didnt fount . 
[2018.07.22]	 car 4191267 didnt fount .
[2018.07.22]	 car 95-210-33 didnt fount .
[2018.07.22]	 car 6074662 didnt fount .
[2018.07.22]	 car 36010001 didnt fount .
[2018.07.22]	 car 5987970 didnt fount .
[2018.07.22]	 car 90369501 didnt fount .
[2018.07.22]	 car 4183274 didnt fount .
[2018.07.22]	docNum: 1306193 car: 2051638 incident didnt fount . 
[2018.07.22]	docNum: 1317743 car: 6088839 incident didnt fount . 
[2018.07.22]	docNum: 1312141 car: 17472801 incident didnt fount . 
[2018.07.22]	 car  didnt fount .
[2018.07.22]	docNum: 1317508 car: 8418339 incident didnt fount . 
[2018.07.22]	 car 4820732 didnt fount .
[2018.07.22]	docNum: 1307166 car: 50758601 incident didnt fount . 
[2018.07.22]	docNum: 1316514 car: 7931286 incident didnt fount . 
[2018.07.22]	docNum: 1320296 car: 6475055 incident didnt fount . 
[2018.07.22]	 car 1234560 didnt fount .
[2018.07.22]	docNum: 1319934 car: 35153201 incident didnt fount . 
[2018.07.22]	docNum: 1303226 car: 6004939 incident didnt fount . 
[2018.07.22]	docNum: 1310286 car: 8937381 incident didnt fount . 
[2018.07.22]	docNum: 1317987 car: 6170037 incident didnt fount . 
[2018.07.22]	docNum: 1067481 car: 9324526 incident didnt fount . 
[2018.07.22]	docNum: 1320686 car: 2295337 incident didnt fount . 
[2018.07.22]	docNum: 1320749 car: 37141901 incident didnt fount . 
[2018.07.22]	docNum: 1318974 car: 3888834 incident didnt fount . 
[2018.07.22]	docNum: 1318073 car: 39791201 incident didnt fount . 
[2018.07.22]	docNum: 1296476 car: 40100401 incident didnt fount . 
[2018.07.22]	docNum: 1317575 car: 6073539 incident didnt fount . 
[2018.07.22]	 car 2565666 didnt fount .
[2018.07.22]	 car 34-089-31 didnt fount .
[2018.07.22]	 car 29-002-78 didnt fount .
[2018.07.22]	 car 47-022-31 didnt fount .
[2018.07.22]	 car 2205534 didnt fount .
[2018.07.22]	 car 8821212 didnt fount .
[2018.07.22]	 car 53-856-38 didnt fount .
[2018.07.22]	docNum: 1317868 car: 9209852 incident didnt fount . 
[2018.07.22]	docNum: 1317770 car: 1674237 incident didnt fount . 
[2018.07.22]	docNum: 1316766 car: 7771639 incident didnt fount . 
[2018.07.22]	 car 8957584 didnt fount .
[2018.07.22]	 car 7044752 didnt fount .
[2018.07.22]	 car 58-852-66 didnt fount .
[2018.07.22]	 car 45-403-38 didnt fount .
[2018.07.22]	docNum: 1319637 car: 7892109 incident didnt fount . 
[2018.07.22]	 car 5828065 didnt fount .
[2018.07.22]	 car 45-610-11 didnt fount .
[2018.07.22]	 car 5788863 didnt fount .
[2018.07.22]	 car 3042865 didnt fount .
[2018.07.22]	 car 56-523-32 didnt fount .
[2018.07.22]	 car 9204913 didnt fount .
[2018.07.22]	 car 2661274 didnt fount .
[2018.07.22]	 car 8525474 didnt fount .
[2018.07.22]	 car 45-281-32 didnt fount .
[2018.07.22]	 car 34-753-76 didnt fount .
[2018.07.22]	docNum: 1316310 car: 9347726 incident didnt fount . 
[2018.07.22]	docNum: 1219247 car: 1002831 incident didnt fount . 
[2018.07.22]	docNum: 1318071 car: 2327134 incident didnt fount . 
[2018.07.22]	 car 47-245-38 didnt fount .
[2018.07.22]	 car 98-485-33 didnt fount .
[2018.07.22]	 car 91-931-13 didnt fount .
[2018.07.22]	 car 3475169 didnt fount .
[2018.07.22]	 car 5011274 didnt fount .
[2018.07.22]	 car 6942052 didnt fount .
[2018.07.22]	 car 5964873 didnt fount .
[2018.07.22]	docNum: 1254747 car: 36655301 incident didnt fount . 
[2018.07.22]	docNum: 1316580 car: 1674237 incident didnt fount . 
[2018.07.22]	docNum: 1274469 car: 36366701 incident didnt fount . 
[2018.07.22]	 car 31-948-34 didnt fount .
[2018.07.22]	 car 6442866 didnt fount .
[2018.07.22]	docNum: 1302141 car: 7455439 incident didnt fount . 
[2018.07.22]	docNum: 1318818 car: 36221301 incident didnt fount . 
[2018.07.22]	 car 90110201 didnt fount .
[2018.07.22]	 car 5385254 didnt fount .
[2018.07.22]	 car 9649332 didnt fount .
[2018.07.22]	docNum: 1315969 car: 7633355 incident didnt fount . 
[2018.07.22]	 car 4290776 didnt fount .
[2018.07.22]	docNum: 1317494 car: 3963537 incident didnt fount . 
[2018.07.22]	 car 1489267 didnt fount .
[2018.07.22]	 car 88-7852-6 didnt fount .
[2018.07.22]	docNum: 1166275 car: 00000000 incident didnt fount . 
[2018.07.22]	docNum: 1314357 car: 39799001 incident didnt fount . 
[2018.07.22]	docNum: 1316515 car: 7336586 incident didnt fount . 
[2018.07.22]	docNum: 1321625 car: 50525301 incident didnt fount . 
[2018.07.22]	docNum: 1321886 car: 3006237 incident didnt fount . 
[2018.07.22]	docNum: 1317263 car: 39999401 incident didnt fount . 
[2018.07.22]	docNum: 1314355 car: 9686513 incident didnt fount . 
[2018.07.22]	 car 8888888 didnt fount .
[2018.07.22]	 car 5910880 didnt fount .
[2018.07.22]	docNum: 1321419 car: 44769401 incident didnt fount . 
[2018.07.22]	docNum: 1320719 car: 1463739 incident didnt fount . 
[2018.07.22]	 car 19-976-34 didnt fount .
[2018.07.22]	docNum: 1129246 car: 8198080 incident didnt fount . 
[2018.07.22]	 car 6377766 didnt fount .
[2018.07.22]	docNum: 1288925 car: 3487231 incident didnt fount . 
[2018.07.22]	docNum: 1307213 car: 4968937 incident didnt fount . 
[2018.07.22]	docNum: 1318056 car: 52049101 incident didnt fount . 
[2018.07.22]	docNum: 1320924 car: 7595439 incident didnt fount . 
[2018.07.22]	docNum: 1242382 car: 35883801 incident didnt fount . 
[2018.07.22]	docNum: 1321509 car: 6093130 incident didnt fount . 
[2018.07.22]	docNum: 1299508 car: 18073801 incident didnt fount . 
[2018.07.22]	docNum: 1318958 car: 8399280 incident didnt fount . 
[2018.07.22]	docNum: 1321521 car: 8504980 incident didnt fount . 
[2018.07.22]	docNum: 1298392 car: 17887701 incident didnt fount . 
[2018.07.22]	docNum: 1321573 car: 5462474 incident didnt fount . 
[2018.07.22]	docNum: 1313186 car: 22107901 incident didnt fount . 
[2018.07.22]	docNum: 1313902 car: 16642601 incident didnt fount . 
[2018.07.22]	docNum: 1322088 car: 15221901 incident didnt fount . 
[2018.07.22]	docNum: 1322466 car: 9434852 incident didnt fount . 
[2018.07.22]	docNum: 1262541 car: 2110931 incident didnt fount . 
[2018.07.22]	docNum: 1257687 car: 1857131 incident didnt fount . 
[2018.07.22]	docNum: 1321442 car: 49007201 incident didnt fount . 
[2018.07.22]	docNum: 1319951 car: 8395626 incident didnt fount . 
[2018.07.22]	docNum: 1311682 car: 50161201 incident didnt fount . 
[2018.07.22]	docNum: 1230574 car: 11874101 incident didnt fount . 
[2018.07.22]	docNum: 1304938 car: 7264939 incident didnt fount . 
[2018.07.22]	docNum: 1243644 car: 17440301 incident didnt fount . 
[2018.07.22]	docNum: 1226069 car: 11874101 incident didnt fount . 
[2018.07.22]	 car 8244259 didnt fount .
[2018.07.22]	 car 9095979 didnt fount .
[2018.07.22]	 car 5181185 didnt fount .
[2018.07.22]	 car 4200633 didnt fount .
[2018.07.22]	docNum: 1257790 car: 4545776 incident didnt fount . 
[2018.07.22]	docNum: 1254916 car: 2320734 incident didnt fount . 
[2018.07.22]	docNum: 1315949 car: 51802501 incident didnt fount . 
[2018.07.22]	 car 12110501 didnt fount .
[2018.07.22]	 car 9152833 didnt fount .
[2018.07.22]	 car 5226111 didnt fount .
[2018.07.22]	 car 5981970 didnt fount .
[2018.07.22]	 car 3898134 didnt fount .
[2018.07.22]	 car 3898134 didnt fount .
[2018.07.22]	 car 6803030 didnt fount .
[2018.07.22]	docNum: 1275603 car: 17781501 incident didnt fount . 
[2018.07.22]	docNum: 1225089 car: 11672901 incident didnt fount . 
[2018.07.22]	docNum: 1242613 car: 12088501 incident didnt fount . 
[2018.07.22]	 car 1080460 didnt fount .
[2018.07.22]	 car 3507055 didnt fount .
[2018.07.22]	 car 16317401 didnt fount .
[2018.07.22]	 car 9039569 didnt fount .
[2018.07.22]	 car 9793826 didnt fount .
[2018.07.22]	 car 2611132 didnt fount .
[2018.07.22]	docNum: 1317350 car: 5684539 incident didnt fount . 
[2018.07.22]	docNum: 1314897 car: 12451001 incident didnt fount . 
[2018.07.22]	docNum: 1218111 car: 6205530 incident didnt fount . 
[2018.07.22]	docNum: 1317341 car: 25858401 incident didnt fount . 
[2018.07.22]	docNum: 1316403 car: 7833386 incident didnt fount . 
[2018.07.22]	docNum: 1274863 car: 17400801 incident didnt fount . 
[2018.07.22]	docNum: 1314591 car: 5445452 incident didnt fount . 
[2018.07.22]	docNum: 1235996 car: 8734081 incident didnt fount . 
[2018.07.22]	docNum: 1202761 car: 15861101 incident didnt fount . 
[2018.07.22]	docNum: 1316701 car: 51802501 incident didnt fount . 
[2018.07.22]	docNum: 1212826 car: 7527755 incident didnt fount . 
[2018.07.22]	docNum: 1316512 car: 8428780 incident didnt fount . 
[2018.07.22]	docNum: 1211712 car: 26333601 incident didnt fount . 
[2018.07.22]	docNum: 1231752 car: 8972979 incident didnt fount . 
[2018.07.22]	docNum: 1213415 car: 7561439 incident didnt fount . 
[2018.07.22]	docNum: 1249620 car: 12331401 incident didnt fount . 
[2018.07.22]	 car 9123972 didnt fount .
[2018.07.22]	 car 6525362 didnt fount .
[2018.07.22]	docNum: 1311057 car: 8011239 incident didnt fount . 
[2018.07.22]	docNum: 1250653 car: 2704630 incident didnt fount . 
[2018.07.22]	 car 8286132 didnt fount .
[2018.07.22]	docNum: 1315822 car: 50141501 incident didnt fount . 
[2018.07.22]	docNum: 1199260 car: 5666281 incident didnt fount . 
[2018.07.22]	docNum: 1231302 car: 7410186 incident didnt fount . 
[2018.07.22]	 car 2757670 didnt fount .
[2018.07.22]	 car 6649078 didnt fount .
[2018.07.22]	docNum: 1198181 car: 8473980 incident didnt fount . 
[2018.07.22]	 car 6908039 didnt fount .
[2018.07.22]	docNum: 1202766 car: 8201786 incident didnt fount . 
[2018.07.22]	docNum: 1310848 car: 38794901 incident didnt fount . 
[2018.07.22]	docNum: 1311667 car: 6098639 incident didnt fount . 
[2018.07.22]	docNum: 1202350 car: 4224432 incident didnt fount . 
[2018.07.22]	docNum: 1311226 car: 3960337 incident didnt fount . 
[2018.07.22]	docNum: 1122579 car: 7626939 incident didnt fount . 
[2018.07.22]	docNum: 1262238 car: 8409471 incident didnt fount . 
[2018.07.22]	docNum: 1235703 car: 5042130 incident didnt fount . 
[2018.07.22]	docNum: 1314051 car: 8509926 incident didnt fount . 
[2018.07.22]	docNum: 1265063 car: 8533326 incident didnt fount . 
[2018.07.22]	docNum: 1287176 car: 6318386 incident didnt fount . 
[2018.07.22]	docNum: 1244182 car: 11603401 incident didnt fount . 
[2018.07.22]	docNum: 1250731 car: 35882901 incident didnt fount . 
[2018.07.22]	 car 5706437 didnt fount .
[2018.07.22]	docNum: 1199246 car: 9347339 incident didnt fount . 
[2018.07.22]	 car 5277312 didnt fount .
[2018.07.22]	docNum: 1282627 car: 16317101 incident didnt fount . 
[2018.07.22]	docNum: 1303094 car: 11744401 incident didnt fount . 
[2018.07.22]	docNum: 1310462 car: 11850901 incident didnt fount . 
[2018.07.22]	docNum: 1314681 car: 40190701 incident didnt fount . 
[2018.07.22]	 car 3804470 didnt fount .
[2018.07.22]	 car 5206017 didnt fount .
[2018.07.22]	 car 1542759 didnt fount .
[2018.07.22]	 car 13-586-31 didnt fount .
[2018.07.22]	docNum: 1202157 car: 11673301 incident didnt fount . 
[2018.07.22]	docNum: 1313893 car: 39919201 incident didnt fount . 
[2018.07.22]	docNum: 1219163 car: 2043932 incident didnt fount . 
[2018.07.22]	docNum: 1310839 car: 6059855 incident didnt fount . 
[2018.07.22]	docNum: 1280574 car: 50042701 incident didnt fount . 
[2018.07.22]	docNum: 1200059 car: 26267001 incident didnt fount . 
[2018.07.22]	docNum: 1228111 car: 17708101 incident didnt fount . 
[2018.07.22]	docNum: 1259461 car: 8533026 incident didnt fount . 
[2018.07.22]	docNum: 1243623 car: 11269501 incident didnt fount . 
[2018.07.22]	docNum: 1201545 car: 7718680 incident didnt fount . 
[2018.07.22]	docNum: 1310819 car: 5929932 incident didnt fount . 
[2018.07.22]	docNum: 1314042 car: 40111101 incident didnt fount . 
[2018.07.22]	docNum: 1255963 car: 12360701 incident didnt fount . 
[2018.07.22]	 car 9045281 didnt fount .
[2018.07.22]	docNum: 1253927 car: 7949186 incident didnt fount . 
[2018.07.22]	docNum: 1313180 car: 7768639 incident didnt fount . 
[2018.07.22]	docNum: 1316343 car: 2305637 incident didnt fount . 
[2018.07.22]	docNum: 1235971 car: 8498826 incident didnt fount . 
[2018.07.22]	docNum: 1275521 car: 40153501 incident didnt fount . 
[2018.07.22]	docNum: 1274855 car: 16184401 incident didnt fount . 
[2018.07.22]	docNum: 1314148 car: 4582837 incident didnt fount . 
[2018.07.22]	docNum: 1257998 car: 4112331 incident didnt fount . 
[2018.07.22]	 car 5753955 didnt fount .
[2018.07.22]	docNum: 1314170 car: 48980501 incident didnt fount . 
[2018.07.22]	docNum: 1238232 car: 4866832 incident didnt fount . 
[2018.07.22]	docNum: 1285935 car: 22112301 incident didnt fount . 
[2018.07.22]	docNum: 1317359 car: 9054481 incident didnt fount . 
[2018.07.22]	 car 3831474 didnt fount .
[2018.07.22]	 car 9313071 didnt fount .
[2018.07.22]	 car 8888071 didnt fount .
[2018.07.22]	docNum: 1306353 car: 1387738 incident didnt fount . 
[2018.07.22]	docNum: 1310005 car: 6058455 incident didnt fount . 
[2018.07.22]	 car 9757672 didnt fount .
[2018.07.22]	docNum: 1277441 car: 8399280 incident didnt fount . 
[2018.07.22]	docNum: 1259960 car: 12224901 incident didnt fount . 
[2018.07.22]	docNum: 1317833 car: 1023034 incident didnt fount . 
[2018.07.22]	docNum: 1317997 car: 12121201 incident didnt fount . 
[2018.07.22]	docNum: 1292084 car: 0000000 incident didnt fount . 
[2018.07.22]	 car 28066101 didnt fount .
[2018.07.22]	docNum: 1201358 car: 5594332 incident didnt fount . 
[2018.07.22]	docNum: 1306410 car: 6028255 incident didnt fount . 
[2018.07.22]	 car 31-001-66 didnt fount .
[2018.07.22]	 car 8412973 didnt fount .
[2018.07.22]	docNum: 1312123 car: 34921301 incident didnt fount . 
[2018.07.22]	docNum: 1293950 car: 4427537 incident didnt fount . 
[2018.07.22]	 car 3607676 didnt fount .
[2018.07.22]	docNum: 1304999 car: 5868355 incident didnt fount . 
[2018.07.22]	docNum: 1309922 car: 8941526 incident didnt fount . 
[2018.07.22]	docNum: 1316480 car: 1674237 incident didnt fount . 
[2018.07.22]	docNum: 1310815 car: 8878781 incident didnt fount . 
[2018.07.22]	docNum: 1316248 car: 50105601 incident didnt fount . 
[2018.07.22]	docNum: 1314041 car: 7734439 incident didnt fount . 
[2018.07.22]	docNum: 1151596 car: 7888886 incident didnt fount . 
[2018.07.22]	docNum: 1280587 car: 50785401 incident didnt fount . 
[2018.07.22]	docNum: 1234728 car: 3889832 incident didnt fount . 
[2018.07.22]	docNum: 1198652 car: 3096638 incident didnt fount . 
[2018.07.22]	docNum: 1310306 car: 7756709 incident didnt fount . 
[2018.07.22]	docNum: 1244209 car: 11650301 incident didnt fount . 
[2018.07.22]	 car 8404764 didnt fount .
[2018.07.22]	 car 93-444-33 didnt fount .
[2018.07.22]	 car 9123972 didnt fount .
[2018.07.22]	 car 9451413 didnt fount .
[2018.07.22]	docNum: 1243636 car: 11337001 incident didnt fount . 
[2018.07.22]	docNum: 1313872 car: 3846531 incident didnt fount . 
[2018.07.22]	docNum: 1243384 car: 11269301 incident didnt fount . 
[2018.07.22]	docNum: 1310700 car: 39999401 incident didnt fount . 
[2018.07.22]	 car 43-286-11 didnt fount .
[2018.07.22]	 car 2922974 didnt fount .
[2018.07.22]	docNum: 1316585 car: 17182101 incident didnt fount . 
[2018.07.22]	docNum: 1314393 car: 39919201 incident didnt fount . 
[2018.07.22]	 car 9649332 didnt fount .
[2018.07.22]	 car 8221268 didnt fount .
[2018.07.22]	 car 31-400-31 didnt fount .
[2018.07.22]	docNum: 1334510 car: 8222286 incident didnt fount . 
[2018.07.22]	docNum: 1333646 car: 17111201 incident didnt fount . 
[2018.07.22]	docNum: 1329593 car: 2899634 incident didnt fount . 
[2018.07.22]	docNum: 1334353 car: 2723411 incident didnt fount . 
[2018.07.22]	docNum: 1335527 car: 4986432 incident didnt fount . 
[2018.07.22]	docNum: 1333472 car: 11955601 incident didnt fount . 
[2018.07.22]	docNum: 1335825 car: 40005701 incident didnt fount . 
[2018.07.22]	docNum: 1335843 car: 8179839 incident didnt fount . 
[2018.07.22]	docNum: 1334509 car: 8217639 incident didnt fount . 
[2018.07.22]	docNum: 1336118 car: 4719537 incident didnt fount . 
[2018.07.22]	docNum: 1335660 car: 17775001 incident didnt fount . 
[2018.07.22]	docNum: 1333175 car: 12195101 incident didnt fount . 
[2018.07.22]	 car 9967675 didnt fount .
[2018.07.22]	 car 61-625-72 didnt fount .
[2018.07.22]	 car 53-752-11 didnt fount .
[2018.07.22]	 car 769130 didnt fount .
[2018.07.22]	 car 23-469-31 didnt fount .
[2018.07.22]	 car 8511478 didnt fount .
[2018.07.22]	 car 8801466 didnt fount .
[2018.07.22]	 car 27-937-34 didnt fount .
[2018.07.22]	 car 29-615-30 didnt fount .
[2018.07.22]	 car 14-930-32 didnt fount .
[2018.07.22]	docNum: 1261607 car: 7194479 incident didnt fount . 
[2018.07.22]	docNum: 1192894 car: 8082939 incident didnt fount . 
[2018.07.22]	docNum: 1327051 car: 35995201 incident didnt fount . 
[2018.07.22]	docNum: 1327040 car: 6387181 incident didnt fount . 
[2018.07.22]	docNum: 1218581 car: 7259186 incident didnt fount . 
[2018.07.22]	docNum: 1328245 car: 50871501 incident didnt fount . 
[2018.07.22]	docNum: 1328257 car: 49270001 incident didnt fount . 
[2018.07.22]	docNum: 1299690 car: 8783913 incident didnt fount . 
[2018.07.22]	docNum: 1327750 car: 11846401 incident didnt fount . 
[2018.07.22]	docNum: 1324367 car: 6618455 incident didnt fount . 
[2018.07.22]	docNum: 1115196 car: 1491439 incident didnt fount . 
[2018.07.22]	docNum: 1326133 car: 39799201 incident didnt fount . 
[2018.07.22]	docNum: 1327315 car: 44555501 incident didnt fount . 
[2018.07.22]	docNum: 1308921 car: 8953826 incident didnt fount . 
[2018.07.22]	docNum: 1323760 car: 7633355 incident didnt fount . 
[2018.07.22]	docNum: 1254746 car: 9834839 incident didnt fount . 
[2018.07.22]	docNum: 1327939 car: 7363939 incident didnt fount . 
[2018.07.22]	docNum: 1244639 car: 9525133 incident didnt fount . 
[2018.07.22]	 car 2498667 didnt fount .
[2018.07.22]	docNum: 1327190 car: 5962952 incident didnt fount . 
[2018.07.22]	docNum: 1323632 car: 49520101 incident didnt fount . 
[2018.07.22]	docNum: 1232546 car: 3198834 incident didnt fount . 
[2018.07.22]	docNum: 1327101 car: 17775601 incident didnt fount . 
[2018.07.22]	docNum: 1328066 car: 17183801 incident didnt fount . 
[2018.07.22]	docNum: 1327041 car: 6390281 incident didnt fount . 
[2018.07.22]	docNum: 1327047 car: 52260301 incident didnt fount . 
[2018.07.22]	docNum: 1309663 car: 7456339 incident didnt fount . 
[2018.07.22]	docNum: 1187214 car: 9921839 incident didnt fount . 
[2018.07.22]	docNum: 1328124 car: 6311239 incident didnt fount . 
[2018.07.22]	docNum: 1328416 car: 6903955 incident didnt fount . 
[2018.07.22]	docNum: 1328055 car: 51785401 incident didnt fount . 
[2018.07.22]	docNum: 1268013 car: 15785901 incident didnt fount . 
[2018.07.22]	docNum: 1253891 car: 35966901 incident didnt fount . 
[2018.07.22]	docNum: 1327334 car: 44926201 incident didnt fount . 
[2018.07.22]	docNum: 1007346 car: 6445555 incident didnt fount . 
[2018.07.22]	docNum: 1191940 car: 1423939 incident didnt fount . 
[2018.07.22]	docNum: 1197310 car: 15723001 incident didnt fount . 
[2018.07.22]	docNum: 1314156 car: 8042826 incident didnt fount . 
[2018.07.22]	docNum: 992854 car: 1166933 incident didnt fount . 
[2018.07.22]	docNum: 1329295 car: 9794326 incident didnt fount . 
[2018.07.22]	 car 2646437 didnt fount .
[2018.07.22]	docNum: 1015917 car: 7710939 incident didnt fount . 
[2018.07.22]	docNum: 1015708 car: 2015332 incident didnt fount . 
[2018.07.22]	docNum: 1315106 car: 8590080 incident didnt fount . 
[2018.07.22]	 car 66-703-32 didnt fount .
[2018.07.22]	 car 25-242-31 didnt fount .
[2018.07.22]	 car 6229271 didnt fount .
[2018.07.22]	 car 17795601 didnt fount .
[2018.07.22]	docNum: 1073068 car: 8313830 incident didnt fount . 
[2018.07.22]	docNum: 1076789 car: 2426231 incident didnt fount . 
[2018.07.22]	docNum: 1324314 car: 25311201 incident didnt fount . 
[2018.07.22]	docNum: 1322365 car: 8079680 incident didnt fount . 
[2018.07.22]	docNum: 1324018 car: 1336439 incident didnt fount . 
[2018.07.22]	docNum: 1324130 car: 9647634 incident didnt fount . 
[2018.07.22]	docNum: 1316574 car: 40007601 incident didnt fount . 
[2018.07.22]	docNum: 1323767 car: 12195101 incident didnt fount . 
[2018.07.22]	docNum: 1325270 car: 44702301 incident didnt fount . 
[2018.07.22]	 car 7359078 didnt fount .
[2018.07.22]	docNum: 1324658 car: 44379301 incident didnt fount . 
[2018.07.22]	docNum: 1324093 car: 15605201 incident didnt fount . 
[2018.07.22]	docNum: 1323821 car: 2652980 incident didnt fount . 
[2018.07.22]	docNum: 1327157 car: 4564737 incident didnt fount . 
[2018.07.22]	docNum: 1326451 car: 6067237 incident didnt fount . 
[2018.07.22]	docNum: 1327002 car: 39008401 incident didnt fount . 
[2018.07.22]	docNum: 1222445 car: 8484926 incident didnt fount . 
[2018.07.22]	docNum: 1327096 car: 12140101 incident didnt fount . 
[2018.07.22]	docNum: 1235778 car: 8008680 incident didnt fount . 
[2018.07.22]	docNum: 1328244 car: 50723301 incident didnt fount . 
[2018.07.22]	 car 7396666 didnt fount .
[2018.07.22]	docNum: 1327523 car: 7090326 incident didnt fount . 
[2018.07.22]	docNum: 1326507 car: 9797026 incident didnt fount . 
[2018.07.22]	docNum: 1326281 car: 6624155 incident didnt fount . 
[2018.07.22]	docNum: 1324888 car: 1353337 incident didnt fount . 
[2018.07.22]	docNum: 1326230 car: 8255786 incident didnt fount . 
[2018.07.22]	docNum: 1326379 car: 8922226 incident didnt fount . 
[2018.07.22]	docNum: 1326664 car: 39999401 incident didnt fount . 
[2018.07.22]	docNum: 1316311 car: 52023601 incident didnt fount . 
[2018.07.22]	docNum: 1326799 car: 40218701 incident didnt fount . 
[2018.07.22]	docNum: 1326278 car: 2056332 incident didnt fount . 
[2018.07.22]	docNum: 1319818 car: 50936401 incident didnt fount . 
[2018.07.22]	docNum: 1327095 car: 16131301 incident didnt fount . 
[2018.07.22]	 car 41048001 didnt fount .
[2018.07.22]	docNum: 1326295 car: 5942237 incident didnt fount . 
[2018.07.22]	docNum: 1096546 car: 5977766 incident didnt fount . 
[2018.07.22]	docNum: 1300081 car: 16067601 incident didnt fount . 
[2018.07.22]	 car 17795601 didnt fount .
[2018.07.22]	docNum: 1294594 car: 3101734 incident didnt fount . 
[2018.07.22]	 car 9006179 didnt fount .
[2018.07.22]	 car 5092231 didnt fount .
[2018.07.22]	docNum: 1302680 car: 8874726 incident didnt fount . 
[2018.07.22]	 car 3066674 didnt fount .
[2018.07.22]	docNum: 1317178 car: 7464409 incident didnt fount . 
[2018.07.22]	 car 11800401 didnt fount .
[2018.07.22]	docNum: 1222719 car: 4150954 incident didnt fount . 
[2018.07.22]	docNum: 1221930 car: 3956739 incident didnt fount . 
[2018.07.22]	 car 2963467 didnt fount .
[2018.07.22]	 car 8286132 didnt fount .
[2018.07.22]	 car 9016553 didnt fount .
[2018.07.22]	 car 3901331 didnt fount .
[2018.07.22]	docNum: 1332127 car: 2834730 incident didnt fount . 
[2018.07.22]	docNum: 1332098 car: 2652334 incident didnt fount . 
[2018.07.22]	docNum: 1332128 car: 5739753 incident didnt fount . 
[2018.07.22]	docNum: 1330848 car: 44579101 incident didnt fount . 
[2018.07.22]	docNum: 1332414 car: 7471439 incident didnt fount . 
[2018.07.22]	docNum: 1331564 car: 52334601 incident didnt fount . 
[2018.07.22]	docNum: 1332374 car: 6556239 incident didnt fount . 
[2018.07.22]	docNum: 1333840 car: 52058501 incident didnt fount . 
[2018.07.22]	docNum: 1333504 car: 7303339 incident didnt fount . 
[2018.07.22]	docNum: 1333275 car: 4765837 incident didnt fount . 
[2018.07.22]	docNum: 1333513 car: 44635501 incident didnt fount . 
[2018.07.22]	docNum: 1333218 car: 6432352 incident didnt fount . 
[2018.07.22]	docNum: 1333808 car: 4900708 incident didnt fount . 
[2018.07.22]	docNum: 1333952 car: 15216901 incident didnt fount . 
[2018.07.22]	docNum: 1328420 car: 50525301 incident didnt fount . 
[2018.07.22]	docNum: 981010 car: 7548730 incident didnt fount . 
[2018.07.22]	docNum: 1327301 car: 49196101 incident didnt fount . 
[2018.07.22]	docNum: 1009912 car: 1173534 incident didnt fount . 
[2018.07.22]	docNum: 1023938 car: 2820431 incident didnt fount . 
[2018.07.22]	docNum: 1327083 car: 44729101 incident didnt fount . 
[2018.07.22]	docNum: 1021024 car: 2576031 incident didnt fount . 
[2018.07.22]	docNum: 994309 car: 6311430 incident didnt fount . 
[2018.07.22]	docNum: 1329042 car: 3707537 incident didnt fount . 
[2018.07.22]	docNum: 1328269 car: 55571801 incident didnt fount . 
[2018.07.22]	docNum: 1329079 car: 2444937 incident didnt fount . 
[2018.07.22]	docNum: 1006306 car: 9323439 incident didnt fount . 
[2018.07.22]	docNum: 1008785 car: 9531839 incident didnt fount . 
[2018.07.22]	docNum: 978855 car: 4123232 incident didnt fount . 
[2018.07.22]	docNum: 1007185 car: 1254034 incident didnt fount . 
[2018.07.22]	docNum: 1329101 car: 3888834 incident didnt fount . 
[2018.07.22]	docNum: 1192102 car: 2831637 incident didnt fount . 
[2018.07.22]	docNum: 1327377 car: 37395301 incident didnt fount . 
[2018.07.22]	docNum: 1329301 car: 5666139 incident didnt fount . 
[2018.07.22]	docNum: 1330060 car: 6211855 incident didnt fount . 
[2018.07.22]	docNum: 1330622 car: 3623531 incident didnt fount . 
[2018.07.22]	docNum: 976259 car: 8224634 incident didnt fount . 
[2018.07.22]	docNum: 1331117 car: 11896501 incident didnt fount . 
[2018.07.22]	docNum: 1329426 car: 44369701 incident didnt fount . 
[2018.07.22]	docNum: 1330967 car: 9407381 incident didnt fount . 
[2018.07.22]	docNum: 1332109 car: 8517526 incident didnt fount . 
[2018.07.22]	 car 3071051 didnt fount .
[2018.07.22]	 car 3391065 didnt fount .
[2018.07.22]	docNum: 1332962 car: 35930701 incident didnt fount . 
[2018.07.22]	docNum: 1332693 car: 37459701 incident didnt fount . 
[2018.07.22]	docNum: 1330435 car: 4304332 incident didnt fount . 
[2018.07.22]	docNum: 1328744 car: 7742239 incident didnt fount . 
[2018.07.22]	docNum: 1329655 car: 4307638 incident didnt fount . 
[2018.07.22]	docNum: 1334296 car: 5651932 incident didnt fount . 
[2018.07.22]	docNum: 1332567 car: 1122232 incident didnt fount . 
[2018.07.22]	docNum: 1334389 car: 15578801 incident didnt fount . 
[2018.07.22]	docNum: 1334317 car: 2911137 incident didnt fount . 
[2018.07.22]	docNum: 1333502 car: 2625238 incident didnt fount . 
[2018.07.22]	docNum: 1327094 car: 52018901 incident didnt fount . 
[2018.07.22]	docNum: 1335318 car: 44555501 incident didnt fount . 
[2018.07.22]	docNum: 1335396 car: 5493581 incident didnt fount . 
[2018.07.22]	docNum: 1335284 car: 7179155 incident didnt fount . 
[2018.07.22]	docNum: 1334532 car: 7352755 incident didnt fount . 
[2018.07.22]	docNum: 1335528 car: 55547901 incident didnt fount . 
[2018.07.22]	docNum: 1335491 car: 50996801 incident didnt fount . 
[2018.07.22]	 car 55591601 didnt fount .
