[2021.06.21_13.48.19]	System.IO.FileNotFoundException: Could not load file or assembly 'Microsoft.IdentityModel.Clients.ActiveDirectory, Version=2.22.0.0, Culture=neutral, PublicKeyToken=31bf3856ad364e35' or one of its dependencies. The system cannot find the file specified.
File name: 'Microsoft.IdentityModel.Clients.ActiveDirectory, Version=2.22.0.0, Culture=neutral, PublicKeyToken=31bf3856ad364e35'
   at Microsoft.Xrm.Tooling.Connector.CrmServiceClient.ConnectToCrmWebService(String crmConnectionString)
   at Microsoft.Xrm.Tooling.Connector.CrmServiceClient..ctor(String crmConnectionString)
   at IntoIT.GilCar.Interfaces.CustomersCarInstallations.CrmBase.get_XrmService() in D:\IntoIT\CustomersCarsInstallations - gil shalem\CrmBaseDynamic.cs:line 58

=== Pre-bind state information ===
LOG: DisplayName = Microsoft.IdentityModel.Clients.ActiveDirectory, Version=2.22.0.0, Culture=neutral, PublicKeyToken=31bf3856ad364e35
 (Fully-specified)
LOG: Appbase = file:///D:/IntoIT/CustomersCarsInstallations - gil shalem/bin/Debug/
LOG: Initial PrivatePath = NULL
Calling assembly : Microsoft.Xrm.Tooling.Connector, Version=3.0.0.0, Culture=neutral, PublicKeyToken=31bf3856ad364e35.
===
LOG: This bind starts in default load context.
LOG: Using application configuration file: D:\IntoIT\CustomersCarsInstallations - gil shalem\bin\Debug\IntoIT.GilCar.Interfaces.CustomersCarInstallations.exe.Config
LOG: Using host configuration file: 
LOG: Using machine configuration file from C:\Windows\Microsoft.NET\Framework\v4.0.30319\config\machine.config.
LOG: Post-policy reference: Microsoft.IdentityModel.Clients.ActiveDirectory, Version=2.22.0.0, Culture=neutral, PublicKeyToken=31bf3856ad364e35
LOG: Attempting download of new URL file:///D:/IntoIT/CustomersCarsInstallations - gil shalem/bin/Debug/Microsoft.IdentityModel.Clients.ActiveDirectory.DLL.
LOG: Attempting download of new URL file:///D:/IntoIT/CustomersCarsInstallations - gil shalem/bin/Debug/Microsoft.IdentityModel.Clients.ActiveDirectory/Microsoft.IdentityModel.Clients.ActiveDirectory.DLL.
LOG: Attempting download of new URL file:///D:/IntoIT/CustomersCarsInstallations - gil shalem/bin/Debug/Microsoft.IdentityModel.Clients.ActiveDirectory.EXE.
LOG: Attempting download of new URL file:///D:/IntoIT/CustomersCarsInstallations - gil shalem/bin/Debug/Microsoft.IdentityModel.Clients.ActiveDirectory/Microsoft.IdentityModel.Clients.ActiveDirectory.EXE.

   at IntoIT.GilCar.Interfaces.CustomersCarInstallations.CrmBase.get_XrmService() in D:\IntoIT\CustomersCarsInstallations - gil shalem\CrmBaseDynamic.cs:line 64
   at IntoIT.GilCar.Interfaces.CustomersCarInstallations.BL.StartInterface(DateTime start) in D:\IntoIT\CustomersCarsInstallations - gil shalem\BL.cs:line 72
   at IntoIT.GilCar.Interfaces.CustomersCarsInstallations.Program.Main(String[] args) in D:\IntoIT\CustomersCarsInstallations - gil shalem\Program.cs:line 25
[2021.06.21_13.48.19]	CustomersCarsInstallations Start: 21/06/2021 13:45:05
[2021.06.21_13.48.19]	CustomersCarsInstallations End: 21/06/2021 13:48:19
[2021.06.21_13.48.56]	System.IO.FileNotFoundException: Could not load file or assembly 'Microsoft.IdentityModel.Clients.ActiveDirectory, Version=2.22.0.0, Culture=neutral, PublicKeyToken=31bf3856ad364e35' or one of its dependencies. The system cannot find the file specified.
File name: 'Microsoft.IdentityModel.Clients.ActiveDirectory, Version=2.22.0.0, Culture=neutral, PublicKeyToken=31bf3856ad364e35'
   at Microsoft.Xrm.Tooling.Connector.CrmServiceClient.ConnectToCrmWebService(String crmConnectionString)
   at Microsoft.Xrm.Tooling.Connector.CrmServiceClient..ctor(String crmConnectionString)
   at IntoIT.GilCar.Interfaces.CustomersCarInstallations.CrmBase.get_XrmService() in D:\IntoIT\CustomersCarsInstallations - gil shalem\CrmBaseDynamic.cs:line 58

=== Pre-bind state information ===
LOG: DisplayName = Microsoft.IdentityModel.Clients.ActiveDirectory, Version=2.22.0.0, Culture=neutral, PublicKeyToken=31bf3856ad364e35
 (Fully-specified)
LOG: Appbase = file:///D:/IntoIT/CustomersCarsInstallations - gil shalem/bin/Debug/
LOG: Initial PrivatePath = NULL
Calling assembly : Microsoft.Xrm.Tooling.Connector, Version=3.0.0.0, Culture=neutral, PublicKeyToken=31bf3856ad364e35.
===
LOG: This bind starts in default load context.
LOG: Using application configuration file: D:\IntoIT\CustomersCarsInstallations - gil shalem\bin\Debug\IntoIT.GilCar.Interfaces.CustomersCarInstallations.exe.Config
LOG: Using host configuration file: 
LOG: Using machine configuration file from C:\Windows\Microsoft.NET\Framework\v4.0.30319\config\machine.config.
LOG: Post-policy reference: Microsoft.IdentityModel.Clients.ActiveDirectory, Version=2.22.0.0, Culture=neutral, PublicKeyToken=31bf3856ad364e35
LOG: Attempting download of new URL file:///D:/IntoIT/CustomersCarsInstallations - gil shalem/bin/Debug/Microsoft.IdentityModel.Clients.ActiveDirectory.DLL.
LOG: Attempting download of new URL file:///D:/IntoIT/CustomersCarsInstallations - gil shalem/bin/Debug/Microsoft.IdentityModel.Clients.ActiveDirectory/Microsoft.IdentityModel.Clients.ActiveDirectory.DLL.
LOG: Attempting download of new URL file:///D:/IntoIT/CustomersCarsInstallations - gil shalem/bin/Debug/Microsoft.IdentityModel.Clients.ActiveDirectory.EXE.
LOG: Attempting download of new URL file:///D:/IntoIT/CustomersCarsInstallations - gil shalem/bin/Debug/Microsoft.IdentityModel.Clients.ActiveDirectory/Microsoft.IdentityModel.Clients.ActiveDirectory.EXE.

   at IntoIT.GilCar.Interfaces.CustomersCarInstallations.CrmBase.get_XrmService() in D:\IntoIT\CustomersCarsInstallations - gil shalem\CrmBaseDynamic.cs:line 64
   at IntoIT.GilCar.Interfaces.CustomersCarInstallations.BL.StartInterface(DateTime start) in D:\IntoIT\CustomersCarsInstallations - gil shalem\BL.cs:line 72
   at IntoIT.GilCar.Interfaces.CustomersCarsInstallations.Program.Main(String[] args) in D:\IntoIT\CustomersCarsInstallations - gil shalem\Program.cs:line 25
[2021.06.21_13.48.56]	CustomersCarsInstallations Start: 21/06/2021 13:48:52
[2021.06.21_13.48.56]	CustomersCarsInstallations End: 21/06/2021 13:48:56
[2021.06.21_13.50.10]	System.IO.FileNotFoundException: Could not load file or assembly 'Microsoft.IdentityModel.Clients.ActiveDirectory, Version=2.22.0.0, Culture=neutral, PublicKeyToken=31bf3856ad364e35' or one of its dependencies. The system cannot find the file specified.
File name: 'Microsoft.IdentityModel.Clients.ActiveDirectory, Version=2.22.0.0, Culture=neutral, PublicKeyToken=31bf3856ad364e35'
   at Microsoft.Xrm.Tooling.Connector.CrmServiceClient.ConnectToCrmWebService(String crmConnectionString)
   at Microsoft.Xrm.Tooling.Connector.CrmServiceClient..ctor(String crmConnectionString)
   at IntoIT.GilCar.Interfaces.CustomersCarInstallations.CrmBase.get_XrmService() in D:\IntoIT\CustomersCarsInstallations - gil shalem\CrmBaseDynamic.cs:line 58

=== Pre-bind state information ===
LOG: DisplayName = Microsoft.IdentityModel.Clients.ActiveDirectory, Version=2.22.0.0, Culture=neutral, PublicKeyToken=31bf3856ad364e35
 (Fully-specified)
LOG: Appbase = file:///D:/IntoIT/CustomersCarsInstallations - gil shalem/bin/Debug/
LOG: Initial PrivatePath = NULL
Calling assembly : Microsoft.Xrm.Tooling.Connector, Version=3.0.0.0, Culture=neutral, PublicKeyToken=31bf3856ad364e35.
===
LOG: This bind starts in default load context.
LOG: Using application configuration file: D:\IntoIT\CustomersCarsInstallations - gil shalem\bin\Debug\IntoIT.GilCar.Interfaces.CustomersCarInstallations.exe.Config
LOG: Using host configuration file: 
LOG: Using machine configuration file from C:\Windows\Microsoft.NET\Framework\v4.0.30319\config\machine.config.
LOG: Post-policy reference: Microsoft.IdentityModel.Clients.ActiveDirectory, Version=2.22.0.0, Culture=neutral, PublicKeyToken=31bf3856ad364e35
LOG: Attempting download of new URL file:///D:/IntoIT/CustomersCarsInstallations - gil shalem/bin/Debug/Microsoft.IdentityModel.Clients.ActiveDirectory.DLL.
LOG: Attempting download of new URL file:///D:/IntoIT/CustomersCarsInstallations - gil shalem/bin/Debug/Microsoft.IdentityModel.Clients.ActiveDirectory/Microsoft.IdentityModel.Clients.ActiveDirectory.DLL.
LOG: Attempting download of new URL file:///D:/IntoIT/CustomersCarsInstallations - gil shalem/bin/Debug/Microsoft.IdentityModel.Clients.ActiveDirectory.EXE.
LOG: Attempting download of new URL file:///D:/IntoIT/CustomersCarsInstallations - gil shalem/bin/Debug/Microsoft.IdentityModel.Clients.ActiveDirectory/Microsoft.IdentityModel.Clients.ActiveDirectory.EXE.

   at IntoIT.GilCar.Interfaces.CustomersCarInstallations.CrmBase.get_XrmService() in D:\IntoIT\CustomersCarsInstallations - gil shalem\CrmBaseDynamic.cs:line 64
   at IntoIT.GilCar.Interfaces.CustomersCarInstallations.BL.StartInterface(DateTime start) in D:\IntoIT\CustomersCarsInstallations - gil shalem\BL.cs:line 72
   at IntoIT.GilCar.Interfaces.CustomersCarsInstallations.Program.Main(String[] args) in D:\IntoIT\CustomersCarsInstallations - gil shalem\Program.cs:line 25
[2021.06.21_13.50.10]	CustomersCarsInstallations Start: 21/06/2021 13:49:01
[2021.06.21_13.50.10]	CustomersCarsInstallations End: 21/06/2021 13:50:10
[2021.06.21_13.58.33]	System.IO.FileNotFoundException: Could not load file or assembly 'Microsoft.IdentityModel.Clients.ActiveDirectory, Version=2.22.0.0, Culture=neutral, PublicKeyToken=31bf3856ad364e35' or one of its dependencies. The system cannot find the file specified.
File name: 'Microsoft.IdentityModel.Clients.ActiveDirectory, Version=2.22.0.0, Culture=neutral, PublicKeyToken=31bf3856ad364e35'
   at Microsoft.Xrm.Tooling.Connector.CrmServiceClient.ConnectToCrmWebService(String crmConnectionString)
   at Microsoft.Xrm.Tooling.Connector.CrmServiceClient..ctor(String crmConnectionString)
   at IntoIT.GilCar.Interfaces.CustomersCarInstallations.CrmBase.get_XrmService() in D:\IntoIT\CustomersCarsInstallations - gil shalem\CrmBaseDynamic.cs:line 58

=== Pre-bind state information ===
LOG: DisplayName = Microsoft.IdentityModel.Clients.ActiveDirectory, Version=2.22.0.0, Culture=neutral, PublicKeyToken=31bf3856ad364e35
 (Fully-specified)
LOG: Appbase = file:///D:/IntoIT/CustomersCarsInstallations - gil shalem/bin/Debug/
LOG: Initial PrivatePath = NULL
Calling assembly : Microsoft.Xrm.Tooling.Connector, Version=3.0.0.0, Culture=neutral, PublicKeyToken=31bf3856ad364e35.
===
LOG: This bind starts in default load context.
LOG: Using application configuration file: D:\IntoIT\CustomersCarsInstallations - gil shalem\bin\Debug\IntoIT.GilCar.Interfaces.CustomersCarInstallations.exe.Config
LOG: Using host configuration file: 
LOG: Using machine configuration file from C:\Windows\Microsoft.NET\Framework\v4.0.30319\config\machine.config.
LOG: Post-policy reference: Microsoft.IdentityModel.Clients.ActiveDirectory, Version=2.22.0.0, Culture=neutral, PublicKeyToken=31bf3856ad364e35
LOG: Attempting download of new URL file:///D:/IntoIT/CustomersCarsInstallations - gil shalem/bin/Debug/Microsoft.IdentityModel.Clients.ActiveDirectory.DLL.
LOG: Attempting download of new URL file:///D:/IntoIT/CustomersCarsInstallations - gil shalem/bin/Debug/Microsoft.IdentityModel.Clients.ActiveDirectory/Microsoft.IdentityModel.Clients.ActiveDirectory.DLL.
LOG: Attempting download of new URL file:///D:/IntoIT/CustomersCarsInstallations - gil shalem/bin/Debug/Microsoft.IdentityModel.Clients.ActiveDirectory.EXE.
LOG: Attempting download of new URL file:///D:/IntoIT/CustomersCarsInstallations - gil shalem/bin/Debug/Microsoft.IdentityModel.Clients.ActiveDirectory/Microsoft.IdentityModel.Clients.ActiveDirectory.EXE.

   at IntoIT.GilCar.Interfaces.CustomersCarInstallations.CrmBase.get_XrmService() in D:\IntoIT\CustomersCarsInstallations - gil shalem\CrmBaseDynamic.cs:line 64
   at IntoIT.GilCar.Interfaces.CustomersCarInstallations.BL.StartInterface(DateTime start) in D:\IntoIT\CustomersCarsInstallations - gil shalem\BL.cs:line 72
   at IntoIT.GilCar.Interfaces.CustomersCarsInstallations.Program.Main(String[] args) in D:\IntoIT\CustomersCarsInstallations - gil shalem\Program.cs:line 25
[2021.06.21_13.58.33]	CustomersCarsInstallations Start: 21/06/2021 13:58:07
[2021.06.21_13.58.33]	CustomersCarsInstallations End: 21/06/2021 13:58:33
[2021.06.21_14.01.30]	System.IO.FileNotFoundException: Could not load file or assembly 'Microsoft.IdentityModel.Clients.ActiveDirectory, Version=2.22.0.0, Culture=neutral, PublicKeyToken=31bf3856ad364e35' or one of its dependencies. The system cannot find the file specified.
File name: 'Microsoft.IdentityModel.Clients.ActiveDirectory, Version=2.22.0.0, Culture=neutral, PublicKeyToken=31bf3856ad364e35'
   at Microsoft.Xrm.Tooling.Connector.CrmServiceClient.ConnectToCrmWebService(String crmConnectionString)
   at Microsoft.Xrm.Tooling.Connector.CrmServiceClient..ctor(String crmConnectionString)
   at IntoIT.GilCar.Interfaces.CustomersCarInstallations.CrmBase.get_XrmService() in D:\IntoIT\CustomersCarsInstallations - gil shalem\CrmBaseDynamic.cs:line 58

=== Pre-bind state information ===
LOG: DisplayName = Microsoft.IdentityModel.Clients.ActiveDirectory, Version=2.22.0.0, Culture=neutral, PublicKeyToken=31bf3856ad364e35
 (Fully-specified)
LOG: Appbase = file:///D:/IntoIT/CustomersCarsInstallations - gil shalem/bin/Debug/
LOG: Initial PrivatePath = NULL
Calling assembly : Microsoft.Xrm.Tooling.Connector, Version=3.0.0.0, Culture=neutral, PublicKeyToken=31bf3856ad364e35.
===
LOG: This bind starts in default load context.
LOG: Using application configuration file: D:\IntoIT\CustomersCarsInstallations - gil shalem\bin\Debug\IntoIT.GilCar.Interfaces.CustomersCarInstallations.exe.Config
LOG: Using host configuration file: 
LOG: Using machine configuration file from C:\Windows\Microsoft.NET\Framework\v4.0.30319\config\machine.config.
LOG: Post-policy reference: Microsoft.IdentityModel.Clients.ActiveDirectory, Version=2.22.0.0, Culture=neutral, PublicKeyToken=31bf3856ad364e35
LOG: The same bind was seen before, and was failed with hr = 0x80070002.

   at IntoIT.GilCar.Interfaces.CustomersCarInstallations.CrmBase.get_XrmService() in D:\IntoIT\CustomersCarsInstallations - gil shalem\CrmBaseDynamic.cs:line 64
   at IntoIT.GilCar.Interfaces.CustomersCarInstallations.BL.StartInterface(DateTime start) in D:\IntoIT\CustomersCarsInstallations - gil shalem\BL.cs:line 72
   at IntoIT.GilCar.Interfaces.CustomersCarsInstallations.Program.Main(String[] args) in D:\IntoIT\CustomersCarsInstallations - gil shalem\Program.cs:line 25
[2021.06.21_14.01.30]	CustomersCarsInstallations Start: 21/06/2021 14:00:37
[2021.06.21_14.01.30]	CustomersCarsInstallations End: 21/06/2021 14:01:30
[2021.06.21_14.08.21]	 Error in StartInterface. currCar(SAP) ID,64273  
[2021.06.21_14.09.15]	 Error in StartInterface. currCar(SAP) ID,64357  
[2021.06.21_14.09.21]	 Error in StartInterface. currCar(SAP) ID,64626  
[2021.06.21_14.09.22]	Error: Customer Name is null. ID,64829
[2021.06.21_14.09.25]	Error: Customer Name is null. ID,64939
[2021.06.21_14.22.04]	Error: Customer Name is null. ID,64736
[2021.06.21_14.22.04]	Error: Customer Name is null. ID,64754
[2021.06.21_14.22.05]	Error: Customer Name is null. ID,64787
[2021.06.21_14.22.05]	first run total cars from DB: 14
[2021.06.21_14.22.05]	first run total cars to CRM : 6
[2021.06.21_14.22.05]	first run total Installations from DB : 22
[2021.06.21_14.22.05]	first run total Installations to CRM : 0
[2021.06.21_14.22.06]	 Error in StartInterface. currCar(SAP) ID,64253    
[2021.06.21_14.22.07]	 Error in StartInterface. currCar(SAP) ID,64313    
[2021.06.21_14.22.08]	 Error in StartInterface. currCar(SAP) ID,64373    
[2021.06.21_14.22.08]	 Error in StartInterface. currCar(SAP) ID,64435    
[2021.06.21_14.22.09]	 Error in StartInterface. currCar(SAP) ID,64497    
[2021.06.21_14.22.10]	 Error in StartInterface. currCar(SAP) ID,64557    
[2021.06.21_14.22.10]	 Error in StartInterface. currCar(SAP) ID,64617    
[2021.06.21_14.22.11]	 Error in StartInterface. currCar(SAP) ID,64670    
[2021.06.21_14.22.12]	 Error in StartInterface. currCar(SAP) ID,64699    
[2021.06.21_14.22.13]	 Error in StartInterface. currCar(SAP) ID,64729    
[2021.06.21_14.22.13]	 Error in StartInterface. currCar(SAP) ID,64759    
[2021.06.21_14.22.14]	 Error in StartInterface. currCar(SAP) ID,64790    
[2021.06.21_14.22.15]	 Error in StartInterface. currCar(SAP) ID,64819    
[2021.06.21_14.22.15]	 Error in StartInterface. currCar(SAP) ID,64849    
[2021.06.21_14.22.16]	 Error in StartInterface. currCar(SAP) ID,64938    
[2021.06.21_14.22.17]	 Error in StartInterface. currCar(SAP) ID,64671    
[2021.06.21_14.22.18]	 Error in StartInterface. currCar(SAP) ID,64672    
[2021.06.21_14.22.18]	 Error in StartInterface. currCar(SAP) ID,64673    
[2021.06.21_14.22.19]	 Error in StartInterface. currCar(SAP) ID,64674    
[2021.06.21_14.22.20]	 Error in StartInterface. currCar(SAP) ID,64675    
[2021.06.21_14.22.20]	 Error in StartInterface. currCar(SAP) ID,64676    
[2021.06.21_14.22.21]	 Error in StartInterface. currCar(SAP) ID,64677    
[2021.06.21_14.22.22]	 Error in StartInterface. currCar(SAP) ID,64678    
[2021.06.21_14.22.22]	 Error in StartInterface. currCar(SAP) ID,64679    
[2021.06.21_14.22.23]	 Error in StartInterface. currCar(SAP) ID,64680    
[2021.06.21_14.22.24]	 Error in StartInterface. currCar(SAP) ID,64681    
[2021.06.21_14.22.24]	 Error in StartInterface. currCar(SAP) ID,64682    
[2021.06.21_14.22.25]	 Error in StartInterface. currCar(SAP) ID,64683    
[2021.06.21_14.22.26]	 Error in StartInterface. currCar(SAP) ID,64684    
[2021.06.21_14.22.28]	 Error in StartInterface. currCar(SAP) ID,64685    
[2021.06.21_14.22.30]	 Error in StartInterface. currCar(SAP) ID,64686    
[2021.06.21_14.22.30]	 Error in StartInterface. currCar(SAP) ID,64687    
[2021.06.21_14.22.31]	 Error in StartInterface. currCar(SAP) ID,64688    
[2021.06.21_14.22.32]	 Error in StartInterface. currCar(SAP) ID,64689    
[2021.06.21_14.22.33]	 Error in StartInterface. currCar(SAP) ID,64690    
[2021.06.21_14.22.33]	 Error in StartInterface. currCar(SAP) ID,64691    
[2021.06.21_14.22.34]	 Error in StartInterface. currCar(SAP) ID,64692    
[2021.06.21_14.22.35]	 Error in StartInterface. currCar(SAP) ID,64693    
[2021.06.21_14.22.35]	 Error in StartInterface. currCar(SAP) ID,64694    
[2021.06.21_14.22.36]	 Error in StartInterface. currCar(SAP) ID,64695    
[2021.06.21_14.22.37]	 Error in StartInterface. currCar(SAP) ID,64696    
[2021.06.21_14.22.37]	 Error in StartInterface. currCar(SAP) ID,64697    
[2021.06.21_14.22.38]	 Error in StartInterface. currCar(SAP) ID,64698    
[2021.06.21_14.22.39]	 Error in StartInterface. currCar(SAP) ID,64700    
[2021.06.21_14.22.39]	 Error in StartInterface. currCar(SAP) ID,64701    
[2021.06.21_14.22.40]	 Error in StartInterface. currCar(SAP) ID,64702    
[2021.06.21_14.22.41]	 Error in StartInterface. currCar(SAP) ID,64703    
[2021.06.21_14.22.42]	 Error in StartInterface. currCar(SAP) ID,64704    
[2021.06.21_14.22.42]	 Error in StartInterface. currCar(SAP) ID,64705    
[2021.06.21_14.22.43]	 Error in StartInterface. currCar(SAP) ID,64706    
[2021.06.21_14.22.44]	 Error in StartInterface. currCar(SAP) ID,64707    
[2021.06.21_14.22.44]	 Error in StartInterface. currCar(SAP) ID,64708    
[2021.06.21_14.22.45]	 Error in StartInterface. currCar(SAP) ID,64709    
[2021.06.21_14.22.46]	 Error in StartInterface. currCar(SAP) ID,64710    
[2021.06.21_14.22.46]	 Error in StartInterface. currCar(SAP) ID,64711    
[2021.06.21_14.22.47]	 Error in StartInterface. currCar(SAP) ID,64712    
[2021.06.21_14.22.48]	 Error in StartInterface. currCar(SAP) ID,64713    
[2021.06.21_14.22.48]	 Error in StartInterface. currCar(SAP) ID,64714    
[2021.06.21_14.22.49]	 Error in StartInterface. currCar(SAP) ID,64715    
[2021.06.21_14.22.50]	 Error in StartInterface. currCar(SAP) ID,64716    
[2021.06.21_14.22.50]	 Error in StartInterface. currCar(SAP) ID,64717    
[2021.06.21_14.22.51]	 Error in StartInterface. currCar(SAP) ID,64718    
[2021.06.21_14.22.52]	 Error in StartInterface. currCar(SAP) ID,64719    
[2021.06.21_14.22.52]	 Error in StartInterface. currCar(SAP) ID,64720    
[2021.06.21_14.22.53]	 Error in StartInterface. currCar(SAP) ID,64721    
[2021.06.21_14.22.54]	 Error in StartInterface. currCar(SAP) ID,64722    
[2021.06.21_14.22.54]	 Error in StartInterface. currCar(SAP) ID,64723    
[2021.06.21_14.22.55]	 Error in StartInterface. currCar(SAP) ID,64724    
[2021.06.21_14.22.56]	 Error in StartInterface. currCar(SAP) ID,64725    
[2021.06.21_14.22.56]	 Error in StartInterface. currCar(SAP) ID,64726    
[2021.06.21_14.22.57]	 Error in StartInterface. currCar(SAP) ID,64727    
[2021.06.21_14.22.58]	 Error in StartInterface. currCar(SAP) ID,64728    
[2021.06.21_14.22.58]	 Error in StartInterface. currCar(SAP) ID,64730    
[2021.06.21_14.22.59]	 Error in StartInterface. currCar(SAP) ID,64731    
[2021.06.21_14.23.00]	 Error in StartInterface. currCar(SAP) ID,64732    
[2021.06.21_14.23.00]	 Error in StartInterface. currCar(SAP) ID,64733    
[2021.06.21_14.23.01]	 Error in StartInterface. currCar(SAP) ID,64734    
[2021.06.21_14.23.02]	 Error in StartInterface. currCar(SAP) ID,64735    
[2021.06.21_14.23.03]	 Error in StartInterface. currCar(SAP) ID,64736    
[2021.06.21_14.23.03]	 Error in StartInterface. currCar(SAP) ID,64737    
[2021.06.21_14.23.04]	 Error in StartInterface. currCar(SAP) ID,64738    
[2021.06.21_14.23.05]	 Error in StartInterface. currCar(SAP) ID,64739    
[2021.06.21_14.23.05]	 Error in StartInterface. currCar(SAP) ID,64740    
[2021.06.21_14.23.06]	 Error in StartInterface. currCar(SAP) ID,64741    
[2021.06.21_14.23.07]	 Error in StartInterface. currCar(SAP) ID,64742    
[2021.06.21_14.23.08]	 Error in StartInterface. currCar(SAP) ID,64743    
[2021.06.21_14.23.08]	 Error in StartInterface. currCar(SAP) ID,64744    
[2021.06.21_14.23.09]	 Error in StartInterface. currCar(SAP) ID,64745    
[2021.06.21_14.23.10]	 Error in StartInterface. currCar(SAP) ID,64746    
[2021.06.21_14.23.10]	 Error in StartInterface. currCar(SAP) ID,64747    
[2021.06.21_14.23.11]	 Error in StartInterface. currCar(SAP) ID,64748    
[2021.06.21_14.23.12]	 Error in StartInterface. currCar(SAP) ID,64749    
[2021.06.21_14.23.12]	 Error in StartInterface. currCar(SAP) ID,64750    
[2021.06.21_14.23.13]	 Error in StartInterface. currCar(SAP) ID,64751    
[2021.06.21_14.23.14]	 Error in StartInterface. currCar(SAP) ID,64752    
[2021.06.21_14.23.15]	 Error in StartInterface. currCar(SAP) ID,64753    
[2021.06.21_14.23.16]	 Error in StartInterface. currCar(SAP) ID,64754    
[2021.06.21_14.23.17]	 Error in StartInterface. currCar(SAP) ID,64755    
[2021.06.21_14.23.18]	 Error in StartInterface. currCar(SAP) ID,64756    
[2021.06.21_14.23.18]	 Error in StartInterface. currCar(SAP) ID,64757    
[2021.06.21_14.23.19]	 Error in StartInterface. currCar(SAP) ID,64758    
[2021.06.21_14.23.20]	 Error in StartInterface. currCar(SAP) ID,64760    
[2021.06.21_14.23.20]	 Error in StartInterface. currCar(SAP) ID,64761    
[2021.06.21_14.23.21]	 Error in StartInterface. currCar(SAP) ID,64762    
[2021.06.21_14.23.22]	 Error in StartInterface. currCar(SAP) ID,64763    
[2021.06.21_14.23.22]	 Error in StartInterface. currCar(SAP) ID,64764    
[2021.06.21_14.23.23]	 Error in StartInterface. currCar(SAP) ID,64765    
[2021.06.21_14.23.24]	 Error in StartInterface. currCar(SAP) ID,64766    
[2021.06.21_14.23.24]	 Error in StartInterface. currCar(SAP) ID,64767    
[2021.06.21_14.23.25]	 Error in StartInterface. currCar(SAP) ID,64768    
[2021.06.21_14.23.26]	 Error in StartInterface. currCar(SAP) ID,64769    
[2021.06.21_14.23.27]	 Error in StartInterface. currCar(SAP) ID,64770    
[2021.06.21_14.23.27]	 Error in StartInterface. currCar(SAP) ID,64771    
[2021.06.21_14.23.28]	 Error in StartInterface. currCar(SAP) ID,64772    
[2021.06.21_14.23.29]	 Error in StartInterface. currCar(SAP) ID,64773    
[2021.06.21_14.23.30]	 Error in StartInterface. currCar(SAP) ID,64774    
[2021.06.21_14.23.30]	 Error in StartInterface. currCar(SAP) ID,64775    
[2021.06.21_14.23.31]	 Error in StartInterface. currCar(SAP) ID,64776    
[2021.06.21_14.23.32]	 Error in StartInterface. currCar(SAP) ID,64777    
[2021.06.21_14.23.32]	 Error in StartInterface. currCar(SAP) ID,64778    
[2021.06.21_14.23.33]	 Error in StartInterface. currCar(SAP) ID,64779    
[2021.06.21_14.23.34]	 Error in StartInterface. currCar(SAP) ID,64780    
[2021.06.21_14.23.34]	 Error in StartInterface. currCar(SAP) ID,64781    
[2021.06.21_14.23.35]	 Error in StartInterface. currCar(SAP) ID,64782    
[2021.06.21_14.23.36]	 Error in StartInterface. currCar(SAP) ID,64783    
[2021.06.21_14.23.36]	 Error in StartInterface. currCar(SAP) ID,64784    
[2021.06.21_14.23.37]	 Error in StartInterface. currCar(SAP) ID,64785    
[2021.06.21_14.23.38]	 Error in StartInterface. currCar(SAP) ID,64786    
[2021.06.21_14.23.39]	 Error in StartInterface. currCar(SAP) ID,64787    
[2021.06.21_14.23.40]	 Error in StartInterface. currCar(SAP) ID,64788    
[2021.06.21_14.23.41]	 Error in StartInterface. currCar(SAP) ID,64789    
[2021.06.21_14.23.41]	 Error in StartInterface. currCar(SAP) ID,64791    
[2021.06.21_14.23.42]	 Error in StartInterface. currCar(SAP) ID,64792    
[2021.06.21_14.23.43]	 Error in StartInterface. currCar(SAP) ID,64793    
[2021.06.21_14.23.43]	 Error in StartInterface. currCar(SAP) ID,64794    
[2021.06.21_14.23.44]	 Error in StartInterface. currCar(SAP) ID,64795    
[2021.06.21_14.23.45]	 Error in StartInterface. currCar(SAP) ID,64796    
[2021.06.21_14.23.46]	 Error in StartInterface. currCar(SAP) ID,64797    
[2021.06.21_14.23.46]	 Error in StartInterface. currCar(SAP) ID,64798    
[2021.06.21_14.23.47]	 Error in StartInterface. currCar(SAP) ID,64799    
[2021.06.21_14.23.48]	 Error in StartInterface. currCar(SAP) ID,64800    
[2021.06.21_14.23.48]	 Error in StartInterface. currCar(SAP) ID,64801    
[2021.06.21_14.23.49]	 Error in StartInterface. currCar(SAP) ID,64802    
[2021.06.21_14.23.50]	 Error in StartInterface. currCar(SAP) ID,64803    
[2021.06.21_14.23.51]	 Error in StartInterface. currCar(SAP) ID,64804    
[2021.06.21_14.23.51]	 Error in StartInterface. currCar(SAP) ID,64805    
[2021.06.21_14.23.52]	 Error in StartInterface. currCar(SAP) ID,64806    
[2021.06.21_14.23.53]	 Error in StartInterface. currCar(SAP) ID,64807    
[2021.06.21_14.23.53]	 Error in StartInterface. currCar(SAP) ID,64808    
[2021.06.21_14.23.54]	 Error in StartInterface. currCar(SAP) ID,64809    
[2021.06.21_14.23.55]	 Error in StartInterface. currCar(SAP) ID,64810    
[2021.06.21_14.23.56]	 Error in StartInterface. currCar(SAP) ID,64811    
[2021.06.21_14.23.56]	 Error in StartInterface. currCar(SAP) ID,64812    
[2021.06.21_14.23.57]	 Error in StartInterface. currCar(SAP) ID,64813    
[2021.06.21_14.23.58]	 Error in StartInterface. currCar(SAP) ID,64814    
[2021.06.21_14.23.59]	 Error in StartInterface. currCar(SAP) ID,64815    
[2021.06.21_14.23.59]	 Error in StartInterface. currCar(SAP) ID,64816    
[2021.06.21_14.24.00]	 Error in StartInterface. currCar(SAP) ID,64817    
[2021.06.21_14.24.01]	 Error in StartInterface. currCar(SAP) ID,64818    
[2021.06.21_14.24.02]	 Error in StartInterface. currCar(SAP) ID,64820    
[2021.06.21_14.24.02]	 Error in StartInterface. currCar(SAP) ID,64821    
[2021.06.21_14.24.03]	 Error in StartInterface. currCar(SAP) ID,64822    
[2021.06.21_14.24.04]	 Error in StartInterface. currCar(SAP) ID,64823    
[2021.06.21_14.24.04]	 Error in StartInterface. currCar(SAP) ID,64824    
[2021.06.21_14.24.05]	 Error in StartInterface. currCar(SAP) ID,64825    
[2021.06.21_14.24.06]	 Error in StartInterface. currCar(SAP) ID,64826    
[2021.06.21_14.24.07]	 Error in StartInterface. currCar(SAP) ID,64827    
[2021.06.21_14.24.07]	 Error in StartInterface. currCar(SAP) ID,64828    
[2021.06.21_14.24.09]	 Error in StartInterface. currCar(SAP) ID,64829    
[2021.06.21_14.24.09]	 Error in StartInterface. currCar(SAP) ID,64830    
[2021.06.21_14.24.10]	 Error in StartInterface. currCar(SAP) ID,64831    
[2021.06.21_14.24.11]	 Error in StartInterface. currCar(SAP) ID,64832    
[2021.06.21_14.24.11]	 Error in StartInterface. currCar(SAP) ID,64833    
[2021.06.21_14.24.12]	 Error in StartInterface. currCar(SAP) ID,64834    
[2021.06.21_14.24.13]	 Error in StartInterface. currCar(SAP) ID,64835    
[2021.06.21_14.24.14]	 Error in StartInterface. currCar(SAP) ID,64836    
[2021.06.21_14.24.16]	 Error in StartInterface. currCar(SAP) ID,64837    
[2021.06.21_14.24.16]	 Error in StartInterface. currCar(SAP) ID,64838    
[2021.06.21_14.24.17]	 Error in StartInterface. currCar(SAP) ID,64839    
[2021.06.21_14.24.18]	 Error in StartInterface. currCar(SAP) ID,64840    
[2021.06.21_14.24.19]	 Error in StartInterface. currCar(SAP) ID,64841    
[2021.06.21_14.24.19]	 Error in StartInterface. currCar(SAP) ID,64842    
[2021.06.21_14.24.20]	 Error in StartInterface. currCar(SAP) ID,64843    
[2021.06.21_14.24.20]	 Error in StartInterface. currCar(SAP) ID,64844    
[2021.06.21_14.24.21]	 Error in StartInterface. currCar(SAP) ID,64845    
[2021.06.21_14.24.22]	 Error in StartInterface. currCar(SAP) ID,64846    
[2021.06.21_14.24.22]	 Error in StartInterface. currCar(SAP) ID,64847    
[2021.06.21_14.24.23]	 Error in StartInterface. currCar(SAP) ID,64848    
[2021.06.21_14.24.24]	 Error in StartInterface. currCar(SAP) ID,64850    
[2021.06.21_14.24.25]	 Error in StartInterface. currCar(SAP) ID,64851    
[2021.06.21_14.24.25]	 Error in StartInterface. currCar(SAP) ID,64852    
[2021.06.21_14.24.26]	 Error in StartInterface. currCar(SAP) ID,64853    
[2021.06.21_14.24.27]	 Error in StartInterface. currCar(SAP) ID,64854    
[2021.06.21_14.24.28]	 Error in StartInterface. currCar(SAP) ID,64855    
[2021.06.21_14.24.28]	 Error in StartInterface. currCar(SAP) ID,64856    
[2021.06.21_14.24.29]	 Error in StartInterface. currCar(SAP) ID,64857    
[2021.06.21_14.24.30]	 Error in StartInterface. currCar(SAP) ID,64858    
[2021.06.21_14.24.30]	 Error in StartInterface. currCar(SAP) ID,64859    
[2021.06.21_14.24.31]	 Error in StartInterface. currCar(SAP) ID,64860    
[2021.06.21_14.24.32]	 Error in StartInterface. currCar(SAP) ID,64861    
[2021.06.21_14.24.32]	 Error in StartInterface. currCar(SAP) ID,64862    
[2021.06.21_14.24.33]	 Error in StartInterface. currCar(SAP) ID,64863    
[2021.06.21_14.24.34]	 Error in StartInterface. currCar(SAP) ID,64864    
[2021.06.21_14.24.35]	 Error in StartInterface. currCar(SAP) ID,64865    
[2021.06.21_14.24.36]	 Error in StartInterface. currCar(SAP) ID,64866    
[2021.06.21_14.24.36]	 Error in StartInterface. currCar(SAP) ID,64867    
[2021.06.21_14.24.37]	 Error in StartInterface. currCar(SAP) ID,64868    
[2021.06.21_14.24.38]	 Error in StartInterface. currCar(SAP) ID,64869    
[2021.06.21_14.24.38]	 Error in StartInterface. currCar(SAP) ID,64870    
[2021.06.21_14.24.39]	 Error in StartInterface. currCar(SAP) ID,64871    
[2021.06.21_14.24.40]	 Error in StartInterface. currCar(SAP) ID,64872    
[2021.06.21_14.24.40]	 Error in StartInterface. currCar(SAP) ID,64873    
[2021.06.21_14.24.41]	 Error in StartInterface. currCar(SAP) ID,64874    
[2021.06.21_14.24.42]	 Error in StartInterface. currCar(SAP) ID,64875    
[2021.06.21_14.24.42]	 Error in StartInterface. currCar(SAP) ID,64876    
[2021.06.21_14.24.43]	 Error in StartInterface. currCar(SAP) ID,64877    
[2021.06.21_14.24.44]	 Error in StartInterface. currCar(SAP) ID,64878    
[2021.06.21_14.24.45]	 Error in StartInterface. currCar(SAP) ID,64882    
[2021.06.21_14.24.45]	 Error in StartInterface. currCar(SAP) ID,64887    
[2021.06.21_14.24.46]	 Error in StartInterface. currCar(SAP) ID,64888    
[2021.06.21_14.24.47]	 Error in StartInterface. currCar(SAP) ID,64889    
[2021.06.21_14.24.47]	 Error in StartInterface. currCar(SAP) ID,64890    
[2021.06.21_14.24.48]	 Error in StartInterface. currCar(SAP) ID,64891    
[2021.06.21_14.24.48]	 Error in StartInterface. currCar(SAP) ID,64892    
[2021.06.21_14.24.49]	 Error in StartInterface. currCar(SAP) ID,64893    
[2021.06.21_14.24.50]	 Error in StartInterface. currCar(SAP) ID,64894    
[2021.06.21_14.24.51]	 Error in StartInterface. currCar(SAP) ID,64895    
[2021.06.21_14.24.52]	 Error in StartInterface. currCar(SAP) ID,64896    
[2021.06.21_14.24.53]	 Error in StartInterface. currCar(SAP) ID,64897    
[2021.06.21_14.24.54]	 Error in StartInterface. currCar(SAP) ID,64898    
[2021.06.21_14.24.54]	 Error in StartInterface. currCar(SAP) ID,64899    
[2021.06.21_14.24.55]	 Error in StartInterface. currCar(SAP) ID,64900    
[2021.06.21_14.24.56]	 Error in StartInterface. currCar(SAP) ID,64901    
[2021.06.21_14.24.57]	 Error in StartInterface. currCar(SAP) ID,64902    
[2021.06.21_14.24.57]	 Error in StartInterface. currCar(SAP) ID,64903    
[2021.06.21_14.24.58]	 Error in StartInterface. currCar(SAP) ID,64904    
[2021.06.21_14.24.59]	 Error in StartInterface. currCar(SAP) ID,64905    
[2021.06.21_14.24.59]	 Error in StartInterface. currCar(SAP) ID,64906    
[2021.06.21_14.25.00]	 Error in StartInterface. currCar(SAP) ID,64907    
[2021.06.21_14.25.01]	 Error in StartInterface. currCar(SAP) ID,64908    
[2021.06.21_14.25.01]	 Error in StartInterface. currCar(SAP) ID,64909    
[2021.06.21_14.25.02]	 Error in StartInterface. currCar(SAP) ID,64911    
[2021.06.21_14.25.03]	 Error in StartInterface. currCar(SAP) ID,64912    
[2021.06.21_14.25.03]	 Error in StartInterface. currCar(SAP) ID,64913    
[2021.06.21_14.25.04]	 Error in StartInterface. currCar(SAP) ID,64914    
[2021.06.21_14.25.06]	 Error in StartInterface. currCar(SAP) ID,64915    
[2021.06.21_14.25.07]	 Error in StartInterface. currCar(SAP) ID,64916    
[2021.06.21_14.25.08]	 Error in StartInterface. currCar(SAP) ID,64917    
[2021.06.21_14.25.09]	 Error in StartInterface. currCar(SAP) ID,64918    
[2021.06.21_14.25.10]	 Error in StartInterface. currCar(SAP) ID,64919    
[2021.06.21_14.25.11]	 Error in StartInterface. currCar(SAP) ID,64920    
[2021.06.21_14.25.11]	 Error in StartInterface. currCar(SAP) ID,64921    
[2021.06.21_14.25.12]	 Error in StartInterface. currCar(SAP) ID,64922    
[2021.06.21_14.25.13]	 Error in StartInterface. currCar(SAP) ID,64923    
[2021.06.21_14.25.13]	 Error in StartInterface. currCar(SAP) ID,64924    
[2021.06.21_14.25.14]	 Error in StartInterface. currCar(SAP) ID,64925    
[2021.06.21_14.25.15]	 Error in StartInterface. currCar(SAP) ID,64926    
[2021.06.21_14.25.15]	 Error in StartInterface. currCar(SAP) ID,64927    
[2021.06.21_14.25.16]	 Error in StartInterface. currCar(SAP) ID,64928    
[2021.06.21_14.25.17]	 Error in StartInterface. currCar(SAP) ID,64929    
[2021.06.21_14.25.17]	 Error in StartInterface. currCar(SAP) ID,64930    
[2021.06.21_14.25.18]	 Error in StartInterface. currCar(SAP) ID,64931    
[2021.06.21_14.25.19]	 Error in StartInterface. currCar(SAP) ID,64932    
[2021.06.21_14.25.19]	 Error in StartInterface. currCar(SAP) ID,64933    
[2021.06.21_14.25.20]	 Error in StartInterface. currCar(SAP) ID,64934    
[2021.06.21_14.25.21]	 Error in StartInterface. currCar(SAP) ID,64935    
[2021.06.21_14.25.21]	 Error in StartInterface. currCar(SAP) ID,64936    
[2021.06.21_14.25.22]	 Error in StartInterface. currCar(SAP) ID,64937    
[2021.06.21_14.25.23]	 Error in StartInterface. currCar(SAP) ID,64939    
[2021.06.21_14.25.24]	 Error in StartInterface. currCar(SAP) ID,64940    
[2021.06.21_14.25.25]	 Error in StartInterface. currCar(SAP) ID,64941    
[2021.06.21_14.25.25]	 Error in StartInterface. currCar(SAP) ID,64942    
[2021.06.21_14.25.26]	 Error in StartInterface. currCar(SAP) ID,64944    
[2021.06.21_14.25.26]	 Error in StartInterface. currCar(SAP) ID,64254    
[2021.06.21_14.25.27]	 Error in StartInterface. currCar(SAP) ID,64255    
[2021.06.21_14.25.28]	 Error in StartInterface. currCar(SAP) ID,64256    
[2021.06.21_14.25.28]	 Error in StartInterface. currCar(SAP) ID,64257    
[2021.06.21_14.25.29]	 Error in StartInterface. currCar(SAP) ID,64258    
[2021.06.21_14.25.30]	 Error in StartInterface. currCar(SAP) ID,64261    
[2021.06.21_14.25.30]	 Error in StartInterface. currCar(SAP) ID,64262    
[2021.06.21_14.25.31]	 Error in StartInterface. currCar(SAP) ID,64263    
[2021.06.21_14.25.32]	 Error in StartInterface. currCar(SAP) ID,64264    
[2021.06.21_14.25.33]	 Error in StartInterface. currCar(SAP) ID,64265    
[2021.06.21_14.25.33]	 Error in StartInterface. currCar(SAP) ID,64266    
[2021.06.21_14.25.34]	 Error in StartInterface. currCar(SAP) ID,64267    
[2021.06.21_14.25.35]	 Error in StartInterface. currCar(SAP) ID,64268    
[2021.06.21_14.25.36]	 Error in StartInterface. currCar(SAP) ID,64269    
[2021.06.21_14.25.37]	 Error in StartInterface. currCar(SAP) ID,64270    
[2021.06.21_14.25.38]	 Error in StartInterface. currCar(SAP) ID,64271    
[2021.06.21_14.25.39]	 Error in StartInterface. currCar(SAP) ID,64272    
[2021.06.21_14.25.39]	 Error in StartInterface. currCar(SAP) ID,64273    
[2021.06.21_14.25.40]	 Error in StartInterface. currCar(SAP) ID,64274    
[2021.06.21_14.25.41]	 Error in StartInterface. currCar(SAP) ID,64275    
[2021.06.21_14.25.42]	 Error in StartInterface. currCar(SAP) ID,64276    
[2021.06.21_14.25.42]	 Error in StartInterface. currCar(SAP) ID,64277    
[2021.06.21_14.25.43]	 Error in StartInterface. currCar(SAP) ID,64278    
[2021.06.21_14.25.44]	 Error in StartInterface. currCar(SAP) ID,64279    
[2021.06.21_14.25.45]	 Error in StartInterface. currCar(SAP) ID,64280    
[2021.06.21_14.25.45]	 Error in StartInterface. currCar(SAP) ID,64281    
[2021.06.21_14.26.47]	 Error in StartInterface. currCar(SAP) ID,64282    
[2021.06.21_14.28.00]	 Error in StartInterface. currCar(SAP) ID,64225    
[2021.06.21_14.28.28]	 Error in StartInterface. currCar(SAP) ID,64226    
[2021.06.21_14.28.40]	 Error in StartInterface. currCar(SAP) ID,64227    
[2021.06.21_14.30.00]	 Error in StartInterface. currCar(SAP) ID,64228    
[2021.06.21_14.30.02]	 Error in StartInterface. currCar(SAP) ID,64229    
[2021.06.21_14.34.29]	Error: Customer Name is null. ID,64829
[2021.06.21_14.34.29]	Error: Customer Name is null. ID,64939
[2021.06.21_14.34.30]	Error: Customer Name is null. ID,64736
[2021.06.21_14.34.30]	Error: Customer Name is null. ID,64754
[2021.06.21_14.34.31]	Error: Customer Name is null. ID,64787
[2021.06.21_14.34.31]	first run total cars from DB: 5
[2021.06.21_14.34.31]	first run total cars to CRM : 0
[2021.06.21_14.34.31]	first run total Installations from DB : 13
[2021.06.21_14.34.31]	first run total Installations to CRM : 0
[2021.06.21_14.35.08]	 Error in StartInterface. currCar(SAP) ID,64253    
[2021.06.21_14.35.43]	 Error in StartInterface. currCar(SAP) ID,64313    
[2021.06.21_14.35.50]	 Error in StartInterface. currCar(SAP) ID,64373    
