[2017.08.09]	Start: 09/08/2017 09:32:52
[2017.08.09]	new_s_description : B9S6K261B is in more then one place in the CRM is  0003073
[2017.08.09]	new_s_description : 4X4 ML350CDI is in more then one place in the CRM is  1641221
[2017.08.09]	new_s_description : SLK55 AMG is in more then one place in the CRM is  1714731
[2017.08.09]	new_s_description : C180 BlueEFFICIENCY is in more then one place in the CRM is  2040311
[2017.08.09]	new_s_description : C350 is in more then one place in the CRM is  2040561
[2017.08.09]	new_s_description : C63 AMG is in more then one place in the CRM is  2040771
[2017.08.09]	new_s_description : E400 Coupe is in more then one place in the CRM is  2073611
[2017.08.09]	new_s_description : E400 Cabrio is in more then one place in the CRM is  2074611
[2017.08.09]	new_s_description : E350 is in more then one place in the CRM is  2110561
[2017.08.09]	new_s_description : E300 CDI BlueEFFICIENCY is in more then one place in the CRM is  2120211
[2017.08.09]	new_s_description : E200 is in more then one place in the CRM is  2120341
[2017.08.09]	new_s_description : E250 is in more then one place in the CRM is  2120361
[2017.08.09]	new_s_description : E300 is in more then one place in the CRM is  2120541
[2017.08.09]	new_s_description : E400 is in more then one place in the CRM is  2120611
[2017.08.09]	new_s_description : E500 BlueEFFICIENCY is in more then one place in the CRM is  2120721
[2017.08.09]	new_s_description : E63 AMG is in more then one place in the CRM is  2120741
[2017.08.09]	new_s_description : CL63 AMG is in more then one place in the CRM is  2163741
[2017.08.09]	new_s_description : CLS63 AMG is in more then one place in the CRM is  2183741
[2017.08.09]	new_s_description : S350 is in more then one place in the CRM is  2210561
[2017.08.09]	new_s_description : S500 is in more then one place in the CRM is  2210711
[2017.08.09]	new_s_description : S400 Hybrid is in more then one place in the CRM is  2210951
[2017.08.09]	new_s_description : S350 BlueTEC LONG is in more then one place in the CRM is  2211261
[2017.08.09]	new_s_description : S350 LONG BlueDirect is in more then one place in the CRM is  221157
[2017.08.09]	new_s_description : S500 LONG is in more then one place in the CRM is  2211711
[2017.08.09]	new_s_description : S63 AMG LONG is in more then one place in the CRM is  2211741
[2017.08.09]	new_s_description : S600 LONG is in more then one place in the CRM is  2211761
[2017.08.09]	new_s_description : S65 AMG LONG is in more then one place in the CRM is  2211791
[2017.08.09]	new_s_description : S400 Hybrid Long is in more then one place in the CRM is  2211951
[2017.08.09]	new_s_description : SL63 AMG is in more then one place in the CRM is  2304701
[2017.08.09]	new_s_description : SL400 Roadster is in more then one place in the CRM is  2314651
[2017.08.09]	new_s_description : B180 CDI is in more then one place in the CRM is  2462001
[2017.08.09]	new_s_description : B200 CDI is in more then one place in the CRM is  2462011
[2017.08.09]	new_s_description : ויטו קומבי A3 is in more then one place in the CRM is  44770513
[2017.08.09]	new_s_description : SMART Fortwo Coupe mhd 71hp is in more then one place in the CRM is  4513801
[2017.08.09]	new_s_description : SMART Fortwo Cabrio mhd 71hp is in more then one place in the CRM is  4514801
[2017.08.09]	new_s_description : G350 BlueTEC Long is in more then one place in the CRM is  4632461
[2017.08.09]	new_s_description : O530 סיטרו is in more then one place in the CRM is  628031
[2017.08.09]	new_s_description : Q5 2.0TFSI quattro is in more then one place in the CRM is  8RB0AA
[2017.08.09]	new_s_description : SQ5 3.0TFSI quattro is in more then one place in the CRM is  8RBSCA
[2017.08.09]	Error: Incorrect syntax near '2.0'.
Unclosed quotation mark after the character string ''.. Error in DAL.GetAllCases.
[2017.08.09]	new_s_description : A5 coupe' 2.0T quattro is in more then one place in the CRM is  8T30AY
[2017.08.09]	new_s_description : A5 Sportback 1.8T FSI is in more then one place in the CRM is  8TA03H
[2017.08.09]	new_s_description : A5 Sportback 2.0 TFSI is in more then one place in the CRM is  8TA0AY
[2017.08.09]	new_s_description :      S3 2.0TFSI quattro is in more then one place in the CRM is  8V1S2L
[2017.08.09]	new_s_description : A3 Cabriolet 1.4 TFSI is in more then one place in the CRM is  8V7AAG
[2017.08.09]	new_s_description : RS3 SB 2.5 TFSI quattro is in more then one place in the CRM is  8VARSY
[2017.08.09]	new_s_description : S3 Sportback 2.0 quattro is in more then one place in the CRM is  8VAS2L
[2017.08.09]	new_s_description : S3 Sedan 2.0T quattro is in more then one place in the CRM is  8VMS2Y
[2017.08.09]	new_s_description : 6X2 25XXL is in more then one place in the CRM is  96302012
[2017.08.09]	new_s_description : NEW ATEGO 4X2 8XX is in more then one place in the CRM is  96700112
[2017.08.09]	new_s_description : I30 1.4 MPI ידני is in more then one place in the CRM is  A6S6D1617
[2017.08.09]	new_s_description : I30 1.6 GDI אוטומטי is in more then one place in the CRM is  A6S6D2A1F
[2017.08.09]	new_s_description : I30 CW  ידני 1.4 is in more then one place in the CRM is  A6W5D1617
[2017.08.09]	new_s_description : I30 CW  אוטומטי 1.6 is in more then one place in the CRM is  A6W5D2A1F
[2017.08.09]	new_s_description : אייגו is in more then one place in the CRM is  AH515P
[2017.08.09]	new_s_description : אוריס is in more then one place in the CRM is  AU58VB
[2017.08.09]	new_s_description : אוריס היבריד is in more then one place in the CRM is  AU58VJ
[2017.08.09]	new_s_description : קורולה is in more then one place in the CRM is  AW46L3
[2017.08.09]	new_s_description : אוונסיס is in more then one place in the CRM is  AX40VU
[2017.08.09]	Error: Incorrect syntax near 'נסיס'.
Unclosed quotation mark after the character string ''.. Error in DAL.GetAllCases.
[2017.08.09]	new_s_description : ג'נסיס 5.0 אוטומטי is in more then one place in the CRM is  B1S4T3A1J
[2017.08.09]	new_s_description : סנטה פה דיזל 2.2 אוטומטי 4X4 is in more then one place in the CRM is  BMW72D85E
[2017.08.09]	new_s_description : GL 1.4  I20 אוטומטי בנזין is in more then one place in the CRM is  CNW5D161B
[2017.08.09]	Error: Incorrect syntax near the keyword 'is'.
Unclosed quotation mark after the character string ''.. Error in DAL.GetAllCases.
[2017.08.09]	new_s_description : אאוטלנדר 5 מושבים 2.0 אוטו' is in more then one place in the CRM is  CW4WXTHHL6
[2017.08.09]	new_s_description : לנסר ספורטבק  1.8 אוטו is in more then one place in the CRM is  CX3ALTSHL6
[2017.08.09]	new_s_description : לנסר סדאן 1.8 אוטו is in more then one place in the CRM is  CY3ASTSHL6
[2017.08.09]	Error: Incorrect syntax near 'new_i_warranty'.. Error in DAL.GetAllCases.
[2017.08.09]	on code : DBM_DUMMY_VEHICLE A validation error occurred.  The value of 'new_i_warranty' on record of type 'new_car_model' is outside the valid range. 
Server stack trace: 
   at System.ServiceModel.Channels.ServiceChannel.HandleReply(ProxyOperationRuntime operation, ProxyRpc& rpc)
   at System.ServiceModel.Channels.ServiceChannel.Call(String action, Boolean oneway, ProxyOperationRuntime operation, Object[] ins, Object[] outs, TimeSpan timeout)
   at System.ServiceModel.Channels.ServiceChannelProxy.InvokeService(IMethodCallMessage methodCall, ProxyOperationRuntime operation)
   at System.ServiceModel.Channels.ServiceChannelProxy.Invoke(IMessage message)

Exception rethrown at [0]: 
   at System.Runtime.Remoting.Proxies.RealProxy.HandleReturnMessage(IMessage reqMsg, IMessage retMsg)
   at System.Runtime.Remoting.Proxies.RealProxy.PrivateInvoke(MessageData& msgData, Int32 type)
   at Microsoft.Xrm.Sdk.IOrganizationService.Update(Entity entity)
   at Microsoft.Xrm.Sdk.Client.OrganizationServiceProxy.UpdateCore(Entity entity)
   at Microsoft.Xrm.Sdk.Client.OrganizationServiceProxy.Update(Entity entity)
   at CarModelFromSapToCrm.BL.StartInterface() in d:\Crm.Interfaces\CarModelFromSapToCrm\CarModelFromSapToCrm\BL.cs:line 127
[2017.08.09]	Error: Incorrect syntax near 'new_i_warranty'.. Error in DAL.GetAllCases.
[2017.08.09]	on code : DBM_NON_COL_TRUCK A validation error occurred.  The value of 'new_i_warranty' on record of type 'new_car_model' is outside the valid range. 
Server stack trace: 
   at System.ServiceModel.Channels.ServiceChannel.HandleReply(ProxyOperationRuntime operation, ProxyRpc& rpc)
   at System.ServiceModel.Channels.ServiceChannel.Call(String action, Boolean oneway, ProxyOperationRuntime operation, Object[] ins, Object[] outs, TimeSpan timeout)
   at System.ServiceModel.Channels.ServiceChannelProxy.InvokeService(IMethodCallMessage methodCall, ProxyOperationRuntime operation)
   at System.ServiceModel.Channels.ServiceChannelProxy.Invoke(IMessage message)

Exception rethrown at [0]: 
   at System.Runtime.Remoting.Proxies.RealProxy.HandleReturnMessage(IMessage reqMsg, IMessage retMsg)
   at System.Runtime.Remoting.Proxies.RealProxy.PrivateInvoke(MessageData& msgData, Int32 type)
   at Microsoft.Xrm.Sdk.IOrganizationService.Update(Entity entity)
   at Microsoft.Xrm.Sdk.Client.OrganizationServiceProxy.UpdateCore(Entity entity)
   at Microsoft.Xrm.Sdk.Client.OrganizationServiceProxy.Update(Entity entity)
   at CarModelFromSapToCrm.BL.StartInterface() in d:\Crm.Interfaces\CarModelFromSapToCrm\CarModelFromSapToCrm\BL.cs:line 127
[2017.08.09]	new_s_description : I40 בנזין 2.0 אוטומטי is in more then one place in the CRM is  DFS42GA1F
[2017.08.09]	new_s_description : 2383481 is in more then one place in the CRM is  E 300 COUPE
[2017.08.09]	new_s_description : סונטה בנזין 2.4 אוטומטי is in more then one place in the CRM is  EKS4L361B
[2017.08.09]	new_s_description : לקסוס GS450h 3.5L-V6 CVT-E F-SPORT 4 is in more then one place in the CRM is  G44EV3
[2017.08.09]	new_s_description : GS450 is in more then one place in the CRM is  G44EV5
[2017.08.09]	Error: Incorrect syntax near 'ידני'.
Unclosed quotation mark after the character string ''.. Error in DAL.GetAllCases.
[2017.08.09]	new_s_description : H1 I800 מיניבוס 8מק' ידני is in more then one place in the CRM is  GDB86A855
[2017.08.09]	Error: Incorrect syntax near 'אוטומט'.
Unclosed quotation mark after the character string ''.. Error in DAL.GetAllCases.
[2017.08.09]	new_s_description : H1 I800 מיניבוס 8מק' אוטומט is in more then one place in the CRM is  GDB86B856
[2017.08.09]	new_s_description : H1 I800 מסחרי סגור ידני is in more then one place in the CRM is  GDF36A855
[2017.08.09]	new_s_description : אאוטלנדר החדש 2.0 5 מקומות אוטומט is in more then one place in the CRM is  GF7WXTHXL6
[2017.08.09]	Error: Incorrect syntax near the keyword 'is'.
Unclosed quotation mark after the character string ''.. Error in DAL.GetAllCases.
[2017.08.09]	new_s_description : וולוסטר 1.6 GDI אוטו' is in more then one place in the CRM is  GSC4D261T
[2017.08.09]	new_s_description : IS300 is in more then one place in the CRM is  I34LVJ
[2017.08.09]	new_s_description : I30 בנזין 2.0 5 דלתות גיר אוטומטי is in more then one place in the CRM is  IRS6B261B
[2017.08.09]	new_s_description : I30 בנזין 1.6 5 דלתות גיר אוטומטי is in more then one place in the CRM is  IRS6D261B
[2017.08.09]	new_s_description : IX35 דיזל 2.0 4X4 is in more then one place in the CRM is  ITW52EC5G
[2017.08.09]	new_s_description : IX35 בנזין 2.0 4X2 is in more then one place in the CRM is  ITW5L561F
[2017.08.09]	new_s_description : IX35 בנזין 2.0 4X4 is in more then one place in the CRM is  ITW5L561G
[2017.08.09]	Error: Incorrect syntax near 'new_i_warranty'.. Error in DAL.GetAllCases.
[2017.08.09]	on code : KA4THJNUZL6 A validation error occurred.  The value of 'new_i_warranty' on record of type 'new_car_model' is outside the valid range. 
Server stack trace: 
   at System.ServiceModel.Channels.ServiceChannel.HandleReply(ProxyOperationRuntime operation, ProxyRpc& rpc)
   at System.ServiceModel.Channels.ServiceChannel.Call(String action, Boolean oneway, ProxyOperationRuntime operation, Object[] ins, Object[] outs, TimeSpan timeout)
   at System.ServiceModel.Channels.ServiceChannelProxy.InvokeService(IMethodCallMessage methodCall, ProxyOperationRuntime operation)
   at System.ServiceModel.Channels.ServiceChannelProxy.Invoke(IMessage message)

Exception rethrown at [0]: 
   at System.Runtime.Remoting.Proxies.RealProxy.HandleReturnMessage(IMessage reqMsg, IMessage retMsg)
   at System.Runtime.Remoting.Proxies.RealProxy.PrivateInvoke(MessageData& msgData, Int32 type)
   at Microsoft.Xrm.Sdk.IOrganizationService.Update(Entity entity)
   at Microsoft.Xrm.Sdk.Client.OrganizationServiceProxy.UpdateCore(Entity entity)
   at Microsoft.Xrm.Sdk.Client.OrganizationServiceProxy.Update(Entity entity)
   at CarModelFromSapToCrm.BL.StartInterface() in d:\Crm.Interfaces\CarModelFromSapToCrm\CarModelFromSapToCrm\BL.cs:line 127
[2017.08.09]	Error: Incorrect syntax near 'new_i_warranty'.. Error in DAL.GetAllCases.
[2017.08.09]	on code : KA4THJRUZL6 A validation error occurred.  The value of 'new_i_warranty' on record of type 'new_car_model' is outside the valid range. 
Server stack trace: 
   at System.ServiceModel.Channels.ServiceChannel.HandleReply(ProxyOperationRuntime operation, ProxyRpc& rpc)
   at System.ServiceModel.Channels.ServiceChannel.Call(String action, Boolean oneway, ProxyOperationRuntime operation, Object[] ins, Object[] outs, TimeSpan timeout)
   at System.ServiceModel.Channels.ServiceChannelProxy.InvokeService(IMethodCallMessage methodCall, ProxyOperationRuntime operation)
   at System.ServiceModel.Channels.ServiceChannelProxy.Invoke(IMessage message)

Exception rethrown at [0]: 
   at System.Runtime.Remoting.Proxies.RealProxy.HandleReturnMessage(IMessage reqMsg, IMessage retMsg)
   at System.Runtime.Remoting.Proxies.RealProxy.PrivateInvoke(MessageData& msgData, Int32 type)
   at Microsoft.Xrm.Sdk.IOrganizationService.Update(Entity entity)
   at Microsoft.Xrm.Sdk.Client.OrganizationServiceProxy.UpdateCore(Entity entity)
   at Microsoft.Xrm.Sdk.Client.OrganizationServiceProxy.Update(Entity entity)
   at CarModelFromSapToCrm.BL.StartInterface() in d:\Crm.Interfaces\CarModelFromSapToCrm\CarModelFromSapToCrm\BL.cs:line 127
[2017.08.09]	new_s_description : 4X4 Hunter D/C L200 אוט 2.5 ליטר דיזל is in more then one place in the CRM is  KB4TGJRXZL6
[2017.08.09]	new_s_description : לנד קרוזר is in more then one place in the CRM is  KE3CG1
[2017.08.09]	new_s_description : לאנד קרוזר is in more then one place in the CRM is  KE5CG5
[2017.08.09]	new_s_description : Kia Sorento is in more then one place in the CRM is  KS
[2017.08.09]	new_s_description : LS460 is in more then one place in the CRM is  L44R8J
[2017.08.09]	new_s_description : H350 is in more then one place in the CRM is  MTZ5AMBT7VT1
[2017.08.09]	new_s_description : H350 is in more then one place in the CRM is  MTZ7ABBT6V1
[2017.08.09]	new_s_description : H350 is in more then one place in the CRM is  MTZ7ABBT6VT1
[2017.08.09]	new_s_description : לקסוס  NX200t is in more then one place in the CRM is  N25TA1
[2017.08.09]	new_s_description : פריוס פלאג-אין is in more then one place in the CRM is  NP58VG
[2017.08.09]	new_s_description : יאריס is in more then one place in the CRM is  NT5AL6
[2017.08.09]	new_s_description : פריוס פלוס is in more then one place in the CRM is  NV58VA
[2017.08.09]	new_s_description : לקסוס NX300H is in more then one place in the CRM is  NX5LV1
[2017.08.09]	new_s_description : יאריס היבריד is in more then one place in the CRM is  NY51VB
[2017.08.09]	new_s_description : Toyota Prius is in more then one place in the CRM is  NZ58VG
[2017.08.09]	new_s_description : פרואייס is in more then one place in the CRM is  PA626G
[2017.08.09]	new_s_description : פרואייס is in more then one place in the CRM is  PA62AH
[2017.08.09]	new_s_description : RX350 is in more then one place in the CRM is  R35EA2
[2017.08.09]	new_s_description : RX450 is in more then one place in the CRM is  R45EV2
[2017.08.09]	new_s_description : ראב 4 is in more then one place in the CRM is  RA50VA
[2017.08.09]	new_s_description : Toyota RAV-4 is in more then one place in the CRM is  RA50VD
[2017.08.09]	new_s_description : לקסוס RC-F is in more then one place in the CRM is  RF2CAB
[2017.08.09]	new_s_description : לקסוס RX450 is in more then one place in the CRM is  RG5EVJ
[2017.08.09]	new_s_description : לקסוס RX350 is in more then one place in the CRM is  RV5ETA
[2017.08.09]	Error: Incorrect syntax near 'new_i_warranty'.. Error in DAL.GetAllCases.
[2017.08.09]	on code : SF6A338 A validation error occurred.  The value of 'new_i_warranty' on record of type 'new_car_model' is outside the valid range. 
Server stack trace: 
   at System.ServiceModel.Channels.ServiceChannel.HandleReply(ProxyOperationRuntime operation, ProxyRpc& rpc)
   at System.ServiceModel.Channels.ServiceChannel.Call(String action, Boolean oneway, ProxyOperationRuntime operation, Object[] ins, Object[] outs, TimeSpan timeout)
   at System.ServiceModel.Channels.ServiceChannelProxy.InvokeService(IMethodCallMessage methodCall, ProxyOperationRuntime operation)
   at System.ServiceModel.Channels.ServiceChannelProxy.Invoke(IMessage message)

Exception rethrown at [0]: 
   at System.Runtime.Remoting.Proxies.RealProxy.HandleReturnMessage(IMessage reqMsg, IMessage retMsg)
   at System.Runtime.Remoting.Proxies.RealProxy.PrivateInvoke(MessageData& msgData, Int32 type)
   at Microsoft.Xrm.Sdk.IOrganizationService.Update(Entity entity)
   at Microsoft.Xrm.Sdk.Client.OrganizationServiceProxy.UpdateCore(Entity entity)
   at Microsoft.Xrm.Sdk.Client.OrganizationServiceProxy.Update(Entity entity)
   at CarModelFromSapToCrm.BL.StartInterface() in d:\Crm.Interfaces\CarModelFromSapToCrm\CarModelFromSapToCrm\BL.cs:line 127
[2017.08.09]	new_s_description : Toyota Hilux is in more then one place in the CRM is  TH
[2017.08.09]	new_s_description : Toyota Hilux Vigo is in more then one place in the CRM is  THV
[2017.08.09]	Error: Incorrect syntax near 'new_i_warranty'.. Error in DAL.GetAllCases.
[2017.08.09]	on code : TRADE_IN A validation error occurred.  The value of 'new_i_warranty' on record of type 'new_car_model' is outside the valid range. 
Server stack trace: 
   at System.ServiceModel.Channels.ServiceChannel.HandleReply(ProxyOperationRuntime operation, ProxyRpc& rpc)
   at System.ServiceModel.Channels.ServiceChannel.Call(String action, Boolean oneway, ProxyOperationRuntime operation, Object[] ins, Object[] outs, TimeSpan timeout)
   at System.ServiceModel.Channels.ServiceChannelProxy.InvokeService(IMethodCallMessage methodCall, ProxyOperationRuntime operation)
   at System.ServiceModel.Channels.ServiceChannelProxy.Invoke(IMessage message)

Exception rethrown at [0]: 
   at System.Runtime.Remoting.Proxies.RealProxy.HandleReturnMessage(IMessage reqMsg, IMessage retMsg)
   at System.Runtime.Remoting.Proxies.RealProxy.PrivateInvoke(MessageData& msgData, Int32 type)
   at Microsoft.Xrm.Sdk.IOrganizationService.Create(Entity entity)
   at Microsoft.Xrm.Sdk.Client.OrganizationServiceProxy.CreateCore(Entity entity)
   at Microsoft.Xrm.Sdk.Client.OrganizationServiceProxy.Create(Entity entity)
   at CarModelFromSapToCrm.BL.StartInterface() in d:\Crm.Interfaces\CarModelFromSapToCrm\CarModelFromSapToCrm\BL.cs:line 142
[2017.08.09]	new_s_description : פגרו קצר דיזל 3.2  אוט 200 כס is in more then one place in the CRM is  V88WMYHJL6
[2017.08.09]	new_s_description : פגרו ארוך דיזל 3.2  אוט 200 כס is in more then one place in the CRM is  V98WLYHGL6
[2017.08.09]	new_s_description : פגרו ארוך דיזל 3.2  אוט is in more then one place in the CRM is  V98WLYHZL6
[2017.08.09]	End: 09/08/2017 10:04:38
