[2024.10.29_12.08.30]	Error in FillIncidentItemObject: System.InvalidCastException: Specified cast is not valid.
   at IntoIT.GilCar.IncidentItemsToSAP.BL.FillIncidentItemObject(Entity incidentItem) in C:\IntoIt\Jobs\IncidentItemsToSAP\IntoIT.GilCar.IncidentItemsToSAP\BL.cs:line 404
[2024.10.29_12.08.55]	IncidentItemsToSAP Error: Object reference not set to an instance of an object.    at IntoIT.GilCar.IncidentItemsToSAP.BL.StartInterface(DateTime start) in C:\IntoIt\Jobs\IncidentItemsToSAP\IntoIT.GilCar.IncidentItemsToSAP\BL.cs:line 65
[2024.10.29_12.08.55]	Main collection: 162
[2024.10.29_12.08.55]	Exported: 0
[2024.10.29_12.09.00]	IncidentItemsToSAP Start: 29/10/2024 12:06:45
[2024.10.29_12.09.00]	IncidentItemsToSAP End: 29/10/2024 12:09:00
[2024.10.29_12.10.00]	Error in FillIncidentItemObject: System.InvalidCastException: Specified cast is not valid.
   at IntoIT.GilCar.IncidentItemsToSAP.BL.FillIncidentItemObject(Entity incidentItem) in C:\IntoIt\Jobs\IncidentItemsToSAP\IntoIT.GilCar.IncidentItemsToSAP\BL.cs:line 404
[2024.10.29_12.10.31]	IncidentItemsToSAP Error: Object reference not set to an instance of an object.    at IntoIT.GilCar.IncidentItemsToSAP.BL.StartInterface(DateTime start) in C:\IntoIt\Jobs\IncidentItemsToSAP\IntoIT.GilCar.IncidentItemsToSAP\BL.cs:line 65
[2024.10.29_12.10.31]	Main collection: 160
[2024.10.29_12.10.31]	Exported: 0
[2024.10.29_12.10.36]	IncidentItemsToSAP Start: 29/10/2024 12:09:17
[2024.10.29_12.10.36]	IncidentItemsToSAP End: 29/10/2024 12:10:36
[2024.10.29_12.11.24]	Error in FillIncidentItemObject: System.InvalidCastException: Specified cast is not valid.
   at IntoIT.GilCar.IncidentItemsToSAP.BL.FillIncidentItemObject(Entity incidentItem) in C:\IntoIt\Jobs\IncidentItemsToSAP\IntoIT.GilCar.IncidentItemsToSAP\BL.cs:line 404
[2024.10.29_12.19.58]	IncidentItemsToSAP Error: Procedure or function IncidentItemsToSAP_InsertIncidentItem has too many arguments specified.    at IntoIT.GilCar.IncidentItemsToSAP.DAL.InsertIncidentItemSAP(IncidentItem incidentItem) in C:\IntoIt\Jobs\IncidentItemsToSAP\IntoIT.GilCar.IncidentItemsToSAP\DAL.cs:line 109
   at IntoIT.GilCar.IncidentItemsToSAP.BL.StartInterface(DateTime start) in C:\IntoIt\Jobs\IncidentItemsToSAP\IntoIT.GilCar.IncidentItemsToSAP\BL.cs:line 73
[2024.10.29_12.19.58]	Main collection: 161
[2024.10.29_12.19.58]	Exported: 1
[2024.10.29_12.20.01]	IncidentItemsToSAP Start: 29/10/2024 12:19:27
[2024.10.29_12.20.01]	IncidentItemsToSAP End: 29/10/2024 12:20:01
[2024.10.29_12.38.44]	IncidentItemsToSAP Error: Procedure or function IncidentItemsToSAP_InsertIncidentItem has too many arguments specified.    at IntoIT.GilCar.IncidentItemsToSAP.DAL.InsertIncidentItemSAP(IncidentItem incidentItem) in C:\IntoIt\Jobs\IncidentItemsToSAP\IntoIT.GilCar.IncidentItemsToSAP\DAL.cs:line 109
   at IntoIT.GilCar.IncidentItemsToSAP.BL.StartInterface(DateTime start) in C:\IntoIt\Jobs\IncidentItemsToSAP\IntoIT.GilCar.IncidentItemsToSAP\BL.cs:line 73
[2024.10.29_12.38.44]	Main collection: 161
[2024.10.29_12.38.44]	Exported: 1
[2024.10.29_12.38.49]	IncidentItemsToSAP Start: 29/10/2024 12:37:07
[2024.10.29_12.38.49]	IncidentItemsToSAP End: 29/10/2024 12:38:49
[2024.10.29_12.51.32]	Error in UpdateCrmDate: System.NullReferenceException: Object reference not set to an instance of an object.
   at Microsoft.Xrm.Tooling.Connector.CrmServiceClient.Update(Entity entity)
   at IntoIT.GilCar.IncidentItemsToSAP.BL.UpdateCrmDate(Guid incidentItemGuid, Int32 inventoryUpdateType, String new_s_sap_error, Boolean Override) in C:\IntoIt\Jobs\IncidentItemsToSAP\IntoIT.GilCar.IncidentItemsToSAP\BL.cs:line 449
[2024.10.29_12.55.17]	Main collection: 161
[2024.10.29_12.55.17]	Exported: 139
[2024.10.29_12.55.20]	IncidentItemsToSAP Start: 29/10/2024 12:41:29
[2024.10.29_12.55.20]	IncidentItemsToSAP End: 29/10/2024 12:55:20
