[2024.11.27_12.44.16]	Main collection: 1
[2024.11.27_12.44.16]	Exported: 1
[2024.11.27_12.44.19]	IncidentItemsToSAP Start: 27/11/2024 12:43:51
[2024.11.27_12.44.19]	IncidentItemsToSAP End: 27/11/2024 12:44:19
[2024.11.27_12.53.43]	Main collection: 1
[2024.11.27_12.53.43]	Exported: 0
[2024.11.27_12.53.51]	IncidentItemsToSAP Start: 27/11/2024 12:53:23
[2024.11.27_12.53.51]	IncidentItemsToSAP End: 27/11/2024 12:53:51
[2024.11.27_13.18.33]	Main collection: 1
[2024.11.27_13.18.33]	Exported: 1
[2024.11.27_13.18.35]	IncidentItemsToSAP Start: 27/11/2024 13:18:11
[2024.11.27_13.18.35]	IncidentItemsToSAP End: 27/11/2024 13:18:35
[2024.11.27_13.29.07]	Main collection: 1
[2024.11.27_13.29.07]	Exported: 0
[2024.11.27_13.29.09]	IncidentItemsToSAP Start: 27/11/2024 13:28:41
[2024.11.27_13.29.09]	IncidentItemsToSAP End: 27/11/2024 13:29:09
[2024.11.27_13.35.01]	IncidentItemsToSAP Error: Procedure or function IncidentItemsToSAP_InsertIncidentItem has too many arguments specified.    at IntoIT.GilCar.IncidentItemsToSAP.DAL.InsertIncidentItemSAP(IncidentItem incidentItem) in C:\IntoIt\Jobs\IncidentItemsToSAP\IntoIT.GilCar.IncidentItemsToSAP\DAL.cs:line 109
   at IntoIT.GilCar.IncidentItemsToSAP.BL.StartInterface(DateTime start) in C:\IntoIt\Jobs\IncidentItemsToSAP\IntoIT.GilCar.IncidentItemsToSAP\BL.cs:line 88
[2024.11.27_13.35.01]	Main collection: 1
[2024.11.27_13.35.01]	Exported: 1
[2024.11.27_13.35.04]	IncidentItemsToSAP Start: 27/11/2024 13:34:35
[2024.11.27_13.35.04]	IncidentItemsToSAP End: 27/11/2024 13:35:04
[2024.11.27_13.42.59]	Error in FillIncidentItemObject: System.InvalidCastException: Specified cast is not valid.
   at IntoIT.GilCar.IncidentItemsToSAP.BL.FillIncidentItemObject(Entity incidentItem) in C:\IntoIt\Jobs\IncidentItemsToSAP\IntoIT.GilCar.IncidentItemsToSAP\BL.cs:line 405
[2024.11.27_13.43.15]	IncidentItemsToSAP Error: Object reference not set to an instance of an object.    at IntoIT.GilCar.IncidentItemsToSAP.BL.StartInterface(DateTime start) in C:\IntoIt\Jobs\IncidentItemsToSAP\IntoIT.GilCar.IncidentItemsToSAP\BL.cs:line 65
[2024.11.27_13.43.15]	Main collection: 1
[2024.11.27_13.43.15]	Exported: 0
[2024.11.27_13.43.17]	IncidentItemsToSAP Start: 27/11/2024 13:42:33
[2024.11.27_13.43.17]	IncidentItemsToSAP End: 27/11/2024 13:43:17
[2024.11.27_13.46.23]	Main collection: 1
[2024.11.27_13.46.23]	Exported: 1
[2024.11.27_13.46.26]	IncidentItemsToSAP Start: 27/11/2024 13:45:42
[2024.11.27_13.46.26]	IncidentItemsToSAP End: 27/11/2024 13:46:26
