[2017.01.24_11.21.20]	Error in UpdateProduct. Leading Product,1008,product family is null
[2017.01.24_11.55.04]	Error in UpdateProduct. Leading Product,1012,product family is null
[2017.01.24_12.55.51]	Error in UpdateProduct. Leading Product,1001AM,product family is null
[2017.01.24_13.00.24]	Error in UpdateProduct. Leading Product,1042SA,product family is null
[2017.01.24_13.18.11]	Error in UpdateProduct. Leading Product,6992,product family is null
[2017.01.24_13.33.31]	Error in UpdateProduct. Leading Product,FG130,product family is null
[2017.01.24_14.09.53]	Error in UpdateProduct. Leading Product,80140,product family is null
[2017.01.24_14.19.15]	Error in UpdateProduct. Leading Product,42204,product family is null
[2017.01.24_14.24.57]	Error in UpdateProduct. Leading Product,42542,product family is null
[2017.01.24_14.24.57]	Error in UpdateProduct. Leading Product,42544,product family is null
[2017.01.24_14.25.52]	Error in CreateProduct. Leading Product,YM0007072O,product family is null
[2017.01.24_14.25.57]	Error in UpdateProduct. Leading Product,1601AV,product family is null
[2017.01.24_14.28.36]	Error in UpdateProduct. Leading Product,1602B,product family is null
[2017.01.24_14.30.14]	Error in UpdateProduct. Leading Product,1604AV,product family is null
[2017.01.24_14.46.10]	Error in UpdateProduct. Leading Product,72302,product family is null
[2017.01.24_14.46.40]	Error in UpdateProduct. Leading Product,72418,product family is null
[2017.01.24_15.42.33]	Error in UpdateProduct. Leading Product,1821,product family is null
[2017.01.24_15.43.39]	Error in UpdateProduct. Leading Product,1907,product family is null
[2017.01.24_15.43.44]	Error in UpdateProduct. Leading Product,1909,product family is null
[2017.01.24_15.43.49]	Error in UpdateProduct. Leading Product,1910A,product family is null
[2017.01.24_15.43.53]	Error in UpdateProduct. Leading Product,1910SA,product family is null
[2017.01.24_15.47.17]	Error in UpdateProduct. Leading Product,1919,product family is null
[2017.01.24_15.47.17]	Error in UpdateProduct. Leading Product,1920,product family is null
[2017.01.24_15.53.50]	Error in UpdateProduct. Leading Product,1925,product family is null
[2017.01.24_15.54.36]	Error in UpdateProduct. Leading Product,1933,product family is null
[2017.01.24_15.56.21]	Error in UpdateProduct. Leading Product,1942,product family is null
[2017.01.24_15.56.30]	Error in UpdateProduct. Leading Product,2000,product family is null
[2017.01.24_16.03.28]	Error in UpdateProduct. Leading Product,2004,product family is null
[2017.01.24_16.03.29]	Error in UpdateProduct. Leading Product,2006,product family is null
[2017.01.24_16.12.35]	products total from DB : 12354
[2017.01.24_16.12.35]	products total to CRM : 33317
[2017.01.24_16.12.59]	Can't create son product,3026,with parent product,YM0007072O, Parent product doesn't exist.
[2017.01.24_16.13.12]	Can't create son product,53457,with parent product,38-15, Parent product doesn't exist.
[2017.01.24_16.13.12]	Can't create son product,954,with parent product,53410, Parent product doesn't exist.
[2017.01.24_16.13.12]	Can't create son product,51001,with parent product,YM0007072O, Parent product doesn't exist.
[2017.01.24_16.13.16]	Can't create son product,51009,with parent product,YM0007072O, Parent product doesn't exist.
[2017.01.24_16.13.19]	Can't create son product,52000,with parent product,38-15, Parent product doesn't exist.
[2017.01.24_16.13.31]	step 2 products total from DB : 108
[2017.01.24_16.13.31]	step 2 products update to DB : 108
