[2018.03.11_14.01.15]	Error in UpdateProduct. Leading Product,1909,product family is null
[2018.03.11_14.01.15]	Error in UpdateProduct. Leading Product,1942,product family is null
[2018.03.11_14.01.15]	Error in UpdateProduct. Leading Product,6992,product family is null
[2018.03.11_14.01.15]	Error in UpdateProduct. Leading Product,80140,product family is null
[2018.03.11_14.01.15]	Error in CreateProduct. Leading Product,YM0007072E,product family is null
[2018.03.11_14.01.15]	Error in CreateProduct. Leading Product,YM0007072X,product family is null
[2018.03.11_14.01.15]	Error in UpdateProduct. Leading Product,1001AM,product family is null
[2018.03.11_14.01.15]	Error in UpdateProduct. Leading Product,1008,product family is null
[2018.03.11_14.01.15]	Error in UpdateProduct. Leading Product,1012,product family is null
[2018.03.11_14.01.15]	Error in UpdateProduct. Leading Product,1042SA,product family is null
[2018.03.11_14.01.15]	Error in UpdateProduct. Leading Product,1601AV,product family is null
[2018.03.11_14.01.15]	Error in UpdateProduct. Leading Product,1910A,product family is null
[2018.03.11_14.01.15]	Error in UpdateProduct. Leading Product,1919,product family is null
[2018.03.11_14.01.15]	Error in UpdateProduct. Leading Product,1933,product family is null
[2018.03.11_14.01.15]	Error in UpdateProduct. Leading Product,2000,product family is null
[2018.03.11_14.01.15]	Error in UpdateProduct. Leading Product,2004,product family is null
[2018.03.11_14.01.15]	Error in UpdateProduct. Leading Product,42204,product family is null
[2018.03.11_14.01.15]	Error in UpdateProduct. Leading Product,42542,product family is null
[2018.03.11_14.01.15]	Error in UpdateProduct. Leading Product,42544,product family is null
[2018.03.11_14.01.15]	Error in UpdateProduct. Leading Product,72302,product family is null
[2018.03.11_14.01.15]	Error in UpdateProduct. Leading Product,FG130,product family is null
[2018.03.11_14.01.15]	Error in UpdateProduct. Leading Product,1604AV,product family is null
[2018.03.11_14.01.15]	Error in UpdateProduct. Leading Product,1907,product family is null
[2018.03.11_14.01.15]	Error in UpdateProduct. Leading Product,1602B,product family is null
[2018.03.11_14.01.15]	Error in UpdateProduct. Leading Product,1910SA,product family is null
[2018.03.11_14.01.15]	Error in UpdateProduct. Leading Product,2006,product family is null
[2018.03.11_14.01.16]	Error in UpdateProduct. Leading Product,72418,product family is null
[2018.03.11_14.01.16]	Error in CreateProduct. Leading Product,YM0007072O,product family is null
[2018.03.11_14.01.16]	Error in UpdateProduct. Leading Product,1821,product family is null
[2018.03.11_14.01.16]	Error in UpdateProduct. Leading Product,1920,product family is null
[2018.03.11_14.01.16]	Error in UpdateProduct. Leading Product,1925,product family is null
[2018.03.11_14.01.16]	products total from DB : 31
[2018.03.11_14.01.16]	products total to CRM : 0
[2018.03.11_14.01.30]	Cant create son product,3026,with parent product,YM0007072O, Parent product doesnt exist.
[2018.03.11_14.01.39]	Cant create son product,954,with parent product,53410, Parent product doesnt exist.
[2018.03.11_14.01.39]	Cant create son product,31141,with parent product,YM0007072X, Parent product doesnt exist.
[2018.03.11_14.01.39]	Cant create son product,31141,with parent product,YM0007072E, Parent product doesnt exist.
[2018.03.11_14.01.39]	Cant create son product,53457,with parent product,38-15, Parent product doesnt exist.
[2018.03.11_14.01.39]	Cant create son product,67,with parent product,YM0007072X, Parent product doesnt exist.
[2018.03.11_14.01.39]	Cant create son product,67,with parent product,YM0007072E, Parent product doesnt exist.
[2018.03.11_14.01.39]	Cant create son product,51001,with parent product,YM0007072O, Parent product doesnt exist.
[2018.03.11_14.01.39]	Cant create son product,51009,with parent product,YM0007072O, Parent product doesnt exist.
[2018.03.11_14.01.39]	Cant create son product,51021,with parent product,YM0007072X, Parent product doesnt exist.
[2018.03.11_14.01.39]	Cant create son product,51021,with parent product,YM0007072E, Parent product doesnt exist.
[2018.03.11_14.01.39]	Cant create son product,52000,with parent product,38-15, Parent product doesnt exist.
[2018.03.11_14.01.39]	step 2 products total from DB : 12
[2018.03.11_14.01.39]	step 2 products update to DB : 0
