[2018.08.12_11.47.35]	products total from DB : 0
[2018.08.12_11.47.35]	products total to CRM : 0
[2018.08.12_11.47.53]	step 2 products total from DB : 0
[2018.08.12_11.47.53]	step 2 products update to DB : 0
[2018.08.12_11.47.54]	ProductsToCRM Start: 12/08/2018 11:46:42
[2018.08.12_11.47.54]	ProductsToCRM End: 12/08/2018 11:47:54
[2018.08.12_13.42.38]	products total from DB : 2
[2018.08.12_13.42.38]	products total to CRM : 30
[2018.08.12_13.43.01]	Cant create son product,90015,with parent product,391E, Parent product doesnt exist.
[2018.08.12_13.43.01]	Cant create son product,52492,with parent product,391E, Parent product doesnt exist.
[2018.08.12_13.43.01]	Cant create son product,54027,with parent product,391E, Parent product doesnt exist.
[2018.08.12_13.43.01]	Cant create son product,2064,with parent product,391E, Parent product doesnt exist.
[2018.08.12_13.43.01]	step 2 products total from DB : 9
[2018.08.12_13.43.01]	step 2 products update to DB : 5
[2018.08.12_13.47.09]	products total from DB : 0
[2018.08.12_13.47.09]	products total to CRM : 0
[2018.08.12_13.47.28]	Cant create son product,90015,with parent product,391E, Parent product doesnt exist.
[2018.08.12_13.47.28]	Cant create son product,52492,with parent product,391E, Parent product doesnt exist.
[2018.08.12_13.47.28]	Cant create son product,54027,with parent product,391E, Parent product doesnt exist.
[2018.08.12_13.47.28]	Cant create son product,2064,with parent product,391E, Parent product doesnt exist.
[2018.08.12_13.47.28]	step 2 products total from DB : 4
[2018.08.12_13.47.28]	step 2 products update to DB : 0
[2018.08.12_13.47.29]	ProductsToCRM Start: 12/08/2018 13:46:33
[2018.08.12_13.47.29]	ProductsToCRM End: 12/08/2018 13:47:29
[2018.08.12_13.49.05]	products total from DB : 0
[2018.08.12_13.49.05]	products total to CRM : 0
[2018.08.12_13.49.27]	Cant create son product,90015,with parent product,391E, Parent product doesnt exist.
[2018.08.12_13.49.27]	Cant create son product,52492,with parent product,391E, Parent product doesnt exist.
[2018.08.12_13.49.27]	Cant create son product,54027,with parent product,391E, Parent product doesnt exist.
[2018.08.12_13.49.27]	Cant create son product,2064,with parent product,391E, Parent product doesnt exist.
[2018.08.12_13.49.27]	step 2 products total from DB : 4
[2018.08.12_13.49.27]	step 2 products update to DB : 0
[2018.08.12_13.49.28]	ProductsToCRM Start: 12/08/2018 13:48:31
[2018.08.12_13.49.28]	ProductsToCRM End: 12/08/2018 13:49:28
[2018.08.12_13.51.53]	products total from DB : 0
[2018.08.12_13.51.53]	products total to CRM : 0
[2018.08.12_13.52.29]	Cant create son product,90015,with parent product,391E, Parent product doesnt exist.
[2018.08.12_13.52.29]	Cant create son product,52492,with parent product,391E, Parent product doesnt exist.
[2018.08.12_13.52.29]	Cant create son product,54027,with parent product,391E, Parent product doesnt exist.
[2018.08.12_13.52.29]	Cant create son product,2064,with parent product,391E, Parent product doesnt exist.
[2018.08.12_13.52.29]	step 2 products total from DB : 4
[2018.08.12_13.52.29]	step 2 products update to DB : 0
[2018.08.12_13.52.30]	ProductsToCRM Start: 12/08/2018 13:51:28
[2018.08.12_13.52.30]	ProductsToCRM End: 12/08/2018 13:52:30
[2018.08.12_14.01.09]	products total from DB : 0
[2018.08.12_14.01.09]	products total to CRM : 0
[2018.08.12_14.01.31]	Cant create son product,90015,with parent product,391E, Parent product doesnt exist.
[2018.08.12_14.01.31]	Cant create son product,52492,with parent product,391E, Parent product doesnt exist.
[2018.08.12_14.01.31]	Cant create son product,54027,with parent product,391E, Parent product doesnt exist.
[2018.08.12_14.01.31]	Cant create son product,2064,with parent product,391E, Parent product doesnt exist.
[2018.08.12_14.01.31]	step 2 products total from DB : 4
[2018.08.12_14.01.31]	step 2 products update to DB : 0
[2018.08.12_14.01.32]	ProductsToCRM Start: 12/08/2018 14:00:42
[2018.08.12_14.01.32]	ProductsToCRM End: 12/08/2018 14:01:32
[2018.08.12_14.49.26]	products total from DB : 0
[2018.08.12_14.49.26]	products total to CRM : 0
[2018.08.12_14.49.46]	step 2 products total from DB : 0
[2018.08.12_14.49.46]	step 2 products update to DB : 0
[2018.08.12_14.49.47]	ProductsToCRM Start: 12/08/2018 14:48:49
[2018.08.12_14.49.47]	ProductsToCRM End: 12/08/2018 14:49:47
