[2022.04.18_10.33.56]	Cant create son product,AD21012,with parent product,YH0008018DV, Parent product doesnt exist.
[2022.04.18_10.35.46]	Can't create son product,171K,with parent product,030YA, Son product doesn't exist.
[2022.04.18_10.35.46]	Cant create son product,51029,with parent product,YH0008023DA, Parent product doesnt exist.
[2022.04.18_10.35.46]	Cant create son product,31105,with parent product,YH0008023DA, Parent product doesnt exist.
[2022.04.18_10.35.46]	Cant create son product,53721,with parent product,YH0008023DA, Parent product doesnt exist.
[2022.04.18_10.35.46]	Cant create son product,53783,with parent product,171K, Parent product doesnt exist.
[2022.04.18_10.35.46]	Cant create son product,WI22108,with parent product,YH0008018DV, Parent product doesnt exist.
[2022.04.18_10.35.46]	Cant create son product,1552,with parent product,YH0008018DV, Parent product doesnt exist.
[2022.04.18_10.35.46]	Cant create son product,4401,with parent product,YM0039171, Parent product doesnt exist.
[2022.04.18_10.35.46]	Cant create son product,2355,with parent product,YH0008023DA, Parent product doesnt exist.
[2022.04.18_10.35.46]	Cant create son product,3002,with parent product,171K, Parent product doesnt exist.
[2022.04.18_10.35.51]	step 2 products total from DB : 11
[2022.04.18_10.35.51]	step 2 products update to DB : 0
[2022.04.18_14.00.44]	Cant create son product,AD21012,with parent product,YH0008018DV, Parent product doesnt exist.
[2022.04.18_14.00.44]	Can't create son product,171K,with parent product,030YA, Son product doesn't exist.
[2022.04.18_14.00.44]	Cant create son product,51029,with parent product,YH0008023DA, Parent product doesnt exist.
[2022.04.18_14.00.47]	Cant create son product,31105,with parent product,YH0008023DA, Parent product doesnt exist.
[2022.04.18_14.00.49]	Cant create son product,53721,with parent product,YH0008023DA, Parent product doesnt exist.
[2022.04.18_14.00.55]	Cant create son product,53783,with parent product,171K, Parent product doesnt exist.
[2022.04.18_14.00.59]	Cant create son product,WI22108,with parent product,YH0008018DV, Parent product doesnt exist.
[2022.04.18_14.01.00]	Cant create son product,1552,with parent product,YH0008018DV, Parent product doesnt exist.
[2022.04.18_14.01.01]	Cant create son product,4401,with parent product,YM0039171, Parent product doesnt exist.
[2022.04.18_14.01.02]	Cant create son product,2355,with parent product,YH0008023DA, Parent product doesnt exist.
[2022.04.18_14.01.02]	Cant create son product,3002,with parent product,171K, Parent product doesnt exist.
[2022.04.18_14.01.07]	step 2 products total from DB : 1169
[2022.04.18_14.01.07]	step 2 products update to DB : 1158
