[2017.08.06_15.58.34]	first run total cars from DB: 1
[2017.08.06_15.58.34]	first run total cars to CRM : 1
[2017.08.06_15.58.34]	first run total Installations from DB : 6
[2017.08.06_15.58.35]	first run total Installations to CRM : 6
[2017.08.06_15.58.47]	Error in CreateCar. Could not find reference to car model,C8S6K3615,in car,5414181,ID,603676
[2017.08.06_15.58.48]	Error in CreateCar. Could not find reference to car model,C8S6K3615,in car,5414181,ID,603677
[2017.08.06_15.58.49]	Error in CreateCar. Could not find reference to car model,KE5CG5,in car,10774501,ID,603768
[2017.08.06_15.58.50]	Error in CreateCar. Could not find reference to car model,CH58VC,in car,10788201,ID,603775
[2017.08.06_15.58.51]	Error in CreateCar. Could not find reference to car model,TH,in car,8272686,ID,603793
[2017.08.06_15.58.52]	Error in CreateCar. Could not find reference to car model,TH,in car,8272886,ID,603794
[2017.08.06_15.58.53]	Error in CreateCar. Could not find reference to car model,TH,in car,8272786,ID,603795
[2017.08.06_15.58.54]	Error in CreateCar. Could not find reference to car model,CH58VC,in car,10785201,ID,603974
[2017.08.06_15.58.55]	Error in CreateCar. Could not find reference to car model,CH58VC,in car,10790901,ID,603983
[2017.08.06_15.58.56]	Error in CreateCar. Could not find reference to car model,I34LVJ,in car,10799501,ID,603995
[2017.08.06_15.58.57]	Error in CreateCar. Could not find reference to car model,CH58VC,in car,10804601,ID,603998
[2017.08.06_15.58.58]	Error in CreateCar. Could not find reference to car model,CH58VC,in car,10818101,ID,604001
[2017.08.06_15.58.58]	Second run total cars from DB: 12
[2017.08.06_15.58.58]	Second run total cars to CRM : 0
[2017.08.06_15.58.58]	Second run total Installations from DB : 0
[2017.08.06_15.58.58]	Second run total Installations to CRM : 0
[2017.08.06_15.58.59]	Error in CreateInstallation. Could not find reference to child product,90036,with parent,914P,ID,1983090 
[2017.08.06_15.59.00]	Error in CreateInstallation. Could not find reference to child product,52437,with parent,52488,ID,1983091 
[2017.08.06_15.59.01]	Error in CreateInstallation. Could not find reference to child product,52437,with parent,52488,ID,1983106 
[2017.08.06_15.59.02]	Error in CreateInstallation. Could not find reference to child product,52488,with parent,914P,ID,1983111 
[2017.08.06_15.59.02]	Error in CreateInstallation. Could not find reference to child product,90036,with parent,914P,ID,1983112 
[2017.08.06_15.59.03]	Error in CreateInstallation. Could not find reference to child product,32015,with parent,52488,ID,1983113 
[2017.08.06_15.59.04]	Error in CreateInstallation. Could not find reference to child product,52488,with parent,914P,ID,1983115 
[2017.08.06_15.59.05]	Error in CreateInstallation. Could not find reference to child product,90036,with parent,914P,ID,1983116 
[2017.08.06_15.59.06]	Error in CreateInstallation. Could not find reference to child product,52488,with parent,914P,ID,1983120 
[2017.08.06_15.59.07]	Error in CreateInstallation. Could not find reference to child product,32015,with parent,52488,ID,1983121 
[2017.08.06_15.59.07]	Error in CreateInstallation. Could not find reference to child product,90036,with parent,914P,ID,1983125 
[2017.08.06_15.59.08]	Error in CreateInstallation. Could not find reference to child product,32012,with parent,52488,ID,1983126 
[2017.08.06_15.59.09]	Error:Can't create installation.Car with LicenseNum,5414181,was not found in CRM.ID,1982869.
[2017.08.06_15.59.09]	Error:Can't create installation.Car with LicenseNum,5414181,was not found in CRM.ID,1982870.
[2017.08.06_15.59.10]	Error:Can't create installation.Car with LicenseNum,5414181,was not found in CRM.ID,1982871.
[2017.08.06_15.59.11]	Error:Can't create installation.Car with LicenseNum,5414181,was not found in CRM.ID,1982872.
[2017.08.06_15.59.12]	Error in CreateInstallation. Could not find reference to child product,32015,with parent,52488,ID,1983088 
[2017.08.06_15.59.12]	Error in CreateInstallation. Could not find reference to child product,90036,with parent,914P,ID,1983092 
[2017.08.06_15.59.13]	Error in CreateInstallation. Could not find reference to child product,90036,with parent,914P,ID,1983104 
[2017.08.06_15.59.14]	Error in CreateInstallation. Could not find reference to child product,32012,with parent,52488,ID,1983109 
[2017.08.06_15.59.15]	Error in CreateInstallation. Could not find reference to child product,52437,with parent,52488,ID,1983117 
