[2018.05.28_10.24.27]	first run total cars from DB: 0
[2018.05.28_10.24.27]	first run total cars to CRM : 0
[2018.05.28_10.24.27]	first run total Installations from DB : 0
[2018.05.28_10.24.27]	first run total Installations to CRM : 0
[2018.05.28_10.25.34]	first run total cars from DB: 0
[2018.05.28_10.25.34]	first run total cars to CRM : 0
[2018.05.28_10.25.34]	first run total Installations from DB : 0
[2018.05.28_10.25.34]	first run total Installations to CRM : 0
[2018.05.28_10.25.40]	Error in CreateCar. Could not find reference to importer name,10000,in car,2284939,ID,647573
[2018.05.28_11.45.09]	Error in CreateCar. Could not find reference to importer name,19010,in car,9768279,ID,649585
[2018.05.28_11.45.10]	Error in CreateCar. Could not find reference to importer name,19010,in car,9715461,ID,649590
[2018.05.28_11.45.11]	Error in CreateCar. Could not find reference to importer name,19010,in car,3010273,ID,628740
[2018.05.28_11.59.09]	Error in CreateCar. Could not find reference to importer name,12112,in car,3898134,ID,710246
[2018.05.28_11.59.10]	Error in CreateCar. Could not find reference to importer name,19010,in car,4671055,ID,720272
[2018.05.28_11.59.11]	Error in CreateCar. Could not find reference to importer name,19010,in car,4671055,ID,718430
[2018.05.28_11.59.11]	Second run total cars from DB: 2071
[2018.05.28_11.59.11]	Second run total cars to CRM : 2064
[2018.05.28_11.59.11]	Second run total Installations from DB : 0
[2018.05.28_11.59.11]	Second run total Installations to CRM : 7148
[2018.05.28_11.59.11]	Third run total Installations from DB : 0
[2018.05.28_11.59.11]	Third run total Installations to CRM : 0
[2018.05.28_11.59.11]	CustomersCarsInstallations send mail test 5 : 28/05/2018 11:59:11
[2018.05.28_11.59.11]	CustomersCarsInstallations send mail test 6 : 28/05/2018 11:59:11
[2018.05.28_11.59.11]	CustomersCarsInstallations send mail test 7 : 28/05/2018 11:59:11
