[2019.03.20_10.40.59]	Error: Customer Name is null. ID,852629
[2019.03.20_10.41.00]	Error: Customer Name is null. ID,852632
[2019.03.20_10.41.03]	Error: Customer Name is null. ID,852633
[2019.03.20_10.41.07]	Error: Customer Name is null. ID,852634
[2019.03.20_10.41.10]	Error: Customer Name is null. ID,852635
[2019.03.20_10.41.13]	first run total cars from DB: 10
[2019.03.20_10.41.13]	first run total cars to CRM : 8
[2019.03.20_10.41.13]	first run total Installations from DB : 24
[2019.03.20_10.41.13]	first run total Installations to CRM : 24
[2019.03.20_10.41.49]	 Error in StartInterface. currCar(SAP) ID,852167  מספר שילדה שונה
[2019.03.20_10.41.52]	 Error in StartInterface. currCar(SAP) ID,852170  מספר שילדה שונה
[2019.03.20_10.41.55]	 Error in StartInterface. currCar(SAP) ID,852248  מספר שילדה שונה
[2019.03.20_10.41.57]	 Error in StartInterface. currCar(SAP) ID,852779  מספר שילדה שונה
[2019.03.20_10.42.00]	 Error in StartInterface. currCar(SAP) ID,852847  מספר שילדה שונה
[2019.03.20_10.42.03]	 Error in StartInterface. currCar(SAP) ID,853186  מספר שילדה שונה
[2019.03.20_10.42.05]	 Error in StartInterface. currCar(SAP) ID,853353  מספר שילדה שונה
[2019.03.20_10.42.08]	 Error in StartInterface. currCar(SAP) ID,853382  מספר שילדה שונה
[2019.03.20_10.42.11]	 Error in StartInterface. currCar(SAP) ID,853658  מספר שילדה שונה
[2019.03.20_10.42.11]	Second run total cars from DB: 9
[2019.03.20_10.42.11]	Second run total cars to CRM : 0
[2019.03.20_10.42.11]	Second run total Installations from DB : 0
[2019.03.20_10.42.11]	Second run total Installations to CRM : 0
[2019.03.20_10.42.12]	Third run total Installations from DB : 0
[2019.03.20_10.42.12]	Third run total Installations to CRM : 0
[2019.03.20_10.42.12]	total Returns from DB : 0
[2019.03.20_10.42.12]	total Returns  to CRM : 0
