[2019.03.19_13.26.44]	Error: Customer Name is null. ID,852629
[2019.03.19_13.29.11]	Error: Customer Name is null. ID,852629
[2019.03.19_13.29.12]	Error: Customer Name is null. ID,852632
[2019.03.19_13.29.24]	Error: Customer Name is null. ID,852633
[2019.03.19_13.29.29]	Error: Customer Name is null. ID,852634
[2019.03.19_13.29.32]	Error: Customer Name is null. ID,852635
[2019.03.19_13.29.35]	first run total cars from DB: 10
[2019.03.19_13.29.35]	first run total cars to CRM : 8
[2019.03.19_13.29.35]	first run total Installations from DB : 24
[2019.03.19_13.29.35]	first run total Installations to CRM : 24
[2019.03.19_13.29.36]	 Error in StartInterface. currCar(SAP) ID,852167  מספר שילדה שונה
[2019.03.19_13.29.38]	 Error in StartInterface. currCar(SAP) ID,852170  מספר שילדה שונה
[2019.03.19_13.29.38]	 Error in StartInterface. currCar(SAP) ID,852248  מספר שילדה שונה
[2019.03.19_13.29.39]	 Error in StartInterface. currCar(SAP) ID,852779  מספר שילדה שונה
[2019.03.19_13.29.40]	 Error in StartInterface. currCar(SAP) ID,852847  מספר שילדה שונה
[2019.03.19_13.29.41]	 Error in StartInterface. currCar(SAP) ID,853186  מספר שילדה שונה
[2019.03.19_13.29.46]	 Error in StartInterface. currCar(SAP) ID,853204  מספר שילדה שונה
[2019.03.19_13.29.49]	 Error in StartInterface. currCar(SAP) ID,853353  מספר שילדה שונה
[2019.03.19_13.29.50]	 Error in StartInterface. currCar(SAP) ID,853382  מספר שילדה שונה
[2019.03.19_13.29.50]	Second run total cars from DB: 10
[2019.03.19_13.29.50]	Second run total cars to CRM : 1
[2019.03.19_13.29.50]	Second run total Installations from DB : 6
[2019.03.19_13.29.50]	Second run total Installations to CRM : 6
[2019.03.19_13.29.50]	Third run total Installations from DB : 0
[2019.03.19_13.29.50]	Third run total Installations to CRM : 0
[2019.03.19_13.29.51]	total Returns from DB : 0
[2019.03.19_13.29.51]	total Returns  to CRM : 0
[2019.03.19_13.46.37]	Error: Customer Name is null. ID,852629
[2019.03.19_13.46.38]	Error: Customer Name is null. ID,852632
[2019.03.19_13.46.41]	Error: Customer Name is null. ID,852633
[2019.03.19_13.46.45]	Error: Customer Name is null. ID,852634
[2019.03.19_13.46.48]	Error: Customer Name is null. ID,852635
[2019.03.19_13.46.51]	first run total cars from DB: 10
[2019.03.19_13.46.51]	first run total cars to CRM : 8
[2019.03.19_13.46.51]	first run total Installations from DB : 24
[2019.03.19_13.46.51]	first run total Installations to CRM : 24
[2019.03.19_13.46.52]	 Error in StartInterface. currCar(SAP) ID,852167  מספר שילדה שונה
[2019.03.19_13.46.54]	 Error in StartInterface. currCar(SAP) ID,852170  מספר שילדה שונה
[2019.03.19_13.46.54]	 Error in StartInterface. currCar(SAP) ID,852248  מספר שילדה שונה
[2019.03.19_13.46.55]	 Error in StartInterface. currCar(SAP) ID,852779  מספר שילדה שונה
[2019.03.19_13.46.56]	 Error in StartInterface. currCar(SAP) ID,852847  מספר שילדה שונה
[2019.03.19_13.46.57]	 Error in StartInterface. currCar(SAP) ID,853186  מספר שילדה שונה
[2019.03.19_13.46.58]	 Error in StartInterface. currCar(SAP) ID,853204  מספר שילדה שונה
[2019.03.19_13.46.59]	 Error in StartInterface. currCar(SAP) ID,853353  מספר שילדה שונה
[2019.03.19_13.47.00]	 Error in StartInterface. currCar(SAP) ID,853382  מספר שילדה שונה
[2019.03.19_13.47.00]	Second run total cars from DB: 9
[2019.03.19_13.47.00]	Second run total cars to CRM : 0
[2019.03.19_13.47.00]	Second run total Installations from DB : 0
[2019.03.19_13.47.00]	Second run total Installations to CRM : 0
[2019.03.19_13.47.00]	Third run total Installations from DB : 0
[2019.03.19_13.47.00]	Third run total Installations to CRM : 0
[2019.03.19_13.47.00]	total Returns from DB : 0
[2019.03.19_13.47.00]	total Returns  to CRM : 0
[2019.03.19_13.49.12]	Error: Customer Name is null. ID,852629
[2019.03.19_13.49.12]	Error: Customer Name is null. ID,852632
[2019.03.19_13.49.15]	Error: Customer Name is null. ID,852633
[2019.03.19_13.49.19]	Error: Customer Name is null. ID,852634
[2019.03.19_13.49.23]	Error: Customer Name is null. ID,852635
[2019.03.19_13.49.26]	first run total cars from DB: 10
[2019.03.19_13.49.26]	first run total cars to CRM : 8
[2019.03.19_13.49.26]	first run total Installations from DB : 24
[2019.03.19_13.49.26]	first run total Installations to CRM : 24
[2019.03.19_13.49.27]	 Error in StartInterface. currCar(SAP) ID,852167  מספר שילדה שונה
[2019.03.19_13.49.28]	 Error in StartInterface. currCar(SAP) ID,852170  מספר שילדה שונה
[2019.03.19_13.49.29]	 Error in StartInterface. currCar(SAP) ID,852248  מספר שילדה שונה
[2019.03.19_13.49.30]	 Error in StartInterface. currCar(SAP) ID,852779  מספר שילדה שונה
[2019.03.19_13.49.30]	 Error in StartInterface. currCar(SAP) ID,852847  מספר שילדה שונה
[2019.03.19_13.49.31]	 Error in StartInterface. currCar(SAP) ID,853186  מספר שילדה שונה
[2019.03.19_13.49.32]	 Error in StartInterface. currCar(SAP) ID,853204  מספר שילדה שונה
[2019.03.19_13.49.34]	 Error in StartInterface. currCar(SAP) ID,853353  מספר שילדה שונה
[2019.03.19_13.49.34]	 Error in StartInterface. currCar(SAP) ID,853382  מספר שילדה שונה
[2019.03.19_13.49.34]	Second run total cars from DB: 9
[2019.03.19_13.49.34]	Second run total cars to CRM : 0
[2019.03.19_13.49.34]	Second run total Installations from DB : 0
[2019.03.19_13.49.34]	Second run total Installations to CRM : 0
[2019.03.19_13.49.35]	Third run total Installations from DB : 0
[2019.03.19_13.49.35]	Third run total Installations to CRM : 0
[2019.03.19_13.49.35]	total Returns from DB : 0
[2019.03.19_13.49.35]	total Returns  to CRM : 0
[2019.03.19_13.50.26]	Error: Customer Name is null. ID,852629
[2019.03.19_13.50.27]	Error: Customer Name is null. ID,852632
[2019.03.19_13.50.30]	Error: Customer Name is null. ID,852633
[2019.03.19_13.50.34]	Error: Customer Name is null. ID,852634
[2019.03.19_13.50.37]	Error: Customer Name is null. ID,852635
[2019.03.19_13.50.41]	first run total cars from DB: 10
[2019.03.19_13.50.41]	first run total cars to CRM : 8
[2019.03.19_13.50.41]	first run total Installations from DB : 24
[2019.03.19_13.50.41]	first run total Installations to CRM : 24
[2019.03.19_13.50.42]	 Error in StartInterface. currCar(SAP) ID,852167  מספר שילדה שונה
[2019.03.19_13.50.43]	 Error in StartInterface. currCar(SAP) ID,852170  מספר שילדה שונה
[2019.03.19_13.50.44]	 Error in StartInterface. currCar(SAP) ID,852248  מספר שילדה שונה
[2019.03.19_13.50.45]	 Error in StartInterface. currCar(SAP) ID,852779  מספר שילדה שונה
[2019.03.19_13.50.46]	 Error in StartInterface. currCar(SAP) ID,852847  מספר שילדה שונה
[2019.03.19_13.50.47]	 Error in StartInterface. currCar(SAP) ID,853186  מספר שילדה שונה
[2019.03.19_13.50.49]	 Error in StartInterface. currCar(SAP) ID,853204  מספר שילדה שונה
[2019.03.19_13.50.49]	 Error in StartInterface. currCar(SAP) ID,853353  מספר שילדה שונה
[2019.03.19_13.50.50]	 Error in StartInterface. currCar(SAP) ID,853382  מספר שילדה שונה
[2019.03.19_13.50.50]	Second run total cars from DB: 9
[2019.03.19_13.50.50]	Second run total cars to CRM : 0
[2019.03.19_13.50.50]	Second run total Installations from DB : 0
[2019.03.19_13.50.50]	Second run total Installations to CRM : 0
[2019.03.19_13.50.51]	Third run total Installations from DB : 0
[2019.03.19_13.50.51]	Third run total Installations to CRM : 0
[2019.03.19_13.50.51]	total Returns from DB : 0
[2019.03.19_13.50.51]	total Returns  to CRM : 0
[2019.03.19_13.51.33]	Error: Customer Name is null. ID,852629
[2019.03.19_13.51.34]	Error: Customer Name is null. ID,852632
[2019.03.19_13.51.36]	Error: Customer Name is null. ID,852633
[2019.03.19_13.51.41]	Error: Customer Name is null. ID,852634
[2019.03.19_13.51.44]	Error: Customer Name is null. ID,852635
[2019.03.19_13.51.48]	first run total cars from DB: 10
[2019.03.19_13.51.48]	first run total cars to CRM : 8
[2019.03.19_13.51.48]	first run total Installations from DB : 24
[2019.03.19_13.51.48]	first run total Installations to CRM : 24
[2019.03.19_13.51.49]	 Error in StartInterface. currCar(SAP) ID,852167  מספר שילדה שונה
[2019.03.19_13.51.50]	 Error in StartInterface. currCar(SAP) ID,852170  מספר שילדה שונה
[2019.03.19_13.51.51]	 Error in StartInterface. currCar(SAP) ID,852248  מספר שילדה שונה
[2019.03.19_13.51.52]	 Error in StartInterface. currCar(SAP) ID,852779  מספר שילדה שונה
[2019.03.19_13.51.53]	 Error in StartInterface. currCar(SAP) ID,852847  מספר שילדה שונה
[2019.03.19_13.51.54]	 Error in StartInterface. currCar(SAP) ID,853186  מספר שילדה שונה
[2019.03.19_13.51.55]	 Error in StartInterface. currCar(SAP) ID,853204  מספר שילדה שונה
[2019.03.19_13.51.56]	 Error in StartInterface. currCar(SAP) ID,853353  מספר שילדה שונה
[2019.03.19_13.51.57]	 Error in StartInterface. currCar(SAP) ID,853382  מספר שילדה שונה
[2019.03.19_13.51.57]	Second run total cars from DB: 9
[2019.03.19_13.51.57]	Second run total cars to CRM : 0
[2019.03.19_13.51.57]	Second run total Installations from DB : 0
[2019.03.19_13.51.57]	Second run total Installations to CRM : 0
[2019.03.19_13.51.57]	Third run total Installations from DB : 0
[2019.03.19_13.51.57]	Third run total Installations to CRM : 0
[2019.03.19_13.51.58]	total Returns from DB : 0
[2019.03.19_13.51.58]	total Returns  to CRM : 0
[2019.03.19_13.52.25]	Error: Customer Name is null. ID,852629
[2019.03.19_13.52.26]	Error: Customer Name is null. ID,852632
[2019.03.19_13.52.29]	Error: Customer Name is null. ID,852633
[2019.03.19_13.52.34]	Error: Customer Name is null. ID,852634
[2019.03.19_13.52.37]	Error: Customer Name is null. ID,852635
[2019.03.19_13.52.41]	first run total cars from DB: 10
[2019.03.19_13.52.41]	first run total cars to CRM : 8
[2019.03.19_13.52.41]	first run total Installations from DB : 24
[2019.03.19_13.52.41]	first run total Installations to CRM : 24
[2019.03.19_13.52.42]	 Error in StartInterface. currCar(SAP) ID,852167  מספר שילדה שונה
[2019.03.19_13.52.43]	 Error in StartInterface. currCar(SAP) ID,852170  מספר שילדה שונה
[2019.03.19_13.52.44]	 Error in StartInterface. currCar(SAP) ID,852248  מספר שילדה שונה
[2019.03.19_13.52.45]	 Error in StartInterface. currCar(SAP) ID,852779  מספר שילדה שונה
[2019.03.19_13.52.45]	 Error in StartInterface. currCar(SAP) ID,852847  מספר שילדה שונה
[2019.03.19_13.52.46]	 Error in StartInterface. currCar(SAP) ID,853186  מספר שילדה שונה
[2019.03.19_13.52.48]	 Error in StartInterface. currCar(SAP) ID,853204  מספר שילדה שונה
[2019.03.19_13.52.49]	 Error in StartInterface. currCar(SAP) ID,853353  מספר שילדה שונה
[2019.03.19_13.52.49]	 Error in StartInterface. currCar(SAP) ID,853382  מספר שילדה שונה
[2019.03.19_13.52.49]	Second run total cars from DB: 9
[2019.03.19_13.52.49]	Second run total cars to CRM : 0
[2019.03.19_13.52.49]	Second run total Installations from DB : 0
[2019.03.19_13.52.49]	Second run total Installations to CRM : 0
[2019.03.19_13.52.50]	Third run total Installations from DB : 0
[2019.03.19_13.52.50]	Third run total Installations to CRM : 0
[2019.03.19_13.52.50]	total Returns from DB : 0
[2019.03.19_13.52.50]	total Returns  to CRM : 0
[2019.03.19_13.54.33]	Error: Customer Name is null. ID,852629
[2019.03.19_13.54.48]	Error: Customer Name is null. ID,852632
[2019.03.19_13.54.58]	Error: Customer Name is null. ID,852633
[2019.03.19_13.55.04]	Error: Customer Name is null. ID,852634
[2019.03.19_13.55.07]	Error: Customer Name is null. ID,852635
[2019.03.19_13.55.10]	first run total cars from DB: 10
[2019.03.19_13.55.10]	first run total cars to CRM : 8
[2019.03.19_13.55.10]	first run total Installations from DB : 24
[2019.03.19_13.55.10]	first run total Installations to CRM : 24
[2019.03.19_14.00.40]	Error: Customer Name is null. ID,852629
[2019.03.19_14.00.41]	Error: Customer Name is null. ID,852632
[2019.03.19_14.00.45]	Error: Customer Name is null. ID,852633
[2019.03.19_14.00.49]	Error: Customer Name is null. ID,852634
[2019.03.19_14.00.52]	Error: Customer Name is null. ID,852635
[2019.03.19_14.00.55]	first run total cars from DB: 10
[2019.03.19_14.00.55]	first run total cars to CRM : 8
[2019.03.19_14.00.55]	first run total Installations from DB : 24
[2019.03.19_14.00.55]	first run total Installations to CRM : 24
[2019.03.19_14.01.35]	 Error in StartInterface. currCar(SAP) ID,852167  מספר שילדה שונה
[2019.03.19_14.01.38]	 Error in StartInterface. currCar(SAP) ID,852170  מספר שילדה שונה
[2019.03.19_14.01.44]	 Error in StartInterface. currCar(SAP) ID,852248  מספר שילדה שונה
[2019.03.19_14.01.47]	 Error in StartInterface. currCar(SAP) ID,852779  מספר שילדה שונה
[2019.03.19_14.01.51]	 Error in StartInterface. currCar(SAP) ID,852847  מספר שילדה שונה
[2019.03.19_14.02.03]	 Error in StartInterface. currCar(SAP) ID,853186  מספר שילדה שונה
[2019.03.19_14.02.07]	 Error in StartInterface. currCar(SAP) ID,853204  מספר שילדה שונה
[2019.03.19_14.03.53]	 Error in StartInterface. currCar(SAP) ID,853353  מספר שילדה שונה
[2019.03.19_14.08.49]	Error: Customer Name is null. ID,852629
[2019.03.19_14.08.50]	Error: Customer Name is null. ID,852632
[2019.03.19_14.08.52]	Error: Customer Name is null. ID,852633
[2019.03.19_14.08.57]	Error: Customer Name is null. ID,852634
[2019.03.19_14.09.00]	Error: Customer Name is null. ID,852635
[2019.03.19_14.09.04]	first run total cars from DB: 10
[2019.03.19_14.09.04]	first run total cars to CRM : 8
[2019.03.19_14.09.04]	first run total Installations from DB : 24
[2019.03.19_14.09.04]	first run total Installations to CRM : 24
[2019.03.19_14.09.31]	 Error in StartInterface. currCar(SAP) ID,852167  מספר שילדה שונה
[2019.03.19_14.09.36]	 Error in StartInterface. currCar(SAP) ID,852170  מספר שילדה שונה
[2019.03.19_14.09.37]	 Error in StartInterface. currCar(SAP) ID,852248  מספר שילדה שונה
[2019.03.19_14.09.38]	 Error in StartInterface. currCar(SAP) ID,852779  מספר שילדה שונה
[2019.03.19_14.09.39]	 Error in StartInterface. currCar(SAP) ID,852847  מספר שילדה שונה
[2019.03.19_14.09.40]	 Error in StartInterface. currCar(SAP) ID,853186  מספר שילדה שונה
[2019.03.19_14.09.42]	 Error in StartInterface. currCar(SAP) ID,853204  מספר שילדה שונה
[2019.03.19_14.09.49]	 Error in StartInterface. currCar(SAP) ID,853353  מספר שילדה שונה
[2019.03.19_14.09.50]	 Error in StartInterface. currCar(SAP) ID,853382  מספר שילדה שונה
[2019.03.19_14.09.50]	Second run total cars from DB: 9
[2019.03.19_14.09.50]	Second run total cars to CRM : 0
[2019.03.19_14.09.50]	Second run total Installations from DB : 0
[2019.03.19_14.09.50]	Second run total Installations to CRM : 0
[2019.03.19_14.09.50]	Third run total Installations from DB : 0
[2019.03.19_14.09.50]	Third run total Installations to CRM : 0
[2019.03.19_14.09.50]	total Returns from DB : 0
[2019.03.19_14.09.50]	total Returns  to CRM : 0
[2019.03.19_14.44.14]	Error: Customer Name is null. ID,852629
[2019.03.19_14.44.15]	Error: Customer Name is null. ID,852632
[2019.03.19_14.44.18]	Error: Customer Name is null. ID,852633
[2019.03.19_14.44.22]	Error: Customer Name is null. ID,852634
[2019.03.19_14.44.26]	Error: Customer Name is null. ID,852635
[2019.03.19_14.44.30]	first run total cars from DB: 10
[2019.03.19_14.44.30]	first run total cars to CRM : 8
[2019.03.19_14.44.30]	first run total Installations from DB : 24
[2019.03.19_14.44.30]	first run total Installations to CRM : 24
[2019.03.19_14.45.20]	 Error in StartInterface. currCar(SAP) ID,852167  מספר שילדה שונה
[2019.03.19_14.45.23]	 Error in StartInterface. currCar(SAP) ID,852170  מספר שילדה שונה
[2019.03.19_14.45.37]	 Error in StartInterface. currCar(SAP) ID,852248  מספר שילדה שונה
[2019.03.19_14.46.18]	 Error in StartInterface. currCar(SAP) ID,852779  מספר שילדה שונה
[2019.03.19_14.46.28]	 Error in StartInterface. currCar(SAP) ID,852847  מספר שילדה שונה
[2019.03.19_14.46.35]	 Error in StartInterface. currCar(SAP) ID,853186  מספר שילדה שונה
[2019.03.19_14.49.46]	Error: Customer Name is null. ID,852629
[2019.03.19_14.49.47]	Error: Customer Name is null. ID,852632
[2019.03.19_14.49.50]	Error: Customer Name is null. ID,852633
[2019.03.19_14.49.54]	Error: Customer Name is null. ID,852634
[2019.03.19_14.49.57]	Error: Customer Name is null. ID,852635
[2019.03.19_14.50.00]	first run total cars from DB: 10
[2019.03.19_14.50.00]	first run total cars to CRM : 8
[2019.03.19_14.50.00]	first run total Installations from DB : 24
[2019.03.19_14.50.00]	first run total Installations to CRM : 24
[2019.03.19_14.51.00]	 Error in StartInterface. currCar(SAP) ID,852167  מספר שילדה שונה
[2019.03.19_14.51.02]	 Error in StartInterface. currCar(SAP) ID,852170  מספר שילדה שונה
[2019.03.19_14.51.04]	 Error in StartInterface. currCar(SAP) ID,852248  מספר שילדה שונה
[2019.03.19_14.51.17]	 Error in StartInterface. currCar(SAP) ID,852779  מספר שילדה שונה
[2019.03.19_14.51.20]	 Error in StartInterface. currCar(SAP) ID,852847  מספר שילדה שונה
[2019.03.19_14.51.36]	Error: Customer Name is null. ID,852629
[2019.03.19_14.51.37]	Error: Customer Name is null. ID,852632
[2019.03.19_14.51.40]	Error: Customer Name is null. ID,852633
[2019.03.19_14.51.44]	Error: Customer Name is null. ID,852634
[2019.03.19_14.51.47]	Error: Customer Name is null. ID,852635
[2019.03.19_14.51.51]	first run total cars from DB: 10
[2019.03.19_14.51.51]	first run total cars to CRM : 8
[2019.03.19_14.51.51]	first run total Installations from DB : 24
[2019.03.19_14.51.51]	first run total Installations to CRM : 24
[2019.03.19_14.52.04]	 Error in StartInterface. currCar(SAP) ID,852167  מספר שילדה שונה
[2019.03.19_14.52.07]	 Error in StartInterface. currCar(SAP) ID,852170  מספר שילדה שונה
[2019.03.19_14.52.11]	 Error in StartInterface. currCar(SAP) ID,852248  מספר שילדה שונה
[2019.03.19_14.52.52]	 Error in StartInterface. currCar(SAP) ID,852779  מספר שילדה שונה
[2019.03.19_14.53.00]	 Error in StartInterface. currCar(SAP) ID,852847  מספר שילדה שונה
[2019.03.19_14.53.07]	 Error in StartInterface. currCar(SAP) ID,853186  מספר שילדה שונה
[2019.03.19_14.53.10]	 Error in StartInterface. currCar(SAP) ID,853204  מספר שילדה שונה
[2019.03.19_14.53.13]	 Error in StartInterface. currCar(SAP) ID,853353  מספר שילדה שונה
[2019.03.19_14.53.16]	 Error in StartInterface. currCar(SAP) ID,853382  מספר שילדה שונה
[2019.03.19_14.53.16]	Second run total cars from DB: 9
[2019.03.19_14.53.16]	Second run total cars to CRM : 0
[2019.03.19_14.53.16]	Second run total Installations from DB : 0
[2019.03.19_14.53.16]	Second run total Installations to CRM : 0
[2019.03.19_14.53.16]	Third run total Installations from DB : 0
[2019.03.19_14.53.16]	Third run total Installations to CRM : 0
[2019.03.19_14.53.17]	total Returns from DB : 0
[2019.03.19_14.53.17]	total Returns  to CRM : 0
[2019.03.19_14.57.04]	Error: Customer Name is null. ID,852629
[2019.03.19_14.57.05]	Error: Customer Name is null. ID,852632
[2019.03.19_14.58.35]	Error: Customer Name is null. ID,852633
[2019.03.19_14.58.43]	Error: Customer Name is null. ID,852634
[2019.03.19_14.58.48]	Error: Customer Name is null. ID,852635
[2019.03.19_14.58.52]	first run total cars from DB: 10
[2019.03.19_14.58.52]	first run total cars to CRM : 8
[2019.03.19_14.58.52]	first run total Installations from DB : 24
[2019.03.19_14.58.52]	first run total Installations to CRM : 24
[2019.03.19_14.59.20]	 Error in StartInterface. currCar(SAP) ID,852167  מספר שילדה שונה
[2019.03.19_14.59.24]	 Error in StartInterface. currCar(SAP) ID,852170  מספר שילדה שונה
[2019.03.19_14.59.27]	 Error in StartInterface. currCar(SAP) ID,852248  מספר שילדה שונה
[2019.03.19_14.59.43]	 Error in StartInterface. currCar(SAP) ID,852779  מספר שילדה שונה
[2019.03.19_14.59.46]	 Error in StartInterface. currCar(SAP) ID,852847  מספר שילדה שונה
[2019.03.19_14.59.50]	 Error in StartInterface. currCar(SAP) ID,853186  מספר שילדה שונה
[2019.03.19_15.06.28]	Error: Customer Name is null. ID,852629
[2019.03.19_15.06.29]	Error: Customer Name is null. ID,852632
[2019.03.19_15.06.38]	Error: Customer Name is null. ID,852633
[2019.03.19_15.06.42]	Error: Customer Name is null. ID,852634
[2019.03.19_15.06.50]	Error: Customer Name is null. ID,852635
[2019.03.19_15.07.00]	first run total cars from DB: 10
[2019.03.19_15.07.00]	first run total cars to CRM : 8
[2019.03.19_15.07.00]	first run total Installations from DB : 24
[2019.03.19_15.07.00]	first run total Installations to CRM : 24
[2019.03.19_15.07.11]	 Error in StartInterface. currCar(SAP) ID,852167  מספר שילדה שונה
[2019.03.19_15.07.15]	 Error in StartInterface. currCar(SAP) ID,852170  מספר שילדה שונה
[2019.03.19_15.07.18]	 Error in StartInterface. currCar(SAP) ID,852248  מספר שילדה שונה
[2019.03.19_15.07.20]	 Error in StartInterface. currCar(SAP) ID,852779  מספר שילדה שונה
[2019.03.19_15.07.23]	 Error in StartInterface. currCar(SAP) ID,852847  מספר שילדה שונה
[2019.03.19_15.07.34]	 Error in StartInterface. currCar(SAP) ID,853186  מספר שילדה שונה
[2019.03.19_15.09.41]	Error: Customer Name is null. ID,852629
[2019.03.19_15.09.42]	Error: Customer Name is null. ID,852632
[2019.03.19_15.09.48]	Error: Customer Name is null. ID,852633
[2019.03.19_15.09.56]	Error: Customer Name is null. ID,852634
[2019.03.19_15.10.01]	Error: Customer Name is null. ID,852635
[2019.03.19_15.10.08]	first run total cars from DB: 10
[2019.03.19_15.10.08]	first run total cars to CRM : 8
[2019.03.19_15.10.08]	first run total Installations from DB : 24
[2019.03.19_15.10.08]	first run total Installations to CRM : 24
[2019.03.19_15.10.34]	 Error in StartInterface. currCar(SAP) ID,852167  מספר שילדה שונה
[2019.03.19_15.11.05]	 Error in StartInterface. currCar(SAP) ID,852170  מספר שילדה שונה
[2019.03.19_15.11.07]	 Error in StartInterface. currCar(SAP) ID,852248  מספר שילדה שונה
[2019.03.19_15.11.09]	 Error in StartInterface. currCar(SAP) ID,852779  מספר שילדה שונה
[2019.03.19_15.11.11]	 Error in StartInterface. currCar(SAP) ID,852847  מספר שילדה שונה
[2019.03.19_15.11.15]	 Error in StartInterface. currCar(SAP) ID,853186  מספר שילדה שונה
[2019.03.19_15.13.41]	Error: Customer Name is null. ID,852629
[2019.03.19_15.13.42]	Error: Customer Name is null. ID,852632
[2019.03.19_15.13.46]	Error: Customer Name is null. ID,852633
[2019.03.19_15.13.51]	Error: Customer Name is null. ID,852634
[2019.03.19_15.13.54]	Error: Customer Name is null. ID,852635
[2019.03.19_15.13.58]	first run total cars from DB: 10
[2019.03.19_15.13.58]	first run total cars to CRM : 8
[2019.03.19_15.13.58]	first run total Installations from DB : 24
[2019.03.19_15.13.58]	first run total Installations to CRM : 24
[2019.03.19_15.14.08]	 Error in StartInterface. currCar(SAP) ID,852167  מספר שילדה שונה
[2019.03.19_15.14.10]	 Error in StartInterface. currCar(SAP) ID,852170  מספר שילדה שונה
[2019.03.19_15.14.12]	 Error in StartInterface. currCar(SAP) ID,852248  מספר שילדה שונה
[2019.03.19_15.14.17]	 Error in StartInterface. currCar(SAP) ID,852779  מספר שילדה שונה
[2019.03.19_15.14.21]	 Error in StartInterface. currCar(SAP) ID,852847  מספר שילדה שונה
[2019.03.19_15.14.24]	 Error in StartInterface. currCar(SAP) ID,853186  מספר שילדה שונה
[2019.03.19_15.18.08]	Error: Customer Name is null. ID,852629
[2019.03.19_15.18.09]	Error: Customer Name is null. ID,852632
[2019.03.19_15.18.14]	Error: Customer Name is null. ID,852633
[2019.03.19_15.18.19]	Error: Customer Name is null. ID,852634
[2019.03.19_15.18.24]	Error: Customer Name is null. ID,852635
[2019.03.19_15.18.28]	first run total cars from DB: 10
[2019.03.19_15.18.28]	first run total cars to CRM : 8
[2019.03.19_15.18.28]	first run total Installations from DB : 24
[2019.03.19_15.18.28]	first run total Installations to CRM : 24
[2019.03.19_15.18.41]	 Error in StartInterface. currCar(SAP) ID,852167  מספר שילדה שונה
[2019.03.19_15.18.43]	 Error in StartInterface. currCar(SAP) ID,852170  מספר שילדה שונה
[2019.03.19_15.18.45]	 Error in StartInterface. currCar(SAP) ID,852248  מספר שילדה שונה
[2019.03.19_15.18.46]	 Error in StartInterface. currCar(SAP) ID,852779  מספר שילדה שונה
[2019.03.19_15.18.48]	 Error in StartInterface. currCar(SAP) ID,852847  מספר שילדה שונה
[2019.03.19_15.18.54]	 Error in StartInterface. currCar(SAP) ID,853186  מספר שילדה שונה
[2019.03.19_15.20.53]	Error: Customer Name is null. ID,852629
[2019.03.19_15.20.54]	Error: Customer Name is null. ID,852632
[2019.03.19_15.20.57]	Error: Customer Name is null. ID,852633
[2019.03.19_15.21.02]	Error: Customer Name is null. ID,852634
[2019.03.19_15.21.05]	Error: Customer Name is null. ID,852635
[2019.03.19_15.21.08]	first run total cars from DB: 10
[2019.03.19_15.21.08]	first run total cars to CRM : 8
[2019.03.19_15.21.08]	first run total Installations from DB : 24
[2019.03.19_15.21.08]	first run total Installations to CRM : 24
[2019.03.19_15.21.14]	 Error in StartInterface. currCar(SAP) ID,852167  מספר שילדה שונה
[2019.03.19_15.21.17]	 Error in StartInterface. currCar(SAP) ID,852170  מספר שילדה שונה
[2019.03.19_15.21.18]	 Error in StartInterface. currCar(SAP) ID,852248  מספר שילדה שונה
[2019.03.19_15.21.20]	 Error in StartInterface. currCar(SAP) ID,852779  מספר שילדה שונה
[2019.03.19_15.21.22]	 Error in StartInterface. currCar(SAP) ID,852847  מספר שילדה שונה
[2019.03.19_15.21.23]	 Error in StartInterface. currCar(SAP) ID,853186  מספר שילדה שונה
