[2020.01.22_15.40.46]	The request channel timed out while waiting for a reply after 00:02:00. Increase the timeout value passed to the call to Request or increase the SendTimeout value on the Binding. The time allotted to this operation may have been a portion of a longer timeout.

Server stack trace: 
   at System.ServiceModel.Channels.RequestChannel.Request(Message message, TimeSpan timeout)
   at System.ServiceModel.Channels.SecurityChannelFactory`1.SecurityRequestChannel.Request(Message message, TimeSpan timeout)
   at System.ServiceModel.Dispatcher.RequestChannelBinder.Request(Message message, TimeSpan timeout)
   at System.ServiceModel.Channels.ServiceChannel.Call(String action, Boolean oneway, ProxyOperationRuntime operation, Object[] ins, Object[] outs, TimeSpan timeout)
   at System.ServiceModel.Channels.ServiceChannelProxy.InvokeService(IMethodCallMessage methodCall, ProxyOperationRuntime operation)
   at System.ServiceModel.Channels.ServiceChannelProxy.Invoke(IMessage message)

Exception rethrown at [0]: 
   at Microsoft.Xrm.Tooling.Connector.CrmServiceClient.RetrieveMultiple(QueryBase query)
   at IntoIT.GilCar.Interfaces.CustomersCarInstallations.BL.StartInterface(DateTime start)
   at IntoIT.GilCar.Interfaces.CustomersCarsInstallations.Program.Main(String[] args)
[2020.01.22_15.40.46]	CustomersCarsInstallations Start: 22/01/2020 15:12:58
[2020.01.22_15.40.46]	CustomersCarsInstallations End: 22/01/2020 15:40:46
[2020.01.22_16.48.57]	first run total cars from DB: 0
[2020.01.22_16.48.57]	first run total cars to CRM : 0
[2020.01.22_16.48.57]	first run total Installations from DB : 0
[2020.01.22_16.48.57]	first run total Installations to CRM : 0
[2020.01.22_16.49.00]	Second run total cars from DB: 0
[2020.01.22_16.49.00]	Second run total cars to CRM : 0
[2020.01.22_16.49.00]	Second run total Installations from DB : 0
[2020.01.22_16.49.00]	Second run total Installations to CRM : 0
[2020.01.22_16.49.06]	Third run total Installations from DB : 0
[2020.01.22_16.49.06]	Third run total Installations to CRM : 0
[2020.01.22_16.52.51]	first run total cars from DB: 0
[2020.01.22_16.52.52]	first run total cars to CRM : 0
[2020.01.22_16.52.54]	first run total Installations from DB : 0
[2020.01.22_16.52.58]	first run total Installations to CRM : 0
[2020.01.22_17.00.31]	first run total cars from DB: 0
[2020.01.22_17.00.31]	first run total cars to CRM : 0
[2020.01.22_17.00.31]	first run total Installations from DB : 0
[2020.01.22_17.00.32]	first run total Installations to CRM : 0
[2020.01.22_17.01.41]	Second run total cars from DB: 0
[2020.01.22_17.01.42]	Second run total cars to CRM : 0
[2020.01.22_17.01.42]	Second run total Installations from DB : 0
[2020.01.22_17.01.43]	Second run total Installations to CRM : 0
[2020.01.22_17.03.50]	Error: Condition for attribute 'new_car.new_s_chassis_num': null is not a valid value for an attribute. Use 'Null' or 'NotNull' conditions instead.. Error in CheckCarInCRM. ID,0
[2020.01.22_17.03.53]	 Error in StartInterface. currCar(SAP) ID,0  מספר שילדה שונה
[2020.01.22_17.04.09]	Error: Condition for attribute 'new_car.new_s_chassis_num': null is not a valid value for an attribute. Use 'Null' or 'NotNull' conditions instead.. Error in CheckCarInCRM. ID,0
[2020.01.22_17.04.13]	 Error in StartInterface. currCar(SAP) ID,0  מספר שילדה שונה
[2020.01.22_17.04.34]	Error: Condition for attribute 'new_car.new_s_chassis_num': null is not a valid value for an attribute. Use 'Null' or 'NotNull' conditions instead.. Error in CheckCarInCRM. ID,0
[2020.01.22_17.04.34]	 Error in StartInterface. currCar(SAP) ID,0  מספר שילדה שונה
[2020.01.22_17.04.35]	Error: Condition for attribute 'new_car.new_s_chassis_num': null is not a valid value for an attribute. Use 'Null' or 'NotNull' conditions instead.. Error in CheckCarInCRM. ID,0
[2020.01.22_17.04.35]	 Error in StartInterface. currCar(SAP) ID,0  מספר שילדה שונה
[2020.01.22_17.04.44]	Error: Condition for attribute 'new_car.new_s_chassis_num': null is not a valid value for an attribute. Use 'Null' or 'NotNull' conditions instead.. Error in CheckCarInCRM. ID,0
[2020.01.22_17.04.44]	 Error in StartInterface. currCar(SAP) ID,0  מספר שילדה שונה
[2020.01.22_17.04.45]	Error: Condition for attribute 'new_car.new_s_chassis_num': null is not a valid value for an attribute. Use 'Null' or 'NotNull' conditions instead.. Error in CheckCarInCRM. ID,0
[2020.01.22_17.04.45]	 Error in StartInterface. currCar(SAP) ID,0  מספר שילדה שונה
[2020.01.22_17.04.46]	Error: Condition for attribute 'new_car.new_s_chassis_num': null is not a valid value for an attribute. Use 'Null' or 'NotNull' conditions instead.. Error in CheckCarInCRM. ID,0
[2020.01.22_17.04.46]	 Error in StartInterface. currCar(SAP) ID,0  מספר שילדה שונה
[2020.01.22_17.04.47]	Error: Condition for attribute 'new_car.new_s_chassis_num': null is not a valid value for an attribute. Use 'Null' or 'NotNull' conditions instead.. Error in CheckCarInCRM. ID,0
[2020.01.22_17.04.47]	 Error in StartInterface. currCar(SAP) ID,0  מספר שילדה שונה
[2020.01.22_17.04.48]	Error: Condition for attribute 'new_car.new_s_chassis_num': null is not a valid value for an attribute. Use 'Null' or 'NotNull' conditions instead.. Error in CheckCarInCRM. ID,0
[2020.01.22_17.04.48]	 Error in StartInterface. currCar(SAP) ID,0  מספר שילדה שונה
[2020.01.22_17.04.49]	Error: Condition for attribute 'new_car.new_s_chassis_num': null is not a valid value for an attribute. Use 'Null' or 'NotNull' conditions instead.. Error in CheckCarInCRM. ID,0
[2020.01.22_17.04.49]	 Error in StartInterface. currCar(SAP) ID,0  מספר שילדה שונה
[2020.01.22_17.04.50]	Error: Condition for attribute 'new_car.new_s_chassis_num': null is not a valid value for an attribute. Use 'Null' or 'NotNull' conditions instead.. Error in CheckCarInCRM. ID,0
[2020.01.22_17.04.50]	 Error in StartInterface. currCar(SAP) ID,0  מספר שילדה שונה
[2020.01.22_17.04.51]	Error: Condition for attribute 'new_car.new_s_chassis_num': null is not a valid value for an attribute. Use 'Null' or 'NotNull' conditions instead.. Error in CheckCarInCRM. ID,0
[2020.01.22_17.04.51]	 Error in StartInterface. currCar(SAP) ID,0  מספר שילדה שונה
[2020.01.22_17.04.52]	Error: Condition for attribute 'new_car.new_s_chassis_num': null is not a valid value for an attribute. Use 'Null' or 'NotNull' conditions instead.. Error in CheckCarInCRM. ID,0
[2020.01.22_17.04.52]	 Error in StartInterface. currCar(SAP) ID,0  מספר שילדה שונה
[2020.01.22_17.04.53]	Error: Condition for attribute 'new_car.new_s_chassis_num': null is not a valid value for an attribute. Use 'Null' or 'NotNull' conditions instead.. Error in CheckCarInCRM. ID,0
[2020.01.22_17.04.53]	 Error in StartInterface. currCar(SAP) ID,0  מספר שילדה שונה
[2020.01.22_17.04.53]	Error: Condition for attribute 'new_car.new_s_chassis_num': null is not a valid value for an attribute. Use 'Null' or 'NotNull' conditions instead.. Error in CheckCarInCRM. ID,0
[2020.01.22_17.04.54]	 Error in StartInterface. currCar(SAP) ID,0  מספר שילדה שונה
[2020.01.22_17.04.54]	Error: Condition for attribute 'new_car.new_s_chassis_num': null is not a valid value for an attribute. Use 'Null' or 'NotNull' conditions instead.. Error in CheckCarInCRM. ID,0
[2020.01.22_17.04.55]	 Error in StartInterface. currCar(SAP) ID,0  מספר שילדה שונה
[2020.01.22_17.04.55]	Error: Condition for attribute 'new_car.new_s_chassis_num': null is not a valid value for an attribute. Use 'Null' or 'NotNull' conditions instead.. Error in CheckCarInCRM. ID,0
[2020.01.22_17.04.56]	 Error in StartInterface. currCar(SAP) ID,0  מספר שילדה שונה
[2020.01.22_17.04.56]	Error: Condition for attribute 'new_car.new_s_chassis_num': null is not a valid value for an attribute. Use 'Null' or 'NotNull' conditions instead.. Error in CheckCarInCRM. ID,0
[2020.01.22_17.04.57]	 Error in StartInterface. currCar(SAP) ID,0  מספר שילדה שונה
[2020.01.22_17.04.57]	Error: Condition for attribute 'new_car.new_s_chassis_num': null is not a valid value for an attribute. Use 'Null' or 'NotNull' conditions instead.. Error in CheckCarInCRM. ID,0
[2020.01.22_17.04.58]	 Error in StartInterface. currCar(SAP) ID,0  מספר שילדה שונה
[2020.01.22_17.04.58]	Error: Condition for attribute 'new_car.new_s_chassis_num': null is not a valid value for an attribute. Use 'Null' or 'NotNull' conditions instead.. Error in CheckCarInCRM. ID,0
[2020.01.22_17.04.59]	 Error in StartInterface. currCar(SAP) ID,0  מספר שילדה שונה
[2020.01.22_17.04.59]	Error: Condition for attribute 'new_car.new_s_chassis_num': null is not a valid value for an attribute. Use 'Null' or 'NotNull' conditions instead.. Error in CheckCarInCRM. ID,0
[2020.01.22_17.05.00]	 Error in StartInterface. currCar(SAP) ID,0  מספר שילדה שונה
[2020.01.22_17.05.00]	Error: Condition for attribute 'new_car.new_s_chassis_num': null is not a valid value for an attribute. Use 'Null' or 'NotNull' conditions instead.. Error in CheckCarInCRM. ID,0
[2020.01.22_17.05.01]	 Error in StartInterface. currCar(SAP) ID,0  מספר שילדה שונה
[2020.01.22_17.05.01]	Error: Condition for attribute 'new_car.new_s_chassis_num': null is not a valid value for an attribute. Use 'Null' or 'NotNull' conditions instead.. Error in CheckCarInCRM. ID,0
[2020.01.22_17.05.02]	 Error in StartInterface. currCar(SAP) ID,0  מספר שילדה שונה
[2020.01.22_17.05.02]	Error: Condition for attribute 'new_car.new_s_chassis_num': null is not a valid value for an attribute. Use 'Null' or 'NotNull' conditions instead.. Error in CheckCarInCRM. ID,0
[2020.01.22_17.05.03]	 Error in StartInterface. currCar(SAP) ID,0  מספר שילדה שונה
[2020.01.22_17.05.03]	Error: Condition for attribute 'new_car.new_s_chassis_num': null is not a valid value for an attribute. Use 'Null' or 'NotNull' conditions instead.. Error in CheckCarInCRM. ID,0
[2020.01.22_17.05.04]	 Error in StartInterface. currCar(SAP) ID,0  מספר שילדה שונה
[2020.01.22_17.05.04]	Error: Condition for attribute 'new_car.new_s_chassis_num': null is not a valid value for an attribute. Use 'Null' or 'NotNull' conditions instead.. Error in CheckCarInCRM. ID,0
[2020.01.22_17.05.04]	 Error in StartInterface. currCar(SAP) ID,0  מספר שילדה שונה
[2020.01.22_17.05.05]	Error: Condition for attribute 'new_car.new_s_chassis_num': null is not a valid value for an attribute. Use 'Null' or 'NotNull' conditions instead.. Error in CheckCarInCRM. ID,0
[2020.01.22_17.05.06]	 Error in StartInterface. currCar(SAP) ID,0  מספר שילדה שונה
[2020.01.22_17.05.07]	Error: Condition for attribute 'new_car.new_s_chassis_num': null is not a valid value for an attribute. Use 'Null' or 'NotNull' conditions instead.. Error in CheckCarInCRM. ID,0
[2020.01.22_17.05.07]	 Error in StartInterface. currCar(SAP) ID,0  מספר שילדה שונה
[2020.01.22_17.05.08]	Error: Condition for attribute 'new_car.new_s_chassis_num': null is not a valid value for an attribute. Use 'Null' or 'NotNull' conditions instead.. Error in CheckCarInCRM. ID,0
[2020.01.22_17.05.08]	 Error in StartInterface. currCar(SAP) ID,0  מספר שילדה שונה
[2020.01.22_17.05.08]	Error: Condition for attribute 'new_car.new_s_chassis_num': null is not a valid value for an attribute. Use 'Null' or 'NotNull' conditions instead.. Error in CheckCarInCRM. ID,0
[2020.01.22_17.05.09]	 Error in StartInterface. currCar(SAP) ID,0  מספר שילדה שונה
[2020.01.22_17.05.10]	Error: Condition for attribute 'new_car.new_s_chassis_num': null is not a valid value for an attribute. Use 'Null' or 'NotNull' conditions instead.. Error in CheckCarInCRM. ID,0
[2020.01.22_17.05.10]	 Error in StartInterface. currCar(SAP) ID,0  מספר שילדה שונה
[2020.01.22_17.05.11]	Error: Condition for attribute 'new_car.new_s_chassis_num': null is not a valid value for an attribute. Use 'Null' or 'NotNull' conditions instead.. Error in CheckCarInCRM. ID,0
[2020.01.22_17.05.11]	 Error in StartInterface. currCar(SAP) ID,0  מספר שילדה שונה
[2020.01.22_17.05.12]	Error: Condition for attribute 'new_car.new_s_chassis_num': null is not a valid value for an attribute. Use 'Null' or 'NotNull' conditions instead.. Error in CheckCarInCRM. ID,0
[2020.01.22_17.05.12]	 Error in StartInterface. currCar(SAP) ID,0  מספר שילדה שונה
[2020.01.22_17.05.13]	Error: Condition for attribute 'new_car.new_s_chassis_num': null is not a valid value for an attribute. Use 'Null' or 'NotNull' conditions instead.. Error in CheckCarInCRM. ID,0
[2020.01.22_17.05.13]	 Error in StartInterface. currCar(SAP) ID,0  מספר שילדה שונה
[2020.01.22_17.05.14]	Error: Condition for attribute 'new_car.new_s_chassis_num': null is not a valid value for an attribute. Use 'Null' or 'NotNull' conditions instead.. Error in CheckCarInCRM. ID,0
[2020.01.22_17.05.14]	 Error in StartInterface. currCar(SAP) ID,0  מספר שילדה שונה
[2020.01.22_17.05.15]	Error: Condition for attribute 'new_car.new_s_chassis_num': null is not a valid value for an attribute. Use 'Null' or 'NotNull' conditions instead.. Error in CheckCarInCRM. ID,0
[2020.01.22_17.05.15]	 Error in StartInterface. currCar(SAP) ID,0  מספר שילדה שונה
[2020.01.22_17.05.16]	Error: Condition for attribute 'new_car.new_s_chassis_num': null is not a valid value for an attribute. Use 'Null' or 'NotNull' conditions instead.. Error in CheckCarInCRM. ID,0
[2020.01.22_17.05.17]	 Error in StartInterface. currCar(SAP) ID,0  מספר שילדה שונה
[2020.01.22_17.05.18]	Error: Condition for attribute 'new_car.new_s_chassis_num': null is not a valid value for an attribute. Use 'Null' or 'NotNull' conditions instead.. Error in CheckCarInCRM. ID,0
[2020.01.22_17.05.18]	 Error in StartInterface. currCar(SAP) ID,0  מספר שילדה שונה
[2020.01.22_17.05.19]	Error: Condition for attribute 'new_car.new_s_chassis_num': null is not a valid value for an attribute. Use 'Null' or 'NotNull' conditions instead.. Error in CheckCarInCRM. ID,0
[2020.01.22_17.05.20]	 Error in StartInterface. currCar(SAP) ID,0  מספר שילדה שונה
[2020.01.22_17.05.21]	Error: Condition for attribute 'new_car.new_s_chassis_num': null is not a valid value for an attribute. Use 'Null' or 'NotNull' conditions instead.. Error in CheckCarInCRM. ID,0
[2020.01.22_17.05.22]	 Error in StartInterface. currCar(SAP) ID,0  מספר שילדה שונה
[2020.01.22_17.05.22]	Error: Condition for attribute 'new_car.new_s_chassis_num': null is not a valid value for an attribute. Use 'Null' or 'NotNull' conditions instead.. Error in CheckCarInCRM. ID,0
[2020.01.22_17.05.23]	 Error in StartInterface. currCar(SAP) ID,0  מספר שילדה שונה
[2020.01.22_17.05.24]	Error: Condition for attribute 'new_car.new_s_chassis_num': null is not a valid value for an attribute. Use 'Null' or 'NotNull' conditions instead.. Error in CheckCarInCRM. ID,0
[2020.01.22_17.05.25]	 Error in StartInterface. currCar(SAP) ID,0  מספר שילדה שונה
[2020.01.22_17.05.25]	Error: Condition for attribute 'new_car.new_s_chassis_num': null is not a valid value for an attribute. Use 'Null' or 'NotNull' conditions instead.. Error in CheckCarInCRM. ID,0
[2020.01.22_17.05.25]	 Error in StartInterface. currCar(SAP) ID,0  מספר שילדה שונה
[2020.01.22_17.05.26]	Error: Condition for attribute 'new_car.new_s_chassis_num': null is not a valid value for an attribute. Use 'Null' or 'NotNull' conditions instead.. Error in CheckCarInCRM. ID,0
[2020.01.22_17.05.27]	 Error in StartInterface. currCar(SAP) ID,0  מספר שילדה שונה
[2020.01.22_17.05.27]	Error: Condition for attribute 'new_car.new_s_chassis_num': null is not a valid value for an attribute. Use 'Null' or 'NotNull' conditions instead.. Error in CheckCarInCRM. ID,0
[2020.01.22_17.05.28]	 Error in StartInterface. currCar(SAP) ID,0  מספר שילדה שונה
[2020.01.22_17.05.28]	Error: Condition for attribute 'new_car.new_s_chassis_num': null is not a valid value for an attribute. Use 'Null' or 'NotNull' conditions instead.. Error in CheckCarInCRM. ID,0
[2020.01.22_17.05.29]	 Error in StartInterface. currCar(SAP) ID,0  מספר שילדה שונה
[2020.01.22_17.05.29]	Error: Condition for attribute 'new_car.new_s_chassis_num': null is not a valid value for an attribute. Use 'Null' or 'NotNull' conditions instead.. Error in CheckCarInCRM. ID,0
[2020.01.22_17.05.30]	 Error in StartInterface. currCar(SAP) ID,0  מספר שילדה שונה
[2020.01.22_17.05.30]	Error: Condition for attribute 'new_car.new_s_chassis_num': null is not a valid value for an attribute. Use 'Null' or 'NotNull' conditions instead.. Error in CheckCarInCRM. ID,0
[2020.01.22_17.05.31]	 Error in StartInterface. currCar(SAP) ID,0  מספר שילדה שונה
[2020.01.22_17.05.31]	Error: Condition for attribute 'new_car.new_s_chassis_num': null is not a valid value for an attribute. Use 'Null' or 'NotNull' conditions instead.. Error in CheckCarInCRM. ID,0
[2020.01.22_17.05.32]	 Error in StartInterface. currCar(SAP) ID,0  מספר שילדה שונה
[2020.01.22_17.05.32]	Error: Condition for attribute 'new_car.new_s_chassis_num': null is not a valid value for an attribute. Use 'Null' or 'NotNull' conditions instead.. Error in CheckCarInCRM. ID,0
[2020.01.22_17.05.33]	 Error in StartInterface. currCar(SAP) ID,0  מספר שילדה שונה
[2020.01.22_17.05.33]	Error: Condition for attribute 'new_car.new_s_chassis_num': null is not a valid value for an attribute. Use 'Null' or 'NotNull' conditions instead.. Error in CheckCarInCRM. ID,0
[2020.01.22_17.05.33]	 Error in StartInterface. currCar(SAP) ID,0  מספר שילדה שונה
[2020.01.22_17.05.34]	Error: Condition for attribute 'new_car.new_s_chassis_num': null is not a valid value for an attribute. Use 'Null' or 'NotNull' conditions instead.. Error in CheckCarInCRM. ID,0
[2020.01.22_17.05.34]	 Error in StartInterface. currCar(SAP) ID,0  מספר שילדה שונה
[2020.01.22_17.05.35]	Error: Condition for attribute 'new_car.new_s_chassis_num': null is not a valid value for an attribute. Use 'Null' or 'NotNull' conditions instead.. Error in CheckCarInCRM. ID,0
[2020.01.22_17.05.35]	 Error in StartInterface. currCar(SAP) ID,0  מספר שילדה שונה
[2020.01.22_17.05.36]	Error: Condition for attribute 'new_car.new_s_chassis_num': null is not a valid value for an attribute. Use 'Null' or 'NotNull' conditions instead.. Error in CheckCarInCRM. ID,0
[2020.01.22_17.05.36]	 Error in StartInterface. currCar(SAP) ID,0  מספר שילדה שונה
[2020.01.22_17.05.38]	Error: Condition for attribute 'new_car.new_s_chassis_num': null is not a valid value for an attribute. Use 'Null' or 'NotNull' conditions instead.. Error in CheckCarInCRM. ID,0
[2020.01.22_17.05.39]	 Error in StartInterface. currCar(SAP) ID,0  מספר שילדה שונה
[2020.01.22_17.05.39]	Error: Condition for attribute 'new_car.new_s_chassis_num': null is not a valid value for an attribute. Use 'Null' or 'NotNull' conditions instead.. Error in CheckCarInCRM. ID,0
[2020.01.22_17.05.39]	 Error in StartInterface. currCar(SAP) ID,0  מספר שילדה שונה
[2020.01.22_17.05.40]	Error: Condition for attribute 'new_car.new_s_chassis_num': null is not a valid value for an attribute. Use 'Null' or 'NotNull' conditions instead.. Error in CheckCarInCRM. ID,0
[2020.01.22_17.05.40]	 Error in StartInterface. currCar(SAP) ID,0  מספר שילדה שונה
[2020.01.22_17.06.45]	Error: Condition for attribute 'new_car.new_s_chassis_num': null is not a valid value for an attribute. Use 'Null' or 'NotNull' conditions instead.. Error in CheckCarInCRM. ID,0
[2020.01.22_17.06.46]	 Error in StartInterface. currCar(SAP) ID,0  מספר שילדה שונה
[2020.01.22_17.06.46]	Error: Condition for attribute 'new_car.new_s_chassis_num': null is not a valid value for an attribute. Use 'Null' or 'NotNull' conditions instead.. Error in CheckCarInCRM. ID,0
[2020.01.22_17.06.46]	 Error in StartInterface. currCar(SAP) ID,0  מספר שילדה שונה
[2020.01.22_17.46.49]	Error: Object reference not set to an instance of an object.. Error in updateInstallationforReturn. ID,E121347 
[2020.01.22_17.46.54]	Error: Object reference not set to an instance of an object.. Error in updateInstallationforReturn. ID,E121371 
[2020.01.22_17.46.59]	Error: Object reference not set to an instance of an object.. Error in updateInstallationforReturn. ID,E121382 
[2020.01.22_17.47.09]	Error: Object reference not set to an instance of an object.. Error in updateInstallationforReturn. ID,E121372 
[2020.01.22_17.47.14]	Error: Object reference not set to an instance of an object.. Error in updateInstallationforReturn. ID,E121388 
[2020.01.22_18.50.02]	Error: Object reference not set to an instance of an object.. Error in updateInstallationforReturn. ID,E121363 
[2020.01.22_19.46.53]	Error: Object reference not set to an instance of an object.. Error in updateInstallationforReturn. ID,E121360 
[2020.01.22_19.47.05]	Error: Object reference not set to an instance of an object.. Error in updateInstallationforReturn. ID,E121370 
[2020.01.22_19.47.35]	Error: Object reference not set to an instance of an object.. Error in updateInstallationforReturn. ID,E121374 
[2020.01.22_19.48.10]	Error: Object reference not set to an instance of an object.. Error in updateInstallationforReturn. ID,E121342 
[2020.01.22_19.48.27]	Error: Object reference not set to an instance of an object.. Error in updateInstallationforReturn. ID,E121346 
[2020.01.22_20.31.07]	Error: Customer Name is null. ID,988020
[2020.01.22_20.32.07]	Error: Object reference not set to an instance of an object.. Error in updateInstallationforReturn. ID,E121348 
[2020.01.22_20.32.37]	Error: Object reference not set to an instance of an object.. Error in updateInstallationforReturn. ID,E121349 
[2020.01.22_20.33.19]	Error: Object reference not set to an instance of an object.. Error in updateInstallationforReturn. ID,E121385 
[2020.01.22_20.33.56]	Error: Object reference not set to an instance of an object.. Error in updateInstallationforReturn. ID,E121375 
[2020.01.22_20.45.22]	Error: Customer Name is null. ID,988127
[2020.01.22_21.42.00]	first run total cars from DB: 6196
[2020.01.22_21.42.00]	first run total cars to CRM : 6196
[2020.01.22_21.42.00]	first run total Installations from DB : 5295
[2020.01.22_21.42.00]	first run total Installations to CRM : 10107
[2020.01.22_21.42.00]	Second run total cars from DB: 0
[2020.01.22_21.42.00]	Second run total cars to CRM : 0
[2020.01.22_21.42.00]	Second run total Installations from DB : 0
[2020.01.22_21.42.00]	Second run total Installations to CRM : 0
[2020.01.22_21.42.01]	Third run total Installations from DB : 0
[2020.01.22_21.42.01]	Third run total Installations to CRM : 0
