[2021.06.22_10.24.27]	 Error in StartInterface_5. currCar(SAP) ID,65025  
[2021.06.22_11.40.34]	 Error in StartInterface_5. currCar(SAP) ID,65496  
[2021.06.22_11.43.37]	 Error in StartInterface_5. currCar(SAP) ID,65647  
[2021.06.22_11.43.55]	 Error in StartInterface_5. currCar(SAP) ID,65251  
[2021.06.22_11.45.29]	 Error in StartInterface_5. currCar(SAP) ID,65252  
[2021.06.22_11.45.41]	 Error in StartInterface_5. currCar(SAP) ID,65253  
[2021.06.22_12.13.53]	 Error in StartInterface_5. currCar(SAP) ID,65254  
[2021.06.22_12.15.25]	 Error in StartInterface_5. currCar(SAP) ID,65255  
[2021.06.22_12.15.47]	 Error in StartInterface_5. currCar(SAP) ID,65256  
[2021.06.22_12.31.32]	 Error in StartInterface_5. currCar(SAP) ID,65257  
[2021.06.22_12.32.07]	 Error in StartInterface_5. currCar(SAP) ID,65258  
[2021.06.22_12.45.39]	Error: ExecuteReader requires an open and available Connection. The connection's current state is closed.. Error in DAL.getDistincedDocNums.
[2021.06.22_12.45.39]	ExecuteReader requires an open and available Connection. The connection's current state is closed.
   at IntoIT.GilCar.Interfaces.CustomersCarInstallations.DAL.getDistincedDocNums() in D:\IntoIT\CustomersCarsInstallations - gil shalem\DAL.cs:line 63
   at IntoIT.GilCar.Interfaces.CustomersCarInstallations.BL.StartInterface(DateTime start) in D:\IntoIT\CustomersCarsInstallations - gil shalem\BL.cs:line 57
   at IntoIT.GilCar.Interfaces.CustomersCarsInstallations.Program.Main(String[] args) in D:\IntoIT\CustomersCarsInstallations - gil shalem\Program.cs:line 25
[2021.06.22_12.45.39]	CustomersCarsInstallations Start: 22/06/2021 12:45:35
[2021.06.22_12.45.39]	CustomersCarsInstallations End: 22/06/2021 12:45:39
[2021.06.22_12.46.08]	Error: ExecuteReader requires an open and available Connection. The connection's current state is closed.. Error in DAL.getDistincedDocNums.
[2021.06.22_12.46.08]	ExecuteReader requires an open and available Connection. The connection's current state is closed.
   at IntoIT.GilCar.Interfaces.CustomersCarInstallations.DAL.getDistincedDocNums() in D:\IntoIT\CustomersCarsInstallations - gil shalem\DAL.cs:line 63
   at IntoIT.GilCar.Interfaces.CustomersCarInstallations.BL.StartInterface(DateTime start) in D:\IntoIT\CustomersCarsInstallations - gil shalem\BL.cs:line 57
   at IntoIT.GilCar.Interfaces.CustomersCarsInstallations.Program.Main(String[] args) in D:\IntoIT\CustomersCarsInstallations - gil shalem\Program.cs:line 25
[2021.06.22_12.46.08]	CustomersCarsInstallations Start: 22/06/2021 12:46:01
[2021.06.22_12.46.08]	CustomersCarsInstallations End: 22/06/2021 12:46:08
[2021.06.22_12.46.23]	Error: ExecuteReader requires an open and available Connection. The connection's current state is closed.. Error in DAL.getDistincedDocNums.
[2021.06.22_12.46.23]	ExecuteReader requires an open and available Connection. The connection's current state is closed.
   at IntoIT.GilCar.Interfaces.CustomersCarInstallations.DAL.getDistincedDocNums() in D:\IntoIT\CustomersCarsInstallations - gil shalem\DAL.cs:line 63
   at IntoIT.GilCar.Interfaces.CustomersCarInstallations.BL.StartInterface(DateTime start) in D:\IntoIT\CustomersCarsInstallations - gil shalem\BL.cs:line 57
   at IntoIT.GilCar.Interfaces.CustomersCarsInstallations.Program.Main(String[] args) in D:\IntoIT\CustomersCarsInstallations - gil shalem\Program.cs:line 25
[2021.06.22_12.46.23]	CustomersCarsInstallations Start: 22/06/2021 12:46:13
[2021.06.22_12.46.23]	CustomersCarsInstallations End: 22/06/2021 12:46:23
[2021.06.22_12.47.39]	Error: ExecuteReader requires an open and available Connection. The connection's current state is closed.. Error in DAL.getDistincedDocNums.
[2021.06.22_12.47.39]	ExecuteReader requires an open and available Connection. The connection's current state is closed.
   at IntoIT.GilCar.Interfaces.CustomersCarInstallations.DAL.getDistincedDocNums() in D:\IntoIT\CustomersCarsInstallations - gil shalem\DAL.cs:line 63
   at IntoIT.GilCar.Interfaces.CustomersCarInstallations.BL.StartInterface(DateTime start) in D:\IntoIT\CustomersCarsInstallations - gil shalem\BL.cs:line 57
   at IntoIT.GilCar.Interfaces.CustomersCarsInstallations.Program.Main(String[] args) in D:\IntoIT\CustomersCarsInstallations - gil shalem\Program.cs:line 25
[2021.06.22_12.47.39]	CustomersCarsInstallations Start: 22/06/2021 12:47:33
[2021.06.22_12.47.39]	CustomersCarsInstallations End: 22/06/2021 12:47:39
[2021.06.22_12.47.47]	Error: ExecuteReader requires an open and available Connection. The connection's current state is closed.. Error in DAL.getDistincedDocNums.
[2021.06.22_12.47.47]	ExecuteReader requires an open and available Connection. The connection's current state is closed.
   at IntoIT.GilCar.Interfaces.CustomersCarInstallations.DAL.getDistincedDocNums() in D:\IntoIT\CustomersCarsInstallations - gil shalem\DAL.cs:line 63
   at IntoIT.GilCar.Interfaces.CustomersCarInstallations.BL.StartInterface(DateTime start) in D:\IntoIT\CustomersCarsInstallations - gil shalem\BL.cs:line 57
   at IntoIT.GilCar.Interfaces.CustomersCarsInstallations.Program.Main(String[] args) in D:\IntoIT\CustomersCarsInstallations - gil shalem\Program.cs:line 25
[2021.06.22_12.47.47]	CustomersCarsInstallations Start: 22/06/2021 12:47:47
[2021.06.22_12.47.47]	CustomersCarsInstallations End: 22/06/2021 12:47:47
[2021.06.22_12.48.01]	Error: ExecuteReader requires an open and available Connection. The connection's current state is closed.. Error in DAL.getDistincedDocNums.
[2021.06.22_12.48.10]	ExecuteReader requires an open and available Connection. The connection's current state is closed.
   at IntoIT.GilCar.Interfaces.CustomersCarInstallations.DAL.getDistincedDocNums() in D:\IntoIT\CustomersCarsInstallations - gil shalem\DAL.cs:line 63
   at IntoIT.GilCar.Interfaces.CustomersCarInstallations.BL.StartInterface(DateTime start) in D:\IntoIT\CustomersCarsInstallations - gil shalem\BL.cs:line 57
   at IntoIT.GilCar.Interfaces.CustomersCarsInstallations.Program.Main(String[] args) in D:\IntoIT\CustomersCarsInstallations - gil shalem\Program.cs:line 25
[2021.06.22_12.48.10]	CustomersCarsInstallations Start: 22/06/2021 12:47:56
[2021.06.22_12.48.10]	CustomersCarsInstallations End: 22/06/2021 12:48:10
[2021.06.22_12.48.23]	Error: ExecuteReader requires an open and available Connection. The connection's current state is closed.. Error in DAL.getDistincedDocNums.
[2021.06.22_12.56.56]	Error: ExecuteReader requires an open and available Connection. The connection's current state is closed.. Error in DAL.getDistincedDocNums.
[2021.06.22_12.56.56]	ExecuteReader requires an open and available Connection. The connection's current state is closed.
   at IntoIT.GilCar.Interfaces.CustomersCarInstallations.DAL.getDistincedDocNums() in D:\IntoIT\CustomersCarsInstallations - gil shalem\DAL.cs:line 63
   at IntoIT.GilCar.Interfaces.CustomersCarInstallations.BL.StartInterface(DateTime start) in D:\IntoIT\CustomersCarsInstallations - gil shalem\BL.cs:line 57
   at IntoIT.GilCar.Interfaces.CustomersCarsInstallations.Program.Main(String[] args) in D:\IntoIT\CustomersCarsInstallations - gil shalem\Program.cs:line 25
[2021.06.22_12.56.56]	CustomersCarsInstallations Start: 22/06/2021 12:56:50
[2021.06.22_12.56.56]	CustomersCarsInstallations End: 22/06/2021 12:56:56
[2021.06.22_13.12.05]	 Error in StartInterface_5. currCar(SAP) ID,65759  
[2021.06.22_13.12.16]	 Error in StartInterface_5. currCar(SAP) ID,65760  
[2021.06.22_13.12.18]	 Error in StartInterface_5. currCar(SAP) ID,65261  
[2021.06.22_13.12.28]	 Error in StartInterface_5. currCar(SAP) ID,65262  
[2021.06.22_13.12.32]	 Error in StartInterface_5. currCar(SAP) ID,65263  
[2021.06.22_13.12.39]	 Error in StartInterface_5. currCar(SAP) ID,65264  
[2021.06.22_13.12.43]	 Error in StartInterface_5. currCar(SAP) ID,65265  
[2021.06.22_13.12.50]	 Error in StartInterface_5. currCar(SAP) ID,65266  
[2021.06.22_13.12.55]	 Error in StartInterface_5. currCar(SAP) ID,65267  
[2021.06.22_13.13.00]	 Error in StartInterface_5. currCar(SAP) ID,65268  
[2021.06.22_13.13.03]	 Error in StartInterface_5. currCar(SAP) ID,65269  
[2021.06.22_13.13.06]	 Error in StartInterface_5. currCar(SAP) ID,65270  
[2021.06.22_13.13.13]	 Error in StartInterface_5. currCar(SAP) ID,65271  
[2021.06.22_13.13.19]	 Error in StartInterface_5. currCar(SAP) ID,65272  
[2021.06.22_13.13.24]	 Error in StartInterface_5. currCar(SAP) ID,65273  
[2021.06.22_13.13.31]	 Error in StartInterface_5. currCar(SAP) ID,65274  
[2021.06.22_13.13.35]	 Error in StartInterface_5. currCar(SAP) ID,65275  
[2021.06.22_13.13.41]	 Error in StartInterface_5. currCar(SAP) ID,65276  
[2021.06.22_13.13.44]	 Error in StartInterface_5. currCar(SAP) ID,65277  
[2021.06.22_13.13.48]	 Error in StartInterface_5. currCar(SAP) ID,65278  
[2021.06.22_13.13.53]	 Error in StartInterface_5. currCar(SAP) ID,65279  
[2021.06.22_13.13.56]	 Error in StartInterface_5. currCar(SAP) ID,65280  
[2021.06.22_13.14.01]	 Error in StartInterface_5. currCar(SAP) ID,65281  
[2021.06.22_13.14.12]	 Error in StartInterface_5. currCar(SAP) ID,65282  
[2021.06.22_13.14.16]	 Error in StartInterface_5. currCar(SAP) ID,65283  
[2021.06.22_13.14.20]	 Error in StartInterface_5. currCar(SAP) ID,65284  
[2021.06.22_13.14.24]	 Error in StartInterface_5. currCar(SAP) ID,65285  
[2021.06.22_13.14.28]	Error in CreateInstallationWithReturns. Could not find reference to child product,HS21001,with parent,YH0010083,ID,248829 
[2021.06.22_13.14.31]	 Error in StartInterface_5. currCar(SAP) ID,65286  
[2021.06.22_13.14.36]	 Error in StartInterface_5. currCar(SAP) ID,65287  
[2021.06.22_13.14.42]	 Error in StartInterface_5. currCar(SAP) ID,65288  
[2021.06.22_13.14.49]	 Error in StartInterface_5. currCar(SAP) ID,65289  
[2021.06.22_13.14.56]	 Error in StartInterface_5. currCar(SAP) ID,65290  
[2021.06.22_13.15.01]	 Error in StartInterface_5. currCar(SAP) ID,65291  
[2021.06.22_13.15.08]	 Error in StartInterface_5. currCar(SAP) ID,65292  
[2021.06.22_13.15.13]	 Error in StartInterface_5. currCar(SAP) ID,65293  
[2021.06.22_13.15.21]	 Error in StartInterface_5. currCar(SAP) ID,65294  
[2021.06.22_13.15.27]	 Error in StartInterface_5. currCar(SAP) ID,65295  
[2021.06.22_13.15.37]	 Error in StartInterface_5. currCar(SAP) ID,65296  
[2021.06.22_13.19.07]	Error: Could not load file or assembly 'Microsoft.Xrm.Sdk.Deployment, Version=9.0.0.0, Culture=neutral, PublicKeyToken=31bf3856ad364e35' or one of its dependencies. The system cannot find the file specified.. Error in UpdateCustomer. ID,65297
[2021.06.22_13.19.09]	 Error in StartInterface_5. currCar(SAP) ID,65297  
[2021.06.22_13.19.16]	 Error in StartInterface_5. currCar(SAP) ID,65298  
[2021.06.22_13.19.19]	 Error in StartInterface_5. currCar(SAP) ID,65299  
[2021.06.22_13.19.26]	 Error in StartInterface_5. currCar(SAP) ID,65300  
[2021.06.22_13.19.32]	 Error in StartInterface_5. currCar(SAP) ID,65301  
[2021.06.22_13.19.36]	 Error in StartInterface_5. currCar(SAP) ID,65497  
[2021.06.22_13.19.42]	 Error in StartInterface_5. currCar(SAP) ID,65498  
[2021.06.22_13.19.47]	 Error in StartInterface_5. currCar(SAP) ID,65499  
[2021.06.22_13.19.52]	 Error in StartInterface_5. currCar(SAP) ID,65500  
[2021.06.22_13.19.54]	 Error in StartInterface_5. currCar(SAP) ID,65501  
[2021.06.22_13.19.57]	 Error in StartInterface_5. currCar(SAP) ID,65502  
[2021.06.22_13.20.01]	 Error in StartInterface_5. currCar(SAP) ID,65503  
[2021.06.22_13.20.04]	 Error in StartInterface_5. currCar(SAP) ID,65504  
[2021.06.22_13.20.07]	 Error in StartInterface_5. currCar(SAP) ID,65505  
[2021.06.22_13.20.10]	 Error in StartInterface_5. currCar(SAP) ID,65506  
[2021.06.22_13.20.15]	 Error in StartInterface_5. currCar(SAP) ID,65507  
[2021.06.22_13.20.23]	 Error in StartInterface_5. currCar(SAP) ID,65508  
[2021.06.22_13.20.31]	 Error in StartInterface_5. currCar(SAP) ID,65509  
[2021.06.22_13.20.38]	 Error in StartInterface_5. currCar(SAP) ID,65510  
[2021.06.22_13.20.42]	 Error in StartInterface_5. currCar(SAP) ID,65511  
[2021.06.22_13.20.47]	 Error in StartInterface_5. currCar(SAP) ID,65512  
[2021.06.22_13.20.49]	Error: Customer Name is null. ID,65513
[2021.06.22_13.20.50]	Error: Customer Name is null. ID,65514
[2021.06.22_13.20.52]	 Error in StartInterface_5. currCar(SAP) ID,65515  
[2021.06.22_13.20.57]	 Error in StartInterface_5. currCar(SAP) ID,65516  
[2021.06.22_13.21.04]	 Error in StartInterface_5. currCar(SAP) ID,65517  
[2021.06.22_13.21.16]	 Error in StartInterface_5. currCar(SAP) ID,65518  
[2021.06.22_13.21.20]	 Error in StartInterface_5. currCar(SAP) ID,65519  
[2021.06.22_13.21.49]	 Error in StartInterface_5. currCar(SAP) ID,65520  
[2021.06.22_13.21.54]	 Error in StartInterface_5. currCar(SAP) ID,65521  
[2021.06.22_13.21.59]	 Error in StartInterface_5. currCar(SAP) ID,65522  
[2021.06.22_13.22.02]	 Error in StartInterface_5. currCar(SAP) ID,65523  
[2021.06.22_13.22.05]	 Error in StartInterface_5. currCar(SAP) ID,65524  
[2021.06.22_13.22.09]	 Error in StartInterface_5. currCar(SAP) ID,65525  
[2021.06.22_13.22.13]	 Error in StartInterface_5. currCar(SAP) ID,65526  
[2021.06.22_13.22.16]	 Error in StartInterface_5. currCar(SAP) ID,65527  
[2021.06.22_13.22.20]	 Error in StartInterface_5. currCar(SAP) ID,65528  
[2021.06.22_13.22.24]	 Error in StartInterface_5. currCar(SAP) ID,65529  
[2021.06.22_13.22.27]	 Error in StartInterface_5. currCar(SAP) ID,65530  
[2021.06.22_13.22.32]	 Error in StartInterface_5. currCar(SAP) ID,65531  
[2021.06.22_13.22.41]	Error: Customer Name is null. ID,65532
[2021.06.22_13.22.42]	 Error in StartInterface_5. currCar(SAP) ID,65533  
[2021.06.22_13.22.50]	 Error in StartInterface_5. currCar(SAP) ID,65534  
[2021.06.22_13.22.56]	 Error in StartInterface_5. currCar(SAP) ID,65535  
[2021.06.22_13.23.02]	 Error in StartInterface_5. currCar(SAP) ID,65536  
[2021.06.22_13.23.09]	 Error in StartInterface_5. currCar(SAP) ID,65537  
[2021.06.22_13.23.12]	 Error in StartInterface_5. currCar(SAP) ID,65538  
[2021.06.22_13.23.17]	 Error in StartInterface_5. currCar(SAP) ID,65539  
[2021.06.22_13.23.25]	 Error in StartInterface_5. currCar(SAP) ID,65540  
[2021.06.22_13.23.31]	 Error in StartInterface_5. currCar(SAP) ID,65541  
[2021.06.22_13.23.40]	 Error in StartInterface_5. currCar(SAP) ID,65542  
[2021.06.22_13.23.51]	 Error in StartInterface_5. currCar(SAP) ID,65543  
[2021.06.22_13.23.59]	 Error in StartInterface_5. currCar(SAP) ID,65544  
[2021.06.22_13.24.07]	 Error in StartInterface_5. currCar(SAP) ID,65545  
[2021.06.22_13.24.15]	 Error in StartInterface_5. currCar(SAP) ID,65546  
[2021.06.22_13.24.24]	 Error in StartInterface_5. currCar(SAP) ID,65547  
[2021.06.22_13.24.33]	 Error in StartInterface_5. currCar(SAP) ID,65548  
[2021.06.22_13.24.41]	 Error in StartInterface_5. currCar(SAP) ID,65549  
[2021.06.22_13.24.49]	 Error in StartInterface_5. currCar(SAP) ID,65550  
[2021.06.22_13.24.59]	 Error in StartInterface_5. currCar(SAP) ID,65648  
[2021.06.22_13.25.04]	 Error in StartInterface_5. currCar(SAP) ID,65649  
[2021.06.22_13.25.10]	 Error in StartInterface_5. currCar(SAP) ID,65650  
[2021.06.22_13.25.16]	 Error in StartInterface_5. currCar(SAP) ID,65651  
[2021.06.22_13.25.21]	 Error in StartInterface_5. currCar(SAP) ID,65652  
[2021.06.22_13.26.00]	 Error in StartInterface_5. currCar(SAP) ID,65653  
[2021.06.22_13.26.10]	 Error in StartInterface_5. currCar(SAP) ID,65655  
[2021.06.22_13.26.20]	 Error in StartInterface_5. currCar(SAP) ID,65656  
[2021.06.22_13.26.24]	 Error in StartInterface_5. currCar(SAP) ID,65657  
[2021.06.22_13.26.28]	 Error in StartInterface_5. currCar(SAP) ID,65658  
[2021.06.22_13.26.32]	 Error in StartInterface_5. currCar(SAP) ID,65659  
[2021.06.22_13.26.36]	 Error in StartInterface_5. currCar(SAP) ID,65660  
[2021.06.22_13.26.39]	 Error in StartInterface_5. currCar(SAP) ID,65661  
[2021.06.22_13.26.43]	 Error in StartInterface_5. currCar(SAP) ID,65662  
[2021.06.22_13.26.47]	 Error in StartInterface_5. currCar(SAP) ID,65663  
[2021.06.22_13.26.51]	 Error in StartInterface_5. currCar(SAP) ID,65664  
[2021.06.22_13.26.55]	 Error in StartInterface_5. currCar(SAP) ID,65665  
[2021.06.22_13.26.59]	 Error in StartInterface_5. currCar(SAP) ID,65666  
[2021.06.22_13.27.05]	 Error in StartInterface_5. currCar(SAP) ID,65667  
[2021.06.22_13.27.09]	 Error in StartInterface_5. currCar(SAP) ID,65668  
[2021.06.22_13.27.13]	 Error in StartInterface_5. currCar(SAP) ID,65669  
[2021.06.22_13.27.17]	 Error in StartInterface_5. currCar(SAP) ID,65670  
[2021.06.22_13.27.21]	 Error in StartInterface_5. currCar(SAP) ID,65671  
[2021.06.22_13.27.25]	 Error in StartInterface_5. currCar(SAP) ID,65672  
[2021.06.22_13.27.30]	 Error in StartInterface_5. currCar(SAP) ID,65673  
[2021.06.22_13.27.38]	 Error in StartInterface_5. currCar(SAP) ID,65674  
[2021.06.22_13.27.46]	 Error in StartInterface_5. currCar(SAP) ID,65675  
[2021.06.22_13.27.57]	 Error in StartInterface_5. currCar(SAP) ID,65676  
[2021.06.22_13.28.01]	 Error in StartInterface_5. currCar(SAP) ID,65677  
[2021.06.22_13.28.06]	 Error in StartInterface_5. currCar(SAP) ID,65678  
[2021.06.22_13.28.12]	 Error in StartInterface_5. currCar(SAP) ID,65679  
[2021.06.22_13.28.16]	 Error in StartInterface_5. currCar(SAP) ID,65680  
[2021.06.22_13.28.22]	 Error in StartInterface_5. currCar(SAP) ID,65681  
[2021.06.22_13.28.25]	 Error in StartInterface_5. currCar(SAP) ID,65682  
[2021.06.22_13.28.31]	 Error in StartInterface_5. currCar(SAP) ID,65684  
[2021.06.22_13.28.43]	 Error in StartInterface_5. currCar(SAP) ID,65687  
[2021.06.22_13.28.47]	 Error in StartInterface_5. currCar(SAP) ID,65688  
[2021.06.22_13.28.53]	 Error in StartInterface_5. currCar(SAP) ID,65689  
[2021.06.22_13.29.00]	 Error in StartInterface_5. currCar(SAP) ID,65690  
[2021.06.22_13.29.13]	 Error in StartInterface_5. currCar(SAP) ID,65692  
[2021.06.22_13.29.42]	 Error in StartInterface_5. currCar(SAP) ID,65701  
[2021.06.22_13.29.45]	 Error in StartInterface_5. currCar(SAP) ID,65702  
[2021.06.22_13.30.02]	 Error in StartInterface_5. currCar(SAP) ID,65704  
[2021.06.22_13.30.17]	 Error in StartInterface_5. currCar(SAP) ID,65705  
[2021.06.22_13.30.36]	 Error in StartInterface_5. currCar(SAP) ID,65707  
[2021.06.22_13.30.40]	 Error in StartInterface_5. currCar(SAP) ID,65708  
[2021.06.22_13.30.54]	 Error in StartInterface_5. currCar(SAP) ID,65710  
[2021.06.22_13.31.00]	 Error in StartInterface_5. currCar(SAP) ID,65711  
[2021.06.22_13.31.05]	 Error in StartInterface_5. currCar(SAP) ID,65712  
[2021.06.22_13.31.09]	 Error in StartInterface_5. currCar(SAP) ID,65713  
[2021.06.22_13.31.12]	 Error in StartInterface_5. currCar(SAP) ID,65714  
[2021.06.22_13.31.16]	 Error in StartInterface_5. currCar(SAP) ID,65715  
[2021.06.22_13.31.19]	 Error in StartInterface_5. currCar(SAP) ID,65716  
[2021.06.22_13.31.22]	 Error in StartInterface_5. currCar(SAP) ID,65717  
[2021.06.22_13.31.26]	 Error in StartInterface_5. currCar(SAP) ID,65718  
[2021.06.22_13.31.30]	 Error in StartInterface_5. currCar(SAP) ID,65719  
[2021.06.22_13.31.47]	 Error in StartInterface_5. currCar(SAP) ID,65720  
[2021.06.22_13.31.50]	 Error in StartInterface_5. currCar(SAP) ID,65721  
[2021.06.22_13.31.53]	 Error in StartInterface_5. currCar(SAP) ID,65722  
[2021.06.22_13.31.56]	 Error in StartInterface_5. currCar(SAP) ID,65723  
[2021.06.22_13.32.01]	 Error in StartInterface_5. currCar(SAP) ID,65724  
[2021.06.22_13.32.07]	 Error in StartInterface_5. currCar(SAP) ID,65725  
[2021.06.22_13.32.11]	 Error in StartInterface_5. currCar(SAP) ID,65726  
[2021.06.22_13.32.20]	 Error in StartInterface_5. currCar(SAP) ID,65727  
[2021.06.22_13.32.29]	 Error in StartInterface_5. currCar(SAP) ID,65728  
[2021.06.22_13.32.33]	 Error in StartInterface_5. currCar(SAP) ID,65729  
[2021.06.22_13.32.39]	 Error in StartInterface_5. currCar(SAP) ID,65730  
[2021.06.22_13.32.44]	 Error in StartInterface_5. currCar(SAP) ID,65731  
[2021.06.22_13.32.55]	 Error in StartInterface_5. currCar(SAP) ID,65733  
[2021.06.22_13.32.59]	 Error in StartInterface_5. currCar(SAP) ID,65734  
[2021.06.22_13.33.06]	 Error in StartInterface_5. currCar(SAP) ID,65735  
[2021.06.22_13.33.10]	 Error in StartInterface_5. currCar(SAP) ID,65736  
[2021.06.22_13.33.17]	 Error in StartInterface_5. currCar(SAP) ID,65737  
[2021.06.22_13.33.23]	 Error in StartInterface_5. currCar(SAP) ID,65738  
[2021.06.22_13.33.27]	 Error in StartInterface_5. currCar(SAP) ID,65739  
[2021.06.22_13.33.32]	 Error in StartInterface_5. currCar(SAP) ID,65740  
[2021.06.22_13.33.36]	 Error in StartInterface_5. currCar(SAP) ID,65741  
[2021.06.22_13.33.39]	 Error in StartInterface_5. currCar(SAP) ID,65742  
[2021.06.22_13.33.43]	 Error in StartInterface_5. currCar(SAP) ID,65743  
[2021.06.22_13.33.48]	 Error in StartInterface_5. currCar(SAP) ID,65744  
[2021.06.22_13.33.51]	 Error in StartInterface_5. currCar(SAP) ID,65745  
[2021.06.22_13.33.55]	 Error in StartInterface_5. currCar(SAP) ID,65746  
[2021.06.22_13.34.04]	 Error in StartInterface_5. currCar(SAP) ID,65026  
[2021.06.22_13.34.08]	 Error in StartInterface_5. currCar(SAP) ID,65027  
[2021.06.22_13.34.13]	 Error in StartInterface_5. currCar(SAP) ID,65028  
[2021.06.22_13.34.17]	 Error in StartInterface_5. currCar(SAP) ID,65029  
[2021.06.22_13.34.21]	 Error in StartInterface_5. currCar(SAP) ID,65030  
[2021.06.22_13.34.26]	 Error in StartInterface_5. currCar(SAP) ID,65031  
[2021.06.22_13.34.31]	 Error in StartInterface_5. currCar(SAP) ID,65032  
[2021.06.22_13.34.36]	 Error in StartInterface_5. currCar(SAP) ID,65033  
[2021.06.22_13.34.41]	 Error in StartInterface_5. currCar(SAP) ID,65034  
[2021.06.22_13.34.46]	 Error in StartInterface_5. currCar(SAP) ID,65035  
[2021.06.22_13.34.54]	 Error in StartInterface_5. currCar(SAP) ID,65037  
[2021.06.22_13.34.59]	 Error in StartInterface_5. currCar(SAP) ID,65038  
[2021.06.22_13.35.03]	 Error in StartInterface_5. currCar(SAP) ID,65039  
[2021.06.22_13.35.09]	 Error in StartInterface_5. currCar(SAP) ID,65040  
[2021.06.22_13.35.14]	 Error in StartInterface_5. currCar(SAP) ID,65041  
